# JRE version: OpenJDK Runtime Environment Temurin-21.0.7+6 (21.0.7+6) (build 21.0.7+6-LTS)
# Java VM: OpenJDK 64-Bit Server VM Temurin-21.0.7+6 (21.0.7+6-LTS, mixed mode, sharing, tiered, compressed oops, compressed class ptrs, parallel gc, windows-amd64)
GC Precious Log:
 CardTable entry size: 512
 CPUs: 16 total, 16 available
 Memory: 16096M
 Large Page Support: Disabled
 NUMA Support: Disabled
 Compressed Oops: Enabled (32-bit)
 Alignments: Space 512K, Generation 512K, Heap 2M
 Heap Min Capacity: 100M
 Heap Initial Capacity: 100M
 Heap Max Capacity: 1G
 Pre-touch: Disabled
 Parallel Workers: 13
Heap:
 PSYoungGen      total 16896K, used 1102K [0x00000000eab00000, 0x00000000ebe00000, 0x0000000100000000)
  eden space 15872K, 2% used [0x00000000eab00000,0x00000000eab5b860,0x00000000eba80000)
  from space 1024K, 71% used [0x00000000ebc80000,0x00000000ebd38000,0x00000000ebd80000)
  to   space 512K, 0% used [0x00000000ebd80000,0x00000000ebd80000,0x00000000ebe00000)
 ParOldGen       total 68608K, used 40634K [0x00000000c0000000, 0x00000000c4300000, 0x00000000eab00000)
  object space 68608K, 59% used [0x00000000c0000000,0x00000000c27ae9e0,0x00000000c4300000)
 Metaspace       used 62489K, committed 63872K, reserved 1114112K
  class space    used 7715K, committed 8320K, reserved 1048576K
GC Heap History (20 events):
Event: 120.828 GC heap before
{Heap before GC invocations=41 (full 3):
 PSYoungGen      total 16896K, used 16882K [0x00000000eab00000, 0x00000000ec080000, 0x0000000100000000)
  eden space 15872K, 100% used [0x00000000eab00000,0x00000000eba80000,0x00000000eba80000)
  from space 1024K, 98% used [0x00000000ebe80000,0x00000000ebf7cb80,0x00000000ebf80000)
  to   space 1024K, 0% used [0x00000000ebf80000,0x00000000ebf80000,0x00000000ec080000)
 ParOldGen       total 68608K, used 38841K [0x00000000c0000000, 0x00000000c4300000, 0x00000000eab00000)
  object space 68608K, 56% used [0x00000000c0000000,0x00000000c25ee6f0,0x00000000c4300000)
 Metaspace       used 58971K, committed 60288K, reserved 1114112K
  class space    used 7208K, committed 7744K, reserved 1048576K
}
Event: 120.829 GC heap after
{Heap after GC invocations=41 (full 3):
 PSYoungGen      total 16896K, used 877K [0x00000000eab00000, 0x00000000ec080000, 0x0000000100000000)
  eden space 15872K, 0% used [0x00000000eab00000,0x00000000eab00000,0x00000000eba80000)
  from space 1024K, 85% used [0x00000000ebf80000,0x00000000ec05b798,0x00000000ec080000)
  to   space 1024K, 0% used [0x00000000ebe80000,0x00000000ebe80000,0x00000000ebf80000)
 ParOldGen       total 68608K, used 38913K [0x00000000c0000000, 0x00000000c4300000, 0x00000000eab00000)
  object space 68608K, 56% used [0x00000000c0000000,0x00000000c26006f0,0x00000000c4300000)
 Metaspace       used 58971K, committed 60288K, reserved 1114112K
  class space    used 7208K, committed 7744K, reserved 1048576K
}
Event: 120.881 GC heap before
{Heap before GC invocations=42 (full 3):
 PSYoungGen      total 16896K, used 16749K [0x00000000eab00000, 0x00000000ec080000, 0x0000000100000000)
  eden space 15872K, 100% used [0x00000000eab00000,0x00000000eba80000,0x00000000eba80000)
  from space 1024K, 85% used [0x00000000ebf80000,0x00000000ec05b798,0x00000000ec080000)
  to   space 1024K, 0% used [0x00000000ebe80000,0x00000000ebe80000,0x00000000ebf80000)
 ParOldGen       total 68608K, used 38913K [0x00000000c0000000, 0x00000000c4300000, 0x00000000eab00000)
  object space 68608K, 56% used [0x00000000c0000000,0x00000000c26006f0,0x00000000c4300000)
 Metaspace       used 58971K, committed 60288K, reserved 1114112K
  class space    used 7208K, committed 7744K, reserved 1048576K
}
Event: 120.882 GC heap after
{Heap after GC invocations=42 (full 3):
 PSYoungGen      total 16384K, used 384K [0x00000000eab00000, 0x00000000ec000000, 0x0000000100000000)
  eden space 15872K, 0% used [0x00000000eab00000,0x00000000eab00000,0x00000000eba80000)
  from space 512K, 75% used [0x00000000ebe80000,0x00000000ebee0000,0x00000000ebf00000)
  to   space 1024K, 0% used [0x00000000ebf00000,0x00000000ebf00000,0x00000000ec000000)
 ParOldGen       total 68608K, used 39104K [0x00000000c0000000, 0x00000000c4300000, 0x00000000eab00000)
  object space 68608K, 56% used [0x00000000c0000000,0x00000000c2630110,0x00000000c4300000)
 Metaspace       used 58971K, committed 60288K, reserved 1114112K
  class space    used 7208K, committed 7744K, reserved 1048576K
}
Event: 120.934 GC heap before
{Heap before GC invocations=43 (full 3):
 PSYoungGen      total 16384K, used 16256K [0x00000000eab00000, 0x00000000ec000000, 0x0000000100000000)
  eden space 15872K, 100% used [0x00000000eab00000,0x00000000eba80000,0x00000000eba80000)
  from space 512K, 75% used [0x00000000ebe80000,0x00000000ebee0000,0x00000000ebf00000)
  to   space 1024K, 0% used [0x00000000ebf00000,0x00000000ebf00000,0x00000000ec000000)
 ParOldGen       total 68608K, used 39104K [0x00000000c0000000, 0x00000000c4300000, 0x00000000eab00000)
  object space 68608K, 56% used [0x00000000c0000000,0x00000000c2630110,0x00000000c4300000)
 Metaspace       used 58971K, committed 60288K, reserved 1114112K
  class space    used 7208K, committed 7744K, reserved 1048576K
}
Event: 120.934 GC heap after
{Heap after GC invocations=43 (full 3):
 PSYoungGen      total 16896K, used 1021K [0x00000000eab00000, 0x00000000ec000000, 0x0000000100000000)
  eden space 15872K, 0% used [0x00000000eab00000,0x00000000eab00000,0x00000000eba80000)
  from space 1024K, 99% used [0x00000000ebf00000,0x00000000ebfff6f0,0x00000000ec000000)
  to   space 1536K, 0% used [0x00000000ebd00000,0x00000000ebd00000,0x00000000ebe80000)
 ParOldGen       total 68608K, used 39374K [0x00000000c0000000, 0x00000000c4300000, 0x00000000eab00000)
  object space 68608K, 57% used [0x00000000c0000000,0x00000000c2673b38,0x00000000c4300000)
 Metaspace       used 58971K, committed 60288K, reserved 1114112K
  class space    used 7208K, committed 7744K, reserved 1048576K
}
Event: 120.988 GC heap before
{Heap before GC invocations=44 (full 3):
 PSYoungGen      total 16896K, used 16893K [0x00000000eab00000, 0x00000000ec000000, 0x0000000100000000)
  eden space 15872K, 100% used [0x00000000eab00000,0x00000000eba80000,0x00000000eba80000)
  from space 1024K, 99% used [0x00000000ebf00000,0x00000000ebfff6f0,0x00000000ec000000)
  to   space 1536K, 0% used [0x00000000ebd00000,0x00000000ebd00000,0x00000000ebe80000)
 ParOldGen       total 68608K, used 39374K [0x00000000c0000000, 0x00000000c4300000, 0x00000000eab00000)
  object space 68608K, 57% used [0x00000000c0000000,0x00000000c2673b38,0x00000000c4300000)
 Metaspace       used 58971K, committed 60288K, reserved 1114112K
  class space    used 7208K, committed 7744K, reserved 1048576K
}
Event: 120.989 GC heap after
{Heap after GC invocations=44 (full 3):
 PSYoungGen      total 17408K, used 868K [0x00000000eab00000, 0x00000000ebf80000, 0x0000000100000000)
  eden space 15872K, 0% used [0x00000000eab00000,0x00000000eab00000,0x00000000eba80000)
  from space 1536K, 56% used [0x00000000ebd00000,0x00000000ebdd9218,0x00000000ebe80000)
  to   space 1024K, 0% used [0x00000000ebe80000,0x00000000ebe80000,0x00000000ebf80000)
 ParOldGen       total 68608K, used 39446K [0x00000000c0000000, 0x00000000c4300000, 0x00000000eab00000)
  object space 68608K, 57% used [0x00000000c0000000,0x00000000c2685b38,0x00000000c4300000)
 Metaspace       used 58971K, committed 60288K, reserved 1114112K
  class space    used 7208K, committed 7744K, reserved 1048576K
}
Event: 121.043 GC heap before
{Heap before GC invocations=45 (full 3):
 PSYoungGen      total 17408K, used 16740K [0x00000000eab00000, 0x00000000ebf80000, 0x0000000100000000)
  eden space 15872K, 100% used [0x00000000eab00000,0x00000000eba80000,0x00000000eba80000)
  from space 1536K, 56% used [0x00000000ebd00000,0x00000000ebdd9218,0x00000000ebe80000)
  to   space 1024K, 0% used [0x00000000ebe80000,0x00000000ebe80000,0x00000000ebf80000)
 ParOldGen       total 68608K, used 39446K [0x00000000c0000000, 0x00000000c4300000, 0x00000000eab00000)
  object space 68608K, 57% used [0x00000000c0000000,0x00000000c2685b38,0x00000000c4300000)
 Metaspace       used 58971K, committed 60288K, reserved 1114112K
  class space    used 7208K, committed 7744K, reserved 1048576K
}
Event: 121.043 GC heap after
{Heap after GC invocations=45 (full 3):
 PSYoungGen      total 16384K, used 384K [0x00000000eab00000, 0x00000000ebf00000, 0x0000000100000000)
  eden space 15872K, 0% used [0x00000000eab00000,0x00000000eab00000,0x00000000eba80000)
  from space 512K, 75% used [0x00000000ebe80000,0x00000000ebee0000,0x00000000ebf00000)
  to   space 1024K, 0% used [0x00000000ebd00000,0x00000000ebd00000,0x00000000ebe00000)
 ParOldGen       total 68608K, used 39518K [0x00000000c0000000, 0x00000000c4300000, 0x00000000eab00000)
  object space 68608K, 57% used [0x00000000c0000000,0x00000000c2697b38,0x00000000c4300000)
 Metaspace       used 58971K, committed 60288K, reserved 1114112K
  class space    used 7208K, committed 7744K, reserved 1048576K
}
Event: 121.096 GC heap before
{Heap before GC invocations=46 (full 3):
 PSYoungGen      total 16384K, used 16256K [0x00000000eab00000, 0x00000000ebf00000, 0x0000000100000000)
  eden space 15872K, 100% used [0x00000000eab00000,0x00000000eba80000,0x00000000eba80000)
  from space 512K, 75% used [0x00000000ebe80000,0x00000000ebee0000,0x00000000ebf00000)
  to   space 1024K, 0% used [0x00000000ebd00000,0x00000000ebd00000,0x00000000ebe00000)
 ParOldGen       total 68608K, used 39518K [0x00000000c0000000, 0x00000000c4300000, 0x00000000eab00000)
  object space 68608K, 57% used [0x00000000c0000000,0x00000000c2697b38,0x00000000c4300000)
 Metaspace       used 58971K, committed 60288K, reserved 1114112K
  class space    used 7208K, committed 7744K, reserved 1048576K
}
Event: 121.096 GC heap after
{Heap after GC invocations=46 (full 3):
 PSYoungGen      total 16896K, used 1006K [0x00000000eab00000, 0x00000000ebf00000, 0x0000000100000000)
  eden space 15872K, 0% used [0x00000000eab00000,0x00000000eab00000,0x00000000eba80000)
  from space 1024K, 98% used [0x00000000ebd00000,0x00000000ebdfb928,0x00000000ebe00000)
  to   space 1024K, 0% used [0x00000000ebe00000,0x00000000ebe00000,0x00000000ebf00000)
 ParOldGen       total 68608K, used 39731K [0x00000000c0000000, 0x00000000c4300000, 0x00000000eab00000)
  object space 68608K, 57% used [0x00000000c0000000,0x00000000c26cccb0,0x00000000c4300000)
 Metaspace       used 58971K, committed 60288K, reserved 1114112K
  class space    used 7208K, committed 7744K, reserved 1048576K
}
Event: 121.163 GC heap before
{Heap before GC invocations=47 (full 3):
 PSYoungGen      total 16896K, used 16878K [0x00000000eab00000, 0x00000000ebf00000, 0x0000000100000000)
  eden space 15872K, 100% used [0x00000000eab00000,0x00000000eba80000,0x00000000eba80000)
  from space 1024K, 98% used [0x00000000ebd00000,0x00000000ebdfb928,0x00000000ebe00000)
  to   space 1024K, 0% used [0x00000000ebe00000,0x00000000ebe00000,0x00000000ebf00000)
 ParOldGen       total 68608K, used 39731K [0x00000000c0000000, 0x00000000c4300000, 0x00000000eab00000)
  object space 68608K, 57% used [0x00000000c0000000,0x00000000c26cccb0,0x00000000c4300000)
 Metaspace       used 58971K, committed 60288K, reserved 1114112K
  class space    used 7208K, committed 7744K, reserved 1048576K
}
Event: 121.164 GC heap after
{Heap after GC invocations=47 (full 3):
 PSYoungGen      total 16896K, used 1013K [0x00000000eab00000, 0x00000000ebf00000, 0x0000000100000000)
  eden space 15872K, 0% used [0x00000000eab00000,0x00000000eab00000,0x00000000eba80000)
  from space 1024K, 98% used [0x00000000ebe00000,0x00000000ebefd408,0x00000000ebf00000)
  to   space 1536K, 0% used [0x00000000ebc00000,0x00000000ebc00000,0x00000000ebd80000)
 ParOldGen       total 68608K, used 39811K [0x00000000c0000000, 0x00000000c4300000, 0x00000000eab00000)
  object space 68608K, 58% used [0x00000000c0000000,0x00000000c26e0cb0,0x00000000c4300000)
 Metaspace       used 58971K, committed 60288K, reserved 1114112K
  class space    used 7208K, committed 7744K, reserved 1048576K
}
Event: 121.471 GC heap before
{Heap before GC invocations=48 (full 3):
 PSYoungGen      total 16896K, used 16885K [0x00000000eab00000, 0x00000000ebf00000, 0x0000000100000000)
  eden space 15872K, 100% used [0x00000000eab00000,0x00000000eba80000,0x00000000eba80000)
  from space 1024K, 98% used [0x00000000ebe00000,0x00000000ebefd408,0x00000000ebf00000)
  to   space 1536K, 0% used [0x00000000ebc00000,0x00000000ebc00000,0x00000000ebd80000)
 ParOldGen       total 68608K, used 39811K [0x00000000c0000000, 0x00000000c4300000, 0x00000000eab00000)
  object space 68608K, 58% used [0x00000000c0000000,0x00000000c26e0cb0,0x00000000c4300000)
 Metaspace       used 59127K, committed 60416K, reserved 1114112K
  class space    used 7235K, committed 7744K, reserved 1048576K
}
Event: 121.471 GC heap after
{Heap after GC invocations=48 (full 3):
 PSYoungGen      total 17408K, used 416K [0x00000000eab00000, 0x00000000ebe80000, 0x0000000100000000)
  eden space 15872K, 0% used [0x00000000eab00000,0x00000000eab00000,0x00000000eba80000)
  from space 1536K, 27% used [0x00000000ebc00000,0x00000000ebc68000,0x00000000ebd80000)
  to   space 1024K, 0% used [0x00000000ebd80000,0x00000000ebd80000,0x00000000ebe80000)
 ParOldGen       total 68608K, used 39891K [0x00000000c0000000, 0x00000000c4300000, 0x00000000eab00000)
  object space 68608K, 58% used [0x00000000c0000000,0x00000000c26f4cc0,0x00000000c4300000)
 Metaspace       used 59127K, committed 60416K, reserved 1114112K
  class space    used 7235K, committed 7744K, reserved 1048576K
}
Event: 122.671 GC heap before
{Heap before GC invocations=49 (full 3):
 PSYoungGen      total 17408K, used 16288K [0x00000000eab00000, 0x00000000ebe80000, 0x0000000100000000)
  eden space 15872K, 100% used [0x00000000eab00000,0x00000000eba80000,0x00000000eba80000)
  from space 1536K, 27% used [0x00000000ebc00000,0x00000000ebc68000,0x00000000ebd80000)
  to   space 1024K, 0% used [0x00000000ebd80000,0x00000000ebd80000,0x00000000ebe80000)
 ParOldGen       total 68608K, used 39891K [0x00000000c0000000, 0x00000000c4300000, 0x00000000eab00000)
  object space 68608K, 58% used [0x00000000c0000000,0x00000000c26f4cc0,0x00000000c4300000)
 Metaspace       used 60882K, committed 62208K, reserved 1114112K
  class space    used 7512K, committed 8064K, reserved 1048576K
}
Event: 122.672 GC heap after
{Heap after GC invocations=49 (full 3):
 PSYoungGen      total 16896K, used 816K [0x00000000eab00000, 0x00000000ebe80000, 0x0000000100000000)
  eden space 15872K, 0% used [0x00000000eab00000,0x00000000eab00000,0x00000000eba80000)
  from space 1024K, 79% used [0x00000000ebd80000,0x00000000ebe4c020,0x00000000ebe80000)
  to   space 1024K, 0% used [0x00000000ebc80000,0x00000000ebc80000,0x00000000ebd80000)
 ParOldGen       total 68608K, used 40003K [0x00000000c0000000, 0x00000000c4300000, 0x00000000eab00000)
  object space 68608K, 58% used [0x00000000c0000000,0x00000000c2710cc0,0x00000000c4300000)
 Metaspace       used 60882K, committed 62208K, reserved 1114112K
  class space    used 7512K, committed 8064K, reserved 1048576K
}
Event: 140.534 GC heap before
{Heap before GC invocations=50 (full 3):
 PSYoungGen      total 16896K, used 16688K [0x00000000eab00000, 0x00000000ebe80000, 0x0000000100000000)
  eden space 15872K, 100% used [0x00000000eab00000,0x00000000eba80000,0x00000000eba80000)
  from space 1024K, 79% used [0x00000000ebd80000,0x00000000ebe4c020,0x00000000ebe80000)
  to   space 1024K, 0% used [0x00000000ebc80000,0x00000000ebc80000,0x00000000ebd80000)
 ParOldGen       total 68608K, used 40003K [0x00000000c0000000, 0x00000000c4300000, 0x00000000eab00000)
  object space 68608K, 58% used [0x00000000c0000000,0x00000000c2710cc0,0x00000000c4300000)
 Metaspace       used 62484K, committed 63872K, reserved 1114112K
  class space    used 7713K, committed 8320K, reserved 1048576K
}
Event: 140.535 GC heap after
{Heap after GC invocations=50 (full 3):
 PSYoungGen      total 16896K, used 736K [0x00000000eab00000, 0x00000000ebe00000, 0x0000000100000000)
  eden space 15872K, 0% used [0x00000000eab00000,0x00000000eab00000,0x00000000eba80000)
  from space 1024K, 71% used [0x00000000ebc80000,0x00000000ebd38000,0x00000000ebd80000)
  to   space 512K, 0% used [0x00000000ebd80000,0x00000000ebd80000,0x00000000ebe00000)
 ParOldGen       total 68608K, used 40634K [0x00000000c0000000, 0x00000000c4300000, 0x00000000eab00000)
  object space 68608K, 59% used [0x00000000c0000000,0x00000000c27ae9e0,0x00000000c4300000)
 Metaspace       used 62484K, committed 63872K, reserved 1114112K
  class space    used 7713K, committed 8320K, reserved 1048576K
}

