# JRE version: OpenJDK Runtime Environment Temurin-21.0.7+6 (21.0.7+6) (build 21.0.7+6-LTS)
# Java VM: OpenJDK 64-Bit Server VM Temurin-21.0.7+6 (21.0.7+6-LTS, mixed mode, sharing, tiered, compressed oops, compressed class ptrs, parallel gc, windows-amd64)
GC Precious Log:
 CardTable entry size: 512
 CPUs: 16 total, 16 available
 Memory: 16096M
 Large Page Support: Disabled
 NUMA Support: Disabled
 Compressed Oops: Enabled (32-bit)
 Alignments: Space 512K, Generation 512K, Heap 2M
 Heap Min Capacity: 100M
 Heap Initial Capacity: 100M
 Heap Max Capacity: 1G
 Pre-touch: Disabled
 Parallel Workers: 13
Heap:
 PSYoungGen      total 19968K, used 14258K [0x00000000eab00000, 0x00000000ebf80000, 0x0000000100000000)
  eden space 18944K, 70% used [0x00000000eab00000,0x00000000eb814960,0x00000000ebd80000)
  from space 1024K, 84% used [0x00000000ebd80000,0x00000000ebe58010,0x00000000ebe80000)
  to   space 1024K, 0% used [0x00000000ebe80000,0x00000000ebe80000,0x00000000ebf80000)
 ParOldGen       total 68608K, used 40514K [0x00000000c0000000, 0x00000000c4300000, 0x00000000eab00000)
  object space 68608K, 59% used [0x00000000c0000000,0x00000000c2790bd8,0x00000000c4300000)
 Metaspace       used 62463K, committed 63808K, reserved 1114112K
  class space    used 7722K, committed 8320K, reserved 1048576K
GC Heap History (20 events):
Event: 5.802 GC heap before
{Heap before GC invocations=35 (full 3):
 PSYoungGen      total 19968K, used 19456K [0x00000000eab00000, 0x00000000ec080000, 0x0000000100000000)
  eden space 19456K, 100% used [0x00000000eab00000,0x00000000ebe00000,0x00000000ebe00000)
  from space 512K, 0% used [0x00000000ebf00000,0x00000000ebf00000,0x00000000ebf80000)
  to   space 1024K, 0% used [0x00000000ebf80000,0x00000000ebf80000,0x00000000ec080000)
 ParOldGen       total 68608K, used 37826K [0x00000000c0000000, 0x00000000c4300000, 0x00000000eab00000)
  object space 68608K, 55% used [0x00000000c0000000,0x00000000c24f0bd0,0x00000000c4300000)
 Metaspace       used 58867K, committed 60096K, reserved 1114112K
  class space    used 7204K, committed 7744K, reserved 1048576K
}
Event: 5.803 GC heap after
{Heap after GC invocations=35 (full 3):
 PSYoungGen      total 19968K, used 1022K [0x00000000eab00000, 0x00000000ec200000, 0x0000000100000000)
  eden space 18944K, 0% used [0x00000000eab00000,0x00000000eab00000,0x00000000ebd80000)
  from space 1024K, 99% used [0x00000000ebf80000,0x00000000ec07fb18,0x00000000ec080000)
  to   space 2048K, 0% used [0x00000000ebd80000,0x00000000ebd80000,0x00000000ebf80000)
 ParOldGen       total 68608K, used 38302K [0x00000000c0000000, 0x00000000c4300000, 0x00000000eab00000)
  object space 68608K, 55% used [0x00000000c0000000,0x00000000c2567b48,0x00000000c4300000)
 Metaspace       used 58867K, committed 60096K, reserved 1114112K
  class space    used 7204K, committed 7744K, reserved 1048576K
}
Event: 5.866 GC heap before
{Heap before GC invocations=36 (full 3):
 PSYoungGen      total 19968K, used 19966K [0x00000000eab00000, 0x00000000ec200000, 0x0000000100000000)
  eden space 18944K, 100% used [0x00000000eab00000,0x00000000ebd80000,0x00000000ebd80000)
  from space 1024K, 99% used [0x00000000ebf80000,0x00000000ec07fb18,0x00000000ec080000)
  to   space 2048K, 0% used [0x00000000ebd80000,0x00000000ebd80000,0x00000000ebf80000)
 ParOldGen       total 68608K, used 38302K [0x00000000c0000000, 0x00000000c4300000, 0x00000000eab00000)
  object space 68608K, 55% used [0x00000000c0000000,0x00000000c2567b48,0x00000000c4300000)
 Metaspace       used 58875K, committed 60096K, reserved 1114112K
  class space    used 7204K, committed 7744K, reserved 1048576K
}
Event: 5.867 GC heap after
{Heap after GC invocations=36 (full 3):
 PSYoungGen      total 19968K, used 927K [0x00000000eab00000, 0x00000000ec080000, 0x0000000100000000)
  eden space 18944K, 0% used [0x00000000eab00000,0x00000000eab00000,0x00000000ebd80000)
  from space 1024K, 90% used [0x00000000ebd80000,0x00000000ebe67fe8,0x00000000ebe80000)
  to   space 1536K, 0% used [0x00000000ebf00000,0x00000000ebf00000,0x00000000ec080000)
 ParOldGen       total 68608K, used 38494K [0x00000000c0000000, 0x00000000c4300000, 0x00000000eab00000)
  object space 68608K, 56% used [0x00000000c0000000,0x00000000c2597b48,0x00000000c4300000)
 Metaspace       used 58875K, committed 60096K, reserved 1114112K
  class space    used 7204K, committed 7744K, reserved 1048576K
}
Event: 5.935 GC heap before
{Heap before GC invocations=37 (full 3):
 PSYoungGen      total 19968K, used 19871K [0x00000000eab00000, 0x00000000ec080000, 0x0000000100000000)
  eden space 18944K, 100% used [0x00000000eab00000,0x00000000ebd80000,0x00000000ebd80000)
  from space 1024K, 90% used [0x00000000ebd80000,0x00000000ebe67fe8,0x00000000ebe80000)
  to   space 1536K, 0% used [0x00000000ebf00000,0x00000000ebf00000,0x00000000ec080000)
 ParOldGen       total 68608K, used 38494K [0x00000000c0000000, 0x00000000c4300000, 0x00000000eab00000)
  object space 68608K, 56% used [0x00000000c0000000,0x00000000c2597b48,0x00000000c4300000)
 Metaspace       used 58875K, committed 60096K, reserved 1114112K
  class space    used 7204K, committed 7744K, reserved 1048576K
}
Event: 5.935 GC heap after
{Heap after GC invocations=37 (full 3):
 PSYoungGen      total 19456K, used 352K [0x00000000eab00000, 0x00000000ebf80000, 0x0000000100000000)
  eden space 18944K, 0% used [0x00000000eab00000,0x00000000eab00000,0x00000000ebd80000)
  from space 512K, 68% used [0x00000000ebf00000,0x00000000ebf58000,0x00000000ebf80000)
  to   space 1024K, 0% used [0x00000000ebd80000,0x00000000ebd80000,0x00000000ebe80000)
 ParOldGen       total 68608K, used 38566K [0x00000000c0000000, 0x00000000c4300000, 0x00000000eab00000)
  object space 68608K, 56% used [0x00000000c0000000,0x00000000c25a9b48,0x00000000c4300000)
 Metaspace       used 58875K, committed 60096K, reserved 1114112K
  class space    used 7204K, committed 7744K, reserved 1048576K
}
Event: 6.002 GC heap before
{Heap before GC invocations=38 (full 3):
 PSYoungGen      total 19456K, used 19296K [0x00000000eab00000, 0x00000000ebf80000, 0x0000000100000000)
  eden space 18944K, 100% used [0x00000000eab00000,0x00000000ebd80000,0x00000000ebd80000)
  from space 512K, 68% used [0x00000000ebf00000,0x00000000ebf58000,0x00000000ebf80000)
  to   space 1024K, 0% used [0x00000000ebd80000,0x00000000ebd80000,0x00000000ebe80000)
 ParOldGen       total 68608K, used 38566K [0x00000000c0000000, 0x00000000c4300000, 0x00000000eab00000)
  object space 68608K, 56% used [0x00000000c0000000,0x00000000c25a9b48,0x00000000c4300000)
 Metaspace       used 58875K, committed 60096K, reserved 1114112K
  class space    used 7204K, committed 7744K, reserved 1048576K
}
Event: 6.003 GC heap after
{Heap after GC invocations=38 (full 3):
 PSYoungGen      total 19968K, used 384K [0x00000000eab00000, 0x00000000ebf80000, 0x0000000100000000)
  eden space 18944K, 0% used [0x00000000eab00000,0x00000000eab00000,0x00000000ebd80000)
  from space 1024K, 37% used [0x00000000ebd80000,0x00000000ebde0000,0x00000000ebe80000)
  to   space 512K, 0% used [0x00000000ebf00000,0x00000000ebf00000,0x00000000ebf80000)
 ParOldGen       total 68608K, used 38675K [0x00000000c0000000, 0x00000000c4300000, 0x00000000eab00000)
  object space 68608K, 56% used [0x00000000c0000000,0x00000000c25c4c18,0x00000000c4300000)
 Metaspace       used 58875K, committed 60096K, reserved 1114112K
  class space    used 7204K, committed 7744K, reserved 1048576K
}
Event: 6.078 GC heap before
{Heap before GC invocations=39 (full 3):
 PSYoungGen      total 19968K, used 19328K [0x00000000eab00000, 0x00000000ebf80000, 0x0000000100000000)
  eden space 18944K, 100% used [0x00000000eab00000,0x00000000ebd80000,0x00000000ebd80000)
  from space 1024K, 37% used [0x00000000ebd80000,0x00000000ebde0000,0x00000000ebe80000)
  to   space 512K, 0% used [0x00000000ebf00000,0x00000000ebf00000,0x00000000ebf80000)
 ParOldGen       total 68608K, used 38675K [0x00000000c0000000, 0x00000000c4300000, 0x00000000eab00000)
  object space 68608K, 56% used [0x00000000c0000000,0x00000000c25c4c18,0x00000000c4300000)
 Metaspace       used 58875K, committed 60096K, reserved 1114112K
  class space    used 7204K, committed 7744K, reserved 1048576K
}
Event: 6.078 GC heap after
{Heap after GC invocations=39 (full 3):
 PSYoungGen      total 19456K, used 510K [0x00000000eab00000, 0x00000000ec080000, 0x0000000100000000)
  eden space 18944K, 0% used [0x00000000eab00000,0x00000000eab00000,0x00000000ebd80000)
  from space 512K, 99% used [0x00000000ebf00000,0x00000000ebf7fbc8,0x00000000ebf80000)
  to   space 1536K, 0% used [0x00000000ebd80000,0x00000000ebd80000,0x00000000ebf00000)
 ParOldGen       total 68608K, used 39429K [0x00000000c0000000, 0x00000000c4300000, 0x00000000eab00000)
  object space 68608K, 57% used [0x00000000c0000000,0x00000000c26816c8,0x00000000c4300000)
 Metaspace       used 58875K, committed 60096K, reserved 1114112K
  class space    used 7204K, committed 7744K, reserved 1048576K
}
Event: 6.147 GC heap before
{Heap before GC invocations=40 (full 3):
 PSYoungGen      total 19456K, used 19454K [0x00000000eab00000, 0x00000000ec080000, 0x0000000100000000)
  eden space 18944K, 100% used [0x00000000eab00000,0x00000000ebd80000,0x00000000ebd80000)
  from space 512K, 99% used [0x00000000ebf00000,0x00000000ebf7fbc8,0x00000000ebf80000)
  to   space 1536K, 0% used [0x00000000ebd80000,0x00000000ebd80000,0x00000000ebf00000)
 ParOldGen       total 68608K, used 39429K [0x00000000c0000000, 0x00000000c4300000, 0x00000000eab00000)
  object space 68608K, 57% used [0x00000000c0000000,0x00000000c26816c8,0x00000000c4300000)
 Metaspace       used 58877K, committed 60096K, reserved 1114112K
  class space    used 7204K, committed 7744K, reserved 1048576K
}
Event: 6.148 GC heap after
{Heap after GC invocations=40 (full 3):
 PSYoungGen      total 20480K, used 1269K [0x00000000eab00000, 0x00000000ec080000, 0x0000000100000000)
  eden space 18944K, 0% used [0x00000000eab00000,0x00000000eab00000,0x00000000ebd80000)
  from space 1536K, 82% used [0x00000000ebd80000,0x00000000ebebd698,0x00000000ebf00000)
  to   space 1536K, 0% used [0x00000000ebf00000,0x00000000ebf00000,0x00000000ec080000)
 ParOldGen       total 68608K, used 39469K [0x00000000c0000000, 0x00000000c4300000, 0x00000000eab00000)
  object space 68608K, 57% used [0x00000000c0000000,0x00000000c268b6c8,0x00000000c4300000)
 Metaspace       used 58877K, committed 60096K, reserved 1114112K
  class space    used 7204K, committed 7744K, reserved 1048576K
}
Event: 6.217 GC heap before
{Heap before GC invocations=41 (full 3):
 PSYoungGen      total 20480K, used 20213K [0x00000000eab00000, 0x00000000ec080000, 0x0000000100000000)
  eden space 18944K, 100% used [0x00000000eab00000,0x00000000ebd80000,0x00000000ebd80000)
  from space 1536K, 82% used [0x00000000ebd80000,0x00000000ebebd698,0x00000000ebf00000)
  to   space 1536K, 0% used [0x00000000ebf00000,0x00000000ebf00000,0x00000000ec080000)
 ParOldGen       total 68608K, used 39469K [0x00000000c0000000, 0x00000000c4300000, 0x00000000eab00000)
  object space 68608K, 57% used [0x00000000c0000000,0x00000000c268b6c8,0x00000000c4300000)
 Metaspace       used 58877K, committed 60096K, reserved 1114112K
  class space    used 7204K, committed 7744K, reserved 1048576K
}
Event: 6.218 GC heap after
{Heap after GC invocations=41 (full 3):
 PSYoungGen      total 20480K, used 1126K [0x00000000eab00000, 0x00000000ec080000, 0x0000000100000000)
  eden space 18944K, 0% used [0x00000000eab00000,0x00000000eab00000,0x00000000ebd80000)
  from space 1536K, 73% used [0x00000000ebf00000,0x00000000ec019a68,0x00000000ec080000)
  to   space 1536K, 0% used [0x00000000ebd80000,0x00000000ebd80000,0x00000000ebf00000)
 ParOldGen       total 68608K, used 39549K [0x00000000c0000000, 0x00000000c4300000, 0x00000000eab00000)
  object space 68608K, 57% used [0x00000000c0000000,0x00000000c269f6c8,0x00000000c4300000)
 Metaspace       used 58877K, committed 60096K, reserved 1114112K
  class space    used 7204K, committed 7744K, reserved 1048576K
}
Event: 6.284 GC heap before
{Heap before GC invocations=42 (full 3):
 PSYoungGen      total 20480K, used 20070K [0x00000000eab00000, 0x00000000ec080000, 0x0000000100000000)
  eden space 18944K, 100% used [0x00000000eab00000,0x00000000ebd80000,0x00000000ebd80000)
  from space 1536K, 73% used [0x00000000ebf00000,0x00000000ec019a68,0x00000000ec080000)
  to   space 1536K, 0% used [0x00000000ebd80000,0x00000000ebd80000,0x00000000ebf00000)
 ParOldGen       total 68608K, used 39549K [0x00000000c0000000, 0x00000000c4300000, 0x00000000eab00000)
  object space 68608K, 57% used [0x00000000c0000000,0x00000000c269f6c8,0x00000000c4300000)
 Metaspace       used 58877K, committed 60096K, reserved 1114112K
  class space    used 7204K, committed 7744K, reserved 1048576K
}
Event: 6.285 GC heap after
{Heap after GC invocations=42 (full 3):
 PSYoungGen      total 19968K, used 737K [0x00000000eab00000, 0x00000000ebf80000, 0x0000000100000000)
  eden space 18944K, 0% used [0x00000000eab00000,0x00000000eab00000,0x00000000ebd80000)
  from space 1024K, 71% used [0x00000000ebd80000,0x00000000ebe38470,0x00000000ebe80000)
  to   space 1024K, 0% used [0x00000000ebe80000,0x00000000ebe80000,0x00000000ebf80000)
 ParOldGen       total 68608K, used 39581K [0x00000000c0000000, 0x00000000c4300000, 0x00000000eab00000)
  object space 68608K, 57% used [0x00000000c0000000,0x00000000c26a76c8,0x00000000c4300000)
 Metaspace       used 58877K, committed 60096K, reserved 1114112K
  class space    used 7204K, committed 7744K, reserved 1048576K
}
Event: 6.354 GC heap before
{Heap before GC invocations=43 (full 3):
 PSYoungGen      total 19968K, used 19681K [0x00000000eab00000, 0x00000000ebf80000, 0x0000000100000000)
  eden space 18944K, 100% used [0x00000000eab00000,0x00000000ebd80000,0x00000000ebd80000)
  from space 1024K, 71% used [0x00000000ebd80000,0x00000000ebe38470,0x00000000ebe80000)
  to   space 1024K, 0% used [0x00000000ebe80000,0x00000000ebe80000,0x00000000ebf80000)
 ParOldGen       total 68608K, used 39581K [0x00000000c0000000, 0x00000000c4300000, 0x00000000eab00000)
  object space 68608K, 57% used [0x00000000c0000000,0x00000000c26a76c8,0x00000000c4300000)
 Metaspace       used 59048K, committed 60224K, reserved 1114112K
  class space    used 7234K, committed 7744K, reserved 1048576K
}
Event: 6.354 GC heap after
{Heap after GC invocations=43 (full 3):
 PSYoungGen      total 19968K, used 416K [0x00000000eab00000, 0x00000000ebf80000, 0x0000000100000000)
  eden space 18944K, 0% used [0x00000000eab00000,0x00000000eab00000,0x00000000ebd80000)
  from space 1024K, 40% used [0x00000000ebe80000,0x00000000ebee8000,0x00000000ebf80000)
  to   space 1024K, 0% used [0x00000000ebd80000,0x00000000ebd80000,0x00000000ebe80000)
 ParOldGen       total 68608K, used 39613K [0x00000000c0000000, 0x00000000c4300000, 0x00000000eab00000)
  object space 68608K, 57% used [0x00000000c0000000,0x00000000c26af6c8,0x00000000c4300000)
 Metaspace       used 59048K, committed 60224K, reserved 1114112K
  class space    used 7234K, committed 7744K, reserved 1048576K
}
Event: 10.129 GC heap before
{Heap before GC invocations=44 (full 3):
 PSYoungGen      total 19968K, used 19360K [0x00000000eab00000, 0x00000000ebf80000, 0x0000000100000000)
  eden space 18944K, 100% used [0x00000000eab00000,0x00000000ebd80000,0x00000000ebd80000)
  from space 1024K, 40% used [0x00000000ebe80000,0x00000000ebee8000,0x00000000ebf80000)
  to   space 1024K, 0% used [0x00000000ebd80000,0x00000000ebd80000,0x00000000ebe80000)
 ParOldGen       total 68608K, used 39613K [0x00000000c0000000, 0x00000000c4300000, 0x00000000eab00000)
  object space 68608K, 57% used [0x00000000c0000000,0x00000000c26af6c8,0x00000000c4300000)
 Metaspace       used 61019K, committed 62336K, reserved 1114112K
  class space    used 7546K, committed 8128K, reserved 1048576K
}
Event: 10.130 GC heap after
{Heap after GC invocations=44 (full 3):
 PSYoungGen      total 19968K, used 864K [0x00000000eab00000, 0x00000000ebf80000, 0x0000000100000000)
  eden space 18944K, 0% used [0x00000000eab00000,0x00000000eab00000,0x00000000ebd80000)
  from space 1024K, 84% used [0x00000000ebd80000,0x00000000ebe58010,0x00000000ebe80000)
  to   space 1024K, 0% used [0x00000000ebe80000,0x00000000ebe80000,0x00000000ebf80000)
 ParOldGen       total 68608K, used 40514K [0x00000000c0000000, 0x00000000c4300000, 0x00000000eab00000)
  object space 68608K, 59% used [0x00000000c0000000,0x00000000c2790bd8,0x00000000c4300000)
 Metaspace       used 61019K, committed 62336K, reserved 1114112K
  class space    used 7546K, committed 8128K, reserved 1048576K
}

