# JRE version: OpenJDK Runtime Environment Temurin-21.0.7+6 (21.0.7+6) (build 21.0.7+6-LTS)
# Java VM: OpenJDK 64-Bit Server VM Temurin-21.0.7+6 (21.0.7+6-LTS, mixed mode, sharing, tiered, compressed oops, compressed class ptrs, parallel gc, windows-amd64)
GC Precious Log:
 CardTable entry size: 512
 CPUs: 16 total, 16 available
 Memory: 16096M
 Large Page Support: Disabled
 NUMA Support: Disabled
 Compressed Oops: Enabled (32-bit)
 Alignments: Space 512K, Generation 512K, Heap 2M
 Heap Min Capacity: 100M
 Heap Initial Capacity: 100M
 Heap Max Capacity: 1G
 Pre-touch: Disabled
 Parallel Workers: 13
Heap:
 PSYoungGen      total 14848K, used 2644K [0x00000000eab00000, 0x00000000ebb80000, 0x0000000100000000)
  eden space 14336K, 15% used [0x00000000eab00000,0x00000000ead251f0,0x00000000eb900000)
  from space 512K, 87% used [0x00000000eba00000,0x00000000eba70000,0x00000000eba80000)
  to   space 1024K, 0% used [0x00000000eba80000,0x00000000eba80000,0x00000000ebb80000)
 ParOldGen       total 68608K, used 42154K [0x00000000c0000000, 0x00000000c4300000, 0x00000000eab00000)
  object space 68608K, 61% used [0x00000000c0000000,0x00000000c292a918,0x00000000c4300000)
 Metaspace       used 62466K, committed 63808K, reserved 1114112K
  class space    used 7726K, committed 8320K, reserved 1048576K
GC Heap History (20 events):
Event: 5.790 GC heap before
{Heap before GC invocations=43 (full 3):
 PSYoungGen      total 15872K, used 14773K [0x00000000eab00000, 0x00000000ebe00000, 0x0000000100000000)
  eden space 14336K, 100% used [0x00000000eab00000,0x00000000eb900000,0x00000000eb900000)
  from space 1536K, 28% used [0x00000000ebb80000,0x00000000ebbed6b8,0x00000000ebd00000)
  to   space 1024K, 0% used [0x00000000ebd00000,0x00000000ebd00000,0x00000000ebe00000)
 ParOldGen       total 68608K, used 38805K [0x00000000c0000000, 0x00000000c4300000, 0x00000000eab00000)
  object space 68608K, 56% used [0x00000000c0000000,0x00000000c25e56d8,0x00000000c4300000)
 Metaspace       used 58871K, committed 59968K, reserved 1114112K
  class space    used 7206K, committed 7680K, reserved 1048576K
}
Event: 5.791 GC heap after
{Heap after GC invocations=43 (full 3):
 PSYoungGen      total 15360K, used 1015K [0x00000000eab00000, 0x00000000ebe00000, 0x0000000100000000)
  eden space 14336K, 0% used [0x00000000eab00000,0x00000000eab00000,0x00000000eb900000)
  from space 1024K, 99% used [0x00000000ebd00000,0x00000000ebdfde28,0x00000000ebe00000)
  to   space 1536K, 0% used [0x00000000ebb00000,0x00000000ebb00000,0x00000000ebc80000)
 ParOldGen       total 68608K, used 39099K [0x00000000c0000000, 0x00000000c4300000, 0x00000000eab00000)
  object space 68608K, 56% used [0x00000000c0000000,0x00000000c262ef18,0x00000000c4300000)
 Metaspace       used 58871K, committed 59968K, reserved 1114112K
  class space    used 7206K, committed 7680K, reserved 1048576K
}
Event: 5.851 GC heap before
{Heap before GC invocations=44 (full 3):
 PSYoungGen      total 15360K, used 15351K [0x00000000eab00000, 0x00000000ebe00000, 0x0000000100000000)
  eden space 14336K, 100% used [0x00000000eab00000,0x00000000eb900000,0x00000000eb900000)
  from space 1024K, 99% used [0x00000000ebd00000,0x00000000ebdfde28,0x00000000ebe00000)
  to   space 1536K, 0% used [0x00000000ebb00000,0x00000000ebb00000,0x00000000ebc80000)
 ParOldGen       total 68608K, used 39099K [0x00000000c0000000, 0x00000000c4300000, 0x00000000eab00000)
  object space 68608K, 56% used [0x00000000c0000000,0x00000000c262ef18,0x00000000c4300000)
 Metaspace       used 58872K, committed 59968K, reserved 1114112K
  class space    used 7206K, committed 7680K, reserved 1048576K
}
Event: 5.851 GC heap after
{Heap after GC invocations=44 (full 3):
 PSYoungGen      total 15872K, used 1085K [0x00000000eab00000, 0x00000000ebd80000, 0x0000000100000000)
  eden space 14336K, 0% used [0x00000000eab00000,0x00000000eab00000,0x00000000eb900000)
  from space 1536K, 70% used [0x00000000ebb00000,0x00000000ebc0f7d0,0x00000000ebc80000)
  to   space 1024K, 0% used [0x00000000ebc80000,0x00000000ebc80000,0x00000000ebd80000)
 ParOldGen       total 68608K, used 39195K [0x00000000c0000000, 0x00000000c4300000, 0x00000000eab00000)
  object space 68608K, 57% used [0x00000000c0000000,0x00000000c2646f28,0x00000000c4300000)
 Metaspace       used 58872K, committed 59968K, reserved 1114112K
  class space    used 7206K, committed 7680K, reserved 1048576K
}
Event: 5.898 GC heap before
{Heap before GC invocations=45 (full 3):
 PSYoungGen      total 15872K, used 15421K [0x00000000eab00000, 0x00000000ebd80000, 0x0000000100000000)
  eden space 14336K, 100% used [0x00000000eab00000,0x00000000eb900000,0x00000000eb900000)
  from space 1536K, 70% used [0x00000000ebb00000,0x00000000ebc0f7d0,0x00000000ebc80000)
  to   space 1024K, 0% used [0x00000000ebc80000,0x00000000ebc80000,0x00000000ebd80000)
 ParOldGen       total 68608K, used 39195K [0x00000000c0000000, 0x00000000c4300000, 0x00000000eab00000)
  object space 68608K, 57% used [0x00000000c0000000,0x00000000c2646f28,0x00000000c4300000)
 Metaspace       used 58872K, committed 59968K, reserved 1114112K
  class space    used 7206K, committed 7680K, reserved 1048576K
}
Event: 5.898 GC heap after
{Heap after GC invocations=45 (full 3):
 PSYoungGen      total 14848K, used 352K [0x00000000eab00000, 0x00000000ebd00000, 0x0000000100000000)
  eden space 14336K, 0% used [0x00000000eab00000,0x00000000eab00000,0x00000000eb900000)
  from space 512K, 68% used [0x00000000ebc80000,0x00000000ebcd8000,0x00000000ebd00000)
  to   space 1024K, 0% used [0x00000000ebb00000,0x00000000ebb00000,0x00000000ebc00000)
 ParOldGen       total 68608K, used 39267K [0x00000000c0000000, 0x00000000c4300000, 0x00000000eab00000)
  object space 68608K, 57% used [0x00000000c0000000,0x00000000c2658f28,0x00000000c4300000)
 Metaspace       used 58872K, committed 59968K, reserved 1114112K
  class space    used 7206K, committed 7680K, reserved 1048576K
}
Event: 5.943 GC heap before
{Heap before GC invocations=46 (full 3):
 PSYoungGen      total 14848K, used 14688K [0x00000000eab00000, 0x00000000ebd00000, 0x0000000100000000)
  eden space 14336K, 100% used [0x00000000eab00000,0x00000000eb900000,0x00000000eb900000)
  from space 512K, 68% used [0x00000000ebc80000,0x00000000ebcd8000,0x00000000ebd00000)
  to   space 1024K, 0% used [0x00000000ebb00000,0x00000000ebb00000,0x00000000ebc00000)
 ParOldGen       total 68608K, used 39267K [0x00000000c0000000, 0x00000000c4300000, 0x00000000eab00000)
  object space 68608K, 57% used [0x00000000c0000000,0x00000000c2658f28,0x00000000c4300000)
 Metaspace       used 58872K, committed 59968K, reserved 1114112K
  class space    used 7206K, committed 7680K, reserved 1048576K
}
Event: 5.943 GC heap after
{Heap after GC invocations=46 (full 3):
 PSYoungGen      total 15360K, used 1019K [0x00000000eab00000, 0x00000000ebd00000, 0x0000000100000000)
  eden space 14336K, 0% used [0x00000000eab00000,0x00000000eab00000,0x00000000eb900000)
  from space 1024K, 99% used [0x00000000ebb00000,0x00000000ebbfec50,0x00000000ebc00000)
  to   space 1024K, 0% used [0x00000000ebc00000,0x00000000ebc00000,0x00000000ebd00000)
 ParOldGen       total 68608K, used 39556K [0x00000000c0000000, 0x00000000c4300000, 0x00000000eab00000)
  object space 68608K, 57% used [0x00000000c0000000,0x00000000c26a1158,0x00000000c4300000)
 Metaspace       used 58872K, committed 59968K, reserved 1114112K
  class space    used 7206K, committed 7680K, reserved 1048576K
}
Event: 5.996 GC heap before
{Heap before GC invocations=47 (full 3):
 PSYoungGen      total 15360K, used 15355K [0x00000000eab00000, 0x00000000ebd00000, 0x0000000100000000)
  eden space 14336K, 100% used [0x00000000eab00000,0x00000000eb900000,0x00000000eb900000)
  from space 1024K, 99% used [0x00000000ebb00000,0x00000000ebbfec50,0x00000000ebc00000)
  to   space 1024K, 0% used [0x00000000ebc00000,0x00000000ebc00000,0x00000000ebd00000)
 ParOldGen       total 68608K, used 39556K [0x00000000c0000000, 0x00000000c4300000, 0x00000000eab00000)
  object space 68608K, 57% used [0x00000000c0000000,0x00000000c26a1158,0x00000000c4300000)
 Metaspace       used 58872K, committed 59968K, reserved 1114112K
  class space    used 7206K, committed 7680K, reserved 1048576K
}
Event: 5.996 GC heap after
{Heap after GC invocations=47 (full 3):
 PSYoungGen      total 15360K, used 763K [0x00000000eab00000, 0x00000000ebd00000, 0x0000000100000000)
  eden space 14336K, 0% used [0x00000000eab00000,0x00000000eab00000,0x00000000eb900000)
  from space 1024K, 74% used [0x00000000ebc00000,0x00000000ebcbef88,0x00000000ebd00000)
  to   space 1024K, 0% used [0x00000000ebb00000,0x00000000ebb00000,0x00000000ebc00000)
 ParOldGen       total 68608K, used 39612K [0x00000000c0000000, 0x00000000c4300000, 0x00000000eab00000)
  object space 68608K, 57% used [0x00000000c0000000,0x00000000c26af158,0x00000000c4300000)
 Metaspace       used 58872K, committed 59968K, reserved 1114112K
  class space    used 7206K, committed 7680K, reserved 1048576K
}
Event: 6.041 GC heap before
{Heap before GC invocations=48 (full 3):
 PSYoungGen      total 15360K, used 15099K [0x00000000eab00000, 0x00000000ebd00000, 0x0000000100000000)
  eden space 14336K, 100% used [0x00000000eab00000,0x00000000eb900000,0x00000000eb900000)
  from space 1024K, 74% used [0x00000000ebc00000,0x00000000ebcbef88,0x00000000ebd00000)
  to   space 1024K, 0% used [0x00000000ebb00000,0x00000000ebb00000,0x00000000ebc00000)
 ParOldGen       total 68608K, used 39612K [0x00000000c0000000, 0x00000000c4300000, 0x00000000eab00000)
  object space 68608K, 57% used [0x00000000c0000000,0x00000000c26af158,0x00000000c4300000)
 Metaspace       used 58872K, committed 59968K, reserved 1114112K
  class space    used 7206K, committed 7680K, reserved 1048576K
}
Event: 6.041 GC heap after
{Heap after GC invocations=48 (full 3):
 PSYoungGen      total 14848K, used 384K [0x00000000eab00000, 0x00000000ebc80000, 0x0000000100000000)
  eden space 14336K, 0% used [0x00000000eab00000,0x00000000eab00000,0x00000000eb900000)
  from space 512K, 75% used [0x00000000ebb00000,0x00000000ebb60000,0x00000000ebb80000)
  to   space 1024K, 0% used [0x00000000ebb80000,0x00000000ebb80000,0x00000000ebc80000)
 ParOldGen       total 68608K, used 40262K [0x00000000c0000000, 0x00000000c4300000, 0x00000000eab00000)
  object space 68608K, 58% used [0x00000000c0000000,0x00000000c2751958,0x00000000c4300000)
 Metaspace       used 58872K, committed 59968K, reserved 1114112K
  class space    used 7206K, committed 7680K, reserved 1048576K
}
Event: 6.086 GC heap before
{Heap before GC invocations=49 (full 3):
 PSYoungGen      total 14848K, used 14720K [0x00000000eab00000, 0x00000000ebc80000, 0x0000000100000000)
  eden space 14336K, 100% used [0x00000000eab00000,0x00000000eb900000,0x00000000eb900000)
  from space 512K, 75% used [0x00000000ebb00000,0x00000000ebb60000,0x00000000ebb80000)
  to   space 1024K, 0% used [0x00000000ebb80000,0x00000000ebb80000,0x00000000ebc80000)
 ParOldGen       total 68608K, used 40262K [0x00000000c0000000, 0x00000000c4300000, 0x00000000eab00000)
  object space 68608K, 58% used [0x00000000c0000000,0x00000000c2751958,0x00000000c4300000)
 Metaspace       used 58872K, committed 59968K, reserved 1114112K
  class space    used 7206K, committed 7680K, reserved 1048576K
}
Event: 6.086 GC heap after
{Heap after GC invocations=49 (full 3):
 PSYoungGen      total 15360K, used 1010K [0x00000000eab00000, 0x00000000ebc80000, 0x0000000100000000)
  eden space 14336K, 0% used [0x00000000eab00000,0x00000000eab00000,0x00000000eb900000)
  from space 1024K, 98% used [0x00000000ebb80000,0x00000000ebc7cb80,0x00000000ebc80000)
  to   space 1536K, 0% used [0x00000000eb980000,0x00000000eb980000,0x00000000ebb00000)
 ParOldGen       total 68608K, used 40525K [0x00000000c0000000, 0x00000000c4300000, 0x00000000eab00000)
  object space 68608K, 59% used [0x00000000c0000000,0x00000000c27936e8,0x00000000c4300000)
 Metaspace       used 58872K, committed 59968K, reserved 1114112K
  class space    used 7206K, committed 7680K, reserved 1048576K
}
Event: 6.143 GC heap before
{Heap before GC invocations=50 (full 3):
 PSYoungGen      total 15360K, used 15346K [0x00000000eab00000, 0x00000000ebc80000, 0x0000000100000000)
  eden space 14336K, 100% used [0x00000000eab00000,0x00000000eb900000,0x00000000eb900000)
  from space 1024K, 98% used [0x00000000ebb80000,0x00000000ebc7cb80,0x00000000ebc80000)
  to   space 1536K, 0% used [0x00000000eb980000,0x00000000eb980000,0x00000000ebb00000)
 ParOldGen       total 68608K, used 40525K [0x00000000c0000000, 0x00000000c4300000, 0x00000000eab00000)
  object space 68608K, 59% used [0x00000000c0000000,0x00000000c27936e8,0x00000000c4300000)
 Metaspace       used 59143K, committed 60288K, reserved 1114112K
  class space    used 7252K, committed 7744K, reserved 1048576K
}
Event: 6.145 GC heap after
{Heap after GC invocations=50 (full 3):
 PSYoungGen      total 15872K, used 448K [0x00000000eab00000, 0x00000000ebc00000, 0x0000000100000000)
  eden space 14336K, 0% used [0x00000000eab00000,0x00000000eab00000,0x00000000eb900000)
  from space 1536K, 29% used [0x00000000eb980000,0x00000000eb9f0000,0x00000000ebb00000)
  to   space 1024K, 0% used [0x00000000ebb00000,0x00000000ebb00000,0x00000000ebc00000)
 ParOldGen       total 68608K, used 40637K [0x00000000c0000000, 0x00000000c4300000, 0x00000000eab00000)
  object space 68608K, 59% used [0x00000000c0000000,0x00000000c27af6e8,0x00000000c4300000)
 Metaspace       used 59143K, committed 60288K, reserved 1114112K
  class space    used 7252K, committed 7744K, reserved 1048576K
}
Event: 6.251 GC heap before
{Heap before GC invocations=51 (full 3):
 PSYoungGen      total 15872K, used 14784K [0x00000000eab00000, 0x00000000ebc00000, 0x0000000100000000)
  eden space 14336K, 100% used [0x00000000eab00000,0x00000000eb900000,0x00000000eb900000)
  from space 1536K, 29% used [0x00000000eb980000,0x00000000eb9f0000,0x00000000ebb00000)
  to   space 1024K, 0% used [0x00000000ebb00000,0x00000000ebb00000,0x00000000ebc00000)
 ParOldGen       total 68608K, used 40637K [0x00000000c0000000, 0x00000000c4300000, 0x00000000eab00000)
  object space 68608K, 59% used [0x00000000c0000000,0x00000000c27af6e8,0x00000000c4300000)
 Metaspace       used 60783K, committed 62016K, reserved 1114112K
  class space    used 7510K, committed 8064K, reserved 1048576K
}
Event: 6.252 GC heap after
{Heap after GC invocations=51 (full 3):
 PSYoungGen      total 15360K, used 704K [0x00000000eab00000, 0x00000000ebc00000, 0x0000000100000000)
  eden space 14336K, 0% used [0x00000000eab00000,0x00000000eab00000,0x00000000eb900000)
  from space 1024K, 68% used [0x00000000ebb00000,0x00000000ebbb0010,0x00000000ebc00000)
  to   space 1024K, 0% used [0x00000000eba00000,0x00000000eba00000,0x00000000ebb00000)
 ParOldGen       total 68608K, used 40844K [0x00000000c0000000, 0x00000000c4300000, 0x00000000eab00000)
  object space 68608K, 59% used [0x00000000c0000000,0x00000000c27e33f8,0x00000000c4300000)
 Metaspace       used 60783K, committed 62016K, reserved 1114112K
  class space    used 7510K, committed 8064K, reserved 1048576K
}
Event: 7.624 GC heap before
{Heap before GC invocations=52 (full 3):
 PSYoungGen      total 15360K, used 15040K [0x00000000eab00000, 0x00000000ebc00000, 0x0000000100000000)
  eden space 14336K, 100% used [0x00000000eab00000,0x00000000eb900000,0x00000000eb900000)
  from space 1024K, 68% used [0x00000000ebb00000,0x00000000ebbb0010,0x00000000ebc00000)
  to   space 1024K, 0% used [0x00000000eba00000,0x00000000eba00000,0x00000000ebb00000)
 ParOldGen       total 68608K, used 40844K [0x00000000c0000000, 0x00000000c4300000, 0x00000000eab00000)
  object space 68608K, 59% used [0x00000000c0000000,0x00000000c27e33f8,0x00000000c4300000)
 Metaspace       used 62170K, committed 63424K, reserved 1114112K
  class space    used 7685K, committed 8256K, reserved 1048576K
}
Event: 7.626 GC heap after
{Heap after GC invocations=52 (full 3):
 PSYoungGen      total 14848K, used 448K [0x00000000eab00000, 0x00000000ebb80000, 0x0000000100000000)
  eden space 14336K, 0% used [0x00000000eab00000,0x00000000eab00000,0x00000000eb900000)
  from space 512K, 87% used [0x00000000eba00000,0x00000000eba70000,0x00000000eba80000)
  to   space 1024K, 0% used [0x00000000eba80000,0x00000000eba80000,0x00000000ebb80000)
 ParOldGen       total 68608K, used 42154K [0x00000000c0000000, 0x00000000c4300000, 0x00000000eab00000)
  object space 68608K, 61% used [0x00000000c0000000,0x00000000c292a918,0x00000000c4300000)
 Metaspace       used 62170K, committed 63424K, reserved 1114112K
  class space    used 7685K, committed 8256K, reserved 1048576K
}

