# JRE version: OpenJDK Runtime Environment Temurin-21.0.7+6 (21.0.7+6) (build 21.0.7+6-LTS)
# Java VM: OpenJDK 64-Bit Server VM Temurin-21.0.7+6 (21.0.7+6-LTS, mixed mode, sharing, tiered, compressed oops, compressed class ptrs, parallel gc, windows-amd64)
GC Precious Log:
 CardTable entry size: 512
 CPUs: 16 total, 16 available
 Memory: 16096M
 Large Page Support: Disabled
 NUMA Support: Disabled
 Compressed Oops: Enabled (32-bit)
 Alignments: Space 512K, Generation 512K, Heap 2M
 Heap Min Capacity: 100M
 Heap Initial Capacity: 100M
 Heap Max Capacity: 1G
 Pre-touch: Disabled
 Parallel Workers: 13
Heap:
 PSYoungGen      total 20480K, used 10606K [0x00000000eab00000, 0x00000000ec000000, 0x0000000100000000)
  eden space 19456K, 50% used [0x00000000eab00000,0x00000000eb49b930,0x00000000ebe00000)
  from space 1024K, 75% used [0x00000000ebe00000,0x00000000ebec0010,0x00000000ebf00000)
  to   space 1024K, 0% used [0x00000000ebf00000,0x00000000ebf00000,0x00000000ec000000)
 ParOldGen       total 68608K, used 40265K [0x00000000c0000000, 0x00000000c4300000, 0x00000000eab00000)
  object space 68608K, 58% used [0x00000000c0000000,0x00000000c2752678,0x00000000c4300000)
 Metaspace       used 62435K, committed 63808K, reserved 1114112K
  class space    used 7719K, committed 8320K, reserved 1048576K
GC Heap History (20 events):
Event: 5.841 GC heap before
{Heap before GC invocations=35 (full 3):
 PSYoungGen      total 19968K, used 19456K [0x00000000eab00000, 0x00000000ec100000, 0x0000000100000000)
  eden space 19456K, 100% used [0x00000000eab00000,0x00000000ebe00000,0x00000000ebe00000)
  from space 512K, 0% used [0x00000000ebf80000,0x00000000ebf80000,0x00000000ec000000)
  to   space 1024K, 0% used [0x00000000ec000000,0x00000000ec000000,0x00000000ec100000)
 ParOldGen       total 68608K, used 37764K [0x00000000c0000000, 0x00000000c4300000, 0x00000000eab00000)
  object space 68608K, 55% used [0x00000000c0000000,0x00000000c24e11f8,0x00000000c4300000)
 Metaspace       used 58842K, committed 60032K, reserved 1114112K
  class space    used 7203K, committed 7680K, reserved 1048576K
}
Event: 5.842 GC heap after
{Heap after GC invocations=35 (full 3):
 PSYoungGen      total 20480K, used 1019K [0x00000000eab00000, 0x00000000ec200000, 0x0000000100000000)
  eden space 19456K, 0% used [0x00000000eab00000,0x00000000eab00000,0x00000000ebe00000)
  from space 1024K, 99% used [0x00000000ec000000,0x00000000ec0fee40,0x00000000ec100000)
  to   space 2048K, 0% used [0x00000000ebe00000,0x00000000ebe00000,0x00000000ec000000)
 ParOldGen       total 68608K, used 38142K [0x00000000c0000000, 0x00000000c4300000, 0x00000000eab00000)
  object space 68608K, 55% used [0x00000000c0000000,0x00000000c253f8f0,0x00000000c4300000)
 Metaspace       used 58842K, committed 60032K, reserved 1114112K
  class space    used 7203K, committed 7680K, reserved 1048576K
}
Event: 5.909 GC heap before
{Heap before GC invocations=36 (full 3):
 PSYoungGen      total 20480K, used 20475K [0x00000000eab00000, 0x00000000ec200000, 0x0000000100000000)
  eden space 19456K, 100% used [0x00000000eab00000,0x00000000ebe00000,0x00000000ebe00000)
  from space 1024K, 99% used [0x00000000ec000000,0x00000000ec0fee40,0x00000000ec100000)
  to   space 2048K, 0% used [0x00000000ebe00000,0x00000000ebe00000,0x00000000ec000000)
 ParOldGen       total 68608K, used 38142K [0x00000000c0000000, 0x00000000c4300000, 0x00000000eab00000)
  object space 68608K, 55% used [0x00000000c0000000,0x00000000c253f8f0,0x00000000c4300000)
 Metaspace       used 58842K, committed 60032K, reserved 1114112K
  class space    used 7203K, committed 7680K, reserved 1048576K
}
Event: 5.909 GC heap after
{Heap after GC invocations=36 (full 3):
 PSYoungGen      total 20480K, used 927K [0x00000000eab00000, 0x00000000ec100000, 0x0000000100000000)
  eden space 19456K, 0% used [0x00000000eab00000,0x00000000eab00000,0x00000000ebe00000)
  from space 1024K, 90% used [0x00000000ebe00000,0x00000000ebee7da8,0x00000000ebf00000)
  to   space 1536K, 0% used [0x00000000ebf80000,0x00000000ebf80000,0x00000000ec100000)
 ParOldGen       total 68608K, used 38318K [0x00000000c0000000, 0x00000000c4300000, 0x00000000eab00000)
  object space 68608K, 55% used [0x00000000c0000000,0x00000000c256b8f0,0x00000000c4300000)
 Metaspace       used 58842K, committed 60032K, reserved 1114112K
  class space    used 7203K, committed 7680K, reserved 1048576K
}
Event: 5.974 GC heap before
{Heap before GC invocations=37 (full 3):
 PSYoungGen      total 20480K, used 20383K [0x00000000eab00000, 0x00000000ec100000, 0x0000000100000000)
  eden space 19456K, 100% used [0x00000000eab00000,0x00000000ebe00000,0x00000000ebe00000)
  from space 1024K, 90% used [0x00000000ebe00000,0x00000000ebee7da8,0x00000000ebf00000)
  to   space 1536K, 0% used [0x00000000ebf80000,0x00000000ebf80000,0x00000000ec100000)
 ParOldGen       total 68608K, used 38318K [0x00000000c0000000, 0x00000000c4300000, 0x00000000eab00000)
  object space 68608K, 55% used [0x00000000c0000000,0x00000000c256b8f0,0x00000000c4300000)
 Metaspace       used 58842K, committed 60032K, reserved 1114112K
  class space    used 7203K, committed 7680K, reserved 1048576K
}
Event: 5.975 GC heap after
{Heap after GC invocations=37 (full 3):
 PSYoungGen      total 19968K, used 448K [0x00000000eab00000, 0x00000000ec000000, 0x0000000100000000)
  eden space 19456K, 0% used [0x00000000eab00000,0x00000000eab00000,0x00000000ebe00000)
  from space 512K, 87% used [0x00000000ebf80000,0x00000000ebff0000,0x00000000ec000000)
  to   space 1024K, 0% used [0x00000000ebe00000,0x00000000ebe00000,0x00000000ebf00000)
 ParOldGen       total 68608K, used 38382K [0x00000000c0000000, 0x00000000c4300000, 0x00000000eab00000)
  object space 68608K, 55% used [0x00000000c0000000,0x00000000c257b8f0,0x00000000c4300000)
 Metaspace       used 58842K, committed 60032K, reserved 1114112K
  class space    used 7203K, committed 7680K, reserved 1048576K
}
Event: 6.040 GC heap before
{Heap before GC invocations=38 (full 3):
 PSYoungGen      total 19968K, used 19904K [0x00000000eab00000, 0x00000000ec000000, 0x0000000100000000)
  eden space 19456K, 100% used [0x00000000eab00000,0x00000000ebe00000,0x00000000ebe00000)
  from space 512K, 87% used [0x00000000ebf80000,0x00000000ebff0000,0x00000000ec000000)
  to   space 1024K, 0% used [0x00000000ebe00000,0x00000000ebe00000,0x00000000ebf00000)
 ParOldGen       total 68608K, used 38382K [0x00000000c0000000, 0x00000000c4300000, 0x00000000eab00000)
  object space 68608K, 55% used [0x00000000c0000000,0x00000000c257b8f0,0x00000000c4300000)
 Metaspace       used 58842K, committed 60032K, reserved 1114112K
  class space    used 7203K, committed 7680K, reserved 1048576K
}
Event: 6.040 GC heap after
{Heap after GC invocations=38 (full 3):
 PSYoungGen      total 20480K, used 373K [0x00000000eab00000, 0x00000000ec000000, 0x0000000100000000)
  eden space 19456K, 0% used [0x00000000eab00000,0x00000000eab00000,0x00000000ebe00000)
  from space 1024K, 36% used [0x00000000ebe00000,0x00000000ebe5d4b8,0x00000000ebf00000)
  to   space 512K, 0% used [0x00000000ebf80000,0x00000000ebf80000,0x00000000ec000000)
 ParOldGen       total 68608K, used 38430K [0x00000000c0000000, 0x00000000c4300000, 0x00000000eab00000)
  object space 68608K, 56% used [0x00000000c0000000,0x00000000c25878f0,0x00000000c4300000)
 Metaspace       used 58842K, committed 60032K, reserved 1114112K
  class space    used 7203K, committed 7680K, reserved 1048576K
}
Event: 6.106 GC heap before
{Heap before GC invocations=39 (full 3):
 PSYoungGen      total 20480K, used 19829K [0x00000000eab00000, 0x00000000ec000000, 0x0000000100000000)
  eden space 19456K, 100% used [0x00000000eab00000,0x00000000ebe00000,0x00000000ebe00000)
  from space 1024K, 36% used [0x00000000ebe00000,0x00000000ebe5d4b8,0x00000000ebf00000)
  to   space 512K, 0% used [0x00000000ebf80000,0x00000000ebf80000,0x00000000ec000000)
 ParOldGen       total 68608K, used 38430K [0x00000000c0000000, 0x00000000c4300000, 0x00000000eab00000)
  object space 68608K, 56% used [0x00000000c0000000,0x00000000c25878f0,0x00000000c4300000)
 Metaspace       used 58842K, committed 60032K, reserved 1114112K
  class space    used 7203K, committed 7680K, reserved 1048576K
}
Event: 6.107 GC heap after
{Heap after GC invocations=39 (full 3):
 PSYoungGen      total 19968K, used 500K [0x00000000eab00000, 0x00000000ec000000, 0x0000000100000000)
  eden space 19456K, 0% used [0x00000000eab00000,0x00000000eab00000,0x00000000ebe00000)
  from space 512K, 97% used [0x00000000ebf80000,0x00000000ebffd2a0,0x00000000ec000000)
  to   space 1024K, 0% used [0x00000000ebe00000,0x00000000ebe00000,0x00000000ebf00000)
 ParOldGen       total 68608K, used 38766K [0x00000000c0000000, 0x00000000c4300000, 0x00000000eab00000)
  object space 68608K, 56% used [0x00000000c0000000,0x00000000c25dba70,0x00000000c4300000)
 Metaspace       used 58842K, committed 60032K, reserved 1114112K
  class space    used 7203K, committed 7680K, reserved 1048576K
}
Event: 6.177 GC heap before
{Heap before GC invocations=40 (full 3):
 PSYoungGen      total 19968K, used 19956K [0x00000000eab00000, 0x00000000ec000000, 0x0000000100000000)
  eden space 19456K, 100% used [0x00000000eab00000,0x00000000ebe00000,0x00000000ebe00000)
  from space 512K, 97% used [0x00000000ebf80000,0x00000000ebffd2a0,0x00000000ec000000)
  to   space 1024K, 0% used [0x00000000ebe00000,0x00000000ebe00000,0x00000000ebf00000)
 ParOldGen       total 68608K, used 38766K [0x00000000c0000000, 0x00000000c4300000, 0x00000000eab00000)
  object space 68608K, 56% used [0x00000000c0000000,0x00000000c25dba70,0x00000000c4300000)
 Metaspace       used 58843K, committed 60032K, reserved 1114112K
  class space    used 7203K, committed 7680K, reserved 1048576K
}
Event: 6.177 GC heap after
{Heap after GC invocations=40 (full 3):
 PSYoungGen      total 20480K, used 1010K [0x00000000eab00000, 0x00000000ec100000, 0x0000000100000000)
  eden space 19456K, 0% used [0x00000000eab00000,0x00000000eab00000,0x00000000ebe00000)
  from space 1024K, 98% used [0x00000000ebe00000,0x00000000ebefc990,0x00000000ebf00000)
  to   space 1536K, 0% used [0x00000000ebf80000,0x00000000ebf80000,0x00000000ec100000)
 ParOldGen       total 68608K, used 39021K [0x00000000c0000000, 0x00000000c4300000, 0x00000000eab00000)
  object space 68608K, 56% used [0x00000000c0000000,0x00000000c261b448,0x00000000c4300000)
 Metaspace       used 58843K, committed 60032K, reserved 1114112K
  class space    used 7203K, committed 7680K, reserved 1048576K
}
Event: 6.248 GC heap before
{Heap before GC invocations=41 (full 3):
 PSYoungGen      total 20480K, used 20466K [0x00000000eab00000, 0x00000000ec100000, 0x0000000100000000)
  eden space 19456K, 100% used [0x00000000eab00000,0x00000000ebe00000,0x00000000ebe00000)
  from space 1024K, 98% used [0x00000000ebe00000,0x00000000ebefc990,0x00000000ebf00000)
  to   space 1536K, 0% used [0x00000000ebf80000,0x00000000ebf80000,0x00000000ec100000)
 ParOldGen       total 68608K, used 39021K [0x00000000c0000000, 0x00000000c4300000, 0x00000000eab00000)
  object space 68608K, 56% used [0x00000000c0000000,0x00000000c261b448,0x00000000c4300000)
 Metaspace       used 58843K, committed 60032K, reserved 1114112K
  class space    used 7203K, committed 7680K, reserved 1048576K
}
Event: 6.249 GC heap after
{Heap after GC invocations=41 (full 3):
 PSYoungGen      total 20992K, used 1351K [0x00000000eab00000, 0x00000000ec100000, 0x0000000100000000)
  eden space 19456K, 0% used [0x00000000eab00000,0x00000000eab00000,0x00000000ebe00000)
  from space 1536K, 87% used [0x00000000ebf80000,0x00000000ec0d1c20,0x00000000ec100000)
  to   space 1536K, 0% used [0x00000000ebe00000,0x00000000ebe00000,0x00000000ebf80000)
 ParOldGen       total 68608K, used 39093K [0x00000000c0000000, 0x00000000c4300000, 0x00000000eab00000)
  object space 68608K, 56% used [0x00000000c0000000,0x00000000c262d448,0x00000000c4300000)
 Metaspace       used 58843K, committed 60032K, reserved 1114112K
  class space    used 7203K, committed 7680K, reserved 1048576K
}
Event: 6.332 GC heap before
{Heap before GC invocations=42 (full 3):
 PSYoungGen      total 20992K, used 20807K [0x00000000eab00000, 0x00000000ec100000, 0x0000000100000000)
  eden space 19456K, 100% used [0x00000000eab00000,0x00000000ebe00000,0x00000000ebe00000)
  from space 1536K, 87% used [0x00000000ebf80000,0x00000000ec0d1c20,0x00000000ec100000)
  to   space 1536K, 0% used [0x00000000ebe00000,0x00000000ebe00000,0x00000000ebf80000)
 ParOldGen       total 68608K, used 39093K [0x00000000c0000000, 0x00000000c4300000, 0x00000000eab00000)
  object space 68608K, 56% used [0x00000000c0000000,0x00000000c262d448,0x00000000c4300000)
 Metaspace       used 58844K, committed 60032K, reserved 1114112K
  class space    used 7203K, committed 7680K, reserved 1048576K
}
Event: 6.332 GC heap after
{Heap after GC invocations=42 (full 3):
 PSYoungGen      total 20992K, used 897K [0x00000000eab00000, 0x00000000ec100000, 0x0000000100000000)
  eden space 19456K, 0% used [0x00000000eab00000,0x00000000eab00000,0x00000000ebe00000)
  from space 1536K, 58% used [0x00000000ebe00000,0x00000000ebee0640,0x00000000ebf80000)
  to   space 1536K, 0% used [0x00000000ebf80000,0x00000000ebf80000,0x00000000ec100000)
 ParOldGen       total 68608K, used 39157K [0x00000000c0000000, 0x00000000c4300000, 0x00000000eab00000)
  object space 68608K, 57% used [0x00000000c0000000,0x00000000c263d448,0x00000000c4300000)
 Metaspace       used 58844K, committed 60032K, reserved 1114112K
  class space    used 7203K, committed 7680K, reserved 1048576K
}
Event: 6.454 GC heap before
{Heap before GC invocations=43 (full 3):
 PSYoungGen      total 20992K, used 20353K [0x00000000eab00000, 0x00000000ec100000, 0x0000000100000000)
  eden space 19456K, 100% used [0x00000000eab00000,0x00000000ebe00000,0x00000000ebe00000)
  from space 1536K, 58% used [0x00000000ebe00000,0x00000000ebee0640,0x00000000ebf80000)
  to   space 1536K, 0% used [0x00000000ebf80000,0x00000000ebf80000,0x00000000ec100000)
 ParOldGen       total 68608K, used 39157K [0x00000000c0000000, 0x00000000c4300000, 0x00000000eab00000)
  object space 68608K, 57% used [0x00000000c0000000,0x00000000c263d448,0x00000000c4300000)
 Metaspace       used 59450K, committed 60672K, reserved 1114112K
  class space    used 7283K, committed 7808K, reserved 1048576K
}
Event: 6.455 GC heap after
{Heap after GC invocations=43 (full 3):
 PSYoungGen      total 19968K, used 448K [0x00000000eab00000, 0x00000000ec000000, 0x0000000100000000)
  eden space 19456K, 0% used [0x00000000eab00000,0x00000000eab00000,0x00000000ebe00000)
  from space 512K, 87% used [0x00000000ebf80000,0x00000000ebff0000,0x00000000ec000000)
  to   space 1024K, 0% used [0x00000000ebe00000,0x00000000ebe00000,0x00000000ebf00000)
 ParOldGen       total 68608K, used 39213K [0x00000000c0000000, 0x00000000c4300000, 0x00000000eab00000)
  object space 68608K, 57% used [0x00000000c0000000,0x00000000c264b448,0x00000000c4300000)
 Metaspace       used 59450K, committed 60672K, reserved 1114112K
  class space    used 7283K, committed 7808K, reserved 1048576K
}
Event: 6.821 GC heap before
{Heap before GC invocations=44 (full 3):
 PSYoungGen      total 19968K, used 19904K [0x00000000eab00000, 0x00000000ec000000, 0x0000000100000000)
  eden space 19456K, 100% used [0x00000000eab00000,0x00000000ebe00000,0x00000000ebe00000)
  from space 512K, 87% used [0x00000000ebf80000,0x00000000ebff0000,0x00000000ec000000)
  to   space 1024K, 0% used [0x00000000ebe00000,0x00000000ebe00000,0x00000000ebf00000)
 ParOldGen       total 68608K, used 39213K [0x00000000c0000000, 0x00000000c4300000, 0x00000000eab00000)
  object space 68608K, 57% used [0x00000000c0000000,0x00000000c264b448,0x00000000c4300000)
 Metaspace       used 61468K, committed 62848K, reserved 1114112K
  class space    used 7598K, committed 8192K, reserved 1048576K
}
Event: 6.823 GC heap after
{Heap after GC invocations=44 (full 3):
 PSYoungGen      total 20480K, used 768K [0x00000000eab00000, 0x00000000ec000000, 0x0000000100000000)
  eden space 19456K, 0% used [0x00000000eab00000,0x00000000eab00000,0x00000000ebe00000)
  from space 1024K, 75% used [0x00000000ebe00000,0x00000000ebec0010,0x00000000ebf00000)
  to   space 1024K, 0% used [0x00000000ebf00000,0x00000000ebf00000,0x00000000ec000000)
 ParOldGen       total 68608K, used 40265K [0x00000000c0000000, 0x00000000c4300000, 0x00000000eab00000)
  object space 68608K, 58% used [0x00000000c0000000,0x00000000c2752678,0x00000000c4300000)
 Metaspace       used 61468K, committed 62848K, reserved 1114112K
  class space    used 7598K, committed 8192K, reserved 1048576K
}

