# JRE version: OpenJDK Runtime Environment Temurin-21.0.7+6 (21.0.7+6) (build 21.0.7+6-LTS)
# Java VM: OpenJDK 64-Bit Server VM Temurin-21.0.7+6 (21.0.7+6-LTS, mixed mode, sharing, tiered, compressed oops, compressed class ptrs, parallel gc, windows-amd64)
GC Precious Log:
 CardTable entry size: 512
 CPUs: 16 total, 16 available
 Memory: 16096M
 Large Page Support: Disabled
 NUMA Support: Disabled
 Compressed Oops: Enabled (32-bit)
 Alignments: Space 512K, Generation 512K, Heap 2M
 Heap Min Capacity: 100M
 Heap Initial Capacity: 100M
 Heap Max Capacity: 1G
 Pre-touch: Disabled
 Parallel Workers: 13
Heap:
 PSYoungGen      total 16896K, used 13424K [0x00000000eab00000, 0x00000000ebe00000, 0x0000000100000000)
  eden space 15872K, 80% used [0x00000000eab00000,0x00000000eb76c2c0,0x00000000eba80000)
  from space 1024K, 68% used [0x00000000ebd00000,0x00000000ebdb0010,0x00000000ebe00000)
  to   space 1024K, 0% used [0x00000000ebc00000,0x00000000ebc00000,0x00000000ebd00000)
 ParOldGen       total 68608K, used 40039K [0x00000000c0000000, 0x00000000c4300000, 0x00000000eab00000)
  object space 68608K, 58% used [0x00000000c0000000,0x00000000c2719ee0,0x00000000c4300000)
 Metaspace       used 62487K, committed 63808K, reserved 1114112K
  class space    used 7721K, committed 8320K, reserved 1048576K
GC Heap History (20 events):
Event: 5.400 GC heap before
{Heap before GC invocations=40 (full 3):
 PSYoungGen      total 16384K, used 16365K [0x00000000eab00000, 0x00000000ec000000, 0x0000000100000000)
  eden space 15872K, 100% used [0x00000000eab00000,0x00000000eba80000,0x00000000eba80000)
  from space 512K, 96% used [0x00000000ebf80000,0x00000000ebffb420,0x00000000ec000000)
  to   space 1024K, 0% used [0x00000000ebe00000,0x00000000ebe00000,0x00000000ebf00000)
 ParOldGen       total 68608K, used 38553K [0x00000000c0000000, 0x00000000c4300000, 0x00000000eab00000)
  object space 68608K, 56% used [0x00000000c0000000,0x00000000c25a6688,0x00000000c4300000)
 Metaspace       used 58873K, committed 60096K, reserved 1114112K
  class space    used 7203K, committed 7744K, reserved 1048576K
}
Event: 5.400 GC heap after
{Heap after GC invocations=40 (full 3):
 PSYoungGen      total 16896K, used 1013K [0x00000000eab00000, 0x00000000ec000000, 0x0000000100000000)
  eden space 15872K, 0% used [0x00000000eab00000,0x00000000eab00000,0x00000000eba80000)
  from space 1024K, 98% used [0x00000000ebe00000,0x00000000ebefd588,0x00000000ebf00000)
  to   space 1024K, 0% used [0x00000000ebf00000,0x00000000ebf00000,0x00000000ec000000)
 ParOldGen       total 68608K, used 38734K [0x00000000c0000000, 0x00000000c4300000, 0x00000000eab00000)
  object space 68608K, 56% used [0x00000000c0000000,0x00000000c25d3b30,0x00000000c4300000)
 Metaspace       used 58873K, committed 60096K, reserved 1114112K
  class space    used 7203K, committed 7744K, reserved 1048576K
}
Event: 5.450 GC heap before
{Heap before GC invocations=41 (full 3):
 PSYoungGen      total 16896K, used 16885K [0x00000000eab00000, 0x00000000ec000000, 0x0000000100000000)
  eden space 15872K, 100% used [0x00000000eab00000,0x00000000eba80000,0x00000000eba80000)
  from space 1024K, 98% used [0x00000000ebe00000,0x00000000ebefd588,0x00000000ebf00000)
  to   space 1024K, 0% used [0x00000000ebf00000,0x00000000ebf00000,0x00000000ec000000)
 ParOldGen       total 68608K, used 38734K [0x00000000c0000000, 0x00000000c4300000, 0x00000000eab00000)
  object space 68608K, 56% used [0x00000000c0000000,0x00000000c25d3b30,0x00000000c4300000)
 Metaspace       used 58873K, committed 60096K, reserved 1114112K
  class space    used 7203K, committed 7744K, reserved 1048576K
}
Event: 5.451 GC heap after
{Heap after GC invocations=41 (full 3):
 PSYoungGen      total 16896K, used 1001K [0x00000000eab00000, 0x00000000ec000000, 0x0000000100000000)
  eden space 15872K, 0% used [0x00000000eab00000,0x00000000eab00000,0x00000000eba80000)
  from space 1024K, 97% used [0x00000000ebf00000,0x00000000ebffa730,0x00000000ec000000)
  to   space 1536K, 0% used [0x00000000ebd00000,0x00000000ebd00000,0x00000000ebe80000)
 ParOldGen       total 68608K, used 38854K [0x00000000c0000000, 0x00000000c4300000, 0x00000000eab00000)
  object space 68608K, 56% used [0x00000000c0000000,0x00000000c25f1aa0,0x00000000c4300000)
 Metaspace       used 58873K, committed 60096K, reserved 1114112K
  class space    used 7203K, committed 7744K, reserved 1048576K
}
Event: 5.498 GC heap before
{Heap before GC invocations=42 (full 3):
 PSYoungGen      total 16896K, used 16873K [0x00000000eab00000, 0x00000000ec000000, 0x0000000100000000)
  eden space 15872K, 100% used [0x00000000eab00000,0x00000000eba80000,0x00000000eba80000)
  from space 1024K, 97% used [0x00000000ebf00000,0x00000000ebffa730,0x00000000ec000000)
  to   space 1536K, 0% used [0x00000000ebd00000,0x00000000ebd00000,0x00000000ebe80000)
 ParOldGen       total 68608K, used 38854K [0x00000000c0000000, 0x00000000c4300000, 0x00000000eab00000)
  object space 68608K, 56% used [0x00000000c0000000,0x00000000c25f1aa0,0x00000000c4300000)
 Metaspace       used 58873K, committed 60096K, reserved 1114112K
  class space    used 7203K, committed 7744K, reserved 1048576K
}
Event: 5.499 GC heap after
{Heap after GC invocations=42 (full 3):
 PSYoungGen      total 17408K, used 493K [0x00000000eab00000, 0x00000000ebf80000, 0x0000000100000000)
  eden space 15872K, 0% used [0x00000000eab00000,0x00000000eab00000,0x00000000eba80000)
  from space 1536K, 32% used [0x00000000ebd00000,0x00000000ebd7b420,0x00000000ebe80000)
  to   space 1024K, 0% used [0x00000000ebe80000,0x00000000ebe80000,0x00000000ebf80000)
 ParOldGen       total 68608K, used 38910K [0x00000000c0000000, 0x00000000c4300000, 0x00000000eab00000)
  object space 68608K, 56% used [0x00000000c0000000,0x00000000c25ffaa0,0x00000000c4300000)
 Metaspace       used 58873K, committed 60096K, reserved 1114112K
  class space    used 7203K, committed 7744K, reserved 1048576K
}
Event: 5.548 GC heap before
{Heap before GC invocations=43 (full 3):
 PSYoungGen      total 17408K, used 16365K [0x00000000eab00000, 0x00000000ebf80000, 0x0000000100000000)
  eden space 15872K, 100% used [0x00000000eab00000,0x00000000eba80000,0x00000000eba80000)
  from space 1536K, 32% used [0x00000000ebd00000,0x00000000ebd7b420,0x00000000ebe80000)
  to   space 1024K, 0% used [0x00000000ebe80000,0x00000000ebe80000,0x00000000ebf80000)
 ParOldGen       total 68608K, used 38910K [0x00000000c0000000, 0x00000000c4300000, 0x00000000eab00000)
  object space 68608K, 56% used [0x00000000c0000000,0x00000000c25ffaa0,0x00000000c4300000)
 Metaspace       used 58874K, committed 60096K, reserved 1114112K
  class space    used 7203K, committed 7744K, reserved 1048576K
}
Event: 5.549 GC heap after
{Heap after GC invocations=43 (full 3):
 PSYoungGen      total 16896K, used 1019K [0x00000000eab00000, 0x00000000ebf80000, 0x0000000100000000)
  eden space 15872K, 0% used [0x00000000eab00000,0x00000000eab00000,0x00000000eba80000)
  from space 1024K, 99% used [0x00000000ebe80000,0x00000000ebf7ec30,0x00000000ebf80000)
  to   space 1536K, 0% used [0x00000000ebc80000,0x00000000ebc80000,0x00000000ebe00000)
 ParOldGen       total 68608K, used 39093K [0x00000000c0000000, 0x00000000c4300000, 0x00000000eab00000)
  object space 68608K, 56% used [0x00000000c0000000,0x00000000c262d680,0x00000000c4300000)
 Metaspace       used 58874K, committed 60096K, reserved 1114112K
  class space    used 7203K, committed 7744K, reserved 1048576K
}
Event: 5.605 GC heap before
{Heap before GC invocations=44 (full 3):
 PSYoungGen      total 16896K, used 16891K [0x00000000eab00000, 0x00000000ebf80000, 0x0000000100000000)
  eden space 15872K, 100% used [0x00000000eab00000,0x00000000eba80000,0x00000000eba80000)
  from space 1024K, 99% used [0x00000000ebe80000,0x00000000ebf7ec30,0x00000000ebf80000)
  to   space 1536K, 0% used [0x00000000ebc80000,0x00000000ebc80000,0x00000000ebe00000)
 ParOldGen       total 68608K, used 39093K [0x00000000c0000000, 0x00000000c4300000, 0x00000000eab00000)
  object space 68608K, 56% used [0x00000000c0000000,0x00000000c262d680,0x00000000c4300000)
 Metaspace       used 58877K, committed 60096K, reserved 1114112K
  class space    used 7203K, committed 7744K, reserved 1048576K
}
Event: 5.605 GC heap after
{Heap after GC invocations=44 (full 3):
 PSYoungGen      total 17408K, used 1299K [0x00000000eab00000, 0x00000000ebf00000, 0x0000000100000000)
  eden space 15872K, 0% used [0x00000000eab00000,0x00000000eab00000,0x00000000eba80000)
  from space 1536K, 84% used [0x00000000ebc80000,0x00000000ebdc4d68,0x00000000ebe00000)
  to   space 1024K, 0% used [0x00000000ebe00000,0x00000000ebe00000,0x00000000ebf00000)
 ParOldGen       total 68608K, used 39173K [0x00000000c0000000, 0x00000000c4300000, 0x00000000eab00000)
  object space 68608K, 57% used [0x00000000c0000000,0x00000000c2641690,0x00000000c4300000)
 Metaspace       used 58877K, committed 60096K, reserved 1114112K
  class space    used 7203K, committed 7744K, reserved 1048576K
}
Event: 5.659 GC heap before
{Heap before GC invocations=45 (full 3):
 PSYoungGen      total 17408K, used 17171K [0x00000000eab00000, 0x00000000ebf00000, 0x0000000100000000)
  eden space 15872K, 100% used [0x00000000eab00000,0x00000000eba80000,0x00000000eba80000)
  from space 1536K, 84% used [0x00000000ebc80000,0x00000000ebdc4d68,0x00000000ebe00000)
  to   space 1024K, 0% used [0x00000000ebe00000,0x00000000ebe00000,0x00000000ebf00000)
 ParOldGen       total 68608K, used 39173K [0x00000000c0000000, 0x00000000c4300000, 0x00000000eab00000)
  object space 68608K, 57% used [0x00000000c0000000,0x00000000c2641690,0x00000000c4300000)
 Metaspace       used 58877K, committed 60096K, reserved 1114112K
  class space    used 7203K, committed 7744K, reserved 1048576K
}
Event: 5.659 GC heap after
{Heap after GC invocations=45 (full 3):
 PSYoungGen      total 16384K, used 256K [0x00000000eab00000, 0x00000000ebe80000, 0x0000000100000000)
  eden space 15872K, 0% used [0x00000000eab00000,0x00000000eab00000,0x00000000eba80000)
  from space 512K, 50% used [0x00000000ebe00000,0x00000000ebe40000,0x00000000ebe80000)
  to   space 1024K, 0% used [0x00000000ebc80000,0x00000000ebc80000,0x00000000ebd80000)
 ParOldGen       total 68608K, used 39245K [0x00000000c0000000, 0x00000000c4300000, 0x00000000eab00000)
  object space 68608K, 57% used [0x00000000c0000000,0x00000000c2653690,0x00000000c4300000)
 Metaspace       used 58877K, committed 60096K, reserved 1114112K
  class space    used 7203K, committed 7744K, reserved 1048576K
}
Event: 5.709 GC heap before
{Heap before GC invocations=46 (full 3):
 PSYoungGen      total 16384K, used 16128K [0x00000000eab00000, 0x00000000ebe80000, 0x0000000100000000)
  eden space 15872K, 100% used [0x00000000eab00000,0x00000000eba80000,0x00000000eba80000)
  from space 512K, 50% used [0x00000000ebe00000,0x00000000ebe40000,0x00000000ebe80000)
  to   space 1024K, 0% used [0x00000000ebc80000,0x00000000ebc80000,0x00000000ebd80000)
 ParOldGen       total 68608K, used 39245K [0x00000000c0000000, 0x00000000c4300000, 0x00000000eab00000)
  object space 68608K, 57% used [0x00000000c0000000,0x00000000c2653690,0x00000000c4300000)
 Metaspace       used 58878K, committed 60096K, reserved 1114112K
  class space    used 7203K, committed 7744K, reserved 1048576K
}
Event: 5.710 GC heap after
{Heap after GC invocations=46 (full 3):
 PSYoungGen      total 16896K, used 692K [0x00000000eab00000, 0x00000000ebe80000, 0x0000000100000000)
  eden space 15872K, 0% used [0x00000000eab00000,0x00000000eab00000,0x00000000eba80000)
  from space 1024K, 67% used [0x00000000ebc80000,0x00000000ebd2d1c0,0x00000000ebd80000)
  to   space 1024K, 0% used [0x00000000ebd80000,0x00000000ebd80000,0x00000000ebe80000)
 ParOldGen       total 68608K, used 39436K [0x00000000c0000000, 0x00000000c4300000, 0x00000000eab00000)
  object space 68608K, 57% used [0x00000000c0000000,0x00000000c26830b0,0x00000000c4300000)
 Metaspace       used 58878K, committed 60096K, reserved 1114112K
  class space    used 7203K, committed 7744K, reserved 1048576K
}
Event: 5.760 GC heap before
{Heap before GC invocations=47 (full 3):
 PSYoungGen      total 16896K, used 16564K [0x00000000eab00000, 0x00000000ebe80000, 0x0000000100000000)
  eden space 15872K, 100% used [0x00000000eab00000,0x00000000eba80000,0x00000000eba80000)
  from space 1024K, 67% used [0x00000000ebc80000,0x00000000ebd2d1c0,0x00000000ebd80000)
  to   space 1024K, 0% used [0x00000000ebd80000,0x00000000ebd80000,0x00000000ebe80000)
 ParOldGen       total 68608K, used 39436K [0x00000000c0000000, 0x00000000c4300000, 0x00000000eab00000)
  object space 68608K, 57% used [0x00000000c0000000,0x00000000c26830b0,0x00000000c4300000)
 Metaspace       used 58886K, committed 60096K, reserved 1114112K
  class space    used 7203K, committed 7744K, reserved 1048576K
}
Event: 5.760 GC heap after
{Heap after GC invocations=47 (full 3):
 PSYoungGen      total 16896K, used 1022K [0x00000000eab00000, 0x00000000ebe80000, 0x0000000100000000)
  eden space 15872K, 0% used [0x00000000eab00000,0x00000000eab00000,0x00000000eba80000)
  from space 1024K, 99% used [0x00000000ebd80000,0x00000000ebe7fa50,0x00000000ebe80000)
  to   space 1536K, 0% used [0x00000000ebb80000,0x00000000ebb80000,0x00000000ebd00000)
 ParOldGen       total 68608K, used 39696K [0x00000000c0000000, 0x00000000c4300000, 0x00000000eab00000)
  object space 68608K, 57% used [0x00000000c0000000,0x00000000c26c41d0,0x00000000c4300000)
 Metaspace       used 58886K, committed 60096K, reserved 1114112K
  class space    used 7203K, committed 7744K, reserved 1048576K
}
Event: 5.844 GC heap before
{Heap before GC invocations=48 (full 3):
 PSYoungGen      total 16896K, used 16894K [0x00000000eab00000, 0x00000000ebe80000, 0x0000000100000000)
  eden space 15872K, 100% used [0x00000000eab00000,0x00000000eba80000,0x00000000eba80000)
  from space 1024K, 99% used [0x00000000ebd80000,0x00000000ebe7fa50,0x00000000ebe80000)
  to   space 1536K, 0% used [0x00000000ebb80000,0x00000000ebb80000,0x00000000ebd00000)
 ParOldGen       total 68608K, used 39696K [0x00000000c0000000, 0x00000000c4300000, 0x00000000eab00000)
  object space 68608K, 57% used [0x00000000c0000000,0x00000000c26c41d0,0x00000000c4300000)
 Metaspace       used 59613K, committed 60800K, reserved 1114112K
  class space    used 7305K, committed 7872K, reserved 1048576K
}
Event: 5.845 GC heap after
{Heap after GC invocations=48 (full 3):
 PSYoungGen      total 17408K, used 480K [0x00000000eab00000, 0x00000000ebe00000, 0x0000000100000000)
  eden space 15872K, 0% used [0x00000000eab00000,0x00000000eab00000,0x00000000eba80000)
  from space 1536K, 31% used [0x00000000ebb80000,0x00000000ebbf8000,0x00000000ebd00000)
  to   space 1024K, 0% used [0x00000000ebd00000,0x00000000ebd00000,0x00000000ebe00000)
 ParOldGen       total 68608K, used 39768K [0x00000000c0000000, 0x00000000c4300000, 0x00000000eab00000)
  object space 68608K, 57% used [0x00000000c0000000,0x00000000c26d61d0,0x00000000c4300000)
 Metaspace       used 59613K, committed 60800K, reserved 1114112K
  class space    used 7305K, committed 7872K, reserved 1048576K
}
Event: 5.954 GC heap before
{Heap before GC invocations=49 (full 3):
 PSYoungGen      total 17408K, used 16352K [0x00000000eab00000, 0x00000000ebe00000, 0x0000000100000000)
  eden space 15872K, 100% used [0x00000000eab00000,0x00000000eba80000,0x00000000eba80000)
  from space 1536K, 31% used [0x00000000ebb80000,0x00000000ebbf8000,0x00000000ebd00000)
  to   space 1024K, 0% used [0x00000000ebd00000,0x00000000ebd00000,0x00000000ebe00000)
 ParOldGen       total 68608K, used 39768K [0x00000000c0000000, 0x00000000c4300000, 0x00000000eab00000)
  object space 68608K, 57% used [0x00000000c0000000,0x00000000c26d61d0,0x00000000c4300000)
 Metaspace       used 61306K, committed 62592K, reserved 1114112K
  class space    used 7572K, committed 8192K, reserved 1048576K
}
Event: 5.955 GC heap after
{Heap after GC invocations=49 (full 3):
 PSYoungGen      total 16896K, used 704K [0x00000000eab00000, 0x00000000ebe00000, 0x0000000100000000)
  eden space 15872K, 0% used [0x00000000eab00000,0x00000000eab00000,0x00000000eba80000)
  from space 1024K, 68% used [0x00000000ebd00000,0x00000000ebdb0010,0x00000000ebe00000)
  to   space 1024K, 0% used [0x00000000ebc00000,0x00000000ebc00000,0x00000000ebd00000)
 ParOldGen       total 68608K, used 40039K [0x00000000c0000000, 0x00000000c4300000, 0x00000000eab00000)
  object space 68608K, 58% used [0x00000000c0000000,0x00000000c2719ee0,0x00000000c4300000)
 Metaspace       used 61306K, committed 62592K, reserved 1114112K
  class space    used 7572K, committed 8192K, reserved 1048576K
}

