# JRE version: OpenJDK Runtime Environment Temurin-21.0.7+6 (21.0.7+6) (build 21.0.7+6-LTS)
# Java VM: OpenJDK 64-Bit Server VM Temurin-21.0.7+6 (21.0.7+6-LTS, mixed mode, sharing, tiered, compressed oops, compressed class ptrs, parallel gc, windows-amd64)
GC Precious Log:
 CardTable entry size: 512
 CPUs: 16 total, 16 available
 Memory: 16096M
 Large Page Support: Disabled
 NUMA Support: Disabled
 Compressed Oops: Enabled (32-bit)
 Alignments: Space 512K, Generation 512K, Heap 2M
 Heap Min Capacity: 100M
 Heap Initial Capacity: 100M
 Heap Max Capacity: 1G
 Pre-touch: Disabled
 Parallel Workers: 13
Heap:
 PSYoungGen      total 14848K, used 4590K [0x00000000eab00000, 0x00000000ebb00000, 0x0000000100000000)
  eden space 14336K, 28% used [0x00000000eab00000,0x00000000eaf03a48,0x00000000eb900000)
  from space 512K, 93% used [0x00000000eb980000,0x00000000eb9f8000,0x00000000eba00000)
  to   space 1024K, 0% used [0x00000000eba00000,0x00000000eba00000,0x00000000ebb00000)
 ParOldGen       total 68608K, used 41216K [0x00000000c0000000, 0x00000000c4300000, 0x00000000eab00000)
  object space 68608K, 60% used [0x00000000c0000000,0x00000000c28402e0,0x00000000c4300000)
 Metaspace       used 62449K, committed 63808K, reserved 1114112K
  class space    used 7716K, committed 8320K, reserved 1048576K
GC Heap History (20 events):
Event: 5.333 GC heap before
{Heap before GC invocations=43 (full 3):
 PSYoungGen      total 15872K, used 14762K [0x00000000eab00000, 0x00000000ebe00000, 0x0000000100000000)
  eden space 14336K, 100% used [0x00000000eab00000,0x00000000eb900000,0x00000000eb900000)
  from space 1536K, 27% used [0x00000000ebb80000,0x00000000ebbea9a0,0x00000000ebd00000)
  to   space 1024K, 0% used [0x00000000ebd00000,0x00000000ebd00000,0x00000000ebe00000)
 ParOldGen       total 68608K, used 38586K [0x00000000c0000000, 0x00000000c4300000, 0x00000000eab00000)
  object space 68608K, 56% used [0x00000000c0000000,0x00000000c25ae958,0x00000000c4300000)
 Metaspace       used 58858K, committed 60096K, reserved 1114112K
  class space    used 7199K, committed 7744K, reserved 1048576K
}
Event: 5.334 GC heap after
{Heap after GC invocations=43 (full 3):
 PSYoungGen      total 15360K, used 1018K [0x00000000eab00000, 0x00000000ebe00000, 0x0000000100000000)
  eden space 14336K, 0% used [0x00000000eab00000,0x00000000eab00000,0x00000000eb900000)
  from space 1024K, 99% used [0x00000000ebd00000,0x00000000ebdfe908,0x00000000ebe00000)
  to   space 1536K, 0% used [0x00000000ebb00000,0x00000000ebb00000,0x00000000ebc80000)
 ParOldGen       total 68608K, used 38729K [0x00000000c0000000, 0x00000000c4300000, 0x00000000eab00000)
  object space 68608K, 56% used [0x00000000c0000000,0x00000000c25d2418,0x00000000c4300000)
 Metaspace       used 58858K, committed 60096K, reserved 1114112K
  class space    used 7199K, committed 7744K, reserved 1048576K
}
Event: 5.390 GC heap before
{Heap before GC invocations=44 (full 3):
 PSYoungGen      total 15360K, used 15354K [0x00000000eab00000, 0x00000000ebe00000, 0x0000000100000000)
  eden space 14336K, 100% used [0x00000000eab00000,0x00000000eb900000,0x00000000eb900000)
  from space 1024K, 99% used [0x00000000ebd00000,0x00000000ebdfe908,0x00000000ebe00000)
  to   space 1536K, 0% used [0x00000000ebb00000,0x00000000ebb00000,0x00000000ebc80000)
 ParOldGen       total 68608K, used 38729K [0x00000000c0000000, 0x00000000c4300000, 0x00000000eab00000)
  object space 68608K, 56% used [0x00000000c0000000,0x00000000c25d2418,0x00000000c4300000)
 Metaspace       used 58858K, committed 60096K, reserved 1114112K
  class space    used 7199K, committed 7744K, reserved 1048576K
}
Event: 5.390 GC heap after
{Heap after GC invocations=44 (full 3):
 PSYoungGen      total 15360K, used 984K [0x00000000eab00000, 0x00000000ebd80000, 0x0000000100000000)
  eden space 14336K, 0% used [0x00000000eab00000,0x00000000eab00000,0x00000000eb900000)
  from space 1024K, 96% used [0x00000000ebb00000,0x00000000ebbf62c0,0x00000000ebc00000)
  to   space 1536K, 0% used [0x00000000ebc00000,0x00000000ebc00000,0x00000000ebd80000)
 ParOldGen       total 68608K, used 38817K [0x00000000c0000000, 0x00000000c4300000, 0x00000000eab00000)
  object space 68608K, 56% used [0x00000000c0000000,0x00000000c25e8418,0x00000000c4300000)
 Metaspace       used 58858K, committed 60096K, reserved 1114112K
  class space    used 7199K, committed 7744K, reserved 1048576K
}
Event: 5.442 GC heap before
{Heap before GC invocations=45 (full 3):
 PSYoungGen      total 15360K, used 15320K [0x00000000eab00000, 0x00000000ebd80000, 0x0000000100000000)
  eden space 14336K, 100% used [0x00000000eab00000,0x00000000eb900000,0x00000000eb900000)
  from space 1024K, 96% used [0x00000000ebb00000,0x00000000ebbf62c0,0x00000000ebc00000)
  to   space 1536K, 0% used [0x00000000ebc00000,0x00000000ebc00000,0x00000000ebd80000)
 ParOldGen       total 68608K, used 38817K [0x00000000c0000000, 0x00000000c4300000, 0x00000000eab00000)
  object space 68608K, 56% used [0x00000000c0000000,0x00000000c25e8418,0x00000000c4300000)
 Metaspace       used 58858K, committed 60096K, reserved 1114112K
  class space    used 7199K, committed 7744K, reserved 1048576K
}
Event: 5.443 GC heap after
{Heap after GC invocations=45 (full 3):
 PSYoungGen      total 14848K, used 352K [0x00000000eab00000, 0x00000000ebc80000, 0x0000000100000000)
  eden space 14336K, 0% used [0x00000000eab00000,0x00000000eab00000,0x00000000eb900000)
  from space 512K, 68% used [0x00000000ebc00000,0x00000000ebc58000,0x00000000ebc80000)
  to   space 1024K, 0% used [0x00000000eba80000,0x00000000eba80000,0x00000000ebb80000)
 ParOldGen       total 68608K, used 39015K [0x00000000c0000000, 0x00000000c4300000, 0x00000000eab00000)
  object space 68608K, 56% used [0x00000000c0000000,0x00000000c2619e48,0x00000000c4300000)
 Metaspace       used 58858K, committed 60096K, reserved 1114112K
  class space    used 7199K, committed 7744K, reserved 1048576K
}
Event: 5.498 GC heap before
{Heap before GC invocations=46 (full 3):
 PSYoungGen      total 14848K, used 14688K [0x00000000eab00000, 0x00000000ebc80000, 0x0000000100000000)
  eden space 14336K, 100% used [0x00000000eab00000,0x00000000eb900000,0x00000000eb900000)
  from space 512K, 68% used [0x00000000ebc00000,0x00000000ebc58000,0x00000000ebc80000)
  to   space 1024K, 0% used [0x00000000eba80000,0x00000000eba80000,0x00000000ebb80000)
 ParOldGen       total 68608K, used 39015K [0x00000000c0000000, 0x00000000c4300000, 0x00000000eab00000)
  object space 68608K, 56% used [0x00000000c0000000,0x00000000c2619e48,0x00000000c4300000)
 Metaspace       used 58859K, committed 60096K, reserved 1114112K
  class space    used 7199K, committed 7744K, reserved 1048576K
}
Event: 5.498 GC heap after
{Heap after GC invocations=46 (full 3):
 PSYoungGen      total 15360K, used 1008K [0x00000000eab00000, 0x00000000ebc80000, 0x0000000100000000)
  eden space 14336K, 0% used [0x00000000eab00000,0x00000000eab00000,0x00000000eb900000)
  from space 1024K, 98% used [0x00000000eba80000,0x00000000ebb7c290,0x00000000ebb80000)
  to   space 1024K, 0% used [0x00000000ebb80000,0x00000000ebb80000,0x00000000ebc80000)
 ParOldGen       total 68608K, used 39338K [0x00000000c0000000, 0x00000000c4300000, 0x00000000eab00000)
  object space 68608K, 57% used [0x00000000c0000000,0x00000000c266a960,0x00000000c4300000)
 Metaspace       used 58859K, committed 60096K, reserved 1114112K
  class space    used 7199K, committed 7744K, reserved 1048576K
}
Event: 5.556 GC heap before
{Heap before GC invocations=47 (full 3):
 PSYoungGen      total 15360K, used 15344K [0x00000000eab00000, 0x00000000ebc80000, 0x0000000100000000)
  eden space 14336K, 100% used [0x00000000eab00000,0x00000000eb900000,0x00000000eb900000)
  from space 1024K, 98% used [0x00000000eba80000,0x00000000ebb7c290,0x00000000ebb80000)
  to   space 1024K, 0% used [0x00000000ebb80000,0x00000000ebb80000,0x00000000ebc80000)
 ParOldGen       total 68608K, used 39338K [0x00000000c0000000, 0x00000000c4300000, 0x00000000eab00000)
  object space 68608K, 57% used [0x00000000c0000000,0x00000000c266a960,0x00000000c4300000)
 Metaspace       used 58859K, committed 60096K, reserved 1114112K
  class space    used 7199K, committed 7744K, reserved 1048576K
}
Event: 5.557 GC heap after
{Heap after GC invocations=47 (full 3):
 PSYoungGen      total 14848K, used 288K [0x00000000eab00000, 0x00000000ebc00000, 0x0000000100000000)
  eden space 14336K, 0% used [0x00000000eab00000,0x00000000eab00000,0x00000000eb900000)
  from space 512K, 56% used [0x00000000ebb80000,0x00000000ebbc8000,0x00000000ebc00000)
  to   space 1024K, 0% used [0x00000000eba00000,0x00000000eba00000,0x00000000ebb00000)
 ParOldGen       total 68608K, used 39402K [0x00000000c0000000, 0x00000000c4300000, 0x00000000eab00000)
  object space 68608K, 57% used [0x00000000c0000000,0x00000000c267a960,0x00000000c4300000)
 Metaspace       used 58859K, committed 60096K, reserved 1114112K
  class space    used 7199K, committed 7744K, reserved 1048576K
}
Event: 5.607 GC heap before
{Heap before GC invocations=48 (full 3):
 PSYoungGen      total 14848K, used 14624K [0x00000000eab00000, 0x00000000ebc00000, 0x0000000100000000)
  eden space 14336K, 100% used [0x00000000eab00000,0x00000000eb900000,0x00000000eb900000)
  from space 512K, 56% used [0x00000000ebb80000,0x00000000ebbc8000,0x00000000ebc00000)
  to   space 1024K, 0% used [0x00000000eba00000,0x00000000eba00000,0x00000000ebb00000)
 ParOldGen       total 68608K, used 39402K [0x00000000c0000000, 0x00000000c4300000, 0x00000000eab00000)
  object space 68608K, 57% used [0x00000000c0000000,0x00000000c267a960,0x00000000c4300000)
 Metaspace       used 58859K, committed 60096K, reserved 1114112K
  class space    used 7199K, committed 7744K, reserved 1048576K
}
Event: 5.608 GC heap after
{Heap after GC invocations=48 (full 3):
 PSYoungGen      total 15360K, used 1005K [0x00000000eab00000, 0x00000000ebc00000, 0x0000000100000000)
  eden space 14336K, 0% used [0x00000000eab00000,0x00000000eab00000,0x00000000eb900000)
  from space 1024K, 98% used [0x00000000eba00000,0x00000000ebafb518,0x00000000ebb00000)
  to   space 1024K, 0% used [0x00000000ebb00000,0x00000000ebb00000,0x00000000ebc00000)
 ParOldGen       total 68608K, used 39620K [0x00000000c0000000, 0x00000000c4300000, 0x00000000eab00000)
  object space 68608K, 57% used [0x00000000c0000000,0x00000000c26b10a0,0x00000000c4300000)
 Metaspace       used 58859K, committed 60096K, reserved 1114112K
  class space    used 7199K, committed 7744K, reserved 1048576K
}
Event: 5.664 GC heap before
{Heap before GC invocations=49 (full 3):
 PSYoungGen      total 15360K, used 15341K [0x00000000eab00000, 0x00000000ebc00000, 0x0000000100000000)
  eden space 14336K, 100% used [0x00000000eab00000,0x00000000eb900000,0x00000000eb900000)
  from space 1024K, 98% used [0x00000000eba00000,0x00000000ebafb518,0x00000000ebb00000)
  to   space 1024K, 0% used [0x00000000ebb00000,0x00000000ebb00000,0x00000000ebc00000)
 ParOldGen       total 68608K, used 39620K [0x00000000c0000000, 0x00000000c4300000, 0x00000000eab00000)
  object space 68608K, 57% used [0x00000000c0000000,0x00000000c26b10a0,0x00000000c4300000)
 Metaspace       used 58859K, committed 60096K, reserved 1114112K
  class space    used 7199K, committed 7744K, reserved 1048576K
}
Event: 5.665 GC heap after
{Heap after GC invocations=49 (full 3):
 PSYoungGen      total 15360K, used 953K [0x00000000eab00000, 0x00000000ebc00000, 0x0000000100000000)
  eden space 14336K, 0% used [0x00000000eab00000,0x00000000eab00000,0x00000000eb900000)
  from space 1024K, 93% used [0x00000000ebb00000,0x00000000ebbee6c0,0x00000000ebc00000)
  to   space 1536K, 0% used [0x00000000eb900000,0x00000000eb900000,0x00000000eba80000)
 ParOldGen       total 68608K, used 39700K [0x00000000c0000000, 0x00000000c4300000, 0x00000000eab00000)
  object space 68608K, 57% used [0x00000000c0000000,0x00000000c26c50b0,0x00000000c4300000)
 Metaspace       used 58859K, committed 60096K, reserved 1114112K
  class space    used 7199K, committed 7744K, reserved 1048576K
}
Event: 5.724 GC heap before
{Heap before GC invocations=50 (full 3):
 PSYoungGen      total 15360K, used 15289K [0x00000000eab00000, 0x00000000ebc00000, 0x0000000100000000)
  eden space 14336K, 100% used [0x00000000eab00000,0x00000000eb900000,0x00000000eb900000)
  from space 1024K, 93% used [0x00000000ebb00000,0x00000000ebbee6c0,0x00000000ebc00000)
  to   space 1536K, 0% used [0x00000000eb900000,0x00000000eb900000,0x00000000eba80000)
 ParOldGen       total 68608K, used 39700K [0x00000000c0000000, 0x00000000c4300000, 0x00000000eab00000)
  object space 68608K, 57% used [0x00000000c0000000,0x00000000c26c50b0,0x00000000c4300000)
 Metaspace       used 58955K, committed 60160K, reserved 1114112K
  class space    used 7211K, committed 7744K, reserved 1048576K
}
Event: 5.724 GC heap after
{Heap after GC invocations=50 (full 3):
 PSYoungGen      total 15872K, used 384K [0x00000000eab00000, 0x00000000ebb80000, 0x0000000100000000)
  eden space 14336K, 0% used [0x00000000eab00000,0x00000000eab00000,0x00000000eb900000)
  from space 1536K, 25% used [0x00000000eb900000,0x00000000eb960000,0x00000000eba80000)
  to   space 1024K, 0% used [0x00000000eba80000,0x00000000eba80000,0x00000000ebb80000)
 ParOldGen       total 68608K, used 39764K [0x00000000c0000000, 0x00000000c4300000, 0x00000000eab00000)
  object space 68608K, 57% used [0x00000000c0000000,0x00000000c26d50b0,0x00000000c4300000)
 Metaspace       used 58955K, committed 60160K, reserved 1114112K
  class space    used 7211K, committed 7744K, reserved 1048576K
}
Event: 5.842 GC heap before
{Heap before GC invocations=51 (full 3):
 PSYoungGen      total 15872K, used 14720K [0x00000000eab00000, 0x00000000ebb80000, 0x0000000100000000)
  eden space 14336K, 100% used [0x00000000eab00000,0x00000000eb900000,0x00000000eb900000)
  from space 1536K, 25% used [0x00000000eb900000,0x00000000eb960000,0x00000000eba80000)
  to   space 1024K, 0% used [0x00000000eba80000,0x00000000eba80000,0x00000000ebb80000)
 ParOldGen       total 68608K, used 39764K [0x00000000c0000000, 0x00000000c4300000, 0x00000000eab00000)
  object space 68608K, 57% used [0x00000000c0000000,0x00000000c26d50b0,0x00000000c4300000)
 Metaspace       used 60576K, committed 61888K, reserved 1114112K
  class space    used 7464K, committed 8064K, reserved 1048576K
}
Event: 5.843 GC heap after
{Heap after GC invocations=51 (full 3):
 PSYoungGen      total 15360K, used 768K [0x00000000eab00000, 0x00000000ebb80000, 0x0000000100000000)
  eden space 14336K, 0% used [0x00000000eab00000,0x00000000eab00000,0x00000000eb900000)
  from space 1024K, 75% used [0x00000000eba80000,0x00000000ebb40010,0x00000000ebb80000)
  to   space 1024K, 0% used [0x00000000eb980000,0x00000000eb980000,0x00000000eba80000)
 ParOldGen       total 68608K, used 39860K [0x00000000c0000000, 0x00000000c4300000, 0x00000000eab00000)
  object space 68608K, 58% used [0x00000000c0000000,0x00000000c26ed0b0,0x00000000c4300000)
 Metaspace       used 60576K, committed 61888K, reserved 1114112K
  class space    used 7464K, committed 8064K, reserved 1048576K
}
Event: 6.037 GC heap before
{Heap before GC invocations=52 (full 3):
 PSYoungGen      total 15360K, used 15104K [0x00000000eab00000, 0x00000000ebb80000, 0x0000000100000000)
  eden space 14336K, 100% used [0x00000000eab00000,0x00000000eb900000,0x00000000eb900000)
  from space 1024K, 75% used [0x00000000eba80000,0x00000000ebb40010,0x00000000ebb80000)
  to   space 1024K, 0% used [0x00000000eb980000,0x00000000eb980000,0x00000000eba80000)
 ParOldGen       total 68608K, used 39860K [0x00000000c0000000, 0x00000000c4300000, 0x00000000eab00000)
  object space 68608K, 58% used [0x00000000c0000000,0x00000000c26ed0b0,0x00000000c4300000)
 Metaspace       used 61817K, committed 63168K, reserved 1114112K
  class space    used 7637K, committed 8192K, reserved 1048576K
}
Event: 6.039 GC heap after
{Heap after GC invocations=52 (full 3):
 PSYoungGen      total 14848K, used 480K [0x00000000eab00000, 0x00000000ebb00000, 0x0000000100000000)
  eden space 14336K, 0% used [0x00000000eab00000,0x00000000eab00000,0x00000000eb900000)
  from space 512K, 93% used [0x00000000eb980000,0x00000000eb9f8000,0x00000000eba00000)
  to   space 1024K, 0% used [0x00000000eba00000,0x00000000eba00000,0x00000000ebb00000)
 ParOldGen       total 68608K, used 41216K [0x00000000c0000000, 0x00000000c4300000, 0x00000000eab00000)
  object space 68608K, 60% used [0x00000000c0000000,0x00000000c28402e0,0x00000000c4300000)
 Metaspace       used 61817K, committed 63168K, reserved 1114112K
  class space    used 7637K, committed 8192K, reserved 1048576K
}

