# JRE version: OpenJDK Runtime Environment Temurin-21.0.7+6 (21.0.7+6) (build 21.0.7+6-LTS)
# Java VM: OpenJDK 64-Bit Server VM Temurin-21.0.7+6 (21.0.7+6-LTS, mixed mode, sharing, tiered, compressed oops, compressed class ptrs, parallel gc, windows-amd64)
GC Precious Log:
 CardTable entry size: 512
 CPUs: 16 total, 16 available
 Memory: 16096M
 Large Page Support: Disabled
 NUMA Support: Disabled
 Compressed Oops: Enabled (32-bit)
 Alignments: Space 512K, Generation 512K, Heap 2M
 Heap Min Capacity: 100M
 Heap Initial Capacity: 100M
 Heap Max Capacity: 1G
 Pre-touch: Disabled
 Parallel Workers: 13
Heap:
 PSYoungGen      total 15360K, used 9604K [0x00000000eab00000, 0x00000000ebc80000, 0x0000000100000000)
  eden space 14336K, 62% used [0x00000000eab00000,0x00000000eb3d11b8,0x00000000eb900000)
  from space 1024K, 56% used [0x00000000ebb80000,0x00000000ebc10000,0x00000000ebc80000)
  to   space 1024K, 0% used [0x00000000eba80000,0x00000000eba80000,0x00000000ebb80000)
 ParOldGen       total 68608K, used 45598K [0x00000000c0000000, 0x00000000c4300000, 0x00000000eab00000)
  object space 68608K, 66% used [0x00000000c0000000,0x00000000c2c87b10,0x00000000c4300000)
 Metaspace       used 66967K, committed 68288K, reserved 1114112K
  class space    used 8222K, committed 8768K, reserved 1048576K
GC Heap History (20 events):
Event: 85.227 GC heap before
{Heap before GC invocations=44 (full 3):
 PSYoungGen      total 15360K, used 15347K [0x00000000eab00000, 0x00000000ebf00000, 0x0000000100000000)
  eden space 14336K, 100% used [0x00000000eab00000,0x00000000eb900000,0x00000000eb900000)
  from space 1024K, 98% used [0x00000000ebe00000,0x00000000ebefce88,0x00000000ebf00000)
  to   space 1536K, 0% used [0x00000000ebc00000,0x00000000ebc00000,0x00000000ebd80000)
 ParOldGen       total 68608K, used 43655K [0x00000000c0000000, 0x00000000c4300000, 0x00000000eab00000)
  object space 68608K, 63% used [0x00000000c0000000,0x00000000c2aa1fc8,0x00000000c4300000)
 Metaspace       used 63806K, committed 65024K, reserved 1114112K
  class space    used 7763K, committed 8256K, reserved 1048576K
}
Event: 85.228 GC heap after
{Heap after GC invocations=44 (full 3):
 PSYoungGen      total 15872K, used 898K [0x00000000eab00000, 0x00000000ebe80000, 0x0000000100000000)
  eden space 14336K, 0% used [0x00000000eab00000,0x00000000eab00000,0x00000000eb900000)
  from space 1536K, 58% used [0x00000000ebc00000,0x00000000ebce08e0,0x00000000ebd80000)
  to   space 1024K, 0% used [0x00000000ebd80000,0x00000000ebd80000,0x00000000ebe80000)
 ParOldGen       total 68608K, used 43727K [0x00000000c0000000, 0x00000000c4300000, 0x00000000eab00000)
  object space 68608K, 63% used [0x00000000c0000000,0x00000000c2ab3fd8,0x00000000c4300000)
 Metaspace       used 63806K, committed 65024K, reserved 1114112K
  class space    used 7763K, committed 8256K, reserved 1048576K
}
Event: 85.281 GC heap before
{Heap before GC invocations=45 (full 3):
 PSYoungGen      total 15872K, used 15234K [0x00000000eab00000, 0x00000000ebe80000, 0x0000000100000000)
  eden space 14336K, 100% used [0x00000000eab00000,0x00000000eb900000,0x00000000eb900000)
  from space 1536K, 58% used [0x00000000ebc00000,0x00000000ebce08e0,0x00000000ebd80000)
  to   space 1024K, 0% used [0x00000000ebd80000,0x00000000ebd80000,0x00000000ebe80000)
 ParOldGen       total 68608K, used 43727K [0x00000000c0000000, 0x00000000c4300000, 0x00000000eab00000)
  object space 68608K, 63% used [0x00000000c0000000,0x00000000c2ab3fd8,0x00000000c4300000)
 Metaspace       used 63806K, committed 65024K, reserved 1114112K
  class space    used 7763K, committed 8256K, reserved 1048576K
}
Event: 85.282 GC heap after
{Heap after GC invocations=45 (full 3):
 PSYoungGen      total 14848K, used 416K [0x00000000eab00000, 0x00000000ebe00000, 0x0000000100000000)
  eden space 14336K, 0% used [0x00000000eab00000,0x00000000eab00000,0x00000000eb900000)
  from space 512K, 81% used [0x00000000ebd80000,0x00000000ebde8000,0x00000000ebe00000)
  to   space 1024K, 0% used [0x00000000ebc00000,0x00000000ebc00000,0x00000000ebd00000)
 ParOldGen       total 68608K, used 43918K [0x00000000c0000000, 0x00000000c4300000, 0x00000000eab00000)
  object space 68608K, 64% used [0x00000000c0000000,0x00000000c2ae39f8,0x00000000c4300000)
 Metaspace       used 63806K, committed 65024K, reserved 1114112K
  class space    used 7763K, committed 8256K, reserved 1048576K
}
Event: 85.337 GC heap before
{Heap before GC invocations=46 (full 3):
 PSYoungGen      total 14848K, used 14752K [0x00000000eab00000, 0x00000000ebe00000, 0x0000000100000000)
  eden space 14336K, 100% used [0x00000000eab00000,0x00000000eb900000,0x00000000eb900000)
  from space 512K, 81% used [0x00000000ebd80000,0x00000000ebde8000,0x00000000ebe00000)
  to   space 1024K, 0% used [0x00000000ebc00000,0x00000000ebc00000,0x00000000ebd00000)
 ParOldGen       total 68608K, used 43918K [0x00000000c0000000, 0x00000000c4300000, 0x00000000eab00000)
  object space 68608K, 64% used [0x00000000c0000000,0x00000000c2ae39f8,0x00000000c4300000)
 Metaspace       used 63806K, committed 65024K, reserved 1114112K
  class space    used 7763K, committed 8256K, reserved 1048576K
}
Event: 85.338 GC heap after
{Heap after GC invocations=46 (full 3):
 PSYoungGen      total 15360K, used 1024K [0x00000000eab00000, 0x00000000ebe00000, 0x0000000100000000)
  eden space 14336K, 0% used [0x00000000eab00000,0x00000000eab00000,0x00000000eb900000)
  from space 1024K, 100% used [0x00000000ebc00000,0x00000000ebd00000,0x00000000ebd00000)
  to   space 1024K, 0% used [0x00000000ebd00000,0x00000000ebd00000,0x00000000ebe00000)
 ParOldGen       total 68608K, used 44294K [0x00000000c0000000, 0x00000000c4300000, 0x00000000eab00000)
  object space 68608K, 64% used [0x00000000c0000000,0x00000000c2b419b8,0x00000000c4300000)
 Metaspace       used 63806K, committed 65024K, reserved 1114112K
  class space    used 7763K, committed 8256K, reserved 1048576K
}
Event: 85.395 GC heap before
{Heap before GC invocations=47 (full 3):
 PSYoungGen      total 15360K, used 15360K [0x00000000eab00000, 0x00000000ebe00000, 0x0000000100000000)
  eden space 14336K, 100% used [0x00000000eab00000,0x00000000eb900000,0x00000000eb900000)
  from space 1024K, 100% used [0x00000000ebc00000,0x00000000ebd00000,0x00000000ebd00000)
  to   space 1024K, 0% used [0x00000000ebd00000,0x00000000ebd00000,0x00000000ebe00000)
 ParOldGen       total 68608K, used 44294K [0x00000000c0000000, 0x00000000c4300000, 0x00000000eab00000)
  object space 68608K, 64% used [0x00000000c0000000,0x00000000c2b419b8,0x00000000c4300000)
 Metaspace       used 63806K, committed 65024K, reserved 1114112K
  class space    used 7763K, committed 8256K, reserved 1048576K
}
Event: 85.395 GC heap after
{Heap after GC invocations=47 (full 3):
 PSYoungGen      total 14848K, used 427K [0x00000000eab00000, 0x00000000ebd80000, 0x0000000100000000)
  eden space 14336K, 0% used [0x00000000eab00000,0x00000000eab00000,0x00000000eb900000)
  from space 512K, 83% used [0x00000000ebd00000,0x00000000ebd6ad70,0x00000000ebd80000)
  to   space 1024K, 0% used [0x00000000ebb80000,0x00000000ebb80000,0x00000000ebc80000)
 ParOldGen       total 68608K, used 44350K [0x00000000c0000000, 0x00000000c4300000, 0x00000000eab00000)
  object space 68608K, 64% used [0x00000000c0000000,0x00000000c2b4f9b8,0x00000000c4300000)
 Metaspace       used 63806K, committed 65024K, reserved 1114112K
  class space    used 7763K, committed 8256K, reserved 1048576K
}
Event: 85.449 GC heap before
{Heap before GC invocations=48 (full 3):
 PSYoungGen      total 14848K, used 14763K [0x00000000eab00000, 0x00000000ebd80000, 0x0000000100000000)
  eden space 14336K, 100% used [0x00000000eab00000,0x00000000eb900000,0x00000000eb900000)
  from space 512K, 83% used [0x00000000ebd00000,0x00000000ebd6ad70,0x00000000ebd80000)
  to   space 1024K, 0% used [0x00000000ebb80000,0x00000000ebb80000,0x00000000ebc80000)
 ParOldGen       total 68608K, used 44350K [0x00000000c0000000, 0x00000000c4300000, 0x00000000eab00000)
  object space 68608K, 64% used [0x00000000c0000000,0x00000000c2b4f9b8,0x00000000c4300000)
 Metaspace       used 63806K, committed 65024K, reserved 1114112K
  class space    used 7763K, committed 8256K, reserved 1048576K
}
Event: 85.450 GC heap after
{Heap after GC invocations=48 (full 3):
 PSYoungGen      total 15360K, used 696K [0x00000000eab00000, 0x00000000ebd80000, 0x0000000100000000)
  eden space 14336K, 0% used [0x00000000eab00000,0x00000000eab00000,0x00000000eb900000)
  from space 1024K, 68% used [0x00000000ebb80000,0x00000000ebc2e1a0,0x00000000ebc80000)
  to   space 1024K, 0% used [0x00000000ebc80000,0x00000000ebc80000,0x00000000ebd80000)
 ParOldGen       total 68608K, used 44646K [0x00000000c0000000, 0x00000000c4300000, 0x00000000eab00000)
  object space 68608K, 65% used [0x00000000c0000000,0x00000000c2b99a40,0x00000000c4300000)
 Metaspace       used 63806K, committed 65024K, reserved 1114112K
  class space    used 7763K, committed 8256K, reserved 1048576K
}
Event: 85.514 GC heap before
{Heap before GC invocations=49 (full 3):
 PSYoungGen      total 15360K, used 15032K [0x00000000eab00000, 0x00000000ebd80000, 0x0000000100000000)
  eden space 14336K, 100% used [0x00000000eab00000,0x00000000eb900000,0x00000000eb900000)
  from space 1024K, 68% used [0x00000000ebb80000,0x00000000ebc2e1a0,0x00000000ebc80000)
  to   space 1024K, 0% used [0x00000000ebc80000,0x00000000ebc80000,0x00000000ebd80000)
 ParOldGen       total 68608K, used 44646K [0x00000000c0000000, 0x00000000c4300000, 0x00000000eab00000)
  object space 68608K, 65% used [0x00000000c0000000,0x00000000c2b99a40,0x00000000c4300000)
 Metaspace       used 63806K, committed 65024K, reserved 1114112K
  class space    used 7763K, committed 8256K, reserved 1048576K
}
Event: 85.515 GC heap after
{Heap after GC invocations=49 (full 3):
 PSYoungGen      total 15360K, used 1018K [0x00000000eab00000, 0x00000000ebd80000, 0x0000000100000000)
  eden space 14336K, 0% used [0x00000000eab00000,0x00000000eab00000,0x00000000eb900000)
  from space 1024K, 99% used [0x00000000ebc80000,0x00000000ebd7e848,0x00000000ebd80000)
  to   space 1536K, 0% used [0x00000000eba80000,0x00000000eba80000,0x00000000ebc00000)
 ParOldGen       total 68608K, used 44826K [0x00000000c0000000, 0x00000000c4300000, 0x00000000eab00000)
  object space 68608K, 65% used [0x00000000c0000000,0x00000000c2bc6a78,0x00000000c4300000)
 Metaspace       used 63806K, committed 65024K, reserved 1114112K
  class space    used 7763K, committed 8256K, reserved 1048576K
}
Event: 85.586 GC heap before
{Heap before GC invocations=50 (full 3):
 PSYoungGen      total 15360K, used 15354K [0x00000000eab00000, 0x00000000ebd80000, 0x0000000100000000)
  eden space 14336K, 100% used [0x00000000eab00000,0x00000000eb900000,0x00000000eb900000)
  from space 1024K, 99% used [0x00000000ebc80000,0x00000000ebd7e848,0x00000000ebd80000)
  to   space 1536K, 0% used [0x00000000eba80000,0x00000000eba80000,0x00000000ebc00000)
 ParOldGen       total 68608K, used 44826K [0x00000000c0000000, 0x00000000c4300000, 0x00000000eab00000)
  object space 68608K, 65% used [0x00000000c0000000,0x00000000c2bc6a78,0x00000000c4300000)
 Metaspace       used 63806K, committed 65024K, reserved 1114112K
  class space    used 7763K, committed 8256K, reserved 1048576K
}
Event: 85.587 GC heap after
{Heap after GC invocations=50 (full 3):
 PSYoungGen      total 15872K, used 320K [0x00000000eab00000, 0x00000000ebd00000, 0x0000000100000000)
  eden space 14336K, 0% used [0x00000000eab00000,0x00000000eab00000,0x00000000eb900000)
  from space 1536K, 20% used [0x00000000eba80000,0x00000000ebad0000,0x00000000ebc00000)
  to   space 1024K, 0% used [0x00000000ebc00000,0x00000000ebc00000,0x00000000ebd00000)
 ParOldGen       total 68608K, used 44914K [0x00000000c0000000, 0x00000000c4300000, 0x00000000eab00000)
  object space 68608K, 65% used [0x00000000c0000000,0x00000000c2bdca78,0x00000000c4300000)
 Metaspace       used 63806K, committed 65024K, reserved 1114112K
  class space    used 7763K, committed 8256K, reserved 1048576K
}
Event: 85.639 GC heap before
{Heap before GC invocations=51 (full 3):
 PSYoungGen      total 15872K, used 14656K [0x00000000eab00000, 0x00000000ebd00000, 0x0000000100000000)
  eden space 14336K, 100% used [0x00000000eab00000,0x00000000eb900000,0x00000000eb900000)
  from space 1536K, 20% used [0x00000000eba80000,0x00000000ebad0000,0x00000000ebc00000)
  to   space 1024K, 0% used [0x00000000ebc00000,0x00000000ebc00000,0x00000000ebd00000)
 ParOldGen       total 68608K, used 44914K [0x00000000c0000000, 0x00000000c4300000, 0x00000000eab00000)
  object space 68608K, 65% used [0x00000000c0000000,0x00000000c2bdca78,0x00000000c4300000)
 Metaspace       used 63806K, committed 65024K, reserved 1114112K
  class space    used 7763K, committed 8256K, reserved 1048576K
}
Event: 85.640 GC heap after
{Heap after GC invocations=51 (full 3):
 PSYoungGen      total 15360K, used 1003K [0x00000000eab00000, 0x00000000ebd00000, 0x0000000100000000)
  eden space 14336K, 0% used [0x00000000eab00000,0x00000000eab00000,0x00000000eb900000)
  from space 1024K, 98% used [0x00000000ebc00000,0x00000000ebcfae90,0x00000000ebd00000)
  to   space 1536K, 0% used [0x00000000eba00000,0x00000000eba00000,0x00000000ebb80000)
 ParOldGen       total 68608K, used 45119K [0x00000000c0000000, 0x00000000c4300000, 0x00000000eab00000)
  object space 68608K, 65% used [0x00000000c0000000,0x00000000c2c0fde0,0x00000000c4300000)
 Metaspace       used 63806K, committed 65024K, reserved 1114112K
  class space    used 7763K, committed 8256K, reserved 1048576K
}
Event: 86.355 GC heap before
{Heap before GC invocations=52 (full 3):
 PSYoungGen      total 15360K, used 15339K [0x00000000eab00000, 0x00000000ebd00000, 0x0000000100000000)
  eden space 14336K, 100% used [0x00000000eab00000,0x00000000eb900000,0x00000000eb900000)
  from space 1024K, 98% used [0x00000000ebc00000,0x00000000ebcfae90,0x00000000ebd00000)
  to   space 1536K, 0% used [0x00000000eba00000,0x00000000eba00000,0x00000000ebb80000)
 ParOldGen       total 68608K, used 45119K [0x00000000c0000000, 0x00000000c4300000, 0x00000000eab00000)
  object space 68608K, 65% used [0x00000000c0000000,0x00000000c2c0fde0,0x00000000c4300000)
 Metaspace       used 64691K, committed 65920K, reserved 1114112K
  class space    used 7886K, committed 8384K, reserved 1048576K
}
Event: 86.356 GC heap after
{Heap after GC invocations=52 (full 3):
 PSYoungGen      total 15872K, used 480K [0x00000000eab00000, 0x00000000ebc80000, 0x0000000100000000)
  eden space 14336K, 0% used [0x00000000eab00000,0x00000000eab00000,0x00000000eb900000)
  from space 1536K, 31% used [0x00000000eba00000,0x00000000eba78010,0x00000000ebb80000)
  to   space 1024K, 0% used [0x00000000ebb80000,0x00000000ebb80000,0x00000000ebc80000)
 ParOldGen       total 68608K, used 45223K [0x00000000c0000000, 0x00000000c4300000, 0x00000000eab00000)
  object space 68608K, 65% used [0x00000000c0000000,0x00000000c2c29de0,0x00000000c4300000)
 Metaspace       used 64691K, committed 65920K, reserved 1114112K
  class space    used 7886K, committed 8384K, reserved 1048576K
}
Event: 86.579 GC heap before
{Heap before GC invocations=53 (full 3):
 PSYoungGen      total 15872K, used 14816K [0x00000000eab00000, 0x00000000ebc80000, 0x0000000100000000)
  eden space 14336K, 100% used [0x00000000eab00000,0x00000000eb900000,0x00000000eb900000)
  from space 1536K, 31% used [0x00000000eba00000,0x00000000eba78010,0x00000000ebb80000)
  to   space 1024K, 0% used [0x00000000ebb80000,0x00000000ebb80000,0x00000000ebc80000)
 ParOldGen       total 68608K, used 45223K [0x00000000c0000000, 0x00000000c4300000, 0x00000000eab00000)
  object space 68608K, 65% used [0x00000000c0000000,0x00000000c2c29de0,0x00000000c4300000)
 Metaspace       used 66158K, committed 67520K, reserved 1114112K
  class space    used 8128K, committed 8704K, reserved 1048576K
}
Event: 86.580 GC heap after
{Heap after GC invocations=53 (full 3):
 PSYoungGen      total 15360K, used 576K [0x00000000eab00000, 0x00000000ebc80000, 0x0000000100000000)
  eden space 14336K, 0% used [0x00000000eab00000,0x00000000eab00000,0x00000000eb900000)
  from space 1024K, 56% used [0x00000000ebb80000,0x00000000ebc10000,0x00000000ebc80000)
  to   space 1024K, 0% used [0x00000000eba80000,0x00000000eba80000,0x00000000ebb80000)
 ParOldGen       total 68608K, used 45598K [0x00000000c0000000, 0x00000000c4300000, 0x00000000eab00000)
  object space 68608K, 66% used [0x00000000c0000000,0x00000000c2c87b10,0x00000000c4300000)
 Metaspace       used 66158K, committed 67520K, reserved 1114112K
  class space    used 8128K, committed 8704K, reserved 1048576K
}

