# JRE version: OpenJDK Runtime Environment Temurin-21.0.7+6 (21.0.7+6) (build 21.0.7+6-LTS)
# Java VM: OpenJDK 64-Bit Server VM Temurin-21.0.7+6 (21.0.7+6-LTS, mixed mode, sharing, tiered, compressed oops, compressed class ptrs, parallel gc, windows-amd64)
GC Precious Log:
 CardTable entry size: 512
 CPUs: 16 total, 16 available
 Memory: 16096M
 Large Page Support: Disabled
 NUMA Support: Disabled
 Compressed Oops: Enabled (32-bit)
 Alignments: Space 512K, Generation 512K, Heap 2M
 Heap Min Capacity: 100M
 Heap Initial Capacity: 100M
 Heap Max Capacity: 1G
 Pre-touch: Disabled
 Parallel Workers: 13
Heap:
 PSYoungGen      total 15872K, used 11394K [0x00000000eab00000, 0x00000000ebd00000, 0x0000000100000000)
  eden space 14848K, 72% used [0x00000000eab00000,0x00000000eb570ac8,0x00000000eb980000)
  from space 1024K, 68% used [0x00000000ebb80000,0x00000000ebc30010,0x00000000ebc80000)
  to   space 512K, 0% used [0x00000000ebc80000,0x00000000ebc80000,0x00000000ebd00000)
 ParOldGen       total 68608K, used 40650K [0x00000000c0000000, 0x00000000c4300000, 0x00000000eab00000)
  object space 68608K, 59% used [0x00000000c0000000,0x00000000c27b2898,0x00000000c4300000)
 Metaspace       used 62439K, committed 63808K, reserved 1114112K
  class space    used 7720K, committed 8384K, reserved 1048576K
GC Heap History (20 events):
Event: 6.215 GC heap before
{Heap before GC invocations=41 (full 3):
 PSYoungGen      total 15872K, used 15855K [0x00000000eab00000, 0x00000000ebf80000, 0x0000000100000000)
  eden space 14848K, 100% used [0x00000000eab00000,0x00000000eb980000,0x00000000eb980000)
  from space 1024K, 98% used [0x00000000ebd80000,0x00000000ebe7bef0,0x00000000ebe80000)
  to   space 1024K, 0% used [0x00000000ebe80000,0x00000000ebe80000,0x00000000ebf80000)
 ParOldGen       total 68608K, used 38764K [0x00000000c0000000, 0x00000000c4300000, 0x00000000eab00000)
  object space 68608K, 56% used [0x00000000c0000000,0x00000000c25db368,0x00000000c4300000)
 Metaspace       used 58851K, committed 60096K, reserved 1114112K
  class space    used 7201K, committed 7744K, reserved 1048576K
}
Event: 6.215 GC heap after
{Heap after GC invocations=41 (full 3):
 PSYoungGen      total 15360K, used 437K [0x00000000eab00000, 0x00000000ebf00000, 0x0000000100000000)
  eden space 14848K, 0% used [0x00000000eab00000,0x00000000eab00000,0x00000000eb980000)
  from space 512K, 85% used [0x00000000ebe80000,0x00000000ebeed6b8,0x00000000ebf00000)
  to   space 1024K, 0% used [0x00000000ebd00000,0x00000000ebd00000,0x00000000ebe00000)
 ParOldGen       total 68608K, used 38836K [0x00000000c0000000, 0x00000000c4300000, 0x00000000eab00000)
  object space 68608K, 56% used [0x00000000c0000000,0x00000000c25ed368,0x00000000c4300000)
 Metaspace       used 58851K, committed 60096K, reserved 1114112K
  class space    used 7201K, committed 7744K, reserved 1048576K
}
Event: 6.266 GC heap before
{Heap before GC invocations=42 (full 3):
 PSYoungGen      total 15360K, used 15285K [0x00000000eab00000, 0x00000000ebf00000, 0x0000000100000000)
  eden space 14848K, 100% used [0x00000000eab00000,0x00000000eb980000,0x00000000eb980000)
  from space 512K, 85% used [0x00000000ebe80000,0x00000000ebeed6b8,0x00000000ebf00000)
  to   space 1024K, 0% used [0x00000000ebd00000,0x00000000ebd00000,0x00000000ebe00000)
 ParOldGen       total 68608K, used 38836K [0x00000000c0000000, 0x00000000c4300000, 0x00000000eab00000)
  object space 68608K, 56% used [0x00000000c0000000,0x00000000c25ed368,0x00000000c4300000)
 Metaspace       used 58851K, committed 60096K, reserved 1114112K
  class space    used 7201K, committed 7744K, reserved 1048576K
}
Event: 6.266 GC heap after
{Heap after GC invocations=42 (full 3):
 PSYoungGen      total 15872K, used 555K [0x00000000eab00000, 0x00000000ebf00000, 0x0000000100000000)
  eden space 14848K, 0% used [0x00000000eab00000,0x00000000eab00000,0x00000000eb980000)
  from space 1024K, 54% used [0x00000000ebd00000,0x00000000ebd8ad40,0x00000000ebe00000)
  to   space 1024K, 0% used [0x00000000ebe00000,0x00000000ebe00000,0x00000000ebf00000)
 ParOldGen       total 68608K, used 39210K [0x00000000c0000000, 0x00000000c4300000, 0x00000000eab00000)
  object space 68608K, 57% used [0x00000000c0000000,0x00000000c264ab10,0x00000000c4300000)
 Metaspace       used 58851K, committed 60096K, reserved 1114112K
  class space    used 7201K, committed 7744K, reserved 1048576K
}
Event: 6.324 GC heap before
{Heap before GC invocations=43 (full 3):
 PSYoungGen      total 15872K, used 15403K [0x00000000eab00000, 0x00000000ebf00000, 0x0000000100000000)
  eden space 14848K, 100% used [0x00000000eab00000,0x00000000eb980000,0x00000000eb980000)
  from space 1024K, 54% used [0x00000000ebd00000,0x00000000ebd8ad40,0x00000000ebe00000)
  to   space 1024K, 0% used [0x00000000ebe00000,0x00000000ebe00000,0x00000000ebf00000)
 ParOldGen       total 68608K, used 39210K [0x00000000c0000000, 0x00000000c4300000, 0x00000000eab00000)
  object space 68608K, 57% used [0x00000000c0000000,0x00000000c264ab10,0x00000000c4300000)
 Metaspace       used 58851K, committed 60096K, reserved 1114112K
  class space    used 7201K, committed 7744K, reserved 1048576K
}
Event: 6.325 GC heap after
{Heap after GC invocations=43 (full 3):
 PSYoungGen      total 15872K, used 1017K [0x00000000eab00000, 0x00000000ebf00000, 0x0000000100000000)
  eden space 14848K, 0% used [0x00000000eab00000,0x00000000eab00000,0x00000000eb980000)
  from space 1024K, 99% used [0x00000000ebe00000,0x00000000ebefe610,0x00000000ebf00000)
  to   space 2048K, 0% used [0x00000000ebb00000,0x00000000ebb00000,0x00000000ebd00000)
 ParOldGen       total 68608K, used 39604K [0x00000000c0000000, 0x00000000c4300000, 0x00000000eab00000)
  object space 68608K, 57% used [0x00000000c0000000,0x00000000c26ad2d8,0x00000000c4300000)
 Metaspace       used 58851K, committed 60096K, reserved 1114112K
  class space    used 7201K, committed 7744K, reserved 1048576K
}
Event: 6.375 GC heap before
{Heap before GC invocations=44 (full 3):
 PSYoungGen      total 15872K, used 15865K [0x00000000eab00000, 0x00000000ebf00000, 0x0000000100000000)
  eden space 14848K, 100% used [0x00000000eab00000,0x00000000eb980000,0x00000000eb980000)
  from space 1024K, 99% used [0x00000000ebe00000,0x00000000ebefe610,0x00000000ebf00000)
  to   space 2048K, 0% used [0x00000000ebb00000,0x00000000ebb00000,0x00000000ebd00000)
 ParOldGen       total 68608K, used 39604K [0x00000000c0000000, 0x00000000c4300000, 0x00000000eab00000)
  object space 68608K, 57% used [0x00000000c0000000,0x00000000c26ad2d8,0x00000000c4300000)
 Metaspace       used 58852K, committed 60096K, reserved 1114112K
  class space    used 7201K, committed 7744K, reserved 1048576K
}
Event: 6.376 GC heap after
{Heap after GC invocations=44 (full 3):
 PSYoungGen      total 16896K, used 288K [0x00000000eab00000, 0x00000000ebe80000, 0x0000000100000000)
  eden space 14848K, 0% used [0x00000000eab00000,0x00000000eab00000,0x00000000eb980000)
  from space 2048K, 14% used [0x00000000ebb00000,0x00000000ebb48000,0x00000000ebd00000)
  to   space 1024K, 0% used [0x00000000ebd80000,0x00000000ebd80000,0x00000000ebe80000)
 ParOldGen       total 68608K, used 39668K [0x00000000c0000000, 0x00000000c4300000, 0x00000000eab00000)
  object space 68608K, 57% used [0x00000000c0000000,0x00000000c26bd2d8,0x00000000c4300000)
 Metaspace       used 58852K, committed 60096K, reserved 1114112K
  class space    used 7201K, committed 7744K, reserved 1048576K
}
Event: 6.423 GC heap before
{Heap before GC invocations=45 (full 3):
 PSYoungGen      total 16896K, used 15136K [0x00000000eab00000, 0x00000000ebe80000, 0x0000000100000000)
  eden space 14848K, 100% used [0x00000000eab00000,0x00000000eb980000,0x00000000eb980000)
  from space 2048K, 14% used [0x00000000ebb00000,0x00000000ebb48000,0x00000000ebd00000)
  to   space 1024K, 0% used [0x00000000ebd80000,0x00000000ebd80000,0x00000000ebe80000)
 ParOldGen       total 68608K, used 39668K [0x00000000c0000000, 0x00000000c4300000, 0x00000000eab00000)
  object space 68608K, 57% used [0x00000000c0000000,0x00000000c26bd2d8,0x00000000c4300000)
 Metaspace       used 58852K, committed 60096K, reserved 1114112K
  class space    used 7201K, committed 7744K, reserved 1048576K
}
Event: 6.424 GC heap after
{Heap after GC invocations=45 (full 3):
 PSYoungGen      total 15872K, used 1005K [0x00000000eab00000, 0x00000000ebe80000, 0x0000000100000000)
  eden space 14848K, 0% used [0x00000000eab00000,0x00000000eab00000,0x00000000eb980000)
  from space 1024K, 98% used [0x00000000ebd80000,0x00000000ebe7b7e0,0x00000000ebe80000)
  to   space 1536K, 0% used [0x00000000ebb80000,0x00000000ebb80000,0x00000000ebd00000)
 ParOldGen       total 68608K, used 39851K [0x00000000c0000000, 0x00000000c4300000, 0x00000000eab00000)
  object space 68608K, 58% used [0x00000000c0000000,0x00000000c26eaeb8,0x00000000c4300000)
 Metaspace       used 58852K, committed 60096K, reserved 1114112K
  class space    used 7201K, committed 7744K, reserved 1048576K
}
Event: 6.475 GC heap before
{Heap before GC invocations=46 (full 3):
 PSYoungGen      total 15872K, used 15853K [0x00000000eab00000, 0x00000000ebe80000, 0x0000000100000000)
  eden space 14848K, 100% used [0x00000000eab00000,0x00000000eb980000,0x00000000eb980000)
  from space 1024K, 98% used [0x00000000ebd80000,0x00000000ebe7b7e0,0x00000000ebe80000)
  to   space 1536K, 0% used [0x00000000ebb80000,0x00000000ebb80000,0x00000000ebd00000)
 ParOldGen       total 68608K, used 39851K [0x00000000c0000000, 0x00000000c4300000, 0x00000000eab00000)
  object space 68608K, 58% used [0x00000000c0000000,0x00000000c26eaeb8,0x00000000c4300000)
 Metaspace       used 58853K, committed 60096K, reserved 1114112K
  class space    used 7201K, committed 7744K, reserved 1048576K
}
Event: 6.475 GC heap after
{Heap after GC invocations=46 (full 3):
 PSYoungGen      total 16384K, used 1099K [0x00000000eab00000, 0x00000000ebe00000, 0x0000000100000000)
  eden space 14848K, 0% used [0x00000000eab00000,0x00000000eab00000,0x00000000eb980000)
  from space 1536K, 71% used [0x00000000ebb80000,0x00000000ebc92f38,0x00000000ebd00000)
  to   space 1024K, 0% used [0x00000000ebd00000,0x00000000ebd00000,0x00000000ebe00000)
 ParOldGen       total 68608K, used 39955K [0x00000000c0000000, 0x00000000c4300000, 0x00000000eab00000)
  object space 68608K, 58% used [0x00000000c0000000,0x00000000c2704ec8,0x00000000c4300000)
 Metaspace       used 58853K, committed 60096K, reserved 1114112K
  class space    used 7201K, committed 7744K, reserved 1048576K
}
Event: 6.529 GC heap before
{Heap before GC invocations=47 (full 3):
 PSYoungGen      total 16384K, used 15947K [0x00000000eab00000, 0x00000000ebe00000, 0x0000000100000000)
  eden space 14848K, 100% used [0x00000000eab00000,0x00000000eb980000,0x00000000eb980000)
  from space 1536K, 71% used [0x00000000ebb80000,0x00000000ebc92f38,0x00000000ebd00000)
  to   space 1024K, 0% used [0x00000000ebd00000,0x00000000ebd00000,0x00000000ebe00000)
 ParOldGen       total 68608K, used 39955K [0x00000000c0000000, 0x00000000c4300000, 0x00000000eab00000)
  object space 68608K, 58% used [0x00000000c0000000,0x00000000c2704ec8,0x00000000c4300000)
 Metaspace       used 58853K, committed 60096K, reserved 1114112K
  class space    used 7201K, committed 7744K, reserved 1048576K
}
Event: 6.530 GC heap after
{Heap after GC invocations=47 (full 3):
 PSYoungGen      total 15360K, used 394K [0x00000000eab00000, 0x00000000ebd80000, 0x0000000100000000)
  eden space 14848K, 0% used [0x00000000eab00000,0x00000000eab00000,0x00000000eb980000)
  from space 512K, 77% used [0x00000000ebd00000,0x00000000ebd629b0,0x00000000ebd80000)
  to   space 1024K, 0% used [0x00000000ebb80000,0x00000000ebb80000,0x00000000ebc80000)
 ParOldGen       total 68608K, used 40027K [0x00000000c0000000, 0x00000000c4300000, 0x00000000eab00000)
  object space 68608K, 58% used [0x00000000c0000000,0x00000000c2716ec8,0x00000000c4300000)
 Metaspace       used 58853K, committed 60096K, reserved 1114112K
  class space    used 7201K, committed 7744K, reserved 1048576K
}
Event: 6.574 GC heap before
{Heap before GC invocations=48 (full 3):
 PSYoungGen      total 15360K, used 15242K [0x00000000eab00000, 0x00000000ebd80000, 0x0000000100000000)
  eden space 14848K, 100% used [0x00000000eab00000,0x00000000eb980000,0x00000000eb980000)
  from space 512K, 77% used [0x00000000ebd00000,0x00000000ebd629b0,0x00000000ebd80000)
  to   space 1024K, 0% used [0x00000000ebb80000,0x00000000ebb80000,0x00000000ebc80000)
 ParOldGen       total 68608K, used 40027K [0x00000000c0000000, 0x00000000c4300000, 0x00000000eab00000)
  object space 68608K, 58% used [0x00000000c0000000,0x00000000c2716ec8,0x00000000c4300000)
 Metaspace       used 58853K, committed 60096K, reserved 1114112K
  class space    used 7201K, committed 7744K, reserved 1048576K
}
Event: 6.574 GC heap after
{Heap after GC invocations=48 (full 3):
 PSYoungGen      total 15872K, used 1005K [0x00000000eab00000, 0x00000000ebd80000, 0x0000000100000000)
  eden space 14848K, 0% used [0x00000000eab00000,0x00000000eab00000,0x00000000eb980000)
  from space 1024K, 98% used [0x00000000ebb80000,0x00000000ebc7b7b0,0x00000000ebc80000)
  to   space 1024K, 0% used [0x00000000ebc80000,0x00000000ebc80000,0x00000000ebd80000)
 ParOldGen       total 68608K, used 40194K [0x00000000c0000000, 0x00000000c4300000, 0x00000000eab00000)
  object space 68608K, 58% used [0x00000000c0000000,0x00000000c2740b78,0x00000000c4300000)
 Metaspace       used 58853K, committed 60096K, reserved 1114112K
  class space    used 7201K, committed 7744K, reserved 1048576K
}
Event: 6.680 GC heap before
{Heap before GC invocations=49 (full 3):
 PSYoungGen      total 15872K, used 15853K [0x00000000eab00000, 0x00000000ebd80000, 0x0000000100000000)
  eden space 14848K, 100% used [0x00000000eab00000,0x00000000eb980000,0x00000000eb980000)
  from space 1024K, 98% used [0x00000000ebb80000,0x00000000ebc7b7b0,0x00000000ebc80000)
  to   space 1024K, 0% used [0x00000000ebc80000,0x00000000ebc80000,0x00000000ebd80000)
 ParOldGen       total 68608K, used 40194K [0x00000000c0000000, 0x00000000c4300000, 0x00000000eab00000)
  object space 68608K, 58% used [0x00000000c0000000,0x00000000c2740b78,0x00000000c4300000)
 Metaspace       used 59969K, committed 61248K, reserved 1114112K
  class space    used 7360K, committed 7936K, reserved 1048576K
}
Event: 6.680 GC heap after
{Heap after GC invocations=49 (full 3):
 PSYoungGen      total 15872K, used 544K [0x00000000eab00000, 0x00000000ebd80000, 0x0000000100000000)
  eden space 14848K, 0% used [0x00000000eab00000,0x00000000eab00000,0x00000000eb980000)
  from space 1024K, 53% used [0x00000000ebc80000,0x00000000ebd08000,0x00000000ebd80000)
  to   space 1024K, 0% used [0x00000000ebb80000,0x00000000ebb80000,0x00000000ebc80000)
 ParOldGen       total 68608K, used 40290K [0x00000000c0000000, 0x00000000c4300000, 0x00000000eab00000)
  object space 68608K, 58% used [0x00000000c0000000,0x00000000c2758b78,0x00000000c4300000)
 Metaspace       used 59969K, committed 61248K, reserved 1114112K
  class space    used 7360K, committed 7936K, reserved 1048576K
}
Event: 6.908 GC heap before
{Heap before GC invocations=50 (full 3):
 PSYoungGen      total 15872K, used 15392K [0x00000000eab00000, 0x00000000ebd80000, 0x0000000100000000)
  eden space 14848K, 100% used [0x00000000eab00000,0x00000000eb980000,0x00000000eb980000)
  from space 1024K, 53% used [0x00000000ebc80000,0x00000000ebd08000,0x00000000ebd80000)
  to   space 1024K, 0% used [0x00000000ebb80000,0x00000000ebb80000,0x00000000ebc80000)
 ParOldGen       total 68608K, used 40290K [0x00000000c0000000, 0x00000000c4300000, 0x00000000eab00000)
  object space 68608K, 58% used [0x00000000c0000000,0x00000000c2758b78,0x00000000c4300000)
 Metaspace       used 61546K, committed 62912K, reserved 1114112K
  class space    used 7605K, committed 8256K, reserved 1048576K
}
Event: 6.909 GC heap after
{Heap after GC invocations=50 (full 3):
 PSYoungGen      total 15872K, used 704K [0x00000000eab00000, 0x00000000ebd00000, 0x0000000100000000)
  eden space 14848K, 0% used [0x00000000eab00000,0x00000000eab00000,0x00000000eb980000)
  from space 1024K, 68% used [0x00000000ebb80000,0x00000000ebc30010,0x00000000ebc80000)
  to   space 512K, 0% used [0x00000000ebc80000,0x00000000ebc80000,0x00000000ebd00000)
 ParOldGen       total 68608K, used 40650K [0x00000000c0000000, 0x00000000c4300000, 0x00000000eab00000)
  object space 68608K, 59% used [0x00000000c0000000,0x00000000c27b2898,0x00000000c4300000)
 Metaspace       used 61546K, committed 62912K, reserved 1114112K
  class space    used 7605K, committed 8256K, reserved 1048576K
}

