# JRE version: OpenJDK Runtime Environment Temurin-21.0.7+6 (21.0.7+6) (build 21.0.7+6-LTS)
# Java VM: OpenJDK 64-Bit Server VM Temurin-21.0.7+6 (21.0.7+6-LTS, mixed mode, sharing, tiered, compressed oops, compressed class ptrs, parallel gc, windows-amd64)
GC Precious Log:
 CardTable entry size: 512
 CPUs: 16 total, 16 available
 Memory: 16096M
 Large Page Support: Disabled
 NUMA Support: Disabled
 Compressed Oops: Enabled (32-bit)
 Alignments: Space 512K, Generation 512K, Heap 2M
 Heap Min Capacity: 100M
 Heap Initial Capacity: 100M
 Heap Max Capacity: 1G
 Pre-touch: Disabled
 Parallel Workers: 13
Heap:
 PSYoungGen      total 15872K, used 12402K [0x00000000eab00000, 0x00000000ebc00000, 0x0000000100000000)
  eden space 14848K, 78% used [0x00000000eab00000,0x00000000eb66cae8,0x00000000eb980000)
  from space 1024K, 68% used [0x00000000eba00000,0x00000000ebab0010,0x00000000ebb00000)
  to   space 1024K, 0% used [0x00000000ebb00000,0x00000000ebb00000,0x00000000ebc00000)
 ParOldGen       total 68608K, used 40865K [0x00000000c0000000, 0x00000000c4300000, 0x00000000eab00000)
  object space 68608K, 59% used [0x00000000c0000000,0x00000000c27e86e0,0x00000000c4300000)
 Metaspace       used 62457K, committed 63808K, reserved 1114112K
  class space    used 7715K, committed 8320K, reserved 1048576K
GC Heap History (20 events):
Event: 7.069 GC heap before
{Heap before GC invocations=41 (full 3):
 PSYoungGen      total 15872K, used 15854K [0x00000000eab00000, 0x00000000ebe80000, 0x0000000100000000)
  eden space 14848K, 100% used [0x00000000eab00000,0x00000000eb980000,0x00000000eb980000)
  from space 1024K, 98% used [0x00000000ebc80000,0x00000000ebd7ba70,0x00000000ebd80000)
  to   space 1024K, 0% used [0x00000000ebd80000,0x00000000ebd80000,0x00000000ebe80000)
 ParOldGen       total 68608K, used 38414K [0x00000000c0000000, 0x00000000c4300000, 0x00000000eab00000)
  object space 68608K, 55% used [0x00000000c0000000,0x00000000c2583a78,0x00000000c4300000)
 Metaspace       used 58875K, committed 60032K, reserved 1114112K
  class space    used 7201K, committed 7680K, reserved 1048576K
}
Event: 7.070 GC heap after
{Heap after GC invocations=41 (full 3):
 PSYoungGen      total 15360K, used 384K [0x00000000eab00000, 0x00000000ebe00000, 0x0000000100000000)
  eden space 14848K, 0% used [0x00000000eab00000,0x00000000eab00000,0x00000000eb980000)
  from space 512K, 75% used [0x00000000ebd80000,0x00000000ebde0000,0x00000000ebe00000)
  to   space 1024K, 0% used [0x00000000ebc00000,0x00000000ebc00000,0x00000000ebd00000)
 ParOldGen       total 68608K, used 38486K [0x00000000c0000000, 0x00000000c4300000, 0x00000000eab00000)
  object space 68608K, 56% used [0x00000000c0000000,0x00000000c2595a78,0x00000000c4300000)
 Metaspace       used 58875K, committed 60032K, reserved 1114112K
  class space    used 7201K, committed 7680K, reserved 1048576K
}
Event: 7.144 GC heap before
{Heap before GC invocations=42 (full 3):
 PSYoungGen      total 15360K, used 15232K [0x00000000eab00000, 0x00000000ebe00000, 0x0000000100000000)
  eden space 14848K, 100% used [0x00000000eab00000,0x00000000eb980000,0x00000000eb980000)
  from space 512K, 75% used [0x00000000ebd80000,0x00000000ebde0000,0x00000000ebe00000)
  to   space 1024K, 0% used [0x00000000ebc00000,0x00000000ebc00000,0x00000000ebd00000)
 ParOldGen       total 68608K, used 38486K [0x00000000c0000000, 0x00000000c4300000, 0x00000000eab00000)
  object space 68608K, 56% used [0x00000000c0000000,0x00000000c2595a78,0x00000000c4300000)
 Metaspace       used 58876K, committed 60032K, reserved 1114112K
  class space    used 7201K, committed 7680K, reserved 1048576K
}
Event: 7.145 GC heap after
{Heap after GC invocations=42 (full 3):
 PSYoungGen      total 15872K, used 700K [0x00000000eab00000, 0x00000000ebe00000, 0x0000000100000000)
  eden space 14848K, 0% used [0x00000000eab00000,0x00000000eab00000,0x00000000eb980000)
  from space 1024K, 68% used [0x00000000ebc00000,0x00000000ebcaf2b0,0x00000000ebd00000)
  to   space 1024K, 0% used [0x00000000ebd00000,0x00000000ebd00000,0x00000000ebe00000)
 ParOldGen       total 68608K, used 38795K [0x00000000c0000000, 0x00000000c4300000, 0x00000000eab00000)
  object space 68608K, 56% used [0x00000000c0000000,0x00000000c25e2c48,0x00000000c4300000)
 Metaspace       used 58876K, committed 60032K, reserved 1114112K
  class space    used 7201K, committed 7680K, reserved 1048576K
}
Event: 7.209 GC heap before
{Heap before GC invocations=43 (full 3):
 PSYoungGen      total 15872K, used 15548K [0x00000000eab00000, 0x00000000ebe00000, 0x0000000100000000)
  eden space 14848K, 100% used [0x00000000eab00000,0x00000000eb980000,0x00000000eb980000)
  from space 1024K, 68% used [0x00000000ebc00000,0x00000000ebcaf2b0,0x00000000ebd00000)
  to   space 1024K, 0% used [0x00000000ebd00000,0x00000000ebd00000,0x00000000ebe00000)
 ParOldGen       total 68608K, used 38795K [0x00000000c0000000, 0x00000000c4300000, 0x00000000eab00000)
  object space 68608K, 56% used [0x00000000c0000000,0x00000000c25e2c48,0x00000000c4300000)
 Metaspace       used 58876K, committed 60032K, reserved 1114112K
  class space    used 7201K, committed 7680K, reserved 1048576K
}
Event: 7.209 GC heap after
{Heap after GC invocations=43 (full 3):
 PSYoungGen      total 15872K, used 1016K [0x00000000eab00000, 0x00000000ebe00000, 0x0000000100000000)
  eden space 14848K, 0% used [0x00000000eab00000,0x00000000eab00000,0x00000000eb980000)
  from space 1024K, 99% used [0x00000000ebd00000,0x00000000ebdfe2c0,0x00000000ebe00000)
  to   space 1536K, 0% used [0x00000000ebb00000,0x00000000ebb00000,0x00000000ebc80000)
 ParOldGen       total 68608K, used 39013K [0x00000000c0000000, 0x00000000c4300000, 0x00000000eab00000)
  object space 68608K, 56% used [0x00000000c0000000,0x00000000c2619460,0x00000000c4300000)
 Metaspace       used 58876K, committed 60032K, reserved 1114112K
  class space    used 7201K, committed 7680K, reserved 1048576K
}
Event: 7.268 GC heap before
{Heap before GC invocations=44 (full 3):
 PSYoungGen      total 15872K, used 15864K [0x00000000eab00000, 0x00000000ebe00000, 0x0000000100000000)
  eden space 14848K, 100% used [0x00000000eab00000,0x00000000eb980000,0x00000000eb980000)
  from space 1024K, 99% used [0x00000000ebd00000,0x00000000ebdfe2c0,0x00000000ebe00000)
  to   space 1536K, 0% used [0x00000000ebb00000,0x00000000ebb00000,0x00000000ebc80000)
 ParOldGen       total 68608K, used 39013K [0x00000000c0000000, 0x00000000c4300000, 0x00000000eab00000)
  object space 68608K, 56% used [0x00000000c0000000,0x00000000c2619460,0x00000000c4300000)
 Metaspace       used 58876K, committed 60032K, reserved 1114112K
  class space    used 7201K, committed 7680K, reserved 1048576K
}
Event: 7.268 GC heap after
{Heap after GC invocations=44 (full 3):
 PSYoungGen      total 16384K, used 631K [0x00000000eab00000, 0x00000000ebd80000, 0x0000000100000000)
  eden space 14848K, 0% used [0x00000000eab00000,0x00000000eab00000,0x00000000eb980000)
  from space 1536K, 41% used [0x00000000ebb00000,0x00000000ebb9dd70,0x00000000ebc80000)
  to   space 1024K, 0% used [0x00000000ebc80000,0x00000000ebc80000,0x00000000ebd80000)
 ParOldGen       total 68608K, used 39077K [0x00000000c0000000, 0x00000000c4300000, 0x00000000eab00000)
  object space 68608K, 56% used [0x00000000c0000000,0x00000000c2629460,0x00000000c4300000)
 Metaspace       used 58876K, committed 60032K, reserved 1114112K
  class space    used 7201K, committed 7680K, reserved 1048576K
}
Event: 7.317 GC heap before
{Heap before GC invocations=45 (full 3):
 PSYoungGen      total 16384K, used 15479K [0x00000000eab00000, 0x00000000ebd80000, 0x0000000100000000)
  eden space 14848K, 100% used [0x00000000eab00000,0x00000000eb980000,0x00000000eb980000)
  from space 1536K, 41% used [0x00000000ebb00000,0x00000000ebb9dd70,0x00000000ebc80000)
  to   space 1024K, 0% used [0x00000000ebc80000,0x00000000ebc80000,0x00000000ebd80000)
 ParOldGen       total 68608K, used 39077K [0x00000000c0000000, 0x00000000c4300000, 0x00000000eab00000)
  object space 68608K, 56% used [0x00000000c0000000,0x00000000c2629460,0x00000000c4300000)
 Metaspace       used 58876K, committed 60032K, reserved 1114112K
  class space    used 7201K, committed 7680K, reserved 1048576K
}
Event: 7.318 GC heap after
{Heap after GC invocations=45 (full 3):
 PSYoungGen      total 15872K, used 1017K [0x00000000eab00000, 0x00000000ebd80000, 0x0000000100000000)
  eden space 14848K, 0% used [0x00000000eab00000,0x00000000eab00000,0x00000000eb980000)
  from space 1024K, 99% used [0x00000000ebc80000,0x00000000ebd7e620,0x00000000ebd80000)
  to   space 1536K, 0% used [0x00000000eba80000,0x00000000eba80000,0x00000000ebc00000)
 ParOldGen       total 68608K, used 39255K [0x00000000c0000000, 0x00000000c4300000, 0x00000000eab00000)
  object space 68608K, 57% used [0x00000000c0000000,0x00000000c2655ea8,0x00000000c4300000)
 Metaspace       used 58876K, committed 60032K, reserved 1114112K
  class space    used 7201K, committed 7680K, reserved 1048576K
}
Event: 7.381 GC heap before
{Heap before GC invocations=46 (full 3):
 PSYoungGen      total 15872K, used 15865K [0x00000000eab00000, 0x00000000ebd80000, 0x0000000100000000)
  eden space 14848K, 100% used [0x00000000eab00000,0x00000000eb980000,0x00000000eb980000)
  from space 1024K, 99% used [0x00000000ebc80000,0x00000000ebd7e620,0x00000000ebd80000)
  to   space 1536K, 0% used [0x00000000eba80000,0x00000000eba80000,0x00000000ebc00000)
 ParOldGen       total 68608K, used 39255K [0x00000000c0000000, 0x00000000c4300000, 0x00000000eab00000)
  object space 68608K, 57% used [0x00000000c0000000,0x00000000c2655ea8,0x00000000c4300000)
 Metaspace       used 58876K, committed 60032K, reserved 1114112K
  class space    used 7201K, committed 7680K, reserved 1048576K
}
Event: 7.381 GC heap after
{Heap after GC invocations=46 (full 3):
 PSYoungGen      total 16384K, used 1052K [0x00000000eab00000, 0x00000000ebd00000, 0x0000000100000000)
  eden space 14848K, 0% used [0x00000000eab00000,0x00000000eab00000,0x00000000eb980000)
  from space 1536K, 68% used [0x00000000eba80000,0x00000000ebb87370,0x00000000ebc00000)
  to   space 1024K, 0% used [0x00000000ebc00000,0x00000000ebc00000,0x00000000ebd00000)
 ParOldGen       total 68608K, used 39343K [0x00000000c0000000, 0x00000000c4300000, 0x00000000eab00000)
  object space 68608K, 57% used [0x00000000c0000000,0x00000000c266bea8,0x00000000c4300000)
 Metaspace       used 58876K, committed 60032K, reserved 1114112K
  class space    used 7201K, committed 7680K, reserved 1048576K
}
Event: 7.440 GC heap before
{Heap before GC invocations=47 (full 3):
 PSYoungGen      total 16384K, used 15900K [0x00000000eab00000, 0x00000000ebd00000, 0x0000000100000000)
  eden space 14848K, 100% used [0x00000000eab00000,0x00000000eb980000,0x00000000eb980000)
  from space 1536K, 68% used [0x00000000eba80000,0x00000000ebb87370,0x00000000ebc00000)
  to   space 1024K, 0% used [0x00000000ebc00000,0x00000000ebc00000,0x00000000ebd00000)
 ParOldGen       total 68608K, used 39343K [0x00000000c0000000, 0x00000000c4300000, 0x00000000eab00000)
  object space 68608K, 57% used [0x00000000c0000000,0x00000000c266bea8,0x00000000c4300000)
 Metaspace       used 58877K, committed 60032K, reserved 1114112K
  class space    used 7201K, committed 7680K, reserved 1048576K
}
Event: 7.441 GC heap after
{Heap after GC invocations=47 (full 3):
 PSYoungGen      total 15360K, used 373K [0x00000000eab00000, 0x00000000ebc80000, 0x0000000100000000)
  eden space 14848K, 0% used [0x00000000eab00000,0x00000000eab00000,0x00000000eb980000)
  from space 512K, 72% used [0x00000000ebc00000,0x00000000ebc5d4b8,0x00000000ebc80000)
  to   space 1024K, 0% used [0x00000000eba80000,0x00000000eba80000,0x00000000ebb80000)
 ParOldGen       total 68608K, used 39423K [0x00000000c0000000, 0x00000000c4300000, 0x00000000eab00000)
  object space 68608K, 57% used [0x00000000c0000000,0x00000000c267feb8,0x00000000c4300000)
 Metaspace       used 58877K, committed 60032K, reserved 1114112K
  class space    used 7201K, committed 7680K, reserved 1048576K
}
Event: 7.489 GC heap before
{Heap before GC invocations=48 (full 3):
 PSYoungGen      total 15360K, used 15221K [0x00000000eab00000, 0x00000000ebc80000, 0x0000000100000000)
  eden space 14848K, 100% used [0x00000000eab00000,0x00000000eb980000,0x00000000eb980000)
  from space 512K, 72% used [0x00000000ebc00000,0x00000000ebc5d4b8,0x00000000ebc80000)
  to   space 1024K, 0% used [0x00000000eba80000,0x00000000eba80000,0x00000000ebb80000)
 ParOldGen       total 68608K, used 39423K [0x00000000c0000000, 0x00000000c4300000, 0x00000000eab00000)
  object space 68608K, 57% used [0x00000000c0000000,0x00000000c267feb8,0x00000000c4300000)
 Metaspace       used 58877K, committed 60032K, reserved 1114112K
  class space    used 7201K, committed 7680K, reserved 1048576K
}
Event: 7.490 GC heap after
{Heap after GC invocations=48 (full 3):
 PSYoungGen      total 15872K, used 1008K [0x00000000eab00000, 0x00000000ebc80000, 0x0000000100000000)
  eden space 14848K, 0% used [0x00000000eab00000,0x00000000eab00000,0x00000000eb980000)
  from space 1024K, 98% used [0x00000000eba80000,0x00000000ebb7c250,0x00000000ebb80000)
  to   space 1024K, 0% used [0x00000000ebb80000,0x00000000ebb80000,0x00000000ebc80000)
 ParOldGen       total 68608K, used 39677K [0x00000000c0000000, 0x00000000c4300000, 0x00000000eab00000)
  object space 68608K, 57% used [0x00000000c0000000,0x00000000c26bf4b0,0x00000000c4300000)
 Metaspace       used 58877K, committed 60032K, reserved 1114112K
  class space    used 7201K, committed 7680K, reserved 1048576K
}
Event: 7.605 GC heap before
{Heap before GC invocations=49 (full 3):
 PSYoungGen      total 15872K, used 15856K [0x00000000eab00000, 0x00000000ebc80000, 0x0000000100000000)
  eden space 14848K, 100% used [0x00000000eab00000,0x00000000eb980000,0x00000000eb980000)
  from space 1024K, 98% used [0x00000000eba80000,0x00000000ebb7c250,0x00000000ebb80000)
  to   space 1024K, 0% used [0x00000000ebb80000,0x00000000ebb80000,0x00000000ebc80000)
 ParOldGen       total 68608K, used 39677K [0x00000000c0000000, 0x00000000c4300000, 0x00000000eab00000)
  object space 68608K, 57% used [0x00000000c0000000,0x00000000c26bf4b0,0x00000000c4300000)
 Metaspace       used 59838K, committed 61056K, reserved 1114112K
  class space    used 7332K, committed 7872K, reserved 1048576K
}
Event: 7.606 GC heap after
{Heap after GC invocations=49 (full 3):
 PSYoungGen      total 15360K, used 512K [0x00000000eab00000, 0x00000000ebc00000, 0x0000000100000000)
  eden space 14848K, 0% used [0x00000000eab00000,0x00000000eab00000,0x00000000eb980000)
  from space 512K, 100% used [0x00000000ebb80000,0x00000000ebc00000,0x00000000ebc00000)
  to   space 1024K, 0% used [0x00000000eba00000,0x00000000eba00000,0x00000000ebb00000)
 ParOldGen       total 68608K, used 39757K [0x00000000c0000000, 0x00000000c4300000, 0x00000000eab00000)
  object space 68608K, 57% used [0x00000000c0000000,0x00000000c26d34b0,0x00000000c4300000)
 Metaspace       used 59838K, committed 61056K, reserved 1114112K
  class space    used 7332K, committed 7872K, reserved 1048576K
}
Event: 7.874 GC heap before
{Heap before GC invocations=50 (full 3):
 PSYoungGen      total 15360K, used 15360K [0x00000000eab00000, 0x00000000ebc00000, 0x0000000100000000)
  eden space 14848K, 100% used [0x00000000eab00000,0x00000000eb980000,0x00000000eb980000)
  from space 512K, 100% used [0x00000000ebb80000,0x00000000ebc00000,0x00000000ebc00000)
  to   space 1024K, 0% used [0x00000000eba00000,0x00000000eba00000,0x00000000ebb00000)
 ParOldGen       total 68608K, used 39757K [0x00000000c0000000, 0x00000000c4300000, 0x00000000eab00000)
  object space 68608K, 57% used [0x00000000c0000000,0x00000000c26d34b0,0x00000000c4300000)
 Metaspace       used 61248K, committed 62528K, reserved 1114112K
  class space    used 7565K, committed 8128K, reserved 1048576K
}
Event: 7.875 GC heap after
{Heap after GC invocations=50 (full 3):
 PSYoungGen      total 15872K, used 704K [0x00000000eab00000, 0x00000000ebc00000, 0x0000000100000000)
  eden space 14848K, 0% used [0x00000000eab00000,0x00000000eab00000,0x00000000eb980000)
  from space 1024K, 68% used [0x00000000eba00000,0x00000000ebab0010,0x00000000ebb00000)
  to   space 1024K, 0% used [0x00000000ebb00000,0x00000000ebb00000,0x00000000ebc00000)
 ParOldGen       total 68608K, used 40865K [0x00000000c0000000, 0x00000000c4300000, 0x00000000eab00000)
  object space 68608K, 59% used [0x00000000c0000000,0x00000000c27e86e0,0x00000000c4300000)
 Metaspace       used 61248K, committed 62528K, reserved 1114112K
  class space    used 7565K, committed 8128K, reserved 1048576K
}

