# JRE version: OpenJDK Runtime Environment Temurin-21.0.7+6 (21.0.7+6) (build 21.0.7+6-LTS)
# Java VM: OpenJDK 64-Bit Server VM Temurin-21.0.7+6 (21.0.7+6-LTS, mixed mode, sharing, tiered, compressed oops, compressed class ptrs, parallel gc, windows-amd64)
GC Precious Log:
 CardTable entry size: 512
 CPUs: 16 total, 16 available
 Memory: 16096M
 Large Page Support: Disabled
 NUMA Support: Disabled
 Compressed Oops: Enabled (32-bit)
 Alignments: Space 512K, Generation 512K, Heap 2M
 Heap Min Capacity: 100M
 Heap Initial Capacity: 100M
 Heap Max Capacity: 1G
 Pre-touch: Disabled
 Parallel Workers: 13
Heap:
 PSYoungGen      total 15872K, used 11194K [0x00000000eab00000, 0x00000000ebd80000, 0x0000000100000000)
  eden space 14848K, 70% used [0x00000000eab00000,0x00000000eb5469f8,0x00000000eb980000)
  from space 1024K, 65% used [0x00000000ebc00000,0x00000000ebca8010,0x00000000ebd00000)
  to   space 512K, 0% used [0x00000000ebd00000,0x00000000ebd00000,0x00000000ebd80000)
 ParOldGen       total 68608K, used 41297K [0x00000000c0000000, 0x00000000c4300000, 0x00000000eab00000)
  object space 68608K, 60% used [0x00000000c0000000,0x00000000c2854448,0x00000000c4300000)
 Metaspace       used 62428K, committed 63872K, reserved 1114112K
  class space    used 7712K, committed 8320K, reserved 1048576K
GC Heap History (20 events):
Event: 6.283 GC heap before
{Heap before GC invocations=41 (full 3):
 PSYoungGen      total 15872K, used 15867K [0x00000000eab00000, 0x00000000ebf80000, 0x0000000100000000)
  eden space 14848K, 100% used [0x00000000eab00000,0x00000000eb980000,0x00000000eb980000)
  from space 1024K, 99% used [0x00000000ebd80000,0x00000000ebe7ec50,0x00000000ebe80000)
  to   space 1024K, 0% used [0x00000000ebe80000,0x00000000ebe80000,0x00000000ebf80000)
 ParOldGen       total 68608K, used 38811K [0x00000000c0000000, 0x00000000c4300000, 0x00000000eab00000)
  object space 68608K, 56% used [0x00000000c0000000,0x00000000c25e6e78,0x00000000c4300000)
 Metaspace       used 58826K, committed 60096K, reserved 1114112K
  class space    used 7194K, committed 7744K, reserved 1048576K
}
Event: 6.284 GC heap after
{Heap after GC invocations=41 (full 3):
 PSYoungGen      total 15360K, used 479K [0x00000000eab00000, 0x00000000ebf00000, 0x0000000100000000)
  eden space 14848K, 0% used [0x00000000eab00000,0x00000000eab00000,0x00000000eb980000)
  from space 512K, 93% used [0x00000000ebe80000,0x00000000ebef7f20,0x00000000ebf00000)
  to   space 1024K, 0% used [0x00000000ebd00000,0x00000000ebd00000,0x00000000ebe00000)
 ParOldGen       total 68608K, used 38867K [0x00000000c0000000, 0x00000000c4300000, 0x00000000eab00000)
  object space 68608K, 56% used [0x00000000c0000000,0x00000000c25f4e78,0x00000000c4300000)
 Metaspace       used 58826K, committed 60096K, reserved 1114112K
  class space    used 7194K, committed 7744K, reserved 1048576K
}
Event: 6.352 GC heap before
{Heap before GC invocations=42 (full 3):
 PSYoungGen      total 15360K, used 15327K [0x00000000eab00000, 0x00000000ebf00000, 0x0000000100000000)
  eden space 14848K, 100% used [0x00000000eab00000,0x00000000eb980000,0x00000000eb980000)
  from space 512K, 93% used [0x00000000ebe80000,0x00000000ebef7f20,0x00000000ebf00000)
  to   space 1024K, 0% used [0x00000000ebd00000,0x00000000ebd00000,0x00000000ebe00000)
 ParOldGen       total 68608K, used 38867K [0x00000000c0000000, 0x00000000c4300000, 0x00000000eab00000)
  object space 68608K, 56% used [0x00000000c0000000,0x00000000c25f4e78,0x00000000c4300000)
 Metaspace       used 58827K, committed 60096K, reserved 1114112K
  class space    used 7194K, committed 7744K, reserved 1048576K
}
Event: 6.353 GC heap after
{Heap after GC invocations=42 (full 3):
 PSYoungGen      total 15872K, used 427K [0x00000000eab00000, 0x00000000ebf00000, 0x0000000100000000)
  eden space 14848K, 0% used [0x00000000eab00000,0x00000000eab00000,0x00000000eb980000)
  from space 1024K, 41% used [0x00000000ebd00000,0x00000000ebd6ad40,0x00000000ebe00000)
  to   space 512K, 0% used [0x00000000ebe80000,0x00000000ebe80000,0x00000000ebf00000)
 ParOldGen       total 68608K, used 39283K [0x00000000c0000000, 0x00000000c4300000, 0x00000000eab00000)
  object space 68608K, 57% used [0x00000000c0000000,0x00000000c265cfc8,0x00000000c4300000)
 Metaspace       used 58827K, committed 60096K, reserved 1114112K
  class space    used 7194K, committed 7744K, reserved 1048576K
}
Event: 6.412 GC heap before
{Heap before GC invocations=43 (full 3):
 PSYoungGen      total 15872K, used 15275K [0x00000000eab00000, 0x00000000ebf00000, 0x0000000100000000)
  eden space 14848K, 100% used [0x00000000eab00000,0x00000000eb980000,0x00000000eb980000)
  from space 1024K, 41% used [0x00000000ebd00000,0x00000000ebd6ad40,0x00000000ebe00000)
  to   space 512K, 0% used [0x00000000ebe80000,0x00000000ebe80000,0x00000000ebf00000)
 ParOldGen       total 68608K, used 39283K [0x00000000c0000000, 0x00000000c4300000, 0x00000000eab00000)
  object space 68608K, 57% used [0x00000000c0000000,0x00000000c265cfc8,0x00000000c4300000)
 Metaspace       used 58827K, committed 60096K, reserved 1114112K
  class space    used 7194K, committed 7744K, reserved 1048576K
}
Event: 6.413 GC heap after
{Heap after GC invocations=43 (full 3):
 PSYoungGen      total 15360K, used 493K [0x00000000eab00000, 0x00000000ebf00000, 0x0000000100000000)
  eden space 14848K, 0% used [0x00000000eab00000,0x00000000eab00000,0x00000000eb980000)
  from space 512K, 96% used [0x00000000ebe80000,0x00000000ebefb490,0x00000000ebf00000)
  to   space 2048K, 0% used [0x00000000ebb00000,0x00000000ebb00000,0x00000000ebd00000)
 ParOldGen       total 68608K, used 40249K [0x00000000c0000000, 0x00000000c4300000, 0x00000000eab00000)
  object space 68608K, 58% used [0x00000000c0000000,0x00000000c274e478,0x00000000c4300000)
 Metaspace       used 58827K, committed 60096K, reserved 1114112K
  class space    used 7194K, committed 7744K, reserved 1048576K
}
Event: 6.469 GC heap before
{Heap before GC invocations=44 (full 3):
 PSYoungGen      total 15360K, used 15341K [0x00000000eab00000, 0x00000000ebf00000, 0x0000000100000000)
  eden space 14848K, 100% used [0x00000000eab00000,0x00000000eb980000,0x00000000eb980000)
  from space 512K, 96% used [0x00000000ebe80000,0x00000000ebefb490,0x00000000ebf00000)
  to   space 2048K, 0% used [0x00000000ebb00000,0x00000000ebb00000,0x00000000ebd00000)
 ParOldGen       total 68608K, used 40249K [0x00000000c0000000, 0x00000000c4300000, 0x00000000eab00000)
  object space 68608K, 58% used [0x00000000c0000000,0x00000000c274e478,0x00000000c4300000)
 Metaspace       used 58827K, committed 60096K, reserved 1114112K
  class space    used 7194K, committed 7744K, reserved 1048576K
}
Event: 6.470 GC heap after
{Heap after GC invocations=44 (full 3):
 PSYoungGen      total 16896K, used 352K [0x00000000eab00000, 0x00000000ebf00000, 0x0000000100000000)
  eden space 14848K, 0% used [0x00000000eab00000,0x00000000eab00000,0x00000000eb980000)
  from space 2048K, 17% used [0x00000000ebb00000,0x00000000ebb58000,0x00000000ebd00000)
  to   space 1024K, 0% used [0x00000000ebe00000,0x00000000ebe00000,0x00000000ebf00000)
 ParOldGen       total 68608K, used 40321K [0x00000000c0000000, 0x00000000c4300000, 0x00000000eab00000)
  object space 68608K, 58% used [0x00000000c0000000,0x00000000c2760478,0x00000000c4300000)
 Metaspace       used 58827K, committed 60096K, reserved 1114112K
  class space    used 7194K, committed 7744K, reserved 1048576K
}
Event: 6.522 GC heap before
{Heap before GC invocations=45 (full 3):
 PSYoungGen      total 16896K, used 15200K [0x00000000eab00000, 0x00000000ebf00000, 0x0000000100000000)
  eden space 14848K, 100% used [0x00000000eab00000,0x00000000eb980000,0x00000000eb980000)
  from space 2048K, 17% used [0x00000000ebb00000,0x00000000ebb58000,0x00000000ebd00000)
  to   space 1024K, 0% used [0x00000000ebe00000,0x00000000ebe00000,0x00000000ebf00000)
 ParOldGen       total 68608K, used 40321K [0x00000000c0000000, 0x00000000c4300000, 0x00000000eab00000)
  object space 68608K, 58% used [0x00000000c0000000,0x00000000c2760478,0x00000000c4300000)
 Metaspace       used 58828K, committed 60096K, reserved 1114112K
  class space    used 7194K, committed 7744K, reserved 1048576K
}
Event: 6.522 GC heap after
{Heap after GC invocations=45 (full 3):
 PSYoungGen      total 15872K, used 1005K [0x00000000eab00000, 0x00000000ebf00000, 0x0000000100000000)
  eden space 14848K, 0% used [0x00000000eab00000,0x00000000eab00000,0x00000000eb980000)
  from space 1024K, 98% used [0x00000000ebe00000,0x00000000ebefb7d0,0x00000000ebf00000)
  to   space 1536K, 0% used [0x00000000ebc00000,0x00000000ebc00000,0x00000000ebd80000)
 ParOldGen       total 68608K, used 40523K [0x00000000c0000000, 0x00000000c4300000, 0x00000000eab00000)
  object space 68608K, 59% used [0x00000000c0000000,0x00000000c2792fe0,0x00000000c4300000)
 Metaspace       used 58828K, committed 60096K, reserved 1114112K
  class space    used 7194K, committed 7744K, reserved 1048576K
}
Event: 6.573 GC heap before
{Heap before GC invocations=46 (full 3):
 PSYoungGen      total 15872K, used 15853K [0x00000000eab00000, 0x00000000ebf00000, 0x0000000100000000)
  eden space 14848K, 100% used [0x00000000eab00000,0x00000000eb980000,0x00000000eb980000)
  from space 1024K, 98% used [0x00000000ebe00000,0x00000000ebefb7d0,0x00000000ebf00000)
  to   space 1536K, 0% used [0x00000000ebc00000,0x00000000ebc00000,0x00000000ebd80000)
 ParOldGen       total 68608K, used 40523K [0x00000000c0000000, 0x00000000c4300000, 0x00000000eab00000)
  object space 68608K, 59% used [0x00000000c0000000,0x00000000c2792fe0,0x00000000c4300000)
 Metaspace       used 58828K, committed 60096K, reserved 1114112K
  class space    used 7194K, committed 7744K, reserved 1048576K
}
Event: 6.573 GC heap after
{Heap after GC invocations=46 (full 3):
 PSYoungGen      total 16384K, used 1161K [0x00000000eab00000, 0x00000000ebe80000, 0x0000000100000000)
  eden space 14848K, 0% used [0x00000000eab00000,0x00000000eab00000,0x00000000eb980000)
  from space 1536K, 75% used [0x00000000ebc00000,0x00000000ebd22478,0x00000000ebd80000)
  to   space 1024K, 0% used [0x00000000ebd80000,0x00000000ebd80000,0x00000000ebe80000)
 ParOldGen       total 68608K, used 40627K [0x00000000c0000000, 0x00000000c4300000, 0x00000000eab00000)
  object space 68608K, 59% used [0x00000000c0000000,0x00000000c27acff0,0x00000000c4300000)
 Metaspace       used 58828K, committed 60096K, reserved 1114112K
  class space    used 7194K, committed 7744K, reserved 1048576K
}
Event: 6.618 GC heap before
{Heap before GC invocations=47 (full 3):
 PSYoungGen      total 16384K, used 16009K [0x00000000eab00000, 0x00000000ebe80000, 0x0000000100000000)
  eden space 14848K, 100% used [0x00000000eab00000,0x00000000eb980000,0x00000000eb980000)
  from space 1536K, 75% used [0x00000000ebc00000,0x00000000ebd22478,0x00000000ebd80000)
  to   space 1024K, 0% used [0x00000000ebd80000,0x00000000ebd80000,0x00000000ebe80000)
 ParOldGen       total 68608K, used 40627K [0x00000000c0000000, 0x00000000c4300000, 0x00000000eab00000)
  object space 68608K, 59% used [0x00000000c0000000,0x00000000c27acff0,0x00000000c4300000)
 Metaspace       used 58828K, committed 60096K, reserved 1114112K
  class space    used 7194K, committed 7744K, reserved 1048576K
}
Event: 6.619 GC heap after
{Heap after GC invocations=47 (full 3):
 PSYoungGen      total 15360K, used 293K [0x00000000eab00000, 0x00000000ebe00000, 0x0000000100000000)
  eden space 14848K, 0% used [0x00000000eab00000,0x00000000eab00000,0x00000000eb980000)
  from space 512K, 57% used [0x00000000ebd80000,0x00000000ebdc94d8,0x00000000ebe00000)
  to   space 1024K, 0% used [0x00000000ebc00000,0x00000000ebc00000,0x00000000ebd00000)
 ParOldGen       total 68608K, used 40699K [0x00000000c0000000, 0x00000000c4300000, 0x00000000eab00000)
  object space 68608K, 59% used [0x00000000c0000000,0x00000000c27beff0,0x00000000c4300000)
 Metaspace       used 58828K, committed 60096K, reserved 1114112K
  class space    used 7194K, committed 7744K, reserved 1048576K
}
Event: 6.661 GC heap before
{Heap before GC invocations=48 (full 3):
 PSYoungGen      total 15360K, used 15141K [0x00000000eab00000, 0x00000000ebe00000, 0x0000000100000000)
  eden space 14848K, 100% used [0x00000000eab00000,0x00000000eb980000,0x00000000eb980000)
  from space 512K, 57% used [0x00000000ebd80000,0x00000000ebdc94d8,0x00000000ebe00000)
  to   space 1024K, 0% used [0x00000000ebc00000,0x00000000ebc00000,0x00000000ebd00000)
 ParOldGen       total 68608K, used 40699K [0x00000000c0000000, 0x00000000c4300000, 0x00000000eab00000)
  object space 68608K, 59% used [0x00000000c0000000,0x00000000c27beff0,0x00000000c4300000)
 Metaspace       used 58828K, committed 60096K, reserved 1114112K
  class space    used 7194K, committed 7744K, reserved 1048576K
}
Event: 6.662 GC heap after
{Heap after GC invocations=48 (full 3):
 PSYoungGen      total 15872K, used 1016K [0x00000000eab00000, 0x00000000ebe00000, 0x0000000100000000)
  eden space 14848K, 0% used [0x00000000eab00000,0x00000000eab00000,0x00000000eb980000)
  from space 1024K, 99% used [0x00000000ebc00000,0x00000000ebcfe0f8,0x00000000ebd00000)
  to   space 1024K, 0% used [0x00000000ebd00000,0x00000000ebd00000,0x00000000ebe00000)
 ParOldGen       total 68608K, used 40857K [0x00000000c0000000, 0x00000000c4300000, 0x00000000eab00000)
  object space 68608K, 59% used [0x00000000c0000000,0x00000000c27e6728,0x00000000c4300000)
 Metaspace       used 58828K, committed 60096K, reserved 1114112K
  class space    used 7194K, committed 7744K, reserved 1048576K
}
Event: 6.758 GC heap before
{Heap before GC invocations=49 (full 3):
 PSYoungGen      total 15872K, used 15864K [0x00000000eab00000, 0x00000000ebe00000, 0x0000000100000000)
  eden space 14848K, 100% used [0x00000000eab00000,0x00000000eb980000,0x00000000eb980000)
  from space 1024K, 99% used [0x00000000ebc00000,0x00000000ebcfe0f8,0x00000000ebd00000)
  to   space 1024K, 0% used [0x00000000ebd00000,0x00000000ebd00000,0x00000000ebe00000)
 ParOldGen       total 68608K, used 40857K [0x00000000c0000000, 0x00000000c4300000, 0x00000000eab00000)
  object space 68608K, 59% used [0x00000000c0000000,0x00000000c27e6728,0x00000000c4300000)
 Metaspace       used 59947K, committed 61248K, reserved 1114112K
  class space    used 7354K, committed 7936K, reserved 1048576K
}
Event: 6.759 GC heap after
{Heap after GC invocations=49 (full 3):
 PSYoungGen      total 15872K, used 608K [0x00000000eab00000, 0x00000000ebe00000, 0x0000000100000000)
  eden space 14848K, 0% used [0x00000000eab00000,0x00000000eab00000,0x00000000eb980000)
  from space 1024K, 59% used [0x00000000ebd00000,0x00000000ebd98000,0x00000000ebe00000)
  to   space 1024K, 0% used [0x00000000ebc00000,0x00000000ebc00000,0x00000000ebd00000)
 ParOldGen       total 68608K, used 40937K [0x00000000c0000000, 0x00000000c4300000, 0x00000000eab00000)
  object space 68608K, 59% used [0x00000000c0000000,0x00000000c27fa728,0x00000000c4300000)
 Metaspace       used 59947K, committed 61248K, reserved 1114112K
  class space    used 7354K, committed 7936K, reserved 1048576K
}
Event: 6.932 GC heap before
{Heap before GC invocations=50 (full 3):
 PSYoungGen      total 15872K, used 15456K [0x00000000eab00000, 0x00000000ebe00000, 0x0000000100000000)
  eden space 14848K, 100% used [0x00000000eab00000,0x00000000eb980000,0x00000000eb980000)
  from space 1024K, 59% used [0x00000000ebd00000,0x00000000ebd98000,0x00000000ebe00000)
  to   space 1024K, 0% used [0x00000000ebc00000,0x00000000ebc00000,0x00000000ebd00000)
 ParOldGen       total 68608K, used 40937K [0x00000000c0000000, 0x00000000c4300000, 0x00000000eab00000)
  object space 68608K, 59% used [0x00000000c0000000,0x00000000c27fa728,0x00000000c4300000)
 Metaspace       used 61530K, committed 62848K, reserved 1114112K
  class space    used 7598K, committed 8192K, reserved 1048576K
}
Event: 6.933 GC heap after
{Heap after GC invocations=50 (full 3):
 PSYoungGen      total 15872K, used 672K [0x00000000eab00000, 0x00000000ebd80000, 0x0000000100000000)
  eden space 14848K, 0% used [0x00000000eab00000,0x00000000eab00000,0x00000000eb980000)
  from space 1024K, 65% used [0x00000000ebc00000,0x00000000ebca8010,0x00000000ebd00000)
  to   space 512K, 0% used [0x00000000ebd00000,0x00000000ebd00000,0x00000000ebd80000)
 ParOldGen       total 68608K, used 41297K [0x00000000c0000000, 0x00000000c4300000, 0x00000000eab00000)
  object space 68608K, 60% used [0x00000000c0000000,0x00000000c2854448,0x00000000c4300000)
 Metaspace       used 61530K, committed 62848K, reserved 1114112K
  class space    used 7598K, committed 8192K, reserved 1048576K
}

