# JRE version: OpenJDK Runtime Environment Temurin-21.0.7+6 (21.0.7+6) (build 21.0.7+6-LTS)
# Java VM: OpenJDK 64-Bit Server VM Temurin-21.0.7+6 (21.0.7+6-LTS, mixed mode, sharing, tiered, compressed oops, compressed class ptrs, parallel gc, windows-amd64)
GC Precious Log:
 CardTable entry size: 512
 CPUs: 16 total, 16 available
 Memory: 16096M
 Large Page Support: Disabled
 NUMA Support: Disabled
 Compressed Oops: Enabled (32-bit)
 Alignments: Space 512K, Generation 512K, Heap 2M
 Heap Min Capacity: 100M
 Heap Initial Capacity: 100M
 Heap Max Capacity: 1G
 Pre-touch: Disabled
 Parallel Workers: 13
Heap:
 PSYoungGen      total 16384K, used 785K [0x00000000eab00000, 0x00000000ebc00000, 0x0000000100000000)
  eden space 15360K, 0% used [0x00000000eab00000,0x00000000eab0c408,0x00000000eba00000)
  from space 1024K, 71% used [0x00000000ebb00000,0x00000000ebbb8000,0x00000000ebc00000)
  to   space 1024K, 0% used [0x00000000eba00000,0x00000000eba00000,0x00000000ebb00000)
 ParOldGen       total 68608K, used 40958K [0x00000000c0000000, 0x00000000c4300000, 0x00000000eab00000)
  object space 68608K, 59% used [0x00000000c0000000,0x00000000c27ff950,0x00000000c4300000)
 Metaspace       used 62441K, committed 63808K, reserved 1114112K
  class space    used 7715K, committed 8320K, reserved 1048576K
GC Heap History (20 events):
Event: 6.263 GC heap before
{Heap before GC invocations=39 (full 3):
 PSYoungGen      total 17408K, used 16397K [0x00000000eab00000, 0x00000000ebd00000, 0x0000000100000000)
  eden space 15872K, 100% used [0x00000000eab00000,0x00000000eba80000,0x00000000eba80000)
  from space 1536K, 34% used [0x00000000eba80000,0x00000000ebb03420,0x00000000ebc00000)
  to   space 1024K, 0% used [0x00000000ebc00000,0x00000000ebc00000,0x00000000ebd00000)
 ParOldGen       total 68608K, used 38581K [0x00000000c0000000, 0x00000000c4300000, 0x00000000eab00000)
  object space 68608K, 56% used [0x00000000c0000000,0x00000000c25ad508,0x00000000c4300000)
 Metaspace       used 58851K, committed 60096K, reserved 1114112K
  class space    used 7198K, committed 7680K, reserved 1048576K
}
Event: 6.264 GC heap after
{Heap after GC invocations=39 (full 3):
 PSYoungGen      total 16896K, used 1015K [0x00000000eab00000, 0x00000000ebd80000, 0x0000000100000000)
  eden space 15872K, 0% used [0x00000000eab00000,0x00000000eab00000,0x00000000eba80000)
  from space 1024K, 99% used [0x00000000ebc00000,0x00000000ebcfdd30,0x00000000ebd00000)
  to   space 1536K, 0% used [0x00000000eba80000,0x00000000eba80000,0x00000000ebc00000)
 ParOldGen       total 68608K, used 38705K [0x00000000c0000000, 0x00000000c4300000, 0x00000000eab00000)
  object space 68608K, 56% used [0x00000000c0000000,0x00000000c25cc5d8,0x00000000c4300000)
 Metaspace       used 58851K, committed 60096K, reserved 1114112K
  class space    used 7198K, committed 7680K, reserved 1048576K
}
Event: 6.325 GC heap before
{Heap before GC invocations=40 (full 3):
 PSYoungGen      total 16896K, used 16887K [0x00000000eab00000, 0x00000000ebd80000, 0x0000000100000000)
  eden space 15872K, 100% used [0x00000000eab00000,0x00000000eba80000,0x00000000eba80000)
  from space 1024K, 99% used [0x00000000ebc00000,0x00000000ebcfdd30,0x00000000ebd00000)
  to   space 1536K, 0% used [0x00000000eba80000,0x00000000eba80000,0x00000000ebc00000)
 ParOldGen       total 68608K, used 38705K [0x00000000c0000000, 0x00000000c4300000, 0x00000000eab00000)
  object space 68608K, 56% used [0x00000000c0000000,0x00000000c25cc5d8,0x00000000c4300000)
 Metaspace       used 58852K, committed 60096K, reserved 1114112K
  class space    used 7198K, committed 7680K, reserved 1048576K
}
Event: 6.325 GC heap after
{Heap after GC invocations=40 (full 3):
 PSYoungGen      total 17408K, used 1176K [0x00000000eab00000, 0x00000000ebd80000, 0x0000000100000000)
  eden space 15872K, 0% used [0x00000000eab00000,0x00000000eab00000,0x00000000eba80000)
  from space 1536K, 76% used [0x00000000eba80000,0x00000000ebba6048,0x00000000ebc00000)
  to   space 1536K, 0% used [0x00000000ebc00000,0x00000000ebc00000,0x00000000ebd80000)
 ParOldGen       total 68608K, used 38793K [0x00000000c0000000, 0x00000000c4300000, 0x00000000eab00000)
  object space 68608K, 56% used [0x00000000c0000000,0x00000000c25e25e8,0x00000000c4300000)
 Metaspace       used 58852K, committed 60096K, reserved 1114112K
  class space    used 7198K, committed 7680K, reserved 1048576K
}
Event: 6.381 GC heap before
{Heap before GC invocations=41 (full 3):
 PSYoungGen      total 17408K, used 17048K [0x00000000eab00000, 0x00000000ebd80000, 0x0000000100000000)
  eden space 15872K, 100% used [0x00000000eab00000,0x00000000eba80000,0x00000000eba80000)
  from space 1536K, 76% used [0x00000000eba80000,0x00000000ebba6048,0x00000000ebc00000)
  to   space 1536K, 0% used [0x00000000ebc00000,0x00000000ebc00000,0x00000000ebd80000)
 ParOldGen       total 68608K, used 38793K [0x00000000c0000000, 0x00000000c4300000, 0x00000000eab00000)
  object space 68608K, 56% used [0x00000000c0000000,0x00000000c25e25e8,0x00000000c4300000)
 Metaspace       used 58852K, committed 60096K, reserved 1114112K
  class space    used 7198K, committed 7680K, reserved 1048576K
}
Event: 6.382 GC heap after
{Heap after GC invocations=41 (full 3):
 PSYoungGen      total 16896K, used 578K [0x00000000eab00000, 0x00000000ebd00000, 0x0000000100000000)
  eden space 15872K, 0% used [0x00000000eab00000,0x00000000eab00000,0x00000000eba80000)
  from space 1024K, 56% used [0x00000000ebc00000,0x00000000ebc908c8,0x00000000ebd00000)
  to   space 1024K, 0% used [0x00000000ebb00000,0x00000000ebb00000,0x00000000ebc00000)
 ParOldGen       total 68608K, used 38865K [0x00000000c0000000, 0x00000000c4300000, 0x00000000eab00000)
  object space 68608K, 56% used [0x00000000c0000000,0x00000000c25f45e8,0x00000000c4300000)
 Metaspace       used 58852K, committed 60096K, reserved 1114112K
  class space    used 7198K, committed 7680K, reserved 1048576K
}
Event: 6.432 GC heap before
{Heap before GC invocations=42 (full 3):
 PSYoungGen      total 16896K, used 16450K [0x00000000eab00000, 0x00000000ebd00000, 0x0000000100000000)
  eden space 15872K, 100% used [0x00000000eab00000,0x00000000eba80000,0x00000000eba80000)
  from space 1024K, 56% used [0x00000000ebc00000,0x00000000ebc908c8,0x00000000ebd00000)
  to   space 1024K, 0% used [0x00000000ebb00000,0x00000000ebb00000,0x00000000ebc00000)
 ParOldGen       total 68608K, used 38865K [0x00000000c0000000, 0x00000000c4300000, 0x00000000eab00000)
  object space 68608K, 56% used [0x00000000c0000000,0x00000000c25f45e8,0x00000000c4300000)
 Metaspace       used 58853K, committed 60096K, reserved 1114112K
  class space    used 7198K, committed 7680K, reserved 1048576K
}
Event: 6.432 GC heap after
{Heap after GC invocations=42 (full 3):
 PSYoungGen      total 16896K, used 1014K [0x00000000eab00000, 0x00000000ebd80000, 0x0000000100000000)
  eden space 15872K, 0% used [0x00000000eab00000,0x00000000eab00000,0x00000000eba80000)
  from space 1024K, 99% used [0x00000000ebb00000,0x00000000ebbfdb38,0x00000000ebc00000)
  to   space 1536K, 0% used [0x00000000ebc00000,0x00000000ebc00000,0x00000000ebd80000)
 ParOldGen       total 68608K, used 39050K [0x00000000c0000000, 0x00000000c4300000, 0x00000000eab00000)
  object space 68608K, 56% used [0x00000000c0000000,0x00000000c26229a0,0x00000000c4300000)
 Metaspace       used 58853K, committed 60096K, reserved 1114112K
  class space    used 7198K, committed 7680K, reserved 1048576K
}
Event: 6.491 GC heap before
{Heap before GC invocations=43 (full 3):
 PSYoungGen      total 16896K, used 16886K [0x00000000eab00000, 0x00000000ebd80000, 0x0000000100000000)
  eden space 15872K, 100% used [0x00000000eab00000,0x00000000eba80000,0x00000000eba80000)
  from space 1024K, 99% used [0x00000000ebb00000,0x00000000ebbfdb38,0x00000000ebc00000)
  to   space 1536K, 0% used [0x00000000ebc00000,0x00000000ebc00000,0x00000000ebd80000)
 ParOldGen       total 68608K, used 39050K [0x00000000c0000000, 0x00000000c4300000, 0x00000000eab00000)
  object space 68608K, 56% used [0x00000000c0000000,0x00000000c26229a0,0x00000000c4300000)
 Metaspace       used 58853K, committed 60096K, reserved 1114112K
  class space    used 7198K, committed 7680K, reserved 1048576K
}
Event: 6.492 GC heap after
{Heap after GC invocations=43 (full 3):
 PSYoungGen      total 17408K, used 1037K [0x00000000eab00000, 0x00000000ebd80000, 0x0000000100000000)
  eden space 15872K, 0% used [0x00000000eab00000,0x00000000eab00000,0x00000000eba80000)
  from space 1536K, 67% used [0x00000000ebc00000,0x00000000ebd03710,0x00000000ebd80000)
  to   space 1536K, 0% used [0x00000000eba80000,0x00000000eba80000,0x00000000ebc00000)
 ParOldGen       total 68608K, used 39138K [0x00000000c0000000, 0x00000000c4300000, 0x00000000eab00000)
  object space 68608K, 57% used [0x00000000c0000000,0x00000000c26389b0,0x00000000c4300000)
 Metaspace       used 58853K, committed 60096K, reserved 1114112K
  class space    used 7198K, committed 7680K, reserved 1048576K
}
Event: 6.553 GC heap before
{Heap before GC invocations=44 (full 3):
 PSYoungGen      total 17408K, used 16909K [0x00000000eab00000, 0x00000000ebd80000, 0x0000000100000000)
  eden space 15872K, 100% used [0x00000000eab00000,0x00000000eba80000,0x00000000eba80000)
  from space 1536K, 67% used [0x00000000ebc00000,0x00000000ebd03710,0x00000000ebd80000)
  to   space 1536K, 0% used [0x00000000eba80000,0x00000000eba80000,0x00000000ebc00000)
 ParOldGen       total 68608K, used 39138K [0x00000000c0000000, 0x00000000c4300000, 0x00000000eab00000)
  object space 68608K, 57% used [0x00000000c0000000,0x00000000c26389b0,0x00000000c4300000)
 Metaspace       used 58853K, committed 60096K, reserved 1114112K
  class space    used 7198K, committed 7680K, reserved 1048576K
}
Event: 6.554 GC heap after
{Heap after GC invocations=44 (full 3):
 PSYoungGen      total 16896K, used 525K [0x00000000eab00000, 0x00000000ebc80000, 0x0000000100000000)
  eden space 15872K, 0% used [0x00000000eab00000,0x00000000eab00000,0x00000000eba80000)
  from space 1024K, 51% used [0x00000000eba80000,0x00000000ebb03420,0x00000000ebb80000)
  to   space 1024K, 0% used [0x00000000ebb80000,0x00000000ebb80000,0x00000000ebc80000)
 ParOldGen       total 68608K, used 39218K [0x00000000c0000000, 0x00000000c4300000, 0x00000000eab00000)
  object space 68608K, 57% used [0x00000000c0000000,0x00000000c264c9b0,0x00000000c4300000)
 Metaspace       used 58853K, committed 60096K, reserved 1114112K
  class space    used 7198K, committed 7680K, reserved 1048576K
}
Event: 6.619 GC heap before
{Heap before GC invocations=45 (full 3):
 PSYoungGen      total 16896K, used 16397K [0x00000000eab00000, 0x00000000ebc80000, 0x0000000100000000)
  eden space 15872K, 100% used [0x00000000eab00000,0x00000000eba80000,0x00000000eba80000)
  from space 1024K, 51% used [0x00000000eba80000,0x00000000ebb03420,0x00000000ebb80000)
  to   space 1024K, 0% used [0x00000000ebb80000,0x00000000ebb80000,0x00000000ebc80000)
 ParOldGen       total 68608K, used 39218K [0x00000000c0000000, 0x00000000c4300000, 0x00000000eab00000)
  object space 68608K, 57% used [0x00000000c0000000,0x00000000c264c9b0,0x00000000c4300000)
 Metaspace       used 58853K, committed 60096K, reserved 1114112K
  class space    used 7198K, committed 7680K, reserved 1048576K
}
Event: 6.619 GC heap after
{Heap after GC invocations=45 (full 3):
 PSYoungGen      total 16384K, used 1023K [0x00000000eab00000, 0x00000000ebd80000, 0x0000000100000000)
  eden space 15360K, 0% used [0x00000000eab00000,0x00000000eab00000,0x00000000eba00000)
  from space 1024K, 99% used [0x00000000ebb80000,0x00000000ebc7ff88,0x00000000ebc80000)
  to   space 1536K, 0% used [0x00000000eba00000,0x00000000eba00000,0x00000000ebb80000)
 ParOldGen       total 68608K, used 39297K [0x00000000c0000000, 0x00000000c4300000, 0x00000000eab00000)
  object space 68608K, 57% used [0x00000000c0000000,0x00000000c2660710,0x00000000c4300000)
 Metaspace       used 58853K, committed 60096K, reserved 1114112K
  class space    used 7198K, committed 7680K, reserved 1048576K
}
Event: 6.699 GC heap before
{Heap before GC invocations=46 (full 3):
 PSYoungGen      total 16384K, used 16383K [0x00000000eab00000, 0x00000000ebd80000, 0x0000000100000000)
  eden space 15360K, 100% used [0x00000000eab00000,0x00000000eba00000,0x00000000eba00000)
  from space 1024K, 99% used [0x00000000ebb80000,0x00000000ebc7ff88,0x00000000ebc80000)
  to   space 1536K, 0% used [0x00000000eba00000,0x00000000eba00000,0x00000000ebb80000)
 ParOldGen       total 68608K, used 39297K [0x00000000c0000000, 0x00000000c4300000, 0x00000000eab00000)
  object space 68608K, 57% used [0x00000000c0000000,0x00000000c2660710,0x00000000c4300000)
 Metaspace       used 58853K, committed 60096K, reserved 1114112K
  class space    used 7198K, committed 7680K, reserved 1048576K
}
Event: 6.700 GC heap after
{Heap after GC invocations=46 (full 3):
 PSYoungGen      total 16896K, used 1148K [0x00000000eab00000, 0x00000000ebd00000, 0x0000000100000000)
  eden space 15360K, 0% used [0x00000000eab00000,0x00000000eab00000,0x00000000eba00000)
  from space 1536K, 74% used [0x00000000eba00000,0x00000000ebb1f1a0,0x00000000ebb80000)
  to   space 1536K, 0% used [0x00000000ebb80000,0x00000000ebb80000,0x00000000ebd00000)
 ParOldGen       total 68608K, used 39369K [0x00000000c0000000, 0x00000000c4300000, 0x00000000eab00000)
  object space 68608K, 57% used [0x00000000c0000000,0x00000000c2672720,0x00000000c4300000)
 Metaspace       used 58853K, committed 60096K, reserved 1114112K
  class space    used 7198K, committed 7680K, reserved 1048576K
}
Event: 6.786 GC heap before
{Heap before GC invocations=47 (full 3):
 PSYoungGen      total 16896K, used 16508K [0x00000000eab00000, 0x00000000ebd00000, 0x0000000100000000)
  eden space 15360K, 100% used [0x00000000eab00000,0x00000000eba00000,0x00000000eba00000)
  from space 1536K, 74% used [0x00000000eba00000,0x00000000ebb1f1a0,0x00000000ebb80000)
  to   space 1536K, 0% used [0x00000000ebb80000,0x00000000ebb80000,0x00000000ebd00000)
 ParOldGen       total 68608K, used 39369K [0x00000000c0000000, 0x00000000c4300000, 0x00000000eab00000)
  object space 68608K, 57% used [0x00000000c0000000,0x00000000c2672720,0x00000000c4300000)
 Metaspace       used 59124K, committed 60352K, reserved 1114112K
  class space    used 7244K, committed 7744K, reserved 1048576K
}
Event: 6.786 GC heap after
{Heap after GC invocations=47 (full 3):
 PSYoungGen      total 15872K, used 448K [0x00000000eab00000, 0x00000000ebc00000, 0x0000000100000000)
  eden space 15360K, 0% used [0x00000000eab00000,0x00000000eab00000,0x00000000eba00000)
  from space 512K, 87% used [0x00000000ebb80000,0x00000000ebbf0000,0x00000000ebc00000)
  to   space 1024K, 0% used [0x00000000eba00000,0x00000000eba00000,0x00000000ebb00000)
 ParOldGen       total 68608K, used 39441K [0x00000000c0000000, 0x00000000c4300000, 0x00000000eab00000)
  object space 68608K, 57% used [0x00000000c0000000,0x00000000c2684720,0x00000000c4300000)
 Metaspace       used 59124K, committed 60352K, reserved 1114112K
  class space    used 7244K, committed 7744K, reserved 1048576K
}
Event: 6.939 GC heap before
{Heap before GC invocations=48 (full 3):
 PSYoungGen      total 15872K, used 15808K [0x00000000eab00000, 0x00000000ebc00000, 0x0000000100000000)
  eden space 15360K, 100% used [0x00000000eab00000,0x00000000eba00000,0x00000000eba00000)
  from space 512K, 87% used [0x00000000ebb80000,0x00000000ebbf0000,0x00000000ebc00000)
  to   space 1024K, 0% used [0x00000000eba00000,0x00000000eba00000,0x00000000ebb00000)
 ParOldGen       total 68608K, used 39441K [0x00000000c0000000, 0x00000000c4300000, 0x00000000eab00000)
  object space 68608K, 57% used [0x00000000c0000000,0x00000000c2684720,0x00000000c4300000)
 Metaspace       used 60782K, committed 62080K, reserved 1114112K
  class space    used 7504K, committed 8064K, reserved 1048576K
}
Event: 6.940 GC heap after
{Heap after GC invocations=48 (full 3):
 PSYoungGen      total 16384K, used 768K [0x00000000eab00000, 0x00000000ebc00000, 0x0000000100000000)
  eden space 15360K, 0% used [0x00000000eab00000,0x00000000eab00000,0x00000000eba00000)
  from space 1024K, 75% used [0x00000000eba00000,0x00000000ebac0010,0x00000000ebb00000)
  to   space 1024K, 0% used [0x00000000ebb00000,0x00000000ebb00000,0x00000000ebc00000)
 ParOldGen       total 68608K, used 40422K [0x00000000c0000000, 0x00000000c4300000, 0x00000000eab00000)
  object space 68608K, 58% used [0x00000000c0000000,0x00000000c2779940,0x00000000c4300000)
 Metaspace       used 60782K, committed 62080K, reserved 1114112K
  class space    used 7504K, committed 8064K, reserved 1048576K
}

