# JRE version: OpenJDK Runtime Environment Temurin-21.0.7+6 (21.0.7+6) (build 21.0.7+6-LTS)
# Java VM: OpenJDK 64-Bit Server VM Temurin-21.0.7+6 (21.0.7+6-LTS, mixed mode, sharing, tiered, compressed oops, compressed class ptrs, parallel gc, windows-amd64)
GC Precious Log:
 CardTable entry size: 512
 CPUs: 16 total, 16 available
 Memory: 16096M
 Large Page Support: Disabled
 NUMA Support: Disabled
 Compressed Oops: Enabled (32-bit)
 Alignments: Space 512K, Generation 512K, Heap 2M
 Heap Min Capacity: 100M
 Heap Initial Capacity: 100M
 Heap Max Capacity: 1G
 Pre-touch: Disabled
 Parallel Workers: 13
Heap:
 PSYoungGen      total 16896K, used 13255K [0x00000000eab00000, 0x00000000ebd00000, 0x0000000100000000)
  eden space 15872K, 79% used [0x00000000eab00000,0x00000000eb749c00,0x00000000eba80000)
  from space 1024K, 65% used [0x00000000ebb00000,0x00000000ebba8010,0x00000000ebc00000)
  to   space 1024K, 0% used [0x00000000ebc00000,0x00000000ebc00000,0x00000000ebd00000)
 ParOldGen       total 68608K, used 40357K [0x00000000c0000000, 0x00000000c4300000, 0x00000000eab00000)
  object space 68608K, 58% used [0x00000000c0000000,0x00000000c27695a0,0x00000000c4300000)
 Metaspace       used 62449K, committed 63808K, reserved 1114112K
  class space    used 7723K, committed 8384K, reserved 1048576K
GC Heap History (20 events):
Event: 5.432 GC heap before
{Heap before GC invocations=39 (full 3):
 PSYoungGen      total 17408K, used 16397K [0x00000000eab00000, 0x00000000ebf00000, 0x0000000100000000)
  eden space 15872K, 100% used [0x00000000eab00000,0x00000000eba80000,0x00000000eba80000)
  from space 1536K, 34% used [0x00000000ebc00000,0x00000000ebc83420,0x00000000ebd80000)
  to   space 1024K, 0% used [0x00000000ebe00000,0x00000000ebe00000,0x00000000ebf00000)
 ParOldGen       total 68608K, used 38597K [0x00000000c0000000, 0x00000000c4300000, 0x00000000eab00000)
  object space 68608K, 56% used [0x00000000c0000000,0x00000000c25b17c0,0x00000000c4300000)
 Metaspace       used 58864K, committed 60096K, reserved 1114112K
  class space    used 7203K, committed 7744K, reserved 1048576K
}
Event: 5.433 GC heap after
{Heap after GC invocations=39 (full 3):
 PSYoungGen      total 16896K, used 1002K [0x00000000eab00000, 0x00000000ebf00000, 0x0000000100000000)
  eden space 15872K, 0% used [0x00000000eab00000,0x00000000eab00000,0x00000000eba80000)
  from space 1024K, 97% used [0x00000000ebe00000,0x00000000ebefab38,0x00000000ebf00000)
  to   space 1536K, 0% used [0x00000000ebc00000,0x00000000ebc00000,0x00000000ebd80000)
 ParOldGen       total 68608K, used 38750K [0x00000000c0000000, 0x00000000c4300000, 0x00000000eab00000)
  object space 68608K, 56% used [0x00000000c0000000,0x00000000c25d7ad0,0x00000000c4300000)
 Metaspace       used 58864K, committed 60096K, reserved 1114112K
  class space    used 7203K, committed 7744K, reserved 1048576K
}
Event: 5.500 GC heap before
{Heap before GC invocations=40 (full 3):
 PSYoungGen      total 16896K, used 16874K [0x00000000eab00000, 0x00000000ebf00000, 0x0000000100000000)
  eden space 15872K, 100% used [0x00000000eab00000,0x00000000eba80000,0x00000000eba80000)
  from space 1024K, 97% used [0x00000000ebe00000,0x00000000ebefab38,0x00000000ebf00000)
  to   space 1536K, 0% used [0x00000000ebc00000,0x00000000ebc00000,0x00000000ebd80000)
 ParOldGen       total 68608K, used 38750K [0x00000000c0000000, 0x00000000c4300000, 0x00000000eab00000)
  object space 68608K, 56% used [0x00000000c0000000,0x00000000c25d7ad0,0x00000000c4300000)
 Metaspace       used 58864K, committed 60096K, reserved 1114112K
  class space    used 7203K, committed 7744K, reserved 1048576K
}
Event: 5.501 GC heap after
{Heap after GC invocations=40 (full 3):
 PSYoungGen      total 17408K, used 1112K [0x00000000eab00000, 0x00000000ebe80000, 0x0000000100000000)
  eden space 15872K, 0% used [0x00000000eab00000,0x00000000eab00000,0x00000000eba80000)
  from space 1536K, 72% used [0x00000000ebc00000,0x00000000ebd162d8,0x00000000ebd80000)
  to   space 1024K, 0% used [0x00000000ebd80000,0x00000000ebd80000,0x00000000ebe80000)
 ParOldGen       total 68608K, used 38854K [0x00000000c0000000, 0x00000000c4300000, 0x00000000eab00000)
  object space 68608K, 56% used [0x00000000c0000000,0x00000000c25f1ae0,0x00000000c4300000)
 Metaspace       used 58864K, committed 60096K, reserved 1114112K
  class space    used 7203K, committed 7744K, reserved 1048576K
}
Event: 5.556 GC heap before
{Heap before GC invocations=41 (full 3):
 PSYoungGen      total 17408K, used 16984K [0x00000000eab00000, 0x00000000ebe80000, 0x0000000100000000)
  eden space 15872K, 100% used [0x00000000eab00000,0x00000000eba80000,0x00000000eba80000)
  from space 1536K, 72% used [0x00000000ebc00000,0x00000000ebd162d8,0x00000000ebd80000)
  to   space 1024K, 0% used [0x00000000ebd80000,0x00000000ebd80000,0x00000000ebe80000)
 ParOldGen       total 68608K, used 38854K [0x00000000c0000000, 0x00000000c4300000, 0x00000000eab00000)
  object space 68608K, 56% used [0x00000000c0000000,0x00000000c25f1ae0,0x00000000c4300000)
 Metaspace       used 58864K, committed 60096K, reserved 1114112K
  class space    used 7203K, committed 7744K, reserved 1048576K
}
Event: 5.557 GC heap after
{Heap after GC invocations=41 (full 3):
 PSYoungGen      total 16384K, used 461K [0x00000000eab00000, 0x00000000ebe00000, 0x0000000100000000)
  eden space 15872K, 0% used [0x00000000eab00000,0x00000000eab00000,0x00000000eba80000)
  from space 512K, 90% used [0x00000000ebd80000,0x00000000ebdf3420,0x00000000ebe00000)
  to   space 1024K, 0% used [0x00000000ebc00000,0x00000000ebc00000,0x00000000ebd00000)
 ParOldGen       total 68608K, used 38926K [0x00000000c0000000, 0x00000000c4300000, 0x00000000eab00000)
  object space 68608K, 56% used [0x00000000c0000000,0x00000000c2603ae0,0x00000000c4300000)
 Metaspace       used 58864K, committed 60096K, reserved 1114112K
  class space    used 7203K, committed 7744K, reserved 1048576K
}
Event: 5.608 GC heap before
{Heap before GC invocations=42 (full 3):
 PSYoungGen      total 16384K, used 16333K [0x00000000eab00000, 0x00000000ebe00000, 0x0000000100000000)
  eden space 15872K, 100% used [0x00000000eab00000,0x00000000eba80000,0x00000000eba80000)
  from space 512K, 90% used [0x00000000ebd80000,0x00000000ebdf3420,0x00000000ebe00000)
  to   space 1024K, 0% used [0x00000000ebc00000,0x00000000ebc00000,0x00000000ebd00000)
 ParOldGen       total 68608K, used 38926K [0x00000000c0000000, 0x00000000c4300000, 0x00000000eab00000)
  object space 68608K, 56% used [0x00000000c0000000,0x00000000c2603ae0,0x00000000c4300000)
 Metaspace       used 58865K, committed 60096K, reserved 1114112K
  class space    used 7203K, committed 7744K, reserved 1048576K
}
Event: 5.608 GC heap after
{Heap after GC invocations=42 (full 3):
 PSYoungGen      total 16896K, used 1008K [0x00000000eab00000, 0x00000000ebe00000, 0x0000000100000000)
  eden space 15872K, 0% used [0x00000000eab00000,0x00000000eab00000,0x00000000eba80000)
  from space 1024K, 98% used [0x00000000ebc00000,0x00000000ebcfc300,0x00000000ebd00000)
  to   space 1024K, 0% used [0x00000000ebd00000,0x00000000ebd00000,0x00000000ebe00000)
 ParOldGen       total 68608K, used 39140K [0x00000000c0000000, 0x00000000c4300000, 0x00000000eab00000)
  object space 68608K, 57% used [0x00000000c0000000,0x00000000c26391a0,0x00000000c4300000)
 Metaspace       used 58865K, committed 60096K, reserved 1114112K
  class space    used 7203K, committed 7744K, reserved 1048576K
}
Event: 5.665 GC heap before
{Heap before GC invocations=43 (full 3):
 PSYoungGen      total 16896K, used 16880K [0x00000000eab00000, 0x00000000ebe00000, 0x0000000100000000)
  eden space 15872K, 100% used [0x00000000eab00000,0x00000000eba80000,0x00000000eba80000)
  from space 1024K, 98% used [0x00000000ebc00000,0x00000000ebcfc300,0x00000000ebd00000)
  to   space 1024K, 0% used [0x00000000ebd00000,0x00000000ebd00000,0x00000000ebe00000)
 ParOldGen       total 68608K, used 39140K [0x00000000c0000000, 0x00000000c4300000, 0x00000000eab00000)
  object space 68608K, 57% used [0x00000000c0000000,0x00000000c26391a0,0x00000000c4300000)
 Metaspace       used 58865K, committed 60096K, reserved 1114112K
  class space    used 7203K, committed 7744K, reserved 1048576K
}
Event: 5.665 GC heap after
{Heap after GC invocations=43 (full 3):
 PSYoungGen      total 16896K, used 1021K [0x00000000eab00000, 0x00000000ebe00000, 0x0000000100000000)
  eden space 15872K, 0% used [0x00000000eab00000,0x00000000eab00000,0x00000000eba80000)
  from space 1024K, 99% used [0x00000000ebd00000,0x00000000ebdff4a0,0x00000000ebe00000)
  to   space 1536K, 0% used [0x00000000ebb00000,0x00000000ebb00000,0x00000000ebc80000)
 ParOldGen       total 68608K, used 39501K [0x00000000c0000000, 0x00000000c4300000, 0x00000000eab00000)
  object space 68608K, 57% used [0x00000000c0000000,0x00000000c2693690,0x00000000c4300000)
 Metaspace       used 58865K, committed 60096K, reserved 1114112K
  class space    used 7203K, committed 7744K, reserved 1048576K
}
Event: 5.724 GC heap before
{Heap before GC invocations=44 (full 3):
 PSYoungGen      total 16896K, used 16893K [0x00000000eab00000, 0x00000000ebe00000, 0x0000000100000000)
  eden space 15872K, 100% used [0x00000000eab00000,0x00000000eba80000,0x00000000eba80000)
  from space 1024K, 99% used [0x00000000ebd00000,0x00000000ebdff4a0,0x00000000ebe00000)
  to   space 1536K, 0% used [0x00000000ebb00000,0x00000000ebb00000,0x00000000ebc80000)
 ParOldGen       total 68608K, used 39501K [0x00000000c0000000, 0x00000000c4300000, 0x00000000eab00000)
  object space 68608K, 57% used [0x00000000c0000000,0x00000000c2693690,0x00000000c4300000)
 Metaspace       used 58865K, committed 60096K, reserved 1114112K
  class space    used 7203K, committed 7744K, reserved 1048576K
}
Event: 5.724 GC heap after
{Heap after GC invocations=44 (full 3):
 PSYoungGen      total 17408K, used 320K [0x00000000eab00000, 0x00000000ebd80000, 0x0000000100000000)
  eden space 15872K, 0% used [0x00000000eab00000,0x00000000eab00000,0x00000000eba80000)
  from space 1536K, 20% used [0x00000000ebb00000,0x00000000ebb50000,0x00000000ebc80000)
  to   space 1024K, 0% used [0x00000000ebc80000,0x00000000ebc80000,0x00000000ebd80000)
 ParOldGen       total 68608K, used 39565K [0x00000000c0000000, 0x00000000c4300000, 0x00000000eab00000)
  object space 68608K, 57% used [0x00000000c0000000,0x00000000c26a3690,0x00000000c4300000)
 Metaspace       used 58865K, committed 60096K, reserved 1114112K
  class space    used 7203K, committed 7744K, reserved 1048576K
}
Event: 5.775 GC heap before
{Heap before GC invocations=45 (full 3):
 PSYoungGen      total 17408K, used 16192K [0x00000000eab00000, 0x00000000ebd80000, 0x0000000100000000)
  eden space 15872K, 100% used [0x00000000eab00000,0x00000000eba80000,0x00000000eba80000)
  from space 1536K, 20% used [0x00000000ebb00000,0x00000000ebb50000,0x00000000ebc80000)
  to   space 1024K, 0% used [0x00000000ebc80000,0x00000000ebc80000,0x00000000ebd80000)
 ParOldGen       total 68608K, used 39565K [0x00000000c0000000, 0x00000000c4300000, 0x00000000eab00000)
  object space 68608K, 57% used [0x00000000c0000000,0x00000000c26a3690,0x00000000c4300000)
 Metaspace       used 58865K, committed 60096K, reserved 1114112K
  class space    used 7203K, committed 7744K, reserved 1048576K
}
Event: 5.776 GC heap after
{Heap after GC invocations=45 (full 3):
 PSYoungGen      total 16896K, used 773K [0x00000000eab00000, 0x00000000ebd80000, 0x0000000100000000)
  eden space 15872K, 0% used [0x00000000eab00000,0x00000000eab00000,0x00000000eba80000)
  from space 1024K, 75% used [0x00000000ebc80000,0x00000000ebd41788,0x00000000ebd80000)
  to   space 1024K, 0% used [0x00000000ebb80000,0x00000000ebb80000,0x00000000ebc80000)
 ParOldGen       total 68608K, used 39740K [0x00000000c0000000, 0x00000000c4300000, 0x00000000eab00000)
  object space 68608K, 57% used [0x00000000c0000000,0x00000000c26cf0b0,0x00000000c4300000)
 Metaspace       used 58865K, committed 60096K, reserved 1114112K
  class space    used 7203K, committed 7744K, reserved 1048576K
}
Event: 5.831 GC heap before
{Heap before GC invocations=46 (full 3):
 PSYoungGen      total 16896K, used 16645K [0x00000000eab00000, 0x00000000ebd80000, 0x0000000100000000)
  eden space 15872K, 100% used [0x00000000eab00000,0x00000000eba80000,0x00000000eba80000)
  from space 1024K, 75% used [0x00000000ebc80000,0x00000000ebd41788,0x00000000ebd80000)
  to   space 1024K, 0% used [0x00000000ebb80000,0x00000000ebb80000,0x00000000ebc80000)
 ParOldGen       total 68608K, used 39740K [0x00000000c0000000, 0x00000000c4300000, 0x00000000eab00000)
  object space 68608K, 57% used [0x00000000c0000000,0x00000000c26cf0b0,0x00000000c4300000)
 Metaspace       used 58865K, committed 60096K, reserved 1114112K
  class space    used 7203K, committed 7744K, reserved 1048576K
}
Event: 5.831 GC heap after
{Heap after GC invocations=46 (full 3):
 PSYoungGen      total 16896K, used 1022K [0x00000000eab00000, 0x00000000ebd80000, 0x0000000100000000)
  eden space 15872K, 0% used [0x00000000eab00000,0x00000000eab00000,0x00000000eba80000)
  from space 1024K, 99% used [0x00000000ebb80000,0x00000000ebc7fa50,0x00000000ebc80000)
  to   space 1024K, 0% used [0x00000000ebc80000,0x00000000ebc80000,0x00000000ebd80000)
 ParOldGen       total 68608K, used 40014K [0x00000000c0000000, 0x00000000c4300000, 0x00000000eab00000)
  object space 68608K, 58% used [0x00000000c0000000,0x00000000c2713890,0x00000000c4300000)
 Metaspace       used 58865K, committed 60096K, reserved 1114112K
  class space    used 7203K, committed 7744K, reserved 1048576K
}
Event: 5.915 GC heap before
{Heap before GC invocations=47 (full 3):
 PSYoungGen      total 16896K, used 16894K [0x00000000eab00000, 0x00000000ebd80000, 0x0000000100000000)
  eden space 15872K, 100% used [0x00000000eab00000,0x00000000eba80000,0x00000000eba80000)
  from space 1024K, 99% used [0x00000000ebb80000,0x00000000ebc7fa50,0x00000000ebc80000)
  to   space 1024K, 0% used [0x00000000ebc80000,0x00000000ebc80000,0x00000000ebd80000)
 ParOldGen       total 68608K, used 40014K [0x00000000c0000000, 0x00000000c4300000, 0x00000000eab00000)
  object space 68608K, 58% used [0x00000000c0000000,0x00000000c2713890,0x00000000c4300000)
 Metaspace       used 59579K, committed 60800K, reserved 1114112K
  class space    used 7303K, committed 7872K, reserved 1048576K
}
Event: 5.916 GC heap after
{Heap after GC invocations=47 (full 3):
 PSYoungGen      total 16384K, used 448K [0x00000000eab00000, 0x00000000ebd00000, 0x0000000100000000)
  eden space 15872K, 0% used [0x00000000eab00000,0x00000000eab00000,0x00000000eba80000)
  from space 512K, 87% used [0x00000000ebc80000,0x00000000ebcf0000,0x00000000ebd00000)
  to   space 1024K, 0% used [0x00000000ebb00000,0x00000000ebb00000,0x00000000ebc00000)
 ParOldGen       total 68608K, used 40078K [0x00000000c0000000, 0x00000000c4300000, 0x00000000eab00000)
  object space 68608K, 58% used [0x00000000c0000000,0x00000000c2723890,0x00000000c4300000)
 Metaspace       used 59579K, committed 60800K, reserved 1114112K
  class space    used 7303K, committed 7872K, reserved 1048576K
}
Event: 6.033 GC heap before
{Heap before GC invocations=48 (full 3):
 PSYoungGen      total 16384K, used 16320K [0x00000000eab00000, 0x00000000ebd00000, 0x0000000100000000)
  eden space 15872K, 100% used [0x00000000eab00000,0x00000000eba80000,0x00000000eba80000)
  from space 512K, 87% used [0x00000000ebc80000,0x00000000ebcf0000,0x00000000ebd00000)
  to   space 1024K, 0% used [0x00000000ebb00000,0x00000000ebb00000,0x00000000ebc00000)
 ParOldGen       total 68608K, used 40078K [0x00000000c0000000, 0x00000000c4300000, 0x00000000eab00000)
  object space 68608K, 58% used [0x00000000c0000000,0x00000000c2723890,0x00000000c4300000)
 Metaspace       used 61291K, committed 62592K, reserved 1114112K
  class space    used 7575K, committed 8192K, reserved 1048576K
}
Event: 6.034 GC heap after
{Heap after GC invocations=48 (full 3):
 PSYoungGen      total 16896K, used 672K [0x00000000eab00000, 0x00000000ebd00000, 0x0000000100000000)
  eden space 15872K, 0% used [0x00000000eab00000,0x00000000eab00000,0x00000000eba80000)
  from space 1024K, 65% used [0x00000000ebb00000,0x00000000ebba8010,0x00000000ebc00000)
  to   space 1024K, 0% used [0x00000000ebc00000,0x00000000ebc00000,0x00000000ebd00000)
 ParOldGen       total 68608K, used 40357K [0x00000000c0000000, 0x00000000c4300000, 0x00000000eab00000)
  object space 68608K, 58% used [0x00000000c0000000,0x00000000c27695a0,0x00000000c4300000)
 Metaspace       used 61291K, committed 62592K, reserved 1114112K
  class space    used 7575K, committed 8192K, reserved 1048576K
}

