# JRE version: OpenJDK Runtime Environment Temurin-21.0.7+6 (21.0.7+6) (build 21.0.7+6-LTS)
# Java VM: OpenJDK 64-Bit Server VM Temurin-21.0.7+6 (21.0.7+6-LTS, mixed mode, sharing, tiered, compressed oops, compressed class ptrs, parallel gc, windows-amd64)
GC Precious Log:
 CardTable entry size: 512
 CPUs: 16 total, 16 available
 Memory: 16096M
 Large Page Support: Disabled
 NUMA Support: Disabled
 Compressed Oops: Enabled (32-bit)
 Alignments: Space 512K, Generation 512K, Heap 2M
 Heap Min Capacity: 100M
 Heap Initial Capacity: 100M
 Heap Max Capacity: 1G
 Pre-touch: Disabled
 Parallel Workers: 13
Heap:
 PSYoungGen      total 17408K, used 5511K [0x00000000eab00000, 0x00000000ebd00000, 0x0000000100000000)
  eden space 16384K, 30% used [0x00000000eab00000,0x00000000eafd9e50,0x00000000ebb00000)
  from space 1024K, 53% used [0x00000000ebb00000,0x00000000ebb88000,0x00000000ebc00000)
  to   space 1024K, 0% used [0x00000000ebc00000,0x00000000ebc00000,0x00000000ebd00000)
 ParOldGen       total 68608K, used 41039K [0x00000000c0000000, 0x00000000c4300000, 0x00000000eab00000)
  object space 68608K, 59% used [0x00000000c0000000,0x00000000c2813ee8,0x00000000c4300000)
 Metaspace       used 62364K, committed 63680K, reserved 1114112K
  class space    used 7710K, committed 8320K, reserved 1048576K
GC Heap History (20 events):
Event: 5.757 GC heap before
{Heap before GC invocations=39 (full 3):
 PSYoungGen      total 18432K, used 16736K [0x00000000eab00000, 0x00000000ebe00000, 0x0000000100000000)
  eden space 16384K, 100% used [0x00000000eab00000,0x00000000ebb00000,0x00000000ebb00000)
  from space 2048K, 17% used [0x00000000ebb00000,0x00000000ebb58000,0x00000000ebd00000)
  to   space 1024K, 0% used [0x00000000ebd00000,0x00000000ebd00000,0x00000000ebe00000)
 ParOldGen       total 68608K, used 38327K [0x00000000c0000000, 0x00000000c4300000, 0x00000000eab00000)
  object space 68608K, 55% used [0x00000000c0000000,0x00000000c256dca0,0x00000000c4300000)
 Metaspace       used 58774K, committed 60032K, reserved 1114112K
  class space    used 7194K, committed 7744K, reserved 1048576K
}
Event: 5.758 GC heap after
{Heap after GC invocations=39 (full 3):
 PSYoungGen      total 17408K, used 603K [0x00000000eab00000, 0x00000000ebe00000, 0x0000000100000000)
  eden space 16384K, 0% used [0x00000000eab00000,0x00000000eab00000,0x00000000ebb00000)
  from space 1024K, 58% used [0x00000000ebd00000,0x00000000ebd96cb8,0x00000000ebe00000)
  to   space 1024K, 0% used [0x00000000ebc00000,0x00000000ebc00000,0x00000000ebd00000)
 ParOldGen       total 68608K, used 38514K [0x00000000c0000000, 0x00000000c4300000, 0x00000000eab00000)
  object space 68608K, 56% used [0x00000000c0000000,0x00000000c259c808,0x00000000c4300000)
 Metaspace       used 58774K, committed 60032K, reserved 1114112K
  class space    used 7194K, committed 7744K, reserved 1048576K
}
Event: 5.821 GC heap before
{Heap before GC invocations=40 (full 3):
 PSYoungGen      total 17408K, used 16987K [0x00000000eab00000, 0x00000000ebe00000, 0x0000000100000000)
  eden space 16384K, 100% used [0x00000000eab00000,0x00000000ebb00000,0x00000000ebb00000)
  from space 1024K, 58% used [0x00000000ebd00000,0x00000000ebd96cb8,0x00000000ebe00000)
  to   space 1024K, 0% used [0x00000000ebc00000,0x00000000ebc00000,0x00000000ebd00000)
 ParOldGen       total 68608K, used 38514K [0x00000000c0000000, 0x00000000c4300000, 0x00000000eab00000)
  object space 68608K, 56% used [0x00000000c0000000,0x00000000c259c808,0x00000000c4300000)
 Metaspace       used 58774K, committed 60032K, reserved 1114112K
  class space    used 7194K, committed 7744K, reserved 1048576K
}
Event: 5.822 GC heap after
{Heap after GC invocations=40 (full 3):
 PSYoungGen      total 17408K, used 1019K [0x00000000eab00000, 0x00000000ebe00000, 0x0000000100000000)
  eden space 16384K, 0% used [0x00000000eab00000,0x00000000eab00000,0x00000000ebb00000)
  from space 1024K, 99% used [0x00000000ebc00000,0x00000000ebcfeef0,0x00000000ebd00000)
  to   space 1024K, 0% used [0x00000000ebd00000,0x00000000ebd00000,0x00000000ebe00000)
 ParOldGen       total 68608K, used 38847K [0x00000000c0000000, 0x00000000c4300000, 0x00000000eab00000)
  object space 68608K, 56% used [0x00000000c0000000,0x00000000c25efcf0,0x00000000c4300000)
 Metaspace       used 58774K, committed 60032K, reserved 1114112K
  class space    used 7194K, committed 7744K, reserved 1048576K
}
Event: 5.881 GC heap before
{Heap before GC invocations=41 (full 3):
 PSYoungGen      total 17408K, used 17403K [0x00000000eab00000, 0x00000000ebe00000, 0x0000000100000000)
  eden space 16384K, 100% used [0x00000000eab00000,0x00000000ebb00000,0x00000000ebb00000)
  from space 1024K, 99% used [0x00000000ebc00000,0x00000000ebcfeef0,0x00000000ebd00000)
  to   space 1024K, 0% used [0x00000000ebd00000,0x00000000ebd00000,0x00000000ebe00000)
 ParOldGen       total 68608K, used 38847K [0x00000000c0000000, 0x00000000c4300000, 0x00000000eab00000)
  object space 68608K, 56% used [0x00000000c0000000,0x00000000c25efcf0,0x00000000c4300000)
 Metaspace       used 58774K, committed 60032K, reserved 1114112K
  class space    used 7194K, committed 7744K, reserved 1048576K
}
Event: 5.881 GC heap after
{Heap after GC invocations=41 (full 3):
 PSYoungGen      total 17408K, used 855K [0x00000000eab00000, 0x00000000ebe00000, 0x0000000100000000)
  eden space 16384K, 0% used [0x00000000eab00000,0x00000000eab00000,0x00000000ebb00000)
  from space 1024K, 83% used [0x00000000ebd00000,0x00000000ebdd5cf8,0x00000000ebe00000)
  to   space 1536K, 0% used [0x00000000ebb00000,0x00000000ebb00000,0x00000000ebc80000)
 ParOldGen       total 68608K, used 38911K [0x00000000c0000000, 0x00000000c4300000, 0x00000000eab00000)
  object space 68608K, 56% used [0x00000000c0000000,0x00000000c25ffcf0,0x00000000c4300000)
 Metaspace       used 58774K, committed 60032K, reserved 1114112K
  class space    used 7194K, committed 7744K, reserved 1048576K
}
Event: 5.932 GC heap before
{Heap before GC invocations=42 (full 3):
 PSYoungGen      total 17408K, used 17239K [0x00000000eab00000, 0x00000000ebe00000, 0x0000000100000000)
  eden space 16384K, 100% used [0x00000000eab00000,0x00000000ebb00000,0x00000000ebb00000)
  from space 1024K, 83% used [0x00000000ebd00000,0x00000000ebdd5cf8,0x00000000ebe00000)
  to   space 1536K, 0% used [0x00000000ebb00000,0x00000000ebb00000,0x00000000ebc80000)
 ParOldGen       total 68608K, used 38911K [0x00000000c0000000, 0x00000000c4300000, 0x00000000eab00000)
  object space 68608K, 56% used [0x00000000c0000000,0x00000000c25ffcf0,0x00000000c4300000)
 Metaspace       used 58774K, committed 60032K, reserved 1114112K
  class space    used 7194K, committed 7744K, reserved 1048576K
}
Event: 5.932 GC heap after
{Heap after GC invocations=42 (full 3):
 PSYoungGen      total 17920K, used 384K [0x00000000eab00000, 0x00000000ebd80000, 0x0000000100000000)
  eden space 16384K, 0% used [0x00000000eab00000,0x00000000eab00000,0x00000000ebb00000)
  from space 1536K, 25% used [0x00000000ebb00000,0x00000000ebb60000,0x00000000ebc80000)
  to   space 1024K, 0% used [0x00000000ebc80000,0x00000000ebc80000,0x00000000ebd80000)
 ParOldGen       total 68608K, used 39077K [0x00000000c0000000, 0x00000000c4300000, 0x00000000eab00000)
  object space 68608K, 56% used [0x00000000c0000000,0x00000000c2629710,0x00000000c4300000)
 Metaspace       used 58774K, committed 60032K, reserved 1114112K
  class space    used 7194K, committed 7744K, reserved 1048576K
}
Event: 5.984 GC heap before
{Heap before GC invocations=43 (full 3):
 PSYoungGen      total 17920K, used 16768K [0x00000000eab00000, 0x00000000ebd80000, 0x0000000100000000)
  eden space 16384K, 100% used [0x00000000eab00000,0x00000000ebb00000,0x00000000ebb00000)
  from space 1536K, 25% used [0x00000000ebb00000,0x00000000ebb60000,0x00000000ebc80000)
  to   space 1024K, 0% used [0x00000000ebc80000,0x00000000ebc80000,0x00000000ebd80000)
 ParOldGen       total 68608K, used 39077K [0x00000000c0000000, 0x00000000c4300000, 0x00000000eab00000)
  object space 68608K, 56% used [0x00000000c0000000,0x00000000c2629710,0x00000000c4300000)
 Metaspace       used 58774K, committed 60032K, reserved 1114112K
  class space    used 7194K, committed 7744K, reserved 1048576K
}
Event: 5.985 GC heap after
{Heap after GC invocations=43 (full 3):
 PSYoungGen      total 17408K, used 1003K [0x00000000eab00000, 0x00000000ebe00000, 0x0000000100000000)
  eden space 16384K, 0% used [0x00000000eab00000,0x00000000eab00000,0x00000000ebb00000)
  from space 1024K, 98% used [0x00000000ebc80000,0x00000000ebd7afd0,0x00000000ebd80000)
  to   space 1536K, 0% used [0x00000000ebb00000,0x00000000ebb00000,0x00000000ebc80000)
 ParOldGen       total 68608K, used 39319K [0x00000000c0000000, 0x00000000c4300000, 0x00000000eab00000)
  object space 68608K, 57% used [0x00000000c0000000,0x00000000c2665fa8,0x00000000c4300000)
 Metaspace       used 58774K, committed 60032K, reserved 1114112K
  class space    used 7194K, committed 7744K, reserved 1048576K
}
Event: 6.045 GC heap before
{Heap before GC invocations=44 (full 3):
 PSYoungGen      total 17408K, used 17387K [0x00000000eab00000, 0x00000000ebe00000, 0x0000000100000000)
  eden space 16384K, 100% used [0x00000000eab00000,0x00000000ebb00000,0x00000000ebb00000)
  from space 1024K, 98% used [0x00000000ebc80000,0x00000000ebd7afd0,0x00000000ebd80000)
  to   space 1536K, 0% used [0x00000000ebb00000,0x00000000ebb00000,0x00000000ebc80000)
 ParOldGen       total 68608K, used 39319K [0x00000000c0000000, 0x00000000c4300000, 0x00000000eab00000)
  object space 68608K, 57% used [0x00000000c0000000,0x00000000c2665fa8,0x00000000c4300000)
 Metaspace       used 58774K, committed 60032K, reserved 1114112K
  class space    used 7194K, committed 7744K, reserved 1048576K
}
Event: 6.046 GC heap after
{Heap after GC invocations=44 (full 3):
 PSYoungGen      total 17408K, used 888K [0x00000000eab00000, 0x00000000ebd00000, 0x0000000100000000)
  eden space 16384K, 0% used [0x00000000eab00000,0x00000000eab00000,0x00000000ebb00000)
  from space 1024K, 86% used [0x00000000ebb00000,0x00000000ebbde0e0,0x00000000ebc00000)
  to   space 1024K, 0% used [0x00000000ebc00000,0x00000000ebc00000,0x00000000ebd00000)
 ParOldGen       total 68608K, used 39391K [0x00000000c0000000, 0x00000000c4300000, 0x00000000eab00000)
  object space 68608K, 57% used [0x00000000c0000000,0x00000000c2677fa8,0x00000000c4300000)
 Metaspace       used 58774K, committed 60032K, reserved 1114112K
  class space    used 7194K, committed 7744K, reserved 1048576K
}
Event: 6.096 GC heap before
{Heap before GC invocations=45 (full 3):
 PSYoungGen      total 17408K, used 17272K [0x00000000eab00000, 0x00000000ebd00000, 0x0000000100000000)
  eden space 16384K, 100% used [0x00000000eab00000,0x00000000ebb00000,0x00000000ebb00000)
  from space 1024K, 86% used [0x00000000ebb00000,0x00000000ebbde0e0,0x00000000ebc00000)
  to   space 1024K, 0% used [0x00000000ebc00000,0x00000000ebc00000,0x00000000ebd00000)
 ParOldGen       total 68608K, used 39391K [0x00000000c0000000, 0x00000000c4300000, 0x00000000eab00000)
  object space 68608K, 57% used [0x00000000c0000000,0x00000000c2677fa8,0x00000000c4300000)
 Metaspace       used 58774K, committed 60032K, reserved 1114112K
  class space    used 7194K, committed 7744K, reserved 1048576K
}
Event: 6.096 GC heap after
{Heap after GC invocations=45 (full 3):
 PSYoungGen      total 17408K, used 573K [0x00000000eab00000, 0x00000000ebd00000, 0x0000000100000000)
  eden space 16384K, 0% used [0x00000000eab00000,0x00000000eab00000,0x00000000ebb00000)
  from space 1024K, 55% used [0x00000000ebc00000,0x00000000ebc8f430,0x00000000ebd00000)
  to   space 1024K, 0% used [0x00000000ebb00000,0x00000000ebb00000,0x00000000ebc00000)
 ParOldGen       total 68608K, used 39463K [0x00000000c0000000, 0x00000000c4300000, 0x00000000eab00000)
  object space 68608K, 57% used [0x00000000c0000000,0x00000000c2689fa8,0x00000000c4300000)
 Metaspace       used 58774K, committed 60032K, reserved 1114112K
  class space    used 7194K, committed 7744K, reserved 1048576K
}
Event: 6.141 GC heap before
{Heap before GC invocations=46 (full 3):
 PSYoungGen      total 17408K, used 16954K [0x00000000eab00000, 0x00000000ebd00000, 0x0000000100000000)
  eden space 16384K, 99% used [0x00000000eab00000,0x00000000ebaff640,0x00000000ebb00000)
  from space 1024K, 55% used [0x00000000ebc00000,0x00000000ebc8f430,0x00000000ebd00000)
  to   space 1024K, 0% used [0x00000000ebb00000,0x00000000ebb00000,0x00000000ebc00000)
 ParOldGen       total 68608K, used 39463K [0x00000000c0000000, 0x00000000c4300000, 0x00000000eab00000)
  object space 68608K, 57% used [0x00000000c0000000,0x00000000c2689fa8,0x00000000c4300000)
 Metaspace       used 58774K, committed 60032K, reserved 1114112K
  class space    used 7194K, committed 7744K, reserved 1048576K
}
Event: 6.142 GC heap after
{Heap after GC invocations=46 (full 3):
 PSYoungGen      total 17408K, used 994K [0x00000000eab00000, 0x00000000ebe00000, 0x0000000100000000)
  eden space 16384K, 0% used [0x00000000eab00000,0x00000000eab00000,0x00000000ebb00000)
  from space 1024K, 97% used [0x00000000ebb00000,0x00000000ebbf8808,0x00000000ebc00000)
  to   space 1536K, 0% used [0x00000000ebc80000,0x00000000ebc80000,0x00000000ebe00000)
 ParOldGen       total 68608K, used 39627K [0x00000000c0000000, 0x00000000c4300000, 0x00000000eab00000)
  object space 68608K, 57% used [0x00000000c0000000,0x00000000c26b2ca8,0x00000000c4300000)
 Metaspace       used 58774K, committed 60032K, reserved 1114112K
  class space    used 7194K, committed 7744K, reserved 1048576K
}
Event: 6.247 GC heap before
{Heap before GC invocations=47 (full 3):
 PSYoungGen      total 17408K, used 17378K [0x00000000eab00000, 0x00000000ebe00000, 0x0000000100000000)
  eden space 16384K, 100% used [0x00000000eab00000,0x00000000ebb00000,0x00000000ebb00000)
  from space 1024K, 97% used [0x00000000ebb00000,0x00000000ebbf8808,0x00000000ebc00000)
  to   space 1536K, 0% used [0x00000000ebc80000,0x00000000ebc80000,0x00000000ebe00000)
 ParOldGen       total 68608K, used 39627K [0x00000000c0000000, 0x00000000c4300000, 0x00000000eab00000)
  object space 68608K, 57% used [0x00000000c0000000,0x00000000c26b2ca8,0x00000000c4300000)
 Metaspace       used 60186K, committed 61504K, reserved 1114112K
  class space    used 7403K, committed 8000K, reserved 1048576K
}
Event: 6.248 GC heap after
{Heap after GC invocations=47 (full 3):
 PSYoungGen      total 17408K, used 800K [0x00000000eab00000, 0x00000000ebd80000, 0x0000000100000000)
  eden space 16384K, 0% used [0x00000000eab00000,0x00000000eab00000,0x00000000ebb00000)
  from space 1024K, 78% used [0x00000000ebc80000,0x00000000ebd48010,0x00000000ebd80000)
  to   space 1024K, 0% used [0x00000000ebb00000,0x00000000ebb00000,0x00000000ebc00000)
 ParOldGen       total 68608K, used 39683K [0x00000000c0000000, 0x00000000c4300000, 0x00000000eab00000)
  object space 68608K, 57% used [0x00000000c0000000,0x00000000c26c0cb8,0x00000000c4300000)
 Metaspace       used 60186K, committed 61504K, reserved 1114112K
  class space    used 7403K, committed 8000K, reserved 1048576K
}
Event: 6.427 GC heap before
{Heap before GC invocations=48 (full 3):
 PSYoungGen      total 17408K, used 17184K [0x00000000eab00000, 0x00000000ebd80000, 0x0000000100000000)
  eden space 16384K, 100% used [0x00000000eab00000,0x00000000ebb00000,0x00000000ebb00000)
  from space 1024K, 78% used [0x00000000ebc80000,0x00000000ebd48010,0x00000000ebd80000)
  to   space 1024K, 0% used [0x00000000ebb00000,0x00000000ebb00000,0x00000000ebc00000)
 ParOldGen       total 68608K, used 39683K [0x00000000c0000000, 0x00000000c4300000, 0x00000000eab00000)
  object space 68608K, 57% used [0x00000000c0000000,0x00000000c26c0cb8,0x00000000c4300000)
 Metaspace       used 61720K, committed 63040K, reserved 1114112K
  class space    used 7629K, committed 8256K, reserved 1048576K
}
Event: 6.429 GC heap after
{Heap after GC invocations=48 (full 3):
 PSYoungGen      total 17408K, used 544K [0x00000000eab00000, 0x00000000ebd00000, 0x0000000100000000)
  eden space 16384K, 0% used [0x00000000eab00000,0x00000000eab00000,0x00000000ebb00000)
  from space 1024K, 53% used [0x00000000ebb00000,0x00000000ebb88000,0x00000000ebc00000)
  to   space 1024K, 0% used [0x00000000ebc00000,0x00000000ebc00000,0x00000000ebd00000)
 ParOldGen       total 68608K, used 41039K [0x00000000c0000000, 0x00000000c4300000, 0x00000000eab00000)
  object space 68608K, 59% used [0x00000000c0000000,0x00000000c2813ee8,0x00000000c4300000)
 Metaspace       used 61720K, committed 63040K, reserved 1114112K
  class space    used 7629K, committed 8256K, reserved 1048576K
}

