# JRE version: OpenJDK Runtime Environment Temurin-21.0.7+6 (21.0.7+6) (build 21.0.7+6-LTS)
# Java VM: OpenJDK 64-Bit Server VM Temurin-21.0.7+6 (21.0.7+6-LTS, mixed mode, sharing, tiered, compressed oops, compressed class ptrs, parallel gc, windows-amd64)
GC Precious Log:
 CardTable entry size: 512
 CPUs: 16 total, 16 available
 Memory: 16096M
 Large Page Support: Disabled
 NUMA Support: Disabled
 Compressed Oops: Enabled (32-bit)
 Alignments: Space 512K, Generation 512K, Heap 2M
 Heap Min Capacity: 100M
 Heap Initial Capacity: 100M
 Heap Max Capacity: 1G
 Pre-touch: Disabled
 Parallel Workers: 13
Heap:
 PSYoungGen      total 15872K, used 6274K [0x00000000eab00000, 0x00000000ebe00000, 0x0000000100000000)
  eden space 15360K, 37% used [0x00000000eab00000,0x00000000eb0a8928,0x00000000eba00000)
  from space 512K, 93% used [0x00000000ebc80000,0x00000000ebcf8000,0x00000000ebd00000)
  to   space 1024K, 0% used [0x00000000ebd00000,0x00000000ebd00000,0x00000000ebe00000)
 ParOldGen       total 68608K, used 42181K [0x00000000c0000000, 0x00000000c4300000, 0x00000000eab00000)
  object space 68608K, 61% used [0x00000000c0000000,0x00000000c29315e8,0x00000000c4300000)
 Metaspace       used 62438K, committed 63808K, reserved 1114112K
  class space    used 7722K, committed 8320K, reserved 1048576K
GC Heap History (20 events):
Event: 181.769 GC heap before
{Heap before GC invocations=41 (full 3):
 PSYoungGen      total 16384K, used 16383K [0x00000000eab00000, 0x00000000ec000000, 0x0000000100000000)
  eden space 15360K, 100% used [0x00000000eab00000,0x00000000eba00000,0x00000000eba00000)
  from space 1024K, 99% used [0x00000000ebe00000,0x00000000ebeffc40,0x00000000ebf00000)
  to   space 1024K, 0% used [0x00000000ebf00000,0x00000000ebf00000,0x00000000ec000000)
 ParOldGen       total 68608K, used 39062K [0x00000000c0000000, 0x00000000c4300000, 0x00000000eab00000)
  object space 68608K, 56% used [0x00000000c0000000,0x00000000c2625ab0,0x00000000c4300000)
 Metaspace       used 58857K, committed 60096K, reserved 1114112K
  class space    used 7211K, committed 7744K, reserved 1048576K
}
Event: 181.769 GC heap after
{Heap after GC invocations=41 (full 3):
 PSYoungGen      total 16384K, used 848K [0x00000000eab00000, 0x00000000ec000000, 0x0000000100000000)
  eden space 15360K, 0% used [0x00000000eab00000,0x00000000eab00000,0x00000000eba00000)
  from space 1024K, 82% used [0x00000000ebf00000,0x00000000ebfd42b0,0x00000000ec000000)
  to   space 1536K, 0% used [0x00000000ebd00000,0x00000000ebd00000,0x00000000ebe80000)
 ParOldGen       total 68608K, used 39142K [0x00000000c0000000, 0x00000000c4300000, 0x00000000eab00000)
  object space 68608K, 57% used [0x00000000c0000000,0x00000000c2639ab0,0x00000000c4300000)
 Metaspace       used 58857K, committed 60096K, reserved 1114112K
  class space    used 7211K, committed 7744K, reserved 1048576K
}
Event: 181.821 GC heap before
{Heap before GC invocations=42 (full 3):
 PSYoungGen      total 16384K, used 16208K [0x00000000eab00000, 0x00000000ec000000, 0x0000000100000000)
  eden space 15360K, 100% used [0x00000000eab00000,0x00000000eba00000,0x00000000eba00000)
  from space 1024K, 82% used [0x00000000ebf00000,0x00000000ebfd42b0,0x00000000ec000000)
  to   space 1536K, 0% used [0x00000000ebd00000,0x00000000ebd00000,0x00000000ebe80000)
 ParOldGen       total 68608K, used 39142K [0x00000000c0000000, 0x00000000c4300000, 0x00000000eab00000)
  object space 68608K, 57% used [0x00000000c0000000,0x00000000c2639ab0,0x00000000c4300000)
 Metaspace       used 58857K, committed 60096K, reserved 1114112K
  class space    used 7211K, committed 7744K, reserved 1048576K
}
Event: 181.822 GC heap after
{Heap after GC invocations=42 (full 3):
 PSYoungGen      total 16896K, used 384K [0x00000000eab00000, 0x00000000ebf80000, 0x0000000100000000)
  eden space 15360K, 0% used [0x00000000eab00000,0x00000000eab00000,0x00000000eba00000)
  from space 1536K, 25% used [0x00000000ebd00000,0x00000000ebd60000,0x00000000ebe80000)
  to   space 1024K, 0% used [0x00000000ebe80000,0x00000000ebe80000,0x00000000ebf80000)
 ParOldGen       total 68608K, used 39317K [0x00000000c0000000, 0x00000000c4300000, 0x00000000eab00000)
  object space 68608K, 57% used [0x00000000c0000000,0x00000000c26654d0,0x00000000c4300000)
 Metaspace       used 58857K, committed 60096K, reserved 1114112K
  class space    used 7211K, committed 7744K, reserved 1048576K
}
Event: 181.880 GC heap before
{Heap before GC invocations=43 (full 3):
 PSYoungGen      total 16896K, used 15744K [0x00000000eab00000, 0x00000000ebf80000, 0x0000000100000000)
  eden space 15360K, 100% used [0x00000000eab00000,0x00000000eba00000,0x00000000eba00000)
  from space 1536K, 25% used [0x00000000ebd00000,0x00000000ebd60000,0x00000000ebe80000)
  to   space 1024K, 0% used [0x00000000ebe80000,0x00000000ebe80000,0x00000000ebf80000)
 ParOldGen       total 68608K, used 39317K [0x00000000c0000000, 0x00000000c4300000, 0x00000000eab00000)
  object space 68608K, 57% used [0x00000000c0000000,0x00000000c26654d0,0x00000000c4300000)
 Metaspace       used 58857K, committed 60096K, reserved 1114112K
  class space    used 7211K, committed 7744K, reserved 1048576K
}
Event: 181.881 GC heap after
{Heap after GC invocations=43 (full 3):
 PSYoungGen      total 16384K, used 1019K [0x00000000eab00000, 0x00000000ebf80000, 0x0000000100000000)
  eden space 15360K, 0% used [0x00000000eab00000,0x00000000eab00000,0x00000000eba00000)
  from space 1024K, 99% used [0x00000000ebe80000,0x00000000ebf7edb0,0x00000000ebf80000)
  to   space 1536K, 0% used [0x00000000ebc80000,0x00000000ebc80000,0x00000000ebe00000)
 ParOldGen       total 68608K, used 39607K [0x00000000c0000000, 0x00000000c4300000, 0x00000000eab00000)
  object space 68608K, 57% used [0x00000000c0000000,0x00000000c26adcb8,0x00000000c4300000)
 Metaspace       used 58857K, committed 60096K, reserved 1114112K
  class space    used 7211K, committed 7744K, reserved 1048576K
}
Event: 181.940 GC heap before
{Heap before GC invocations=44 (full 3):
 PSYoungGen      total 16384K, used 16379K [0x00000000eab00000, 0x00000000ebf80000, 0x0000000100000000)
  eden space 15360K, 100% used [0x00000000eab00000,0x00000000eba00000,0x00000000eba00000)
  from space 1024K, 99% used [0x00000000ebe80000,0x00000000ebf7edb0,0x00000000ebf80000)
  to   space 1536K, 0% used [0x00000000ebc80000,0x00000000ebc80000,0x00000000ebe00000)
 ParOldGen       total 68608K, used 39607K [0x00000000c0000000, 0x00000000c4300000, 0x00000000eab00000)
  object space 68608K, 57% used [0x00000000c0000000,0x00000000c26adcb8,0x00000000c4300000)
 Metaspace       used 58857K, committed 60096K, reserved 1114112K
  class space    used 7211K, committed 7744K, reserved 1048576K
}
Event: 181.941 GC heap after
{Heap after GC invocations=44 (full 3):
 PSYoungGen      total 16896K, used 452K [0x00000000eab00000, 0x00000000ebf00000, 0x0000000100000000)
  eden space 15360K, 0% used [0x00000000eab00000,0x00000000eab00000,0x00000000eba00000)
  from space 1536K, 29% used [0x00000000ebc80000,0x00000000ebcf1390,0x00000000ebe00000)
  to   space 1024K, 0% used [0x00000000ebe00000,0x00000000ebe00000,0x00000000ebf00000)
 ParOldGen       total 68608K, used 39687K [0x00000000c0000000, 0x00000000c4300000, 0x00000000eab00000)
  object space 68608K, 57% used [0x00000000c0000000,0x00000000c26c1cb8,0x00000000c4300000)
 Metaspace       used 58857K, committed 60096K, reserved 1114112K
  class space    used 7211K, committed 7744K, reserved 1048576K
}
Event: 181.994 GC heap before
{Heap before GC invocations=45 (full 3):
 PSYoungGen      total 16896K, used 15812K [0x00000000eab00000, 0x00000000ebf00000, 0x0000000100000000)
  eden space 15360K, 100% used [0x00000000eab00000,0x00000000eba00000,0x00000000eba00000)
  from space 1536K, 29% used [0x00000000ebc80000,0x00000000ebcf1390,0x00000000ebe00000)
  to   space 1024K, 0% used [0x00000000ebe00000,0x00000000ebe00000,0x00000000ebf00000)
 ParOldGen       total 68608K, used 39687K [0x00000000c0000000, 0x00000000c4300000, 0x00000000eab00000)
  object space 68608K, 57% used [0x00000000c0000000,0x00000000c26c1cb8,0x00000000c4300000)
 Metaspace       used 58857K, committed 60096K, reserved 1114112K
  class space    used 7211K, committed 7744K, reserved 1048576K
}
Event: 181.995 GC heap after
{Heap after GC invocations=45 (full 3):
 PSYoungGen      total 15872K, used 436K [0x00000000eab00000, 0x00000000ebe80000, 0x0000000100000000)
  eden space 15360K, 0% used [0x00000000eab00000,0x00000000eab00000,0x00000000eba00000)
  from space 512K, 85% used [0x00000000ebe00000,0x00000000ebe6d2a0,0x00000000ebe80000)
  to   space 512K, 0% used [0x00000000ebd80000,0x00000000ebd80000,0x00000000ebe00000)
 ParOldGen       total 68608K, used 40094K [0x00000000c0000000, 0x00000000c4300000, 0x00000000eab00000)
  object space 68608K, 58% used [0x00000000c0000000,0x00000000c2727b78,0x00000000c4300000)
 Metaspace       used 58857K, committed 60096K, reserved 1114112K
  class space    used 7211K, committed 7744K, reserved 1048576K
}
Event: 182.060 GC heap before
{Heap before GC invocations=46 (full 3):
 PSYoungGen      total 15872K, used 15796K [0x00000000eab00000, 0x00000000ebe80000, 0x0000000100000000)
  eden space 15360K, 100% used [0x00000000eab00000,0x00000000eba00000,0x00000000eba00000)
  from space 512K, 85% used [0x00000000ebe00000,0x00000000ebe6d2a0,0x00000000ebe80000)
  to   space 512K, 0% used [0x00000000ebd80000,0x00000000ebd80000,0x00000000ebe00000)
 ParOldGen       total 68608K, used 40094K [0x00000000c0000000, 0x00000000c4300000, 0x00000000eab00000)
  object space 68608K, 58% used [0x00000000c0000000,0x00000000c2727b78,0x00000000c4300000)
 Metaspace       used 58857K, committed 60096K, reserved 1114112K
  class space    used 7211K, committed 7744K, reserved 1048576K
}
Event: 182.061 GC heap after
{Heap after GC invocations=46 (full 3):
 PSYoungGen      total 15872K, used 509K [0x00000000eab00000, 0x00000000ebe80000, 0x0000000100000000)
  eden space 15360K, 0% used [0x00000000eab00000,0x00000000eab00000,0x00000000eba00000)
  from space 512K, 99% used [0x00000000ebd80000,0x00000000ebdff418,0x00000000ebe00000)
  to   space 512K, 0% used [0x00000000ebe00000,0x00000000ebe00000,0x00000000ebe80000)
 ParOldGen       total 68608K, used 41048K [0x00000000c0000000, 0x00000000c4300000, 0x00000000eab00000)
  object space 68608K, 59% used [0x00000000c0000000,0x00000000c2816110,0x00000000c4300000)
 Metaspace       used 58857K, committed 60096K, reserved 1114112K
  class space    used 7211K, committed 7744K, reserved 1048576K
}
Event: 182.128 GC heap before
{Heap before GC invocations=47 (full 3):
 PSYoungGen      total 15872K, used 15869K [0x00000000eab00000, 0x00000000ebe80000, 0x0000000100000000)
  eden space 15360K, 100% used [0x00000000eab00000,0x00000000eba00000,0x00000000eba00000)
  from space 512K, 99% used [0x00000000ebd80000,0x00000000ebdff418,0x00000000ebe00000)
  to   space 512K, 0% used [0x00000000ebe00000,0x00000000ebe00000,0x00000000ebe80000)
 ParOldGen       total 68608K, used 41048K [0x00000000c0000000, 0x00000000c4300000, 0x00000000eab00000)
  object space 68608K, 59% used [0x00000000c0000000,0x00000000c2816110,0x00000000c4300000)
 Metaspace       used 58857K, committed 60096K, reserved 1114112K
  class space    used 7211K, committed 7744K, reserved 1048576K
}
Event: 182.129 GC heap after
{Heap after GC invocations=47 (full 3):
 PSYoungGen      total 15872K, used 481K [0x00000000eab00000, 0x00000000ebe80000, 0x0000000100000000)
  eden space 15360K, 0% used [0x00000000eab00000,0x00000000eab00000,0x00000000eba00000)
  from space 512K, 93% used [0x00000000ebe00000,0x00000000ebe78490,0x00000000ebe80000)
  to   space 1024K, 0% used [0x00000000ebc80000,0x00000000ebc80000,0x00000000ebd80000)
 ParOldGen       total 68608K, used 41120K [0x00000000c0000000, 0x00000000c4300000, 0x00000000eab00000)
  object space 68608K, 59% used [0x00000000c0000000,0x00000000c2828110,0x00000000c4300000)
 Metaspace       used 58857K, committed 60096K, reserved 1114112K
  class space    used 7211K, committed 7744K, reserved 1048576K
}
Event: 182.180 GC heap before
{Heap before GC invocations=48 (full 3):
 PSYoungGen      total 15872K, used 15841K [0x00000000eab00000, 0x00000000ebe80000, 0x0000000100000000)
  eden space 15360K, 100% used [0x00000000eab00000,0x00000000eba00000,0x00000000eba00000)
  from space 512K, 93% used [0x00000000ebe00000,0x00000000ebe78490,0x00000000ebe80000)
  to   space 1024K, 0% used [0x00000000ebc80000,0x00000000ebc80000,0x00000000ebd80000)
 ParOldGen       total 68608K, used 41120K [0x00000000c0000000, 0x00000000c4300000, 0x00000000eab00000)
  object space 68608K, 59% used [0x00000000c0000000,0x00000000c2828110,0x00000000c4300000)
 Metaspace       used 58857K, committed 60096K, reserved 1114112K
  class space    used 7211K, committed 7744K, reserved 1048576K
}
Event: 182.180 GC heap after
{Heap after GC invocations=48 (full 3):
 PSYoungGen      total 16384K, used 491K [0x00000000eab00000, 0x00000000ebe80000, 0x0000000100000000)
  eden space 15360K, 0% used [0x00000000eab00000,0x00000000eab00000,0x00000000eba00000)
  from space 1024K, 47% used [0x00000000ebc80000,0x00000000ebcfad40,0x00000000ebd80000)
  to   space 1024K, 0% used [0x00000000ebd80000,0x00000000ebd80000,0x00000000ebe80000)
 ParOldGen       total 68608K, used 41526K [0x00000000c0000000, 0x00000000c4300000, 0x00000000eab00000)
  object space 68608K, 60% used [0x00000000c0000000,0x00000000c288d8b8,0x00000000c4300000)
 Metaspace       used 58857K, committed 60096K, reserved 1114112K
  class space    used 7211K, committed 7744K, reserved 1048576K
}
Event: 182.860 GC heap before
{Heap before GC invocations=49 (full 3):
 PSYoungGen      total 16384K, used 15851K [0x00000000eab00000, 0x00000000ebe80000, 0x0000000100000000)
  eden space 15360K, 100% used [0x00000000eab00000,0x00000000eba00000,0x00000000eba00000)
  from space 1024K, 47% used [0x00000000ebc80000,0x00000000ebcfad40,0x00000000ebd80000)
  to   space 1024K, 0% used [0x00000000ebd80000,0x00000000ebd80000,0x00000000ebe80000)
 ParOldGen       total 68608K, used 41526K [0x00000000c0000000, 0x00000000c4300000, 0x00000000eab00000)
  object space 68608K, 60% used [0x00000000c0000000,0x00000000c288d8b8,0x00000000c4300000)
 Metaspace       used 60329K, committed 61632K, reserved 1114112K
  class space    used 7431K, committed 8000K, reserved 1048576K
}
Event: 182.861 GC heap after
{Heap after GC invocations=49 (full 3):
 PSYoungGen      total 16384K, used 736K [0x00000000eab00000, 0x00000000ebe80000, 0x0000000100000000)
  eden space 15360K, 0% used [0x00000000eab00000,0x00000000eab00000,0x00000000eba00000)
  from space 1024K, 71% used [0x00000000ebd80000,0x00000000ebe38010,0x00000000ebe80000)
  to   space 1024K, 0% used [0x00000000ebc80000,0x00000000ebc80000,0x00000000ebd80000)
 ParOldGen       total 68608K, used 41598K [0x00000000c0000000, 0x00000000c4300000, 0x00000000eab00000)
  object space 68608K, 60% used [0x00000000c0000000,0x00000000c289f8c8,0x00000000c4300000)
 Metaspace       used 60329K, committed 61632K, reserved 1114112K
  class space    used 7431K, committed 8000K, reserved 1048576K
}
Event: 188.614 GC heap before
{Heap before GC invocations=50 (full 3):
 PSYoungGen      total 16384K, used 16096K [0x00000000eab00000, 0x00000000ebe80000, 0x0000000100000000)
  eden space 15360K, 100% used [0x00000000eab00000,0x00000000eba00000,0x00000000eba00000)
  from space 1024K, 71% used [0x00000000ebd80000,0x00000000ebe38010,0x00000000ebe80000)
  to   space 1024K, 0% used [0x00000000ebc80000,0x00000000ebc80000,0x00000000ebd80000)
 ParOldGen       total 68608K, used 41598K [0x00000000c0000000, 0x00000000c4300000, 0x00000000eab00000)
  object space 68608K, 60% used [0x00000000c0000000,0x00000000c289f8c8,0x00000000c4300000)
 Metaspace       used 61746K, committed 63104K, reserved 1114112K
  class space    used 7641K, committed 8256K, reserved 1048576K
}
Event: 188.615 GC heap after
{Heap after GC invocations=50 (full 3):
 PSYoungGen      total 15872K, used 480K [0x00000000eab00000, 0x00000000ebe00000, 0x0000000100000000)
  eden space 15360K, 0% used [0x00000000eab00000,0x00000000eab00000,0x00000000eba00000)
  from space 512K, 93% used [0x00000000ebc80000,0x00000000ebcf8000,0x00000000ebd00000)
  to   space 1024K, 0% used [0x00000000ebd00000,0x00000000ebd00000,0x00000000ebe00000)
 ParOldGen       total 68608K, used 42181K [0x00000000c0000000, 0x00000000c4300000, 0x00000000eab00000)
  object space 68608K, 61% used [0x00000000c0000000,0x00000000c29315e8,0x00000000c4300000)
 Metaspace       used 61746K, committed 63104K, reserved 1114112K
  class space    used 7641K, committed 8256K, reserved 1048576K
}

