# JRE version: OpenJDK Runtime Environment Temurin-21.0.7+6 (21.0.7+6) (build 21.0.7+6-LTS)
# Java VM: OpenJDK 64-Bit Server VM Temurin-21.0.7+6 (21.0.7+6-LTS, mixed mode, sharing, tiered, compressed oops, compressed class ptrs, parallel gc, windows-amd64)
GC Precious Log:
 CardTable entry size: 512
 CPUs: 16 total, 16 available
 Memory: 16096M
 Large Page Support: Disabled
 NUMA Support: Disabled
 Compressed Oops: Enabled (32-bit)
 Alignments: Space 512K, Generation 512K, Heap 2M
 Heap Min Capacity: 100M
 Heap Initial Capacity: 100M
 Heap Max Capacity: 1G
 Pre-touch: Disabled
 Parallel Workers: 13
Heap:
 PSYoungGen      total 15872K, used 3389K [0x00000000eab00000, 0x00000000ebc00000, 0x0000000100000000)
  eden space 15360K, 19% used [0x00000000eab00000,0x00000000eaddf5b0,0x00000000eba00000)
  from space 512K, 87% used [0x00000000eba80000,0x00000000ebaf0000,0x00000000ebb00000)
  to   space 1024K, 0% used [0x00000000ebb00000,0x00000000ebb00000,0x00000000ebc00000)
 ParOldGen       total 68608K, used 41932K [0x00000000c0000000, 0x00000000c4300000, 0x00000000eab00000)
  object space 68608K, 61% used [0x00000000c0000000,0x00000000c28f3298,0x00000000c4300000)
 Metaspace       used 62362K, committed 63744K, reserved 1114112K
  class space    used 7717K, committed 8320K, reserved 1048576K
GC Heap History (20 events):
Event: 7.419 GC heap before
{Heap before GC invocations=41 (full 3):
 PSYoungGen      total 16384K, used 16381K [0x00000000eab00000, 0x00000000ebe80000, 0x0000000100000000)
  eden space 15360K, 100% used [0x00000000eab00000,0x00000000eba00000,0x00000000eba00000)
  from space 1024K, 99% used [0x00000000ebc80000,0x00000000ebd7f748,0x00000000ebd80000)
  to   space 1024K, 0% used [0x00000000ebd80000,0x00000000ebd80000,0x00000000ebe80000)
 ParOldGen       total 68608K, used 38638K [0x00000000c0000000, 0x00000000c4300000, 0x00000000eab00000)
  object space 68608K, 56% used [0x00000000c0000000,0x00000000c25bb9f0,0x00000000c4300000)
 Metaspace       used 58748K, committed 60032K, reserved 1114112K
  class space    used 7197K, committed 7744K, reserved 1048576K
}
Event: 7.420 GC heap after
{Heap after GC invocations=41 (full 3):
 PSYoungGen      total 16384K, used 1007K [0x00000000eab00000, 0x00000000ebe80000, 0x0000000100000000)
  eden space 15360K, 0% used [0x00000000eab00000,0x00000000eab00000,0x00000000eba00000)
  from space 1024K, 98% used [0x00000000ebd80000,0x00000000ebe7bf90,0x00000000ebe80000)
  to   space 1536K, 0% used [0x00000000ebb80000,0x00000000ebb80000,0x00000000ebd00000)
 ParOldGen       total 68608K, used 38742K [0x00000000c0000000, 0x00000000c4300000, 0x00000000eab00000)
  object space 68608K, 56% used [0x00000000c0000000,0x00000000c25d59f0,0x00000000c4300000)
 Metaspace       used 58748K, committed 60032K, reserved 1114112K
  class space    used 7197K, committed 7744K, reserved 1048576K
}
Event: 7.474 GC heap before
{Heap before GC invocations=42 (full 3):
 PSYoungGen      total 16384K, used 16358K [0x00000000eab00000, 0x00000000ebe80000, 0x0000000100000000)
  eden space 15360K, 99% used [0x00000000eab00000,0x00000000eb9fdb78,0x00000000eba00000)
  from space 1024K, 98% used [0x00000000ebd80000,0x00000000ebe7bf90,0x00000000ebe80000)
  to   space 1536K, 0% used [0x00000000ebb80000,0x00000000ebb80000,0x00000000ebd00000)
 ParOldGen       total 68608K, used 38742K [0x00000000c0000000, 0x00000000c4300000, 0x00000000eab00000)
  object space 68608K, 56% used [0x00000000c0000000,0x00000000c25d59f0,0x00000000c4300000)
 Metaspace       used 58748K, committed 60032K, reserved 1114112K
  class space    used 7197K, committed 7744K, reserved 1048576K
}
Event: 7.475 GC heap after
{Heap after GC invocations=42 (full 3):
 PSYoungGen      total 16896K, used 309K [0x00000000eab00000, 0x00000000ebe00000, 0x0000000100000000)
  eden space 15360K, 0% used [0x00000000eab00000,0x00000000eab00000,0x00000000eba00000)
  from space 1536K, 20% used [0x00000000ebb80000,0x00000000ebbcd4c0,0x00000000ebd00000)
  to   space 1024K, 0% used [0x00000000ebd00000,0x00000000ebd00000,0x00000000ebe00000)
 ParOldGen       total 68608K, used 38814K [0x00000000c0000000, 0x00000000c4300000, 0x00000000eab00000)
  object space 68608K, 56% used [0x00000000c0000000,0x00000000c25e7a00,0x00000000c4300000)
 Metaspace       used 58748K, committed 60032K, reserved 1114112K
  class space    used 7197K, committed 7744K, reserved 1048576K
}
Event: 7.526 GC heap before
{Heap before GC invocations=43 (full 3):
 PSYoungGen      total 16896K, used 15669K [0x00000000eab00000, 0x00000000ebe00000, 0x0000000100000000)
  eden space 15360K, 100% used [0x00000000eab00000,0x00000000eba00000,0x00000000eba00000)
  from space 1536K, 20% used [0x00000000ebb80000,0x00000000ebbcd4c0,0x00000000ebd00000)
  to   space 1024K, 0% used [0x00000000ebd00000,0x00000000ebd00000,0x00000000ebe00000)
 ParOldGen       total 68608K, used 38814K [0x00000000c0000000, 0x00000000c4300000, 0x00000000eab00000)
  object space 68608K, 56% used [0x00000000c0000000,0x00000000c25e7a00,0x00000000c4300000)
 Metaspace       used 58749K, committed 60032K, reserved 1114112K
  class space    used 7197K, committed 7744K, reserved 1048576K
}
Event: 7.527 GC heap after
{Heap after GC invocations=43 (full 3):
 PSYoungGen      total 16384K, used 1010K [0x00000000eab00000, 0x00000000ebe00000, 0x0000000100000000)
  eden space 15360K, 0% used [0x00000000eab00000,0x00000000eab00000,0x00000000eba00000)
  from space 1024K, 98% used [0x00000000ebd00000,0x00000000ebdfc990,0x00000000ebe00000)
  to   space 1536K, 0% used [0x00000000ebb00000,0x00000000ebb00000,0x00000000ebc80000)
 ParOldGen       total 68608K, used 39127K [0x00000000c0000000, 0x00000000c4300000, 0x00000000eab00000)
  object space 68608K, 57% used [0x00000000c0000000,0x00000000c2635dd0,0x00000000c4300000)
 Metaspace       used 58749K, committed 60032K, reserved 1114112K
  class space    used 7197K, committed 7744K, reserved 1048576K
}
Event: 7.580 GC heap before
{Heap before GC invocations=44 (full 3):
 PSYoungGen      total 16384K, used 16370K [0x00000000eab00000, 0x00000000ebe00000, 0x0000000100000000)
  eden space 15360K, 100% used [0x00000000eab00000,0x00000000eba00000,0x00000000eba00000)
  from space 1024K, 98% used [0x00000000ebd00000,0x00000000ebdfc990,0x00000000ebe00000)
  to   space 1536K, 0% used [0x00000000ebb00000,0x00000000ebb00000,0x00000000ebc80000)
 ParOldGen       total 68608K, used 39127K [0x00000000c0000000, 0x00000000c4300000, 0x00000000eab00000)
  object space 68608K, 57% used [0x00000000c0000000,0x00000000c2635dd0,0x00000000c4300000)
 Metaspace       used 58752K, committed 60032K, reserved 1114112K
  class space    used 7197K, committed 7744K, reserved 1048576K
}
Event: 7.581 GC heap after
{Heap after GC invocations=44 (full 3):
 PSYoungGen      total 16384K, used 928K [0x00000000eab00000, 0x00000000ebd80000, 0x0000000100000000)
  eden space 15360K, 0% used [0x00000000eab00000,0x00000000eab00000,0x00000000eba00000)
  from space 1024K, 90% used [0x00000000ebb00000,0x00000000ebbe8070,0x00000000ebc00000)
  to   space 1536K, 0% used [0x00000000ebc00000,0x00000000ebc00000,0x00000000ebd80000)
 ParOldGen       total 68608K, used 39215K [0x00000000c0000000, 0x00000000c4300000, 0x00000000eab00000)
  object space 68608K, 57% used [0x00000000c0000000,0x00000000c264bdd0,0x00000000c4300000)
 Metaspace       used 58752K, committed 60032K, reserved 1114112K
  class space    used 7197K, committed 7744K, reserved 1048576K
}
Event: 7.632 GC heap before
{Heap before GC invocations=45 (full 3):
 PSYoungGen      total 16384K, used 16288K [0x00000000eab00000, 0x00000000ebd80000, 0x0000000100000000)
  eden space 15360K, 100% used [0x00000000eab00000,0x00000000eba00000,0x00000000eba00000)
  from space 1024K, 90% used [0x00000000ebb00000,0x00000000ebbe8070,0x00000000ebc00000)
  to   space 1536K, 0% used [0x00000000ebc00000,0x00000000ebc00000,0x00000000ebd80000)
 ParOldGen       total 68608K, used 39215K [0x00000000c0000000, 0x00000000c4300000, 0x00000000eab00000)
  object space 68608K, 57% used [0x00000000c0000000,0x00000000c264bdd0,0x00000000c4300000)
 Metaspace       used 58752K, committed 60032K, reserved 1114112K
  class space    used 7197K, committed 7744K, reserved 1048576K
}
Event: 7.633 GC heap after
{Heap after GC invocations=45 (full 3):
 PSYoungGen      total 15872K, used 224K [0x00000000eab00000, 0x00000000ebc80000, 0x0000000100000000)
  eden space 15360K, 0% used [0x00000000eab00000,0x00000000eab00000,0x00000000eba00000)
  from space 512K, 43% used [0x00000000ebc00000,0x00000000ebc38000,0x00000000ebc80000)
  to   space 512K, 0% used [0x00000000ebb80000,0x00000000ebb80000,0x00000000ebc00000)
 ParOldGen       total 68608K, used 39295K [0x00000000c0000000, 0x00000000c4300000, 0x00000000eab00000)
  object space 68608K, 57% used [0x00000000c0000000,0x00000000c265fde0,0x00000000c4300000)
 Metaspace       used 58752K, committed 60032K, reserved 1114112K
  class space    used 7197K, committed 7744K, reserved 1048576K
}
Event: 7.679 GC heap before
{Heap before GC invocations=46 (full 3):
 PSYoungGen      total 15872K, used 15580K [0x00000000eab00000, 0x00000000ebc80000, 0x0000000100000000)
  eden space 15360K, 99% used [0x00000000eab00000,0x00000000eb9ff340,0x00000000eba00000)
  from space 512K, 43% used [0x00000000ebc00000,0x00000000ebc38000,0x00000000ebc80000)
  to   space 512K, 0% used [0x00000000ebb80000,0x00000000ebb80000,0x00000000ebc00000)
 ParOldGen       total 68608K, used 39295K [0x00000000c0000000, 0x00000000c4300000, 0x00000000eab00000)
  object space 68608K, 57% used [0x00000000c0000000,0x00000000c265fde0,0x00000000c4300000)
 Metaspace       used 58752K, committed 60032K, reserved 1114112K
  class space    used 7197K, committed 7744K, reserved 1048576K
}
Event: 7.680 GC heap after
{Heap after GC invocations=46 (full 3):
 PSYoungGen      total 15872K, used 503K [0x00000000eab00000, 0x00000000ebe00000, 0x0000000100000000)
  eden space 15360K, 0% used [0x00000000eab00000,0x00000000eab00000,0x00000000eba00000)
  from space 512K, 98% used [0x00000000ebb80000,0x00000000ebbfdc80,0x00000000ebc00000)
  to   space 2048K, 0% used [0x00000000ebc00000,0x00000000ebc00000,0x00000000ebe00000)
 ParOldGen       total 68608K, used 40169K [0x00000000c0000000, 0x00000000c4300000, 0x00000000eab00000)
  object space 68608K, 58% used [0x00000000c0000000,0x00000000c273a628,0x00000000c4300000)
 Metaspace       used 58752K, committed 60032K, reserved 1114112K
  class space    used 7197K, committed 7744K, reserved 1048576K
}
Event: 7.726 GC heap before
{Heap before GC invocations=47 (full 3):
 PSYoungGen      total 15872K, used 15863K [0x00000000eab00000, 0x00000000ebe00000, 0x0000000100000000)
  eden space 15360K, 100% used [0x00000000eab00000,0x00000000eba00000,0x00000000eba00000)
  from space 512K, 98% used [0x00000000ebb80000,0x00000000ebbfdc80,0x00000000ebc00000)
  to   space 2048K, 0% used [0x00000000ebc00000,0x00000000ebc00000,0x00000000ebe00000)
 ParOldGen       total 68608K, used 40169K [0x00000000c0000000, 0x00000000c4300000, 0x00000000eab00000)
  object space 68608K, 58% used [0x00000000c0000000,0x00000000c273a628,0x00000000c4300000)
 Metaspace       used 58752K, committed 60032K, reserved 1114112K
  class space    used 7197K, committed 7744K, reserved 1048576K
}
Event: 7.727 GC heap after
{Heap after GC invocations=47 (full 3):
 PSYoungGen      total 16384K, used 873K [0x00000000eab00000, 0x00000000ebd00000, 0x0000000100000000)
  eden space 15360K, 0% used [0x00000000eab00000,0x00000000eab00000,0x00000000eba00000)
  from space 1024K, 85% used [0x00000000ebc00000,0x00000000ebcda5e8,0x00000000ebd00000)
  to   space 1536K, 0% used [0x00000000eba00000,0x00000000eba00000,0x00000000ebb80000)
 ParOldGen       total 68608K, used 40249K [0x00000000c0000000, 0x00000000c4300000, 0x00000000eab00000)
  object space 68608K, 58% used [0x00000000c0000000,0x00000000c274e628,0x00000000c4300000)
 Metaspace       used 58752K, committed 60032K, reserved 1114112K
  class space    used 7197K, committed 7744K, reserved 1048576K
}
Event: 7.771 GC heap before
{Heap before GC invocations=48 (full 3):
 PSYoungGen      total 16384K, used 16233K [0x00000000eab00000, 0x00000000ebd00000, 0x0000000100000000)
  eden space 15360K, 100% used [0x00000000eab00000,0x00000000eba00000,0x00000000eba00000)
  from space 1024K, 85% used [0x00000000ebc00000,0x00000000ebcda5e8,0x00000000ebd00000)
  to   space 1536K, 0% used [0x00000000eba00000,0x00000000eba00000,0x00000000ebb80000)
 ParOldGen       total 68608K, used 40249K [0x00000000c0000000, 0x00000000c4300000, 0x00000000eab00000)
  object space 68608K, 58% used [0x00000000c0000000,0x00000000c274e628,0x00000000c4300000)
 Metaspace       used 58761K, committed 60032K, reserved 1114112K
  class space    used 7197K, committed 7744K, reserved 1048576K
}
Event: 7.772 GC heap after
{Heap after GC invocations=48 (full 3):
 PSYoungGen      total 16896K, used 384K [0x00000000eab00000, 0x00000000ebc80000, 0x0000000100000000)
  eden space 15360K, 0% used [0x00000000eab00000,0x00000000eab00000,0x00000000eba00000)
  from space 1536K, 25% used [0x00000000eba00000,0x00000000eba60000,0x00000000ebb80000)
  to   space 1024K, 0% used [0x00000000ebb80000,0x00000000ebb80000,0x00000000ebc80000)
 ParOldGen       total 68608K, used 40464K [0x00000000c0000000, 0x00000000c4300000, 0x00000000eab00000)
  object space 68608K, 58% used [0x00000000c0000000,0x00000000c2784058,0x00000000c4300000)
 Metaspace       used 58761K, committed 60032K, reserved 1114112K
  class space    used 7197K, committed 7744K, reserved 1048576K
}
Event: 7.892 GC heap before
{Heap before GC invocations=49 (full 3):
 PSYoungGen      total 16896K, used 15744K [0x00000000eab00000, 0x00000000ebc80000, 0x0000000100000000)
  eden space 15360K, 100% used [0x00000000eab00000,0x00000000eba00000,0x00000000eba00000)
  from space 1536K, 25% used [0x00000000eba00000,0x00000000eba60000,0x00000000ebb80000)
  to   space 1024K, 0% used [0x00000000ebb80000,0x00000000ebb80000,0x00000000ebc80000)
 ParOldGen       total 68608K, used 40464K [0x00000000c0000000, 0x00000000c4300000, 0x00000000eab00000)
  object space 68608K, 58% used [0x00000000c0000000,0x00000000c2784058,0x00000000c4300000)
 Metaspace       used 60470K, committed 61824K, reserved 1114112K
  class space    used 7461K, committed 8064K, reserved 1048576K
}
Event: 7.893 GC heap after
{Heap after GC invocations=49 (full 3):
 PSYoungGen      total 16384K, used 800K [0x00000000eab00000, 0x00000000ebc80000, 0x0000000100000000)
  eden space 15360K, 0% used [0x00000000eab00000,0x00000000eab00000,0x00000000eba00000)
  from space 1024K, 78% used [0x00000000ebb80000,0x00000000ebc48010,0x00000000ebc80000)
  to   space 1024K, 0% used [0x00000000eba80000,0x00000000eba80000,0x00000000ebb80000)
 ParOldGen       total 68608K, used 40536K [0x00000000c0000000, 0x00000000c4300000, 0x00000000eab00000)
  object space 68608K, 59% used [0x00000000c0000000,0x00000000c2796068,0x00000000c4300000)
 Metaspace       used 60470K, committed 61824K, reserved 1114112K
  class space    used 7461K, committed 8064K, reserved 1048576K
}
Event: 9.214 GC heap before
{Heap before GC invocations=50 (full 3):
 PSYoungGen      total 16384K, used 16160K [0x00000000eab00000, 0x00000000ebc80000, 0x0000000100000000)
  eden space 15360K, 100% used [0x00000000eab00000,0x00000000eba00000,0x00000000eba00000)
  from space 1024K, 78% used [0x00000000ebb80000,0x00000000ebc48010,0x00000000ebc80000)
  to   space 1024K, 0% used [0x00000000eba80000,0x00000000eba80000,0x00000000ebb80000)
 ParOldGen       total 68608K, used 40536K [0x00000000c0000000, 0x00000000c4300000, 0x00000000eab00000)
  object space 68608K, 59% used [0x00000000c0000000,0x00000000c2796068,0x00000000c4300000)
 Metaspace       used 61896K, committed 63232K, reserved 1114112K
  class space    used 7655K, committed 8256K, reserved 1048576K
}
Event: 9.216 GC heap after
{Heap after GC invocations=50 (full 3):
 PSYoungGen      total 15872K, used 448K [0x00000000eab00000, 0x00000000ebc00000, 0x0000000100000000)
  eden space 15360K, 0% used [0x00000000eab00000,0x00000000eab00000,0x00000000eba00000)
  from space 512K, 87% used [0x00000000eba80000,0x00000000ebaf0000,0x00000000ebb00000)
  to   space 1024K, 0% used [0x00000000ebb00000,0x00000000ebb00000,0x00000000ebc00000)
 ParOldGen       total 68608K, used 41932K [0x00000000c0000000, 0x00000000c4300000, 0x00000000eab00000)
  object space 68608K, 61% used [0x00000000c0000000,0x00000000c28f3298,0x00000000c4300000)
 Metaspace       used 61896K, committed 63232K, reserved 1114112K
  class space    used 7655K, committed 8256K, reserved 1048576K
}

