# JRE version: OpenJDK Runtime Environment Temurin-21.0.7+6 (21.0.7+6) (build 21.0.7+6-LTS)
# Java VM: OpenJDK 64-Bit Server VM Temurin-21.0.7+6 (21.0.7+6-LTS, mixed mode, sharing, tiered, compressed oops, compressed class ptrs, parallel gc, windows-amd64)
GC Precious Log:
 CardTable entry size: 512
 CPUs: 16 total, 16 available
 Memory: 16096M
 Large Page Support: Disabled
 NUMA Support: Disabled
 Compressed Oops: Enabled (32-bit)
 Alignments: Space 512K, Generation 512K, Heap 2M
 Heap Min Capacity: 100M
 Heap Initial Capacity: 100M
 Heap Max Capacity: 1G
 Pre-touch: Disabled
 Parallel Workers: 13
Heap:
 PSYoungGen      total 15872K, used 11353K [0x00000000eab00000, 0x00000000ebc00000, 0x0000000100000000)
  eden space 14848K, 71% used [0x00000000eab00000,0x00000000eb566770,0x00000000eb980000)
  from space 1024K, 68% used [0x00000000eba00000,0x00000000ebab0010,0x00000000ebb00000)
  to   space 1024K, 0% used [0x00000000ebb00000,0x00000000ebb00000,0x00000000ebc00000)
 ParOldGen       total 68608K, used 40849K [0x00000000c0000000, 0x00000000c4300000, 0x00000000eab00000)
  object space 68608K, 59% used [0x00000000c0000000,0x00000000c27e4680,0x00000000c4300000)
 Metaspace       used 62444K, committed 63872K, reserved 1114112K
  class space    used 7714K, committed 8320K, reserved 1048576K
GC Heap History (20 events):
Event: 5.945 GC heap before
{Heap before GC invocations=41 (full 3):
 PSYoungGen      total 15872K, used 15867K [0x00000000eab00000, 0x00000000ebf00000, 0x0000000100000000)
  eden space 14848K, 100% used [0x00000000eab00000,0x00000000eb980000,0x00000000eb980000)
  from space 1024K, 99% used [0x00000000ebd00000,0x00000000ebdfec50,0x00000000ebe00000)
  to   space 1024K, 0% used [0x00000000ebe00000,0x00000000ebe00000,0x00000000ebf00000)
 ParOldGen       total 68608K, used 38376K [0x00000000c0000000, 0x00000000c4300000, 0x00000000eab00000)
  object space 68608K, 55% used [0x00000000c0000000,0x00000000c257a1f0,0x00000000c4300000)
 Metaspace       used 58847K, committed 60096K, reserved 1114112K
  class space    used 7196K, committed 7744K, reserved 1048576K
}
Event: 5.945 GC heap after
{Heap after GC invocations=41 (full 3):
 PSYoungGen      total 15360K, used 448K [0x00000000eab00000, 0x00000000ebe80000, 0x0000000100000000)
  eden space 14848K, 0% used [0x00000000eab00000,0x00000000eab00000,0x00000000eb980000)
  from space 512K, 87% used [0x00000000ebe00000,0x00000000ebe70000,0x00000000ebe80000)
  to   space 1024K, 0% used [0x00000000ebc80000,0x00000000ebc80000,0x00000000ebd80000)
 ParOldGen       total 68608K, used 38448K [0x00000000c0000000, 0x00000000c4300000, 0x00000000eab00000)
  object space 68608K, 56% used [0x00000000c0000000,0x00000000c258c1f0,0x00000000c4300000)
 Metaspace       used 58847K, committed 60096K, reserved 1114112K
  class space    used 7196K, committed 7744K, reserved 1048576K
}
Event: 5.995 GC heap before
{Heap before GC invocations=42 (full 3):
 PSYoungGen      total 15360K, used 15296K [0x00000000eab00000, 0x00000000ebe80000, 0x0000000100000000)
  eden space 14848K, 100% used [0x00000000eab00000,0x00000000eb980000,0x00000000eb980000)
  from space 512K, 87% used [0x00000000ebe00000,0x00000000ebe70000,0x00000000ebe80000)
  to   space 1024K, 0% used [0x00000000ebc80000,0x00000000ebc80000,0x00000000ebd80000)
 ParOldGen       total 68608K, used 38448K [0x00000000c0000000, 0x00000000c4300000, 0x00000000eab00000)
  object space 68608K, 56% used [0x00000000c0000000,0x00000000c258c1f0,0x00000000c4300000)
 Metaspace       used 58847K, committed 60096K, reserved 1114112K
  class space    used 7196K, committed 7744K, reserved 1048576K
}
Event: 5.995 GC heap after
{Heap after GC invocations=42 (full 3):
 PSYoungGen      total 15872K, used 564K [0x00000000eab00000, 0x00000000ebe80000, 0x0000000100000000)
  eden space 14848K, 0% used [0x00000000eab00000,0x00000000eab00000,0x00000000eb980000)
  from space 1024K, 55% used [0x00000000ebc80000,0x00000000ebd0d2a0,0x00000000ebd80000)
  to   space 1024K, 0% used [0x00000000ebd80000,0x00000000ebd80000,0x00000000ebe80000)
 ParOldGen       total 68608K, used 38822K [0x00000000c0000000, 0x00000000c4300000, 0x00000000eab00000)
  object space 68608K, 56% used [0x00000000c0000000,0x00000000c25e9998,0x00000000c4300000)
 Metaspace       used 58847K, committed 60096K, reserved 1114112K
  class space    used 7196K, committed 7744K, reserved 1048576K
}
Event: 6.057 GC heap before
{Heap before GC invocations=43 (full 3):
 PSYoungGen      total 15872K, used 15412K [0x00000000eab00000, 0x00000000ebe80000, 0x0000000100000000)
  eden space 14848K, 100% used [0x00000000eab00000,0x00000000eb980000,0x00000000eb980000)
  from space 1024K, 55% used [0x00000000ebc80000,0x00000000ebd0d2a0,0x00000000ebd80000)
  to   space 1024K, 0% used [0x00000000ebd80000,0x00000000ebd80000,0x00000000ebe80000)
 ParOldGen       total 68608K, used 38822K [0x00000000c0000000, 0x00000000c4300000, 0x00000000eab00000)
  object space 68608K, 56% used [0x00000000c0000000,0x00000000c25e9998,0x00000000c4300000)
 Metaspace       used 58848K, committed 60096K, reserved 1114112K
  class space    used 7196K, committed 7744K, reserved 1048576K
}
Event: 6.059 GC heap after
{Heap after GC invocations=43 (full 3):
 PSYoungGen      total 15872K, used 1009K [0x00000000eab00000, 0x00000000ebe80000, 0x0000000100000000)
  eden space 14848K, 0% used [0x00000000eab00000,0x00000000eab00000,0x00000000eb980000)
  from space 1024K, 98% used [0x00000000ebd80000,0x00000000ebe7c630,0x00000000ebe80000)
  to   space 1536K, 0% used [0x00000000ebb80000,0x00000000ebb80000,0x00000000ebd00000)
 ParOldGen       total 68608K, used 39097K [0x00000000c0000000, 0x00000000c4300000, 0x00000000eab00000)
  object space 68608K, 56% used [0x00000000c0000000,0x00000000c262e5d0,0x00000000c4300000)
 Metaspace       used 58848K, committed 60096K, reserved 1114112K
  class space    used 7196K, committed 7744K, reserved 1048576K
}
Event: 6.125 GC heap before
{Heap before GC invocations=44 (full 3):
 PSYoungGen      total 15872K, used 15857K [0x00000000eab00000, 0x00000000ebe80000, 0x0000000100000000)
  eden space 14848K, 100% used [0x00000000eab00000,0x00000000eb980000,0x00000000eb980000)
  from space 1024K, 98% used [0x00000000ebd80000,0x00000000ebe7c630,0x00000000ebe80000)
  to   space 1536K, 0% used [0x00000000ebb80000,0x00000000ebb80000,0x00000000ebd00000)
 ParOldGen       total 68608K, used 39097K [0x00000000c0000000, 0x00000000c4300000, 0x00000000eab00000)
  object space 68608K, 56% used [0x00000000c0000000,0x00000000c262e5d0,0x00000000c4300000)
 Metaspace       used 58848K, committed 60096K, reserved 1114112K
  class space    used 7196K, committed 7744K, reserved 1048576K
}
Event: 6.125 GC heap after
{Heap after GC invocations=44 (full 3):
 PSYoungGen      total 16384K, used 362K [0x00000000eab00000, 0x00000000ebe00000, 0x0000000100000000)
  eden space 14848K, 0% used [0x00000000eab00000,0x00000000eab00000,0x00000000eb980000)
  from space 1536K, 23% used [0x00000000ebb80000,0x00000000ebbda9a0,0x00000000ebd00000)
  to   space 1024K, 0% used [0x00000000ebd00000,0x00000000ebd00000,0x00000000ebe00000)
 ParOldGen       total 68608K, used 39169K [0x00000000c0000000, 0x00000000c4300000, 0x00000000eab00000)
  object space 68608K, 57% used [0x00000000c0000000,0x00000000c26405d0,0x00000000c4300000)
 Metaspace       used 58848K, committed 60096K, reserved 1114112K
  class space    used 7196K, committed 7744K, reserved 1048576K
}
Event: 6.177 GC heap before
{Heap before GC invocations=45 (full 3):
 PSYoungGen      total 16384K, used 15210K [0x00000000eab00000, 0x00000000ebe00000, 0x0000000100000000)
  eden space 14848K, 100% used [0x00000000eab00000,0x00000000eb980000,0x00000000eb980000)
  from space 1536K, 23% used [0x00000000ebb80000,0x00000000ebbda9a0,0x00000000ebd00000)
  to   space 1024K, 0% used [0x00000000ebd00000,0x00000000ebd00000,0x00000000ebe00000)
 ParOldGen       total 68608K, used 39169K [0x00000000c0000000, 0x00000000c4300000, 0x00000000eab00000)
  object space 68608K, 57% used [0x00000000c0000000,0x00000000c26405d0,0x00000000c4300000)
 Metaspace       used 58848K, committed 60096K, reserved 1114112K
  class space    used 7196K, committed 7744K, reserved 1048576K
}
Event: 6.178 GC heap after
{Heap after GC invocations=45 (full 3):
 PSYoungGen      total 15872K, used 993K [0x00000000eab00000, 0x00000000ebe00000, 0x0000000100000000)
  eden space 14848K, 0% used [0x00000000eab00000,0x00000000eab00000,0x00000000eb980000)
  from space 1024K, 96% used [0x00000000ebd00000,0x00000000ebdf8428,0x00000000ebe00000)
  to   space 1536K, 0% used [0x00000000ebb00000,0x00000000ebb00000,0x00000000ebc80000)
 ParOldGen       total 68608K, used 39353K [0x00000000c0000000, 0x00000000c4300000, 0x00000000eab00000)
  object space 68608K, 57% used [0x00000000c0000000,0x00000000c266e410,0x00000000c4300000)
 Metaspace       used 58848K, committed 60096K, reserved 1114112K
  class space    used 7196K, committed 7744K, reserved 1048576K
}
Event: 6.228 GC heap before
{Heap before GC invocations=46 (full 3):
 PSYoungGen      total 15872K, used 15841K [0x00000000eab00000, 0x00000000ebe00000, 0x0000000100000000)
  eden space 14848K, 100% used [0x00000000eab00000,0x00000000eb980000,0x00000000eb980000)
  from space 1024K, 96% used [0x00000000ebd00000,0x00000000ebdf8428,0x00000000ebe00000)
  to   space 1536K, 0% used [0x00000000ebb00000,0x00000000ebb00000,0x00000000ebc80000)
 ParOldGen       total 68608K, used 39353K [0x00000000c0000000, 0x00000000c4300000, 0x00000000eab00000)
  object space 68608K, 57% used [0x00000000c0000000,0x00000000c266e410,0x00000000c4300000)
 Metaspace       used 58848K, committed 60096K, reserved 1114112K
  class space    used 7196K, committed 7744K, reserved 1048576K
}
Event: 6.229 GC heap after
{Heap after GC invocations=46 (full 3):
 PSYoungGen      total 15872K, used 979K [0x00000000eab00000, 0x00000000ebd80000, 0x0000000100000000)
  eden space 14848K, 0% used [0x00000000eab00000,0x00000000eab00000,0x00000000eb980000)
  from space 1024K, 95% used [0x00000000ebb00000,0x00000000ebbf4f10,0x00000000ebc00000)
  to   space 1536K, 0% used [0x00000000ebc00000,0x00000000ebc00000,0x00000000ebd80000)
 ParOldGen       total 68608K, used 39417K [0x00000000c0000000, 0x00000000c4300000, 0x00000000eab00000)
  object space 68608K, 57% used [0x00000000c0000000,0x00000000c267e420,0x00000000c4300000)
 Metaspace       used 58848K, committed 60096K, reserved 1114112K
  class space    used 7196K, committed 7744K, reserved 1048576K
}
Event: 6.279 GC heap before
{Heap before GC invocations=47 (full 3):
 PSYoungGen      total 15872K, used 15827K [0x00000000eab00000, 0x00000000ebd80000, 0x0000000100000000)
  eden space 14848K, 100% used [0x00000000eab00000,0x00000000eb980000,0x00000000eb980000)
  from space 1024K, 95% used [0x00000000ebb00000,0x00000000ebbf4f10,0x00000000ebc00000)
  to   space 1536K, 0% used [0x00000000ebc00000,0x00000000ebc00000,0x00000000ebd80000)
 ParOldGen       total 68608K, used 39417K [0x00000000c0000000, 0x00000000c4300000, 0x00000000eab00000)
  object space 68608K, 57% used [0x00000000c0000000,0x00000000c267e420,0x00000000c4300000)
 Metaspace       used 58848K, committed 60096K, reserved 1114112K
  class space    used 7196K, committed 7744K, reserved 1048576K
}
Event: 6.279 GC heap after
{Heap after GC invocations=47 (full 3):
 PSYoungGen      total 15360K, used 352K [0x00000000eab00000, 0x00000000ebc80000, 0x0000000100000000)
  eden space 14848K, 0% used [0x00000000eab00000,0x00000000eab00000,0x00000000eb980000)
  from space 512K, 68% used [0x00000000ebc00000,0x00000000ebc58000,0x00000000ebc80000)
  to   space 1024K, 0% used [0x00000000eba80000,0x00000000eba80000,0x00000000ebb80000)
 ParOldGen       total 68608K, used 39497K [0x00000000c0000000, 0x00000000c4300000, 0x00000000eab00000)
  object space 68608K, 57% used [0x00000000c0000000,0x00000000c2692420,0x00000000c4300000)
 Metaspace       used 58848K, committed 60096K, reserved 1114112K
  class space    used 7196K, committed 7744K, reserved 1048576K
}
Event: 6.324 GC heap before
{Heap before GC invocations=48 (full 3):
 PSYoungGen      total 15360K, used 15200K [0x00000000eab00000, 0x00000000ebc80000, 0x0000000100000000)
  eden space 14848K, 100% used [0x00000000eab00000,0x00000000eb980000,0x00000000eb980000)
  from space 512K, 68% used [0x00000000ebc00000,0x00000000ebc58000,0x00000000ebc80000)
  to   space 1024K, 0% used [0x00000000eba80000,0x00000000eba80000,0x00000000ebb80000)
 ParOldGen       total 68608K, used 39497K [0x00000000c0000000, 0x00000000c4300000, 0x00000000eab00000)
  object space 68608K, 57% used [0x00000000c0000000,0x00000000c2692420,0x00000000c4300000)
 Metaspace       used 58848K, committed 60096K, reserved 1114112K
  class space    used 7196K, committed 7744K, reserved 1048576K
}
Event: 6.325 GC heap after
{Heap after GC invocations=48 (full 3):
 PSYoungGen      total 15872K, used 1005K [0x00000000eab00000, 0x00000000ebc80000, 0x0000000100000000)
  eden space 14848K, 0% used [0x00000000eab00000,0x00000000eab00000,0x00000000eb980000)
  from space 1024K, 98% used [0x00000000eba80000,0x00000000ebb7b720,0x00000000ebb80000)
  to   space 1024K, 0% used [0x00000000ebb80000,0x00000000ebb80000,0x00000000ebc80000)
 ParOldGen       total 68608K, used 39629K [0x00000000c0000000, 0x00000000c4300000, 0x00000000eab00000)
  object space 68608K, 57% used [0x00000000c0000000,0x00000000c26b3450,0x00000000c4300000)
 Metaspace       used 58848K, committed 60096K, reserved 1114112K
  class space    used 7196K, committed 7744K, reserved 1048576K
}
Event: 6.424 GC heap before
{Heap before GC invocations=49 (full 3):
 PSYoungGen      total 15872K, used 15853K [0x00000000eab00000, 0x00000000ebc80000, 0x0000000100000000)
  eden space 14848K, 100% used [0x00000000eab00000,0x00000000eb980000,0x00000000eb980000)
  from space 1024K, 98% used [0x00000000eba80000,0x00000000ebb7b720,0x00000000ebb80000)
  to   space 1024K, 0% used [0x00000000ebb80000,0x00000000ebb80000,0x00000000ebc80000)
 ParOldGen       total 68608K, used 39629K [0x00000000c0000000, 0x00000000c4300000, 0x00000000eab00000)
  object space 68608K, 57% used [0x00000000c0000000,0x00000000c26b3450,0x00000000c4300000)
 Metaspace       used 59929K, committed 61248K, reserved 1114112K
  class space    used 7350K, committed 7936K, reserved 1048576K
}
Event: 6.426 GC heap after
{Heap after GC invocations=49 (full 3):
 PSYoungGen      total 15360K, used 480K [0x00000000eab00000, 0x00000000ebc00000, 0x0000000100000000)
  eden space 14848K, 0% used [0x00000000eab00000,0x00000000eab00000,0x00000000eb980000)
  from space 512K, 93% used [0x00000000ebb80000,0x00000000ebbf8000,0x00000000ebc00000)
  to   space 1024K, 0% used [0x00000000eba00000,0x00000000eba00000,0x00000000ebb00000)
 ParOldGen       total 68608K, used 39717K [0x00000000c0000000, 0x00000000c4300000, 0x00000000eab00000)
  object space 68608K, 57% used [0x00000000c0000000,0x00000000c26c9450,0x00000000c4300000)
 Metaspace       used 59929K, committed 61248K, reserved 1114112K
  class space    used 7350K, committed 7936K, reserved 1048576K
}
Event: 6.565 GC heap before
{Heap before GC invocations=50 (full 3):
 PSYoungGen      total 15360K, used 15328K [0x00000000eab00000, 0x00000000ebc00000, 0x0000000100000000)
  eden space 14848K, 100% used [0x00000000eab00000,0x00000000eb980000,0x00000000eb980000)
  from space 512K, 93% used [0x00000000ebb80000,0x00000000ebbf8000,0x00000000ebc00000)
  to   space 1024K, 0% used [0x00000000eba00000,0x00000000eba00000,0x00000000ebb00000)
 ParOldGen       total 68608K, used 39717K [0x00000000c0000000, 0x00000000c4300000, 0x00000000eab00000)
  object space 68608K, 57% used [0x00000000c0000000,0x00000000c26c9450,0x00000000c4300000)
 Metaspace       used 61391K, committed 62784K, reserved 1114112K
  class space    used 7586K, committed 8192K, reserved 1048576K
}
Event: 6.566 GC heap after
{Heap after GC invocations=50 (full 3):
 PSYoungGen      total 15872K, used 704K [0x00000000eab00000, 0x00000000ebc00000, 0x0000000100000000)
  eden space 14848K, 0% used [0x00000000eab00000,0x00000000eab00000,0x00000000eb980000)
  from space 1024K, 68% used [0x00000000eba00000,0x00000000ebab0010,0x00000000ebb00000)
  to   space 1024K, 0% used [0x00000000ebb00000,0x00000000ebb00000,0x00000000ebc00000)
 ParOldGen       total 68608K, used 40849K [0x00000000c0000000, 0x00000000c4300000, 0x00000000eab00000)
  object space 68608K, 59% used [0x00000000c0000000,0x00000000c27e4680,0x00000000c4300000)
 Metaspace       used 61391K, committed 62784K, reserved 1114112K
  class space    used 7586K, committed 8192K, reserved 1048576K
}

