# JRE version: OpenJDK Runtime Environment Temurin-21.0.7+6 (21.0.7+6) (build 21.0.7+6-LTS)
# Java VM: OpenJDK 64-Bit Server VM Temurin-21.0.7+6 (21.0.7+6-LTS, mixed mode, sharing, tiered, compressed oops, compressed class ptrs, parallel gc, windows-amd64)
GC Precious Log:
 CardTable entry size: 512
 CPUs: 16 total, 16 available
 Memory: 16096M
 Large Page Support: Disabled
 NUMA Support: Disabled
 Compressed Oops: Enabled (32-bit)
 Alignments: Space 512K, Generation 512K, Heap 2M
 Heap Min Capacity: 100M
 Heap Initial Capacity: 100M
 Heap Max Capacity: 1G
 Pre-touch: Disabled
 Parallel Workers: 13
Heap:
 PSYoungGen      total 15872K, used 8812K [0x00000000eab00000, 0x00000000ebd80000, 0x0000000100000000)
  eden space 14848K, 55% used [0x00000000eab00000,0x00000000eb301648,0x00000000eb980000)
  from space 1024K, 60% used [0x00000000ebc00000,0x00000000ebc99a48,0x00000000ebd00000)
  to   space 512K, 0% used [0x00000000ebd00000,0x00000000ebd00000,0x00000000ebd80000)
 ParOldGen       total 68608K, used 42140K [0x00000000c0000000, 0x00000000c4300000, 0x00000000eab00000)
  object space 68608K, 61% used [0x00000000c0000000,0x00000000c29273f8,0x00000000c4300000)
 Metaspace       used 62372K, committed 63680K, reserved 1114112K
  class space    used 7717K, committed 8320K, reserved 1048576K
GC Heap History (20 events):
Event: 6.133 GC heap before
{Heap before GC invocations=41 (full 3):
 PSYoungGen      total 15872K, used 15869K [0x00000000eab00000, 0x00000000ebf80000, 0x0000000100000000)
  eden space 14848K, 100% used [0x00000000eab00000,0x00000000eb980000,0x00000000eb980000)
  from space 1024K, 99% used [0x00000000ebd80000,0x00000000ebe7f4c8,0x00000000ebe80000)
  to   space 1024K, 0% used [0x00000000ebe80000,0x00000000ebe80000,0x00000000ebf80000)
 ParOldGen       total 68608K, used 39055K [0x00000000c0000000, 0x00000000c4300000, 0x00000000eab00000)
  object space 68608K, 56% used [0x00000000c0000000,0x00000000c2623ea8,0x00000000c4300000)
 Metaspace       used 58774K, committed 59968K, reserved 1114112K
  class space    used 7200K, committed 7744K, reserved 1048576K
}
Event: 6.134 GC heap after
{Heap after GC invocations=41 (full 3):
 PSYoungGen      total 15872K, used 1000K [0x00000000eab00000, 0x00000000ebf80000, 0x0000000100000000)
  eden space 14848K, 0% used [0x00000000eab00000,0x00000000eab00000,0x00000000eb980000)
  from space 1024K, 97% used [0x00000000ebe80000,0x00000000ebf7a340,0x00000000ebf80000)
  to   space 1536K, 0% used [0x00000000ebc80000,0x00000000ebc80000,0x00000000ebe00000)
 ParOldGen       total 68608K, used 39144K [0x00000000c0000000, 0x00000000c4300000, 0x00000000eab00000)
  object space 68608K, 57% used [0x00000000c0000000,0x00000000c263a138,0x00000000c4300000)
 Metaspace       used 58774K, committed 59968K, reserved 1114112K
  class space    used 7200K, committed 7744K, reserved 1048576K
}
Event: 6.185 GC heap before
{Heap before GC invocations=42 (full 3):
 PSYoungGen      total 15872K, used 15848K [0x00000000eab00000, 0x00000000ebf80000, 0x0000000100000000)
  eden space 14848K, 100% used [0x00000000eab00000,0x00000000eb980000,0x00000000eb980000)
  from space 1024K, 97% used [0x00000000ebe80000,0x00000000ebf7a340,0x00000000ebf80000)
  to   space 1536K, 0% used [0x00000000ebc80000,0x00000000ebc80000,0x00000000ebe00000)
 ParOldGen       total 68608K, used 39144K [0x00000000c0000000, 0x00000000c4300000, 0x00000000eab00000)
  object space 68608K, 57% used [0x00000000c0000000,0x00000000c263a138,0x00000000c4300000)
 Metaspace       used 58774K, committed 59968K, reserved 1114112K
  class space    used 7200K, committed 7744K, reserved 1048576K
}
Event: 6.186 GC heap after
{Heap after GC invocations=42 (full 3):
 PSYoungGen      total 16384K, used 384K [0x00000000eab00000, 0x00000000ebf00000, 0x0000000100000000)
  eden space 14848K, 0% used [0x00000000eab00000,0x00000000eab00000,0x00000000eb980000)
  from space 1536K, 25% used [0x00000000ebc80000,0x00000000ebce0000,0x00000000ebe00000)
  to   space 1024K, 0% used [0x00000000ebe00000,0x00000000ebe00000,0x00000000ebf00000)
 ParOldGen       total 68608K, used 39334K [0x00000000c0000000, 0x00000000c4300000, 0x00000000eab00000)
  object space 68608K, 57% used [0x00000000c0000000,0x00000000c2669b68,0x00000000c4300000)
 Metaspace       used 58774K, committed 59968K, reserved 1114112K
  class space    used 7200K, committed 7744K, reserved 1048576K
}
Event: 6.251 GC heap before
{Heap before GC invocations=43 (full 3):
 PSYoungGen      total 16384K, used 15232K [0x00000000eab00000, 0x00000000ebf00000, 0x0000000100000000)
  eden space 14848K, 100% used [0x00000000eab00000,0x00000000eb980000,0x00000000eb980000)
  from space 1536K, 25% used [0x00000000ebc80000,0x00000000ebce0000,0x00000000ebe00000)
  to   space 1024K, 0% used [0x00000000ebe00000,0x00000000ebe00000,0x00000000ebf00000)
 ParOldGen       total 68608K, used 39334K [0x00000000c0000000, 0x00000000c4300000, 0x00000000eab00000)
  object space 68608K, 57% used [0x00000000c0000000,0x00000000c2669b68,0x00000000c4300000)
 Metaspace       used 58774K, committed 59968K, reserved 1114112K
  class space    used 7200K, committed 7744K, reserved 1048576K
}
Event: 6.253 GC heap after
{Heap after GC invocations=43 (full 3):
 PSYoungGen      total 15872K, used 1012K [0x00000000eab00000, 0x00000000ebf00000, 0x0000000100000000)
  eden space 14848K, 0% used [0x00000000eab00000,0x00000000eab00000,0x00000000eb980000)
  from space 1024K, 98% used [0x00000000ebe00000,0x00000000ebefd000,0x00000000ebf00000)
  to   space 1536K, 0% used [0x00000000ebc00000,0x00000000ebc00000,0x00000000ebd80000)
 ParOldGen       total 68608K, used 39580K [0x00000000c0000000, 0x00000000c4300000, 0x00000000eab00000)
  object space 68608K, 57% used [0x00000000c0000000,0x00000000c26a72a0,0x00000000c4300000)
 Metaspace       used 58774K, committed 59968K, reserved 1114112K
  class space    used 7200K, committed 7744K, reserved 1048576K
}
Event: 6.327 GC heap before
{Heap before GC invocations=44 (full 3):
 PSYoungGen      total 15872K, used 15860K [0x00000000eab00000, 0x00000000ebf00000, 0x0000000100000000)
  eden space 14848K, 100% used [0x00000000eab00000,0x00000000eb980000,0x00000000eb980000)
  from space 1024K, 98% used [0x00000000ebe00000,0x00000000ebefd000,0x00000000ebf00000)
  to   space 1536K, 0% used [0x00000000ebc00000,0x00000000ebc00000,0x00000000ebd80000)
 ParOldGen       total 68608K, used 39580K [0x00000000c0000000, 0x00000000c4300000, 0x00000000eab00000)
  object space 68608K, 57% used [0x00000000c0000000,0x00000000c26a72a0,0x00000000c4300000)
 Metaspace       used 58774K, committed 59968K, reserved 1114112K
  class space    used 7200K, committed 7744K, reserved 1048576K
}
Event: 6.327 GC heap after
{Heap after GC invocations=44 (full 3):
 PSYoungGen      total 16384K, used 603K [0x00000000eab00000, 0x00000000ebe80000, 0x0000000100000000)
  eden space 14848K, 0% used [0x00000000eab00000,0x00000000eab00000,0x00000000eb980000)
  from space 1536K, 39% used [0x00000000ebc00000,0x00000000ebc96e30,0x00000000ebd80000)
  to   space 1024K, 0% used [0x00000000ebd80000,0x00000000ebd80000,0x00000000ebe80000)
 ParOldGen       total 68608K, used 39644K [0x00000000c0000000, 0x00000000c4300000, 0x00000000eab00000)
  object space 68608K, 57% used [0x00000000c0000000,0x00000000c26b72a0,0x00000000c4300000)
 Metaspace       used 58774K, committed 59968K, reserved 1114112K
  class space    used 7200K, committed 7744K, reserved 1048576K
}
Event: 6.377 GC heap before
{Heap before GC invocations=45 (full 3):
 PSYoungGen      total 16384K, used 15450K [0x00000000eab00000, 0x00000000ebe80000, 0x0000000100000000)
  eden space 14848K, 99% used [0x00000000eab00000,0x00000000eb97fd30,0x00000000eb980000)
  from space 1536K, 39% used [0x00000000ebc00000,0x00000000ebc96e30,0x00000000ebd80000)
  to   space 1024K, 0% used [0x00000000ebd80000,0x00000000ebd80000,0x00000000ebe80000)
 ParOldGen       total 68608K, used 39644K [0x00000000c0000000, 0x00000000c4300000, 0x00000000eab00000)
  object space 68608K, 57% used [0x00000000c0000000,0x00000000c26b72a0,0x00000000c4300000)
 Metaspace       used 58774K, committed 59968K, reserved 1114112K
  class space    used 7200K, committed 7744K, reserved 1048576K
}
Event: 6.377 GC heap after
{Heap after GC invocations=45 (full 3):
 PSYoungGen      total 15872K, used 532K [0x00000000eab00000, 0x00000000ebe80000, 0x0000000100000000)
  eden space 14848K, 0% used [0x00000000eab00000,0x00000000eab00000,0x00000000eb980000)
  from space 1024K, 52% used [0x00000000ebd80000,0x00000000ebe052a0,0x00000000ebe80000)
  to   space 1024K, 0% used [0x00000000ebc80000,0x00000000ebc80000,0x00000000ebd80000)
 ParOldGen       total 68608K, used 40148K [0x00000000c0000000, 0x00000000c4300000, 0x00000000eab00000)
  object space 68608K, 58% used [0x00000000c0000000,0x00000000c2735148,0x00000000c4300000)
 Metaspace       used 58774K, committed 59968K, reserved 1114112K
  class space    used 7200K, committed 7744K, reserved 1048576K
}
Event: 6.432 GC heap before
{Heap before GC invocations=46 (full 3):
 PSYoungGen      total 15872K, used 15380K [0x00000000eab00000, 0x00000000ebe80000, 0x0000000100000000)
  eden space 14848K, 100% used [0x00000000eab00000,0x00000000eb980000,0x00000000eb980000)
  from space 1024K, 52% used [0x00000000ebd80000,0x00000000ebe052a0,0x00000000ebe80000)
  to   space 1024K, 0% used [0x00000000ebc80000,0x00000000ebc80000,0x00000000ebd80000)
 ParOldGen       total 68608K, used 40148K [0x00000000c0000000, 0x00000000c4300000, 0x00000000eab00000)
  object space 68608K, 58% used [0x00000000c0000000,0x00000000c2735148,0x00000000c4300000)
 Metaspace       used 58774K, committed 59968K, reserved 1114112K
  class space    used 7200K, committed 7744K, reserved 1048576K
}
Event: 6.432 GC heap after
{Heap after GC invocations=46 (full 3):
 PSYoungGen      total 15872K, used 1015K [0x00000000eab00000, 0x00000000ebe00000, 0x0000000100000000)
  eden space 14848K, 0% used [0x00000000eab00000,0x00000000eab00000,0x00000000eb980000)
  from space 1024K, 99% used [0x00000000ebc80000,0x00000000ebd7dd40,0x00000000ebd80000)
  to   space 512K, 0% used [0x00000000ebd80000,0x00000000ebd80000,0x00000000ebe00000)
 ParOldGen       total 68608K, used 40518K [0x00000000c0000000, 0x00000000c4300000, 0x00000000eab00000)
  object space 68608K, 59% used [0x00000000c0000000,0x00000000c2791a28,0x00000000c4300000)
 Metaspace       used 58774K, committed 59968K, reserved 1114112K
  class space    used 7200K, committed 7744K, reserved 1048576K
}
Event: 6.495 GC heap before
{Heap before GC invocations=47 (full 3):
 PSYoungGen      total 15872K, used 15863K [0x00000000eab00000, 0x00000000ebe00000, 0x0000000100000000)
  eden space 14848K, 100% used [0x00000000eab00000,0x00000000eb980000,0x00000000eb980000)
  from space 1024K, 99% used [0x00000000ebc80000,0x00000000ebd7dd40,0x00000000ebd80000)
  to   space 512K, 0% used [0x00000000ebd80000,0x00000000ebd80000,0x00000000ebe00000)
 ParOldGen       total 68608K, used 40518K [0x00000000c0000000, 0x00000000c4300000, 0x00000000eab00000)
  object space 68608K, 59% used [0x00000000c0000000,0x00000000c2791a28,0x00000000c4300000)
 Metaspace       used 58775K, committed 59968K, reserved 1114112K
  class space    used 7200K, committed 7744K, reserved 1048576K
}
Event: 6.495 GC heap after
{Heap after GC invocations=47 (full 3):
 PSYoungGen      total 15360K, used 320K [0x00000000eab00000, 0x00000000ebe00000, 0x0000000100000000)
  eden space 14848K, 0% used [0x00000000eab00000,0x00000000eab00000,0x00000000eb980000)
  from space 512K, 62% used [0x00000000ebd80000,0x00000000ebdd0000,0x00000000ebe00000)
  to   space 1024K, 0% used [0x00000000ebc00000,0x00000000ebc00000,0x00000000ebd00000)
 ParOldGen       total 68608K, used 40598K [0x00000000c0000000, 0x00000000c4300000, 0x00000000eab00000)
  object space 68608K, 59% used [0x00000000c0000000,0x00000000c27a5a28,0x00000000c4300000)
 Metaspace       used 58775K, committed 59968K, reserved 1114112K
  class space    used 7200K, committed 7744K, reserved 1048576K
}
Event: 6.550 GC heap before
{Heap before GC invocations=48 (full 3):
 PSYoungGen      total 15360K, used 15168K [0x00000000eab00000, 0x00000000ebe00000, 0x0000000100000000)
  eden space 14848K, 100% used [0x00000000eab00000,0x00000000eb980000,0x00000000eb980000)
  from space 512K, 62% used [0x00000000ebd80000,0x00000000ebdd0000,0x00000000ebe00000)
  to   space 1024K, 0% used [0x00000000ebc00000,0x00000000ebc00000,0x00000000ebd00000)
 ParOldGen       total 68608K, used 40598K [0x00000000c0000000, 0x00000000c4300000, 0x00000000eab00000)
  object space 68608K, 59% used [0x00000000c0000000,0x00000000c27a5a28,0x00000000c4300000)
 Metaspace       used 58776K, committed 59968K, reserved 1114112K
  class space    used 7200K, committed 7744K, reserved 1048576K
}
Event: 6.550 GC heap after
{Heap after GC invocations=48 (full 3):
 PSYoungGen      total 15872K, used 1010K [0x00000000eab00000, 0x00000000ebe00000, 0x0000000100000000)
  eden space 14848K, 0% used [0x00000000eab00000,0x00000000eab00000,0x00000000eb980000)
  from space 1024K, 98% used [0x00000000ebc00000,0x00000000ebcfcb78,0x00000000ebd00000)
  to   space 1024K, 0% used [0x00000000ebd00000,0x00000000ebd00000,0x00000000ebe00000)
 ParOldGen       total 68608K, used 40816K [0x00000000c0000000, 0x00000000c4300000, 0x00000000eab00000)
  object space 68608K, 59% used [0x00000000c0000000,0x00000000c27dc1b8,0x00000000c4300000)
 Metaspace       used 58776K, committed 59968K, reserved 1114112K
  class space    used 7200K, committed 7744K, reserved 1048576K
}
Event: 6.656 GC heap before
{Heap before GC invocations=49 (full 3):
 PSYoungGen      total 15872K, used 15858K [0x00000000eab00000, 0x00000000ebe00000, 0x0000000100000000)
  eden space 14848K, 100% used [0x00000000eab00000,0x00000000eb980000,0x00000000eb980000)
  from space 1024K, 98% used [0x00000000ebc00000,0x00000000ebcfcb78,0x00000000ebd00000)
  to   space 1024K, 0% used [0x00000000ebd00000,0x00000000ebd00000,0x00000000ebe00000)
 ParOldGen       total 68608K, used 40816K [0x00000000c0000000, 0x00000000c4300000, 0x00000000eab00000)
  object space 68608K, 59% used [0x00000000c0000000,0x00000000c27dc1b8,0x00000000c4300000)
 Metaspace       used 60062K, committed 61376K, reserved 1114112K
  class space    used 7389K, committed 8000K, reserved 1048576K
}
Event: 6.657 GC heap after
{Heap after GC invocations=49 (full 3):
 PSYoungGen      total 15872K, used 640K [0x00000000eab00000, 0x00000000ebe00000, 0x0000000100000000)
  eden space 14848K, 0% used [0x00000000eab00000,0x00000000eab00000,0x00000000eb980000)
  from space 1024K, 62% used [0x00000000ebd00000,0x00000000ebda0010,0x00000000ebe00000)
  to   space 1024K, 0% used [0x00000000ebc00000,0x00000000ebc00000,0x00000000ebd00000)
 ParOldGen       total 68608K, used 40872K [0x00000000c0000000, 0x00000000c4300000, 0x00000000eab00000)
  object space 68608K, 59% used [0x00000000c0000000,0x00000000c27ea1c8,0x00000000c4300000)
 Metaspace       used 60062K, committed 61376K, reserved 1114112K
  class space    used 7389K, committed 8000K, reserved 1048576K
}
Event: 8.199 GC heap before
{Heap before GC invocations=50 (full 3):
 PSYoungGen      total 15872K, used 15474K [0x00000000eab00000, 0x00000000ebe00000, 0x0000000100000000)
  eden space 14848K, 99% used [0x00000000eab00000,0x00000000eb97cb40,0x00000000eb980000)
  from space 1024K, 62% used [0x00000000ebd00000,0x00000000ebda0010,0x00000000ebe00000)
  to   space 1024K, 0% used [0x00000000ebc00000,0x00000000ebc00000,0x00000000ebd00000)
 ParOldGen       total 68608K, used 40872K [0x00000000c0000000, 0x00000000c4300000, 0x00000000eab00000)
  object space 68608K, 59% used [0x00000000c0000000,0x00000000c27ea1c8,0x00000000c4300000)
 Metaspace       used 61654K, committed 62912K, reserved 1114112K
  class space    used 7629K, committed 8192K, reserved 1048576K
}
Event: 8.200 GC heap after
{Heap after GC invocations=50 (full 3):
 PSYoungGen      total 15872K, used 614K [0x00000000eab00000, 0x00000000ebd80000, 0x0000000100000000)
  eden space 14848K, 0% used [0x00000000eab00000,0x00000000eab00000,0x00000000eb980000)
  from space 1024K, 60% used [0x00000000ebc00000,0x00000000ebc99a48,0x00000000ebd00000)
  to   space 512K, 0% used [0x00000000ebd00000,0x00000000ebd00000,0x00000000ebd80000)
 ParOldGen       total 68608K, used 42140K [0x00000000c0000000, 0x00000000c4300000, 0x00000000eab00000)
  object space 68608K, 61% used [0x00000000c0000000,0x00000000c29273f8,0x00000000c4300000)
 Metaspace       used 61654K, committed 62912K, reserved 1114112K
  class space    used 7629K, committed 8192K, reserved 1048576K
}

