# JRE version: OpenJDK Runtime Environment Temurin-21.0.7+6 (21.0.7+6) (build 21.0.7+6-LTS)
# Java VM: OpenJDK 64-Bit Server VM Temurin-21.0.7+6 (21.0.7+6-LTS, mixed mode, sharing, tiered, compressed oops, compressed class ptrs, parallel gc, windows-amd64)
GC Precious Log:
 CardTable entry size: 512
 CPUs: 16 total, 16 available
 Memory: 16096M
 Large Page Support: Disabled
 NUMA Support: Disabled
 Compressed Oops: Enabled (32-bit)
 Alignments: Space 512K, Generation 512K, Heap 2M
 Heap Min Capacity: 100M
 Heap Initial Capacity: 100M
 Heap Max Capacity: 1G
 Pre-touch: Disabled
 Parallel Workers: 13
Heap:
 PSYoungGen      total 16384K, used 2632K [0x00000000eab00000, 0x00000000ebd80000, 0x0000000100000000)
  eden space 15872K, 13% used [0x00000000eab00000,0x00000000ead1a358,0x00000000eba80000)
  from space 512K, 93% used [0x00000000ebd00000,0x00000000ebd78010,0x00000000ebd80000)
  to   space 1536K, 0% used [0x00000000eba80000,0x00000000eba80000,0x00000000ebc00000)
 ParOldGen       total 68608K, used 44617K [0x00000000c0000000, 0x00000000c4300000, 0x00000000eab00000)
  object space 68608K, 65% used [0x00000000c0000000,0x00000000c2b92468,0x00000000c4300000)
 Metaspace       used 67644K, committed 68928K, reserved 1114112K
  class space    used 8278K, committed 8832K, reserved 1048576K
GC Heap History (20 events):
Event: 123.454 GC heap before
{Heap before GC invocations=46 (full 3):
 PSYoungGen      total 16896K, used 16883K [0x00000000eab00000, 0x00000000ec000000, 0x0000000100000000)
  eden space 15872K, 100% used [0x00000000eab00000,0x00000000eba80000,0x00000000eba80000)
  from space 1024K, 98% used [0x00000000ebf00000,0x00000000ebffcec0,0x00000000ec000000)
  to   space 1536K, 0% used [0x00000000ebd00000,0x00000000ebd00000,0x00000000ebe80000)
 ParOldGen       total 68608K, used 42314K [0x00000000c0000000, 0x00000000c4300000, 0x00000000eab00000)
  object space 68608K, 61% used [0x00000000c0000000,0x00000000c2952ae8,0x00000000c4300000)
 Metaspace       used 64412K, committed 65728K, reserved 1114112K
  class space    used 7807K, committed 8384K, reserved 1048576K
}
Event: 123.455 GC heap after
{Heap after GC invocations=46 (full 3):
 PSYoungGen      total 17408K, used 546K [0x00000000eab00000, 0x00000000ebf80000, 0x0000000100000000)
  eden space 15872K, 0% used [0x00000000eab00000,0x00000000eab00000,0x00000000eba80000)
  from space 1536K, 35% used [0x00000000ebd00000,0x00000000ebd888c8,0x00000000ebe80000)
  to   space 1024K, 0% used [0x00000000ebe80000,0x00000000ebe80000,0x00000000ebf80000)
 ParOldGen       total 68608K, used 42378K [0x00000000c0000000, 0x00000000c4300000, 0x00000000eab00000)
  object space 68608K, 61% used [0x00000000c0000000,0x00000000c2962ae8,0x00000000c4300000)
 Metaspace       used 64412K, committed 65728K, reserved 1114112K
  class space    used 7807K, committed 8384K, reserved 1048576K
}
Event: 123.508 GC heap before
{Heap before GC invocations=47 (full 3):
 PSYoungGen      total 17408K, used 16418K [0x00000000eab00000, 0x00000000ebf80000, 0x0000000100000000)
  eden space 15872K, 100% used [0x00000000eab00000,0x00000000eba80000,0x00000000eba80000)
  from space 1536K, 35% used [0x00000000ebd00000,0x00000000ebd888c8,0x00000000ebe80000)
  to   space 1024K, 0% used [0x00000000ebe80000,0x00000000ebe80000,0x00000000ebf80000)
 ParOldGen       total 68608K, used 42378K [0x00000000c0000000, 0x00000000c4300000, 0x00000000eab00000)
  object space 68608K, 61% used [0x00000000c0000000,0x00000000c2962ae8,0x00000000c4300000)
 Metaspace       used 64412K, committed 65728K, reserved 1114112K
  class space    used 7807K, committed 8384K, reserved 1048576K
}
Event: 123.509 GC heap after
{Heap after GC invocations=47 (full 3):
 PSYoungGen      total 16896K, used 1016K [0x00000000eab00000, 0x00000000ebf80000, 0x0000000100000000)
  eden space 15872K, 0% used [0x00000000eab00000,0x00000000eab00000,0x00000000eba80000)
  from space 1024K, 99% used [0x00000000ebe80000,0x00000000ebf7e118,0x00000000ebf80000)
  to   space 1536K, 0% used [0x00000000ebc80000,0x00000000ebc80000,0x00000000ebe00000)
 ParOldGen       total 68608K, used 42549K [0x00000000c0000000, 0x00000000c4300000, 0x00000000eab00000)
  object space 68608K, 62% used [0x00000000c0000000,0x00000000c298d7e8,0x00000000c4300000)
 Metaspace       used 64412K, committed 65728K, reserved 1114112K
  class space    used 7807K, committed 8384K, reserved 1048576K
}
Event: 123.572 GC heap before
{Heap before GC invocations=48 (full 3):
 PSYoungGen      total 16896K, used 16888K [0x00000000eab00000, 0x00000000ebf80000, 0x0000000100000000)
  eden space 15872K, 100% used [0x00000000eab00000,0x00000000eba80000,0x00000000eba80000)
  from space 1024K, 99% used [0x00000000ebe80000,0x00000000ebf7e118,0x00000000ebf80000)
  to   space 1536K, 0% used [0x00000000ebc80000,0x00000000ebc80000,0x00000000ebe00000)
 ParOldGen       total 68608K, used 42549K [0x00000000c0000000, 0x00000000c4300000, 0x00000000eab00000)
  object space 68608K, 62% used [0x00000000c0000000,0x00000000c298d7e8,0x00000000c4300000)
 Metaspace       used 64412K, committed 65728K, reserved 1114112K
  class space    used 7807K, committed 8384K, reserved 1048576K
}
Event: 123.573 GC heap after
{Heap after GC invocations=48 (full 3):
 PSYoungGen      total 17408K, used 1218K [0x00000000eab00000, 0x00000000ebf00000, 0x0000000100000000)
  eden space 15872K, 0% used [0x00000000eab00000,0x00000000eab00000,0x00000000eba80000)
  from space 1536K, 79% used [0x00000000ebc80000,0x00000000ebdb09f8,0x00000000ebe00000)
  to   space 1024K, 0% used [0x00000000ebe00000,0x00000000ebe00000,0x00000000ebf00000)
 ParOldGen       total 68608K, used 42645K [0x00000000c0000000, 0x00000000c4300000, 0x00000000eab00000)
  object space 68608K, 62% used [0x00000000c0000000,0x00000000c29a57f8,0x00000000c4300000)
 Metaspace       used 64412K, committed 65728K, reserved 1114112K
  class space    used 7807K, committed 8384K, reserved 1048576K
}
Event: 123.632 GC heap before
{Heap before GC invocations=49 (full 3):
 PSYoungGen      total 17408K, used 17090K [0x00000000eab00000, 0x00000000ebf00000, 0x0000000100000000)
  eden space 15872K, 100% used [0x00000000eab00000,0x00000000eba80000,0x00000000eba80000)
  from space 1536K, 79% used [0x00000000ebc80000,0x00000000ebdb09f8,0x00000000ebe00000)
  to   space 1024K, 0% used [0x00000000ebe00000,0x00000000ebe00000,0x00000000ebf00000)
 ParOldGen       total 68608K, used 42645K [0x00000000c0000000, 0x00000000c4300000, 0x00000000eab00000)
  object space 68608K, 62% used [0x00000000c0000000,0x00000000c29a57f8,0x00000000c4300000)
 Metaspace       used 64417K, committed 65728K, reserved 1114112K
  class space    used 7807K, committed 8384K, reserved 1048576K
}
Event: 123.633 GC heap after
{Heap after GC invocations=49 (full 3):
 PSYoungGen      total 16384K, used 352K [0x00000000eab00000, 0x00000000ebe80000, 0x0000000100000000)
  eden space 15872K, 0% used [0x00000000eab00000,0x00000000eab00000,0x00000000eba80000)
  from space 512K, 68% used [0x00000000ebe00000,0x00000000ebe58000,0x00000000ebe80000)
  to   space 1024K, 0% used [0x00000000ebc80000,0x00000000ebc80000,0x00000000ebd80000)
 ParOldGen       total 68608K, used 42701K [0x00000000c0000000, 0x00000000c4300000, 0x00000000eab00000)
  object space 68608K, 62% used [0x00000000c0000000,0x00000000c29b37f8,0x00000000c4300000)
 Metaspace       used 64417K, committed 65728K, reserved 1114112K
  class space    used 7807K, committed 8384K, reserved 1048576K
}
Event: 123.682 GC heap before
{Heap before GC invocations=50 (full 3):
 PSYoungGen      total 16384K, used 16224K [0x00000000eab00000, 0x00000000ebe80000, 0x0000000100000000)
  eden space 15872K, 100% used [0x00000000eab00000,0x00000000eba80000,0x00000000eba80000)
  from space 512K, 68% used [0x00000000ebe00000,0x00000000ebe58000,0x00000000ebe80000)
  to   space 1024K, 0% used [0x00000000ebc80000,0x00000000ebc80000,0x00000000ebd80000)
 ParOldGen       total 68608K, used 42701K [0x00000000c0000000, 0x00000000c4300000, 0x00000000eab00000)
  object space 68608K, 62% used [0x00000000c0000000,0x00000000c29b37f8,0x00000000c4300000)
 Metaspace       used 64468K, committed 65728K, reserved 1114112K
  class space    used 7815K, committed 8384K, reserved 1048576K
}
Event: 123.683 GC heap after
{Heap after GC invocations=50 (full 3):
 PSYoungGen      total 16896K, used 1011K [0x00000000eab00000, 0x00000000ebf80000, 0x0000000100000000)
  eden space 15872K, 0% used [0x00000000eab00000,0x00000000eab00000,0x00000000eba80000)
  from space 1024K, 98% used [0x00000000ebc80000,0x00000000ebd7cd18,0x00000000ebd80000)
  to   space 2048K, 0% used [0x00000000ebd80000,0x00000000ebd80000,0x00000000ebf80000)
 ParOldGen       total 68608K, used 43736K [0x00000000c0000000, 0x00000000c4300000, 0x00000000eab00000)
  object space 68608K, 63% used [0x00000000c0000000,0x00000000c2ab6358,0x00000000c4300000)
 Metaspace       used 64468K, committed 65728K, reserved 1114112K
  class space    used 7815K, committed 8384K, reserved 1048576K
}
Event: 123.742 GC heap before
{Heap before GC invocations=51 (full 3):
 PSYoungGen      total 16896K, used 16883K [0x00000000eab00000, 0x00000000ebf80000, 0x0000000100000000)
  eden space 15872K, 100% used [0x00000000eab00000,0x00000000eba80000,0x00000000eba80000)
  from space 1024K, 98% used [0x00000000ebc80000,0x00000000ebd7cd18,0x00000000ebd80000)
  to   space 2048K, 0% used [0x00000000ebd80000,0x00000000ebd80000,0x00000000ebf80000)
 ParOldGen       total 68608K, used 43736K [0x00000000c0000000, 0x00000000c4300000, 0x00000000eab00000)
  object space 68608K, 63% used [0x00000000c0000000,0x00000000c2ab6358,0x00000000c4300000)
 Metaspace       used 64468K, committed 65728K, reserved 1114112K
  class space    used 7815K, committed 8384K, reserved 1048576K
}
Event: 123.743 GC heap after
{Heap after GC invocations=51 (full 3):
 PSYoungGen      total 17408K, used 1233K [0x00000000eab00000, 0x00000000ebf00000, 0x0000000100000000)
  eden space 15872K, 0% used [0x00000000eab00000,0x00000000eab00000,0x00000000eba80000)
  from space 1536K, 80% used [0x00000000ebd80000,0x00000000ebeb4688,0x00000000ebf00000)
  to   space 1536K, 0% used [0x00000000ebc00000,0x00000000ebc00000,0x00000000ebd80000)
 ParOldGen       total 68608K, used 43824K [0x00000000c0000000, 0x00000000c4300000, 0x00000000eab00000)
  object space 68608K, 63% used [0x00000000c0000000,0x00000000c2acc368,0x00000000c4300000)
 Metaspace       used 64468K, committed 65728K, reserved 1114112K
  class space    used 7815K, committed 8384K, reserved 1048576K
}
Event: 123.805 GC heap before
{Heap before GC invocations=52 (full 3):
 PSYoungGen      total 17408K, used 17105K [0x00000000eab00000, 0x00000000ebf00000, 0x0000000100000000)
  eden space 15872K, 100% used [0x00000000eab00000,0x00000000eba80000,0x00000000eba80000)
  from space 1536K, 80% used [0x00000000ebd80000,0x00000000ebeb4688,0x00000000ebf00000)
  to   space 1536K, 0% used [0x00000000ebc00000,0x00000000ebc00000,0x00000000ebd80000)
 ParOldGen       total 68608K, used 43824K [0x00000000c0000000, 0x00000000c4300000, 0x00000000eab00000)
  object space 68608K, 63% used [0x00000000c0000000,0x00000000c2acc368,0x00000000c4300000)
 Metaspace       used 64468K, committed 65728K, reserved 1114112K
  class space    used 7815K, committed 8384K, reserved 1048576K
}
Event: 123.806 GC heap after
{Heap after GC invocations=52 (full 3):
 PSYoungGen      total 16384K, used 394K [0x00000000eab00000, 0x00000000ebe00000, 0x0000000100000000)
  eden space 15872K, 0% used [0x00000000eab00000,0x00000000eab00000,0x00000000eba80000)
  from space 512K, 77% used [0x00000000ebc00000,0x00000000ebc629a0,0x00000000ebc80000)
  to   space 1024K, 0% used [0x00000000ebd00000,0x00000000ebd00000,0x00000000ebe00000)
 ParOldGen       total 68608K, used 43880K [0x00000000c0000000, 0x00000000c4300000, 0x00000000eab00000)
  object space 68608K, 63% used [0x00000000c0000000,0x00000000c2ada368,0x00000000c4300000)
 Metaspace       used 64468K, committed 65728K, reserved 1114112K
  class space    used 7815K, committed 8384K, reserved 1048576K
}
Event: 123.870 GC heap before
{Heap before GC invocations=53 (full 3):
 PSYoungGen      total 16384K, used 16266K [0x00000000eab00000, 0x00000000ebe00000, 0x0000000100000000)
  eden space 15872K, 100% used [0x00000000eab00000,0x00000000eba80000,0x00000000eba80000)
  from space 512K, 77% used [0x00000000ebc00000,0x00000000ebc629a0,0x00000000ebc80000)
  to   space 1024K, 0% used [0x00000000ebd00000,0x00000000ebd00000,0x00000000ebe00000)
 ParOldGen       total 68608K, used 43880K [0x00000000c0000000, 0x00000000c4300000, 0x00000000eab00000)
  object space 68608K, 63% used [0x00000000c0000000,0x00000000c2ada368,0x00000000c4300000)
 Metaspace       used 64468K, committed 65728K, reserved 1114112K
  class space    used 7815K, committed 8384K, reserved 1048576K
}
Event: 123.871 GC heap after
{Heap after GC invocations=53 (full 3):
 PSYoungGen      total 16896K, used 890K [0x00000000eab00000, 0x00000000ebe00000, 0x0000000100000000)
  eden space 15872K, 0% used [0x00000000eab00000,0x00000000eab00000,0x00000000eba80000)
  from space 1024K, 86% used [0x00000000ebd00000,0x00000000ebdde8d0,0x00000000ebe00000)
  to   space 1024K, 0% used [0x00000000ebc00000,0x00000000ebc00000,0x00000000ebd00000)
 ParOldGen       total 68608K, used 43989K [0x00000000c0000000, 0x00000000c4300000, 0x00000000eab00000)
  object space 68608K, 64% used [0x00000000c0000000,0x00000000c2af5438,0x00000000c4300000)
 Metaspace       used 64468K, committed 65728K, reserved 1114112K
  class space    used 7815K, committed 8384K, reserved 1048576K
}
Event: 124.044 GC heap before
{Heap before GC invocations=54 (full 3):
 PSYoungGen      total 16896K, used 16762K [0x00000000eab00000, 0x00000000ebe00000, 0x0000000100000000)
  eden space 15872K, 100% used [0x00000000eab00000,0x00000000eba80000,0x00000000eba80000)
  from space 1024K, 86% used [0x00000000ebd00000,0x00000000ebdde8d0,0x00000000ebe00000)
  to   space 1024K, 0% used [0x00000000ebc00000,0x00000000ebc00000,0x00000000ebd00000)
 ParOldGen       total 68608K, used 43989K [0x00000000c0000000, 0x00000000c4300000, 0x00000000eab00000)
  object space 68608K, 64% used [0x00000000c0000000,0x00000000c2af5438,0x00000000c4300000)
 Metaspace       used 65818K, committed 67072K, reserved 1114112K
  class space    used 8018K, committed 8576K, reserved 1048576K
}
Event: 124.045 GC heap after
{Heap after GC invocations=54 (full 3):
 PSYoungGen      total 16896K, used 704K [0x00000000eab00000, 0x00000000ebd80000, 0x0000000100000000)
  eden space 15872K, 0% used [0x00000000eab00000,0x00000000eab00000,0x00000000eba80000)
  from space 1024K, 68% used [0x00000000ebc00000,0x00000000ebcb0000,0x00000000ebd00000)
  to   space 512K, 0% used [0x00000000ebd00000,0x00000000ebd00000,0x00000000ebd80000)
 ParOldGen       total 68608K, used 44085K [0x00000000c0000000, 0x00000000c4300000, 0x00000000eab00000)
  object space 68608K, 64% used [0x00000000c0000000,0x00000000c2b0d448,0x00000000c4300000)
 Metaspace       used 65818K, committed 67072K, reserved 1114112K
  class space    used 8018K, committed 8576K, reserved 1048576K
}
Event: 126.530 GC heap before
{Heap before GC invocations=55 (full 3):
 PSYoungGen      total 16896K, used 16576K [0x00000000eab00000, 0x00000000ebd80000, 0x0000000100000000)
  eden space 15872K, 100% used [0x00000000eab00000,0x00000000eba80000,0x00000000eba80000)
  from space 1024K, 68% used [0x00000000ebc00000,0x00000000ebcb0000,0x00000000ebd00000)
  to   space 512K, 0% used [0x00000000ebd00000,0x00000000ebd00000,0x00000000ebd80000)
 ParOldGen       total 68608K, used 44085K [0x00000000c0000000, 0x00000000c4300000, 0x00000000eab00000)
  object space 68608K, 64% used [0x00000000c0000000,0x00000000c2b0d448,0x00000000c4300000)
 Metaspace       used 67288K, committed 68608K, reserved 1114112K
  class space    used 8234K, committed 8832K, reserved 1048576K
}
Event: 126.531 GC heap after
{Heap after GC invocations=55 (full 3):
 PSYoungGen      total 16384K, used 480K [0x00000000eab00000, 0x00000000ebd80000, 0x0000000100000000)
  eden space 15872K, 0% used [0x00000000eab00000,0x00000000eab00000,0x00000000eba80000)
  from space 512K, 93% used [0x00000000ebd00000,0x00000000ebd78010,0x00000000ebd80000)
  to   space 1536K, 0% used [0x00000000eba80000,0x00000000eba80000,0x00000000ebc00000)
 ParOldGen       total 68608K, used 44617K [0x00000000c0000000, 0x00000000c4300000, 0x00000000eab00000)
  object space 68608K, 65% used [0x00000000c0000000,0x00000000c2b92468,0x00000000c4300000)
 Metaspace       used 67288K, committed 68608K, reserved 1114112K
  class space    used 8234K, committed 8832K, reserved 1048576K
}

