# JRE version: OpenJDK Runtime Environment Temurin-21.0.7+6 (21.0.7+6) (build 21.0.7+6-LTS)
# Java VM: OpenJDK 64-Bit Server VM Temurin-21.0.7+6 (21.0.7+6-LTS, mixed mode, sharing, tiered, compressed oops, compressed class ptrs, parallel gc, windows-amd64)
GC Precious Log:
 CardTable entry size: 512
 CPUs: 16 total, 16 available
 Memory: 16096M
 Large Page Support: Disabled
 NUMA Support: Disabled
 Compressed Oops: Enabled (32-bit)
 Alignments: Space 512K, Generation 512K, Heap 2M
 Heap Min Capacity: 100M
 Heap Initial Capacity: 100M
 Heap Max Capacity: 1G
 Pre-touch: Disabled
 Parallel Workers: 13
Heap:
 PSYoungGen      total 14848K, used 3985K [0x00000000eab00000, 0x00000000ebc00000, 0x0000000100000000)
  eden space 14336K, 24% used [0x00000000eab00000,0x00000000eae6c768,0x00000000eb900000)
  from space 512K, 93% used [0x00000000eba80000,0x00000000ebaf8000,0x00000000ebb00000)
  to   space 1024K, 0% used [0x00000000ebb00000,0x00000000ebb00000,0x00000000ebc00000)
 ParOldGen       total 68608K, used 41794K [0x00000000c0000000, 0x00000000c4300000, 0x00000000eab00000)
  object space 68608K, 60% used [0x00000000c0000000,0x00000000c28d0880,0x00000000c4300000)
 Metaspace       used 62427K, committed 63744K, reserved 1114112K
  class space    used 7719K, committed 8320K, reserved 1048576K
GC Heap History (20 events):
Event: 5.714 GC heap before
{Heap before GC invocations=43 (full 3):
 PSYoungGen      total 16384K, used 14829K [0x00000000eab00000, 0x00000000ebe80000, 0x0000000100000000)
  eden space 14336K, 100% used [0x00000000eab00000,0x00000000eb900000,0x00000000eb900000)
  from space 2048K, 24% used [0x00000000ebb00000,0x00000000ebb7b420,0x00000000ebd00000)
  to   space 1024K, 0% used [0x00000000ebd80000,0x00000000ebd80000,0x00000000ebe80000)
 ParOldGen       total 68608K, used 39019K [0x00000000c0000000, 0x00000000c4300000, 0x00000000eab00000)
  object space 68608K, 56% used [0x00000000c0000000,0x00000000c261ad60,0x00000000c4300000)
 Metaspace       used 58841K, committed 60096K, reserved 1114112K
  class space    used 7200K, committed 7744K, reserved 1048576K
}
Event: 5.715 GC heap after
{Heap after GC invocations=43 (full 3):
 PSYoungGen      total 15360K, used 1012K [0x00000000eab00000, 0x00000000ebe80000, 0x0000000100000000)
  eden space 14336K, 0% used [0x00000000eab00000,0x00000000eab00000,0x00000000eb900000)
  from space 1024K, 98% used [0x00000000ebd80000,0x00000000ebe7d1b0,0x00000000ebe80000)
  to   space 1536K, 0% used [0x00000000ebb80000,0x00000000ebb80000,0x00000000ebd00000)
 ParOldGen       total 68608K, used 39174K [0x00000000c0000000, 0x00000000c4300000, 0x00000000eab00000)
  object space 68608K, 57% used [0x00000000c0000000,0x00000000c2641a60,0x00000000c4300000)
 Metaspace       used 58841K, committed 60096K, reserved 1114112K
  class space    used 7200K, committed 7744K, reserved 1048576K
}
Event: 5.781 GC heap before
{Heap before GC invocations=44 (full 3):
 PSYoungGen      total 15360K, used 15348K [0x00000000eab00000, 0x00000000ebe80000, 0x0000000100000000)
  eden space 14336K, 100% used [0x00000000eab00000,0x00000000eb900000,0x00000000eb900000)
  from space 1024K, 98% used [0x00000000ebd80000,0x00000000ebe7d1b0,0x00000000ebe80000)
  to   space 1536K, 0% used [0x00000000ebb80000,0x00000000ebb80000,0x00000000ebd00000)
 ParOldGen       total 68608K, used 39174K [0x00000000c0000000, 0x00000000c4300000, 0x00000000eab00000)
  object space 68608K, 57% used [0x00000000c0000000,0x00000000c2641a60,0x00000000c4300000)
 Metaspace       used 58841K, committed 60096K, reserved 1114112K
  class space    used 7200K, committed 7744K, reserved 1048576K
}
Event: 5.782 GC heap after
{Heap after GC invocations=44 (full 3):
 PSYoungGen      total 15872K, used 925K [0x00000000eab00000, 0x00000000ebe00000, 0x0000000100000000)
  eden space 14336K, 0% used [0x00000000eab00000,0x00000000eab00000,0x00000000eb900000)
  from space 1536K, 60% used [0x00000000ebb80000,0x00000000ebc67410,0x00000000ebd00000)
  to   space 1024K, 0% used [0x00000000ebd00000,0x00000000ebd00000,0x00000000ebe00000)
 ParOldGen       total 68608K, used 39246K [0x00000000c0000000, 0x00000000c4300000, 0x00000000eab00000)
  object space 68608K, 57% used [0x00000000c0000000,0x00000000c2653a60,0x00000000c4300000)
 Metaspace       used 58841K, committed 60096K, reserved 1114112K
  class space    used 7200K, committed 7744K, reserved 1048576K
}
Event: 5.838 GC heap before
{Heap before GC invocations=45 (full 3):
 PSYoungGen      total 15872K, used 15261K [0x00000000eab00000, 0x00000000ebe00000, 0x0000000100000000)
  eden space 14336K, 100% used [0x00000000eab00000,0x00000000eb900000,0x00000000eb900000)
  from space 1536K, 60% used [0x00000000ebb80000,0x00000000ebc67410,0x00000000ebd00000)
  to   space 1024K, 0% used [0x00000000ebd00000,0x00000000ebd00000,0x00000000ebe00000)
 ParOldGen       total 68608K, used 39246K [0x00000000c0000000, 0x00000000c4300000, 0x00000000eab00000)
  object space 68608K, 57% used [0x00000000c0000000,0x00000000c2653a60,0x00000000c4300000)
 Metaspace       used 58841K, committed 60096K, reserved 1114112K
  class space    used 7200K, committed 7744K, reserved 1048576K
}
Event: 5.838 GC heap after
{Heap after GC invocations=45 (full 3):
 PSYoungGen      total 14848K, used 384K [0x00000000eab00000, 0x00000000ebd80000, 0x0000000100000000)
  eden space 14336K, 0% used [0x00000000eab00000,0x00000000eab00000,0x00000000eb900000)
  from space 512K, 75% used [0x00000000ebd00000,0x00000000ebd60000,0x00000000ebd80000)
  to   space 1024K, 0% used [0x00000000ebb80000,0x00000000ebb80000,0x00000000ebc80000)
 ParOldGen       total 68608K, used 39437K [0x00000000c0000000, 0x00000000c4300000, 0x00000000eab00000)
  object space 68608K, 57% used [0x00000000c0000000,0x00000000c2683490,0x00000000c4300000)
 Metaspace       used 58841K, committed 60096K, reserved 1114112K
  class space    used 7200K, committed 7744K, reserved 1048576K
}
Event: 5.885 GC heap before
{Heap before GC invocations=46 (full 3):
 PSYoungGen      total 14848K, used 14720K [0x00000000eab00000, 0x00000000ebd80000, 0x0000000100000000)
  eden space 14336K, 100% used [0x00000000eab00000,0x00000000eb900000,0x00000000eb900000)
  from space 512K, 75% used [0x00000000ebd00000,0x00000000ebd60000,0x00000000ebd80000)
  to   space 1024K, 0% used [0x00000000ebb80000,0x00000000ebb80000,0x00000000ebc80000)
 ParOldGen       total 68608K, used 39437K [0x00000000c0000000, 0x00000000c4300000, 0x00000000eab00000)
  object space 68608K, 57% used [0x00000000c0000000,0x00000000c2683490,0x00000000c4300000)
 Metaspace       used 58841K, committed 60096K, reserved 1114112K
  class space    used 7200K, committed 7744K, reserved 1048576K
}
Event: 5.886 GC heap after
{Heap after GC invocations=46 (full 3):
 PSYoungGen      total 15360K, used 1019K [0x00000000eab00000, 0x00000000ebd80000, 0x0000000100000000)
  eden space 14336K, 0% used [0x00000000eab00000,0x00000000eab00000,0x00000000eb900000)
  from space 1024K, 99% used [0x00000000ebb80000,0x00000000ebc7ec30,0x00000000ebc80000)
  to   space 1024K, 0% used [0x00000000ebc80000,0x00000000ebc80000,0x00000000ebd80000)
 ParOldGen       total 68608K, used 39648K [0x00000000c0000000, 0x00000000c4300000, 0x00000000eab00000)
  object space 68608K, 57% used [0x00000000c0000000,0x00000000c26b8360,0x00000000c4300000)
 Metaspace       used 58841K, committed 60096K, reserved 1114112K
  class space    used 7200K, committed 7744K, reserved 1048576K
}
Event: 5.932 GC heap before
{Heap before GC invocations=47 (full 3):
 PSYoungGen      total 15360K, used 15355K [0x00000000eab00000, 0x00000000ebd80000, 0x0000000100000000)
  eden space 14336K, 100% used [0x00000000eab00000,0x00000000eb900000,0x00000000eb900000)
  from space 1024K, 99% used [0x00000000ebb80000,0x00000000ebc7ec30,0x00000000ebc80000)
  to   space 1024K, 0% used [0x00000000ebc80000,0x00000000ebc80000,0x00000000ebd80000)
 ParOldGen       total 68608K, used 39648K [0x00000000c0000000, 0x00000000c4300000, 0x00000000eab00000)
  object space 68608K, 57% used [0x00000000c0000000,0x00000000c26b8360,0x00000000c4300000)
 Metaspace       used 58841K, committed 60096K, reserved 1114112K
  class space    used 7200K, committed 7744K, reserved 1048576K
}
Event: 5.932 GC heap after
{Heap after GC invocations=47 (full 3):
 PSYoungGen      total 14848K, used 416K [0x00000000eab00000, 0x00000000ebd00000, 0x0000000100000000)
  eden space 14336K, 0% used [0x00000000eab00000,0x00000000eab00000,0x00000000eb900000)
  from space 512K, 81% used [0x00000000ebc80000,0x00000000ebce8000,0x00000000ebd00000)
  to   space 1024K, 0% used [0x00000000ebb00000,0x00000000ebb00000,0x00000000ebc00000)
 ParOldGen       total 68608K, used 39720K [0x00000000c0000000, 0x00000000c4300000, 0x00000000eab00000)
  object space 68608K, 57% used [0x00000000c0000000,0x00000000c26ca360,0x00000000c4300000)
 Metaspace       used 58841K, committed 60096K, reserved 1114112K
  class space    used 7200K, committed 7744K, reserved 1048576K
}
Event: 5.972 GC heap before
{Heap before GC invocations=48 (full 3):
 PSYoungGen      total 14848K, used 14752K [0x00000000eab00000, 0x00000000ebd00000, 0x0000000100000000)
  eden space 14336K, 100% used [0x00000000eab00000,0x00000000eb900000,0x00000000eb900000)
  from space 512K, 81% used [0x00000000ebc80000,0x00000000ebce8000,0x00000000ebd00000)
  to   space 1024K, 0% used [0x00000000ebb00000,0x00000000ebb00000,0x00000000ebc00000)
 ParOldGen       total 68608K, used 39720K [0x00000000c0000000, 0x00000000c4300000, 0x00000000eab00000)
  object space 68608K, 57% used [0x00000000c0000000,0x00000000c26ca360,0x00000000c4300000)
 Metaspace       used 58841K, committed 60096K, reserved 1114112K
  class space    used 7200K, committed 7744K, reserved 1048576K
}
Event: 5.972 GC heap after
{Heap after GC invocations=48 (full 3):
 PSYoungGen      total 15360K, used 673K [0x00000000eab00000, 0x00000000ebd00000, 0x0000000100000000)
  eden space 14336K, 0% used [0x00000000eab00000,0x00000000eab00000,0x00000000eb900000)
  from space 1024K, 65% used [0x00000000ebb00000,0x00000000ebba8720,0x00000000ebc00000)
  to   space 1024K, 0% used [0x00000000ebc00000,0x00000000ebc00000,0x00000000ebd00000)
 ParOldGen       total 68608K, used 40099K [0x00000000c0000000, 0x00000000c4300000, 0x00000000eab00000)
  object space 68608K, 58% used [0x00000000c0000000,0x00000000c2728c50,0x00000000c4300000)
 Metaspace       used 58841K, committed 60096K, reserved 1114112K
  class space    used 7200K, committed 7744K, reserved 1048576K
}
Event: 6.019 GC heap before
{Heap before GC invocations=49 (full 3):
 PSYoungGen      total 15360K, used 15009K [0x00000000eab00000, 0x00000000ebd00000, 0x0000000100000000)
  eden space 14336K, 100% used [0x00000000eab00000,0x00000000eb900000,0x00000000eb900000)
  from space 1024K, 65% used [0x00000000ebb00000,0x00000000ebba8720,0x00000000ebc00000)
  to   space 1024K, 0% used [0x00000000ebc00000,0x00000000ebc00000,0x00000000ebd00000)
 ParOldGen       total 68608K, used 40099K [0x00000000c0000000, 0x00000000c4300000, 0x00000000eab00000)
  object space 68608K, 58% used [0x00000000c0000000,0x00000000c2728c50,0x00000000c4300000)
 Metaspace       used 58841K, committed 60096K, reserved 1114112K
  class space    used 7200K, committed 7744K, reserved 1048576K
}
Event: 6.019 GC heap after
{Heap after GC invocations=49 (full 3):
 PSYoungGen      total 15360K, used 1013K [0x00000000eab00000, 0x00000000ebd00000, 0x0000000100000000)
  eden space 14336K, 0% used [0x00000000eab00000,0x00000000eab00000,0x00000000eb900000)
  from space 1024K, 99% used [0x00000000ebc00000,0x00000000ebcfd758,0x00000000ebd00000)
  to   space 1536K, 0% used [0x00000000eba00000,0x00000000eba00000,0x00000000ebb80000)
 ParOldGen       total 68608K, used 40237K [0x00000000c0000000, 0x00000000c4300000, 0x00000000eab00000)
  object space 68608K, 58% used [0x00000000c0000000,0x00000000c274b650,0x00000000c4300000)
 Metaspace       used 58841K, committed 60096K, reserved 1114112K
  class space    used 7200K, committed 7744K, reserved 1048576K
}
Event: 6.077 GC heap before
{Heap before GC invocations=50 (full 3):
 PSYoungGen      total 15360K, used 15349K [0x00000000eab00000, 0x00000000ebd00000, 0x0000000100000000)
  eden space 14336K, 100% used [0x00000000eab00000,0x00000000eb900000,0x00000000eb900000)
  from space 1024K, 99% used [0x00000000ebc00000,0x00000000ebcfd758,0x00000000ebd00000)
  to   space 1536K, 0% used [0x00000000eba00000,0x00000000eba00000,0x00000000ebb80000)
 ParOldGen       total 68608K, used 40237K [0x00000000c0000000, 0x00000000c4300000, 0x00000000eab00000)
  object space 68608K, 58% used [0x00000000c0000000,0x00000000c274b650,0x00000000c4300000)
 Metaspace       used 59026K, committed 60288K, reserved 1114112K
  class space    used 7233K, committed 7808K, reserved 1048576K
}
Event: 6.078 GC heap after
{Heap after GC invocations=50 (full 3):
 PSYoungGen      total 15872K, used 384K [0x00000000eab00000, 0x00000000ebc80000, 0x0000000100000000)
  eden space 14336K, 0% used [0x00000000eab00000,0x00000000eab00000,0x00000000eb900000)
  from space 1536K, 25% used [0x00000000eba00000,0x00000000eba60000,0x00000000ebb80000)
  to   space 1024K, 0% used [0x00000000ebb80000,0x00000000ebb80000,0x00000000ebc80000)
 ParOldGen       total 68608K, used 40325K [0x00000000c0000000, 0x00000000c4300000, 0x00000000eab00000)
  object space 68608K, 58% used [0x00000000c0000000,0x00000000c2761650,0x00000000c4300000)
 Metaspace       used 59026K, committed 60288K, reserved 1114112K
  class space    used 7233K, committed 7808K, reserved 1048576K
}
Event: 6.182 GC heap before
{Heap before GC invocations=51 (full 3):
 PSYoungGen      total 15872K, used 14720K [0x00000000eab00000, 0x00000000ebc80000, 0x0000000100000000)
  eden space 14336K, 100% used [0x00000000eab00000,0x00000000eb900000,0x00000000eb900000)
  from space 1536K, 25% used [0x00000000eba00000,0x00000000eba60000,0x00000000ebb80000)
  to   space 1024K, 0% used [0x00000000ebb80000,0x00000000ebb80000,0x00000000ebc80000)
 ParOldGen       total 68608K, used 40325K [0x00000000c0000000, 0x00000000c4300000, 0x00000000eab00000)
  object space 68608K, 58% used [0x00000000c0000000,0x00000000c2761650,0x00000000c4300000)
 Metaspace       used 60648K, committed 62016K, reserved 1114112K
  class space    used 7484K, committed 8128K, reserved 1048576K
}
Event: 6.183 GC heap after
{Heap after GC invocations=51 (full 3):
 PSYoungGen      total 15360K, used 736K [0x00000000eab00000, 0x00000000ebc80000, 0x0000000100000000)
  eden space 14336K, 0% used [0x00000000eab00000,0x00000000eab00000,0x00000000eb900000)
  from space 1024K, 71% used [0x00000000ebb80000,0x00000000ebc38010,0x00000000ebc80000)
  to   space 1024K, 0% used [0x00000000eba80000,0x00000000eba80000,0x00000000ebb80000)
 ParOldGen       total 68608K, used 40437K [0x00000000c0000000, 0x00000000c4300000, 0x00000000eab00000)
  object space 68608K, 58% used [0x00000000c0000000,0x00000000c277d650,0x00000000c4300000)
 Metaspace       used 60648K, committed 62016K, reserved 1114112K
  class space    used 7484K, committed 8128K, reserved 1048576K
}
Event: 6.393 GC heap before
{Heap before GC invocations=52 (full 3):
 PSYoungGen      total 15360K, used 15072K [0x00000000eab00000, 0x00000000ebc80000, 0x0000000100000000)
  eden space 14336K, 100% used [0x00000000eab00000,0x00000000eb900000,0x00000000eb900000)
  from space 1024K, 71% used [0x00000000ebb80000,0x00000000ebc38010,0x00000000ebc80000)
  to   space 1024K, 0% used [0x00000000eba80000,0x00000000eba80000,0x00000000ebb80000)
 ParOldGen       total 68608K, used 40437K [0x00000000c0000000, 0x00000000c4300000, 0x00000000eab00000)
  object space 68608K, 58% used [0x00000000c0000000,0x00000000c277d650,0x00000000c4300000)
 Metaspace       used 61887K, committed 63232K, reserved 1114112K
  class space    used 7650K, committed 8256K, reserved 1048576K
}
Event: 6.394 GC heap after
{Heap after GC invocations=52 (full 3):
 PSYoungGen      total 14848K, used 480K [0x00000000eab00000, 0x00000000ebc00000, 0x0000000100000000)
  eden space 14336K, 0% used [0x00000000eab00000,0x00000000eab00000,0x00000000eb900000)
  from space 512K, 93% used [0x00000000eba80000,0x00000000ebaf8000,0x00000000ebb00000)
  to   space 1024K, 0% used [0x00000000ebb00000,0x00000000ebb00000,0x00000000ebc00000)
 ParOldGen       total 68608K, used 41794K [0x00000000c0000000, 0x00000000c4300000, 0x00000000eab00000)
  object space 68608K, 60% used [0x00000000c0000000,0x00000000c28d0880,0x00000000c4300000)
 Metaspace       used 61887K, committed 63232K, reserved 1114112K
  class space    used 7650K, committed 8256K, reserved 1048576K
}

