# JRE version: OpenJDK Runtime Environment Temurin-21.0.7+6 (21.0.7+6) (build 21.0.7+6-LTS)
# Java VM: OpenJDK 64-Bit Server VM Temurin-21.0.7+6 (21.0.7+6-LTS, mixed mode, sharing, tiered, compressed oops, compressed class ptrs, parallel gc, windows-amd64)
GC Precious Log:
 CardTable entry size: 512
 CPUs: 16 total, 16 available
 Memory: 16096M
 Large Page Support: Disabled
 NUMA Support: Disabled
 Compressed Oops: Enabled (32-bit)
 Alignments: Space 512K, Generation 512K, Heap 2M
 Heap Min Capacity: 100M
 Heap Initial Capacity: 100M
 Heap Max Capacity: 1G
 Pre-touch: Disabled
 Parallel Workers: 13
Heap:
 PSYoungGen      total 15872K, used 10606K [0x00000000eab00000, 0x00000000ebd80000, 0x0000000100000000)
  eden space 14848K, 66% used [0x00000000eab00000,0x00000000eb4b3810,0x00000000eb980000)
  from space 1024K, 65% used [0x00000000ebb80000,0x00000000ebc28010,0x00000000ebc80000)
  to   space 1024K, 0% used [0x00000000ebc80000,0x00000000ebc80000,0x00000000ebd80000)
 ParOldGen       total 68608K, used 41698K [0x00000000c0000000, 0x00000000c4300000, 0x00000000eab00000)
  object space 68608K, 60% used [0x00000000c0000000,0x00000000c28b8830,0x00000000c4300000)
 Metaspace       used 62443K, committed 63744K, reserved 1114112K
  class space    used 7713K, committed 8320K, reserved 1048576K
GC Heap History (20 events):
Event: 5.546 GC heap before
{Heap before GC invocations=41 (full 3):
 PSYoungGen      total 15872K, used 15861K [0x00000000eab00000, 0x00000000ebf80000, 0x0000000100000000)
  eden space 14848K, 100% used [0x00000000eab00000,0x00000000eb980000,0x00000000eb980000)
  from space 1024K, 98% used [0x00000000ebd80000,0x00000000ebe7d668,0x00000000ebe80000)
  to   space 1024K, 0% used [0x00000000ebe80000,0x00000000ebe80000,0x00000000ebf80000)
 ParOldGen       total 68608K, used 38750K [0x00000000c0000000, 0x00000000c4300000, 0x00000000eab00000)
  object space 68608K, 56% used [0x00000000c0000000,0x00000000c25d79e8,0x00000000c4300000)
 Metaspace       used 58848K, committed 60032K, reserved 1114112K
  class space    used 7195K, committed 7680K, reserved 1048576K
}
Event: 5.547 GC heap after
{Heap after GC invocations=41 (full 3):
 PSYoungGen      total 15872K, used 778K [0x00000000eab00000, 0x00000000ebf80000, 0x0000000100000000)
  eden space 14848K, 0% used [0x00000000eab00000,0x00000000eab00000,0x00000000eb980000)
  from space 1024K, 76% used [0x00000000ebe80000,0x00000000ebf42a70,0x00000000ebf80000)
  to   space 1024K, 0% used [0x00000000ebd80000,0x00000000ebd80000,0x00000000ebe80000)
 ParOldGen       total 68608K, used 38838K [0x00000000c0000000, 0x00000000c4300000, 0x00000000eab00000)
  object space 68608K, 56% used [0x00000000c0000000,0x00000000c25ed9e8,0x00000000c4300000)
 Metaspace       used 58848K, committed 60032K, reserved 1114112K
  class space    used 7195K, committed 7680K, reserved 1048576K
}
Event: 5.601 GC heap before
{Heap before GC invocations=42 (full 3):
 PSYoungGen      total 15872K, used 15626K [0x00000000eab00000, 0x00000000ebf80000, 0x0000000100000000)
  eden space 14848K, 100% used [0x00000000eab00000,0x00000000eb980000,0x00000000eb980000)
  from space 1024K, 76% used [0x00000000ebe80000,0x00000000ebf42a70,0x00000000ebf80000)
  to   space 1024K, 0% used [0x00000000ebd80000,0x00000000ebd80000,0x00000000ebe80000)
 ParOldGen       total 68608K, used 38838K [0x00000000c0000000, 0x00000000c4300000, 0x00000000eab00000)
  object space 68608K, 56% used [0x00000000c0000000,0x00000000c25ed9e8,0x00000000c4300000)
 Metaspace       used 58848K, committed 60032K, reserved 1114112K
  class space    used 7195K, committed 7680K, reserved 1048576K
}
Event: 5.602 GC heap after
{Heap after GC invocations=42 (full 3):
 PSYoungGen      total 15360K, used 384K [0x00000000eab00000, 0x00000000ebf00000, 0x0000000100000000)
  eden space 14848K, 0% used [0x00000000eab00000,0x00000000eab00000,0x00000000eb980000)
  from space 512K, 75% used [0x00000000ebd80000,0x00000000ebde0000,0x00000000ebe00000)
  to   space 1024K, 0% used [0x00000000ebe00000,0x00000000ebe00000,0x00000000ebf00000)
 ParOldGen       total 68608K, used 39495K [0x00000000c0000000, 0x00000000c4300000, 0x00000000eab00000)
  object space 68608K, 57% used [0x00000000c0000000,0x00000000c2691c88,0x00000000c4300000)
 Metaspace       used 58848K, committed 60032K, reserved 1114112K
  class space    used 7195K, committed 7680K, reserved 1048576K
}
Event: 5.656 GC heap before
{Heap before GC invocations=43 (full 3):
 PSYoungGen      total 15360K, used 15232K [0x00000000eab00000, 0x00000000ebf00000, 0x0000000100000000)
  eden space 14848K, 100% used [0x00000000eab00000,0x00000000eb980000,0x00000000eb980000)
  from space 512K, 75% used [0x00000000ebd80000,0x00000000ebde0000,0x00000000ebe00000)
  to   space 1024K, 0% used [0x00000000ebe00000,0x00000000ebe00000,0x00000000ebf00000)
 ParOldGen       total 68608K, used 39495K [0x00000000c0000000, 0x00000000c4300000, 0x00000000eab00000)
  object space 68608K, 57% used [0x00000000c0000000,0x00000000c2691c88,0x00000000c4300000)
 Metaspace       used 58848K, committed 60032K, reserved 1114112K
  class space    used 7195K, committed 7680K, reserved 1048576K
}
Event: 5.657 GC heap after
{Heap after GC invocations=43 (full 3):
 PSYoungGen      total 15872K, used 1015K [0x00000000eab00000, 0x00000000ebf00000, 0x0000000100000000)
  eden space 14848K, 0% used [0x00000000eab00000,0x00000000eab00000,0x00000000eb980000)
  from space 1024K, 99% used [0x00000000ebe00000,0x00000000ebefdd58,0x00000000ebf00000)
  to   space 2048K, 0% used [0x00000000ebb00000,0x00000000ebb00000,0x00000000ebd00000)
 ParOldGen       total 68608K, used 39884K [0x00000000c0000000, 0x00000000c4300000, 0x00000000eab00000)
  object space 68608K, 58% used [0x00000000c0000000,0x00000000c26f30d8,0x00000000c4300000)
 Metaspace       used 58848K, committed 60032K, reserved 1114112K
  class space    used 7195K, committed 7680K, reserved 1048576K
}
Event: 5.709 GC heap before
{Heap before GC invocations=44 (full 3):
 PSYoungGen      total 15872K, used 15863K [0x00000000eab00000, 0x00000000ebf00000, 0x0000000100000000)
  eden space 14848K, 100% used [0x00000000eab00000,0x00000000eb980000,0x00000000eb980000)
  from space 1024K, 99% used [0x00000000ebe00000,0x00000000ebefdd58,0x00000000ebf00000)
  to   space 2048K, 0% used [0x00000000ebb00000,0x00000000ebb00000,0x00000000ebd00000)
 ParOldGen       total 68608K, used 39884K [0x00000000c0000000, 0x00000000c4300000, 0x00000000eab00000)
  object space 68608K, 58% used [0x00000000c0000000,0x00000000c26f30d8,0x00000000c4300000)
 Metaspace       used 58849K, committed 60032K, reserved 1114112K
  class space    used 7195K, committed 7680K, reserved 1048576K
}
Event: 5.710 GC heap after
{Heap after GC invocations=44 (full 3):
 PSYoungGen      total 16896K, used 352K [0x00000000eab00000, 0x00000000ebe80000, 0x0000000100000000)
  eden space 14848K, 0% used [0x00000000eab00000,0x00000000eab00000,0x00000000eb980000)
  from space 2048K, 17% used [0x00000000ebb00000,0x00000000ebb58000,0x00000000ebd00000)
  to   space 1024K, 0% used [0x00000000ebd80000,0x00000000ebd80000,0x00000000ebe80000)
 ParOldGen       total 68608K, used 39972K [0x00000000c0000000, 0x00000000c4300000, 0x00000000eab00000)
  object space 68608K, 58% used [0x00000000c0000000,0x00000000c27090d8,0x00000000c4300000)
 Metaspace       used 58849K, committed 60032K, reserved 1114112K
  class space    used 7195K, committed 7680K, reserved 1048576K
}
Event: 5.759 GC heap before
{Heap before GC invocations=45 (full 3):
 PSYoungGen      total 16896K, used 15200K [0x00000000eab00000, 0x00000000ebe80000, 0x0000000100000000)
  eden space 14848K, 100% used [0x00000000eab00000,0x00000000eb980000,0x00000000eb980000)
  from space 2048K, 17% used [0x00000000ebb00000,0x00000000ebb58000,0x00000000ebd00000)
  to   space 1024K, 0% used [0x00000000ebd80000,0x00000000ebd80000,0x00000000ebe80000)
 ParOldGen       total 68608K, used 39972K [0x00000000c0000000, 0x00000000c4300000, 0x00000000eab00000)
  object space 68608K, 58% used [0x00000000c0000000,0x00000000c27090d8,0x00000000c4300000)
 Metaspace       used 58849K, committed 60032K, reserved 1114112K
  class space    used 7195K, committed 7680K, reserved 1048576K
}
Event: 5.760 GC heap after
{Heap after GC invocations=45 (full 3):
 PSYoungGen      total 15872K, used 1012K [0x00000000eab00000, 0x00000000ebe80000, 0x0000000100000000)
  eden space 14848K, 0% used [0x00000000eab00000,0x00000000eab00000,0x00000000eb980000)
  from space 1024K, 98% used [0x00000000ebd80000,0x00000000ebe7d3f8,0x00000000ebe80000)
  to   space 1536K, 0% used [0x00000000ebb80000,0x00000000ebb80000,0x00000000ebd00000)
 ParOldGen       total 68608K, used 40163K [0x00000000c0000000, 0x00000000c4300000, 0x00000000eab00000)
  object space 68608K, 58% used [0x00000000c0000000,0x00000000c2738d88,0x00000000c4300000)
 Metaspace       used 58849K, committed 60032K, reserved 1114112K
  class space    used 7195K, committed 7680K, reserved 1048576K
}
Event: 5.819 GC heap before
{Heap before GC invocations=46 (full 3):
 PSYoungGen      total 15872K, used 15860K [0x00000000eab00000, 0x00000000ebe80000, 0x0000000100000000)
  eden space 14848K, 100% used [0x00000000eab00000,0x00000000eb980000,0x00000000eb980000)
  from space 1024K, 98% used [0x00000000ebd80000,0x00000000ebe7d3f8,0x00000000ebe80000)
  to   space 1536K, 0% used [0x00000000ebb80000,0x00000000ebb80000,0x00000000ebd00000)
 ParOldGen       total 68608K, used 40163K [0x00000000c0000000, 0x00000000c4300000, 0x00000000eab00000)
  object space 68608K, 58% used [0x00000000c0000000,0x00000000c2738d88,0x00000000c4300000)
 Metaspace       used 58850K, committed 60032K, reserved 1114112K
  class space    used 7195K, committed 7680K, reserved 1048576K
}
Event: 5.820 GC heap after
{Heap after GC invocations=46 (full 3):
 PSYoungGen      total 16384K, used 1037K [0x00000000eab00000, 0x00000000ebe00000, 0x0000000100000000)
  eden space 14848K, 0% used [0x00000000eab00000,0x00000000eab00000,0x00000000eb980000)
  from space 1536K, 67% used [0x00000000ebb80000,0x00000000ebc837d0,0x00000000ebd00000)
  to   space 1024K, 0% used [0x00000000ebd00000,0x00000000ebd00000,0x00000000ebe00000)
 ParOldGen       total 68608K, used 40267K [0x00000000c0000000, 0x00000000c4300000, 0x00000000eab00000)
  object space 68608K, 58% used [0x00000000c0000000,0x00000000c2752d98,0x00000000c4300000)
 Metaspace       used 58850K, committed 60032K, reserved 1114112K
  class space    used 7195K, committed 7680K, reserved 1048576K
}
Event: 5.870 GC heap before
{Heap before GC invocations=47 (full 3):
 PSYoungGen      total 16384K, used 15885K [0x00000000eab00000, 0x00000000ebe00000, 0x0000000100000000)
  eden space 14848K, 99% used [0x00000000eab00000,0x00000000eb97ffc0,0x00000000eb980000)
  from space 1536K, 67% used [0x00000000ebb80000,0x00000000ebc837d0,0x00000000ebd00000)
  to   space 1024K, 0% used [0x00000000ebd00000,0x00000000ebd00000,0x00000000ebe00000)
 ParOldGen       total 68608K, used 40267K [0x00000000c0000000, 0x00000000c4300000, 0x00000000eab00000)
  object space 68608K, 58% used [0x00000000c0000000,0x00000000c2752d98,0x00000000c4300000)
 Metaspace       used 58850K, committed 60032K, reserved 1114112K
  class space    used 7195K, committed 7680K, reserved 1048576K
}
Event: 5.871 GC heap after
{Heap after GC invocations=47 (full 3):
 PSYoungGen      total 15872K, used 557K [0x00000000eab00000, 0x00000000ebe00000, 0x0000000100000000)
  eden space 14848K, 0% used [0x00000000eab00000,0x00000000eab00000,0x00000000eb980000)
  from space 1024K, 54% used [0x00000000ebd00000,0x00000000ebd8b420,0x00000000ebe00000)
  to   space 1024K, 0% used [0x00000000ebc00000,0x00000000ebc00000,0x00000000ebd00000)
 ParOldGen       total 68608K, used 40339K [0x00000000c0000000, 0x00000000c4300000, 0x00000000eab00000)
  object space 68608K, 58% used [0x00000000c0000000,0x00000000c2764d98,0x00000000c4300000)
 Metaspace       used 58850K, committed 60032K, reserved 1114112K
  class space    used 7195K, committed 7680K, reserved 1048576K
}
Event: 5.915 GC heap before
{Heap before GC invocations=48 (full 3):
 PSYoungGen      total 15872K, used 15405K [0x00000000eab00000, 0x00000000ebe00000, 0x0000000100000000)
  eden space 14848K, 100% used [0x00000000eab00000,0x00000000eb980000,0x00000000eb980000)
  from space 1024K, 54% used [0x00000000ebd00000,0x00000000ebd8b420,0x00000000ebe00000)
  to   space 1024K, 0% used [0x00000000ebc00000,0x00000000ebc00000,0x00000000ebd00000)
 ParOldGen       total 68608K, used 40339K [0x00000000c0000000, 0x00000000c4300000, 0x00000000eab00000)
  object space 68608K, 58% used [0x00000000c0000000,0x00000000c2764d98,0x00000000c4300000)
 Metaspace       used 58850K, committed 60032K, reserved 1114112K
  class space    used 7195K, committed 7680K, reserved 1048576K
}
Event: 5.915 GC heap after
{Heap after GC invocations=48 (full 3):
 PSYoungGen      total 15872K, used 956K [0x00000000eab00000, 0x00000000ebd80000, 0x0000000100000000)
  eden space 14848K, 0% used [0x00000000eab00000,0x00000000eab00000,0x00000000eb980000)
  from space 1024K, 93% used [0x00000000ebc00000,0x00000000ebcef0c0,0x00000000ebd00000)
  to   space 512K, 0% used [0x00000000ebd00000,0x00000000ebd00000,0x00000000ebd80000)
 ParOldGen       total 68608K, used 40445K [0x00000000c0000000, 0x00000000c4300000, 0x00000000eab00000)
  object space 68608K, 58% used [0x00000000c0000000,0x00000000c277f600,0x00000000c4300000)
 Metaspace       used 58850K, committed 60032K, reserved 1114112K
  class space    used 7195K, committed 7680K, reserved 1048576K
}
Event: 6.034 GC heap before
{Heap before GC invocations=49 (full 3):
 PSYoungGen      total 15872K, used 15804K [0x00000000eab00000, 0x00000000ebd80000, 0x0000000100000000)
  eden space 14848K, 100% used [0x00000000eab00000,0x00000000eb980000,0x00000000eb980000)
  from space 1024K, 93% used [0x00000000ebc00000,0x00000000ebcef0c0,0x00000000ebd00000)
  to   space 512K, 0% used [0x00000000ebd00000,0x00000000ebd00000,0x00000000ebd80000)
 ParOldGen       total 68608K, used 40445K [0x00000000c0000000, 0x00000000c4300000, 0x00000000eab00000)
  object space 68608K, 58% used [0x00000000c0000000,0x00000000c277f600,0x00000000c4300000)
 Metaspace       used 60016K, committed 61312K, reserved 1114112K
  class space    used 7362K, committed 7936K, reserved 1048576K
}
Event: 6.035 GC heap after
{Heap after GC invocations=49 (full 3):
 PSYoungGen      total 15360K, used 512K [0x00000000eab00000, 0x00000000ebd80000, 0x0000000100000000)
  eden space 14848K, 0% used [0x00000000eab00000,0x00000000eab00000,0x00000000eb980000)
  from space 512K, 100% used [0x00000000ebd00000,0x00000000ebd80000,0x00000000ebd80000)
  to   space 1024K, 0% used [0x00000000ebb80000,0x00000000ebb80000,0x00000000ebc80000)
 ParOldGen       total 68608K, used 40541K [0x00000000c0000000, 0x00000000c4300000, 0x00000000eab00000)
  object space 68608K, 59% used [0x00000000c0000000,0x00000000c2797600,0x00000000c4300000)
 Metaspace       used 60016K, committed 61312K, reserved 1114112K
  class space    used 7362K, committed 7936K, reserved 1048576K
}
Event: 6.247 GC heap before
{Heap before GC invocations=50 (full 3):
 PSYoungGen      total 15360K, used 15360K [0x00000000eab00000, 0x00000000ebd80000, 0x0000000100000000)
  eden space 14848K, 100% used [0x00000000eab00000,0x00000000eb980000,0x00000000eb980000)
  from space 512K, 100% used [0x00000000ebd00000,0x00000000ebd80000,0x00000000ebd80000)
  to   space 1024K, 0% used [0x00000000ebb80000,0x00000000ebb80000,0x00000000ebc80000)
 ParOldGen       total 68608K, used 40541K [0x00000000c0000000, 0x00000000c4300000, 0x00000000eab00000)
  object space 68608K, 59% used [0x00000000c0000000,0x00000000c2797600,0x00000000c4300000)
 Metaspace       used 61492K, committed 62784K, reserved 1114112K
  class space    used 7593K, committed 8192K, reserved 1048576K
}
Event: 6.248 GC heap after
{Heap after GC invocations=50 (full 3):
 PSYoungGen      total 15872K, used 672K [0x00000000eab00000, 0x00000000ebd80000, 0x0000000100000000)
  eden space 14848K, 0% used [0x00000000eab00000,0x00000000eab00000,0x00000000eb980000)
  from space 1024K, 65% used [0x00000000ebb80000,0x00000000ebc28010,0x00000000ebc80000)
  to   space 1024K, 0% used [0x00000000ebc80000,0x00000000ebc80000,0x00000000ebd80000)
 ParOldGen       total 68608K, used 41698K [0x00000000c0000000, 0x00000000c4300000, 0x00000000eab00000)
  object space 68608K, 60% used [0x00000000c0000000,0x00000000c28b8830,0x00000000c4300000)
 Metaspace       used 61492K, committed 62784K, reserved 1114112K
  class space    used 7593K, committed 8192K, reserved 1048576K
}

