# JRE version: OpenJDK Runtime Environment Temurin-21.0.7+6 (21.0.7+6) (build 21.0.7+6-LTS)
# Java VM: OpenJDK 64-Bit Server VM Temurin-21.0.7+6 (21.0.7+6-LTS, mixed mode, sharing, tiered, compressed oops, compressed class ptrs, parallel gc, windows-amd64)
GC Precious Log:
 CardTable entry size: 512
 CPUs: 16 total, 16 available
 Memory: 16096M
 Large Page Support: Disabled
 NUMA Support: Disabled
 Compressed Oops: Enabled (32-bit)
 Alignments: Space 512K, Generation 512K, Heap 2M
 Heap Min Capacity: 100M
 Heap Initial Capacity: 100M
 Heap Max Capacity: 1G
 Pre-touch: Disabled
 Parallel Workers: 13
Heap:
 PSYoungGen      total 15360K, used 8277K [0x00000000eab00000, 0x00000000ebc00000, 0x0000000100000000)
  eden space 14336K, 53% used [0x00000000eab00000,0x00000000eb2857f0,0x00000000eb900000)
  from space 1024K, 56% used [0x00000000ebb00000,0x00000000ebb90000,0x00000000ebc00000)
  to   space 1024K, 0% used [0x00000000eba00000,0x00000000eba00000,0x00000000ebb00000)
 ParOldGen       total 68608K, used 45734K [0x00000000c0000000, 0x00000000c4300000, 0x00000000eab00000)
  object space 68608K, 66% used [0x00000000c0000000,0x00000000c2ca9b28,0x00000000c4300000)
 Metaspace       used 66846K, committed 68288K, reserved 1114112K
  class space    used 8229K, committed 8896K, reserved 1048576K
GC Heap History (20 events):
Event: 138.787 GC heap before
{Heap before GC invocations=44 (full 3):
 PSYoungGen      total 15360K, used 15322K [0x00000000eab00000, 0x00000000ebe80000, 0x0000000100000000)
  eden space 14336K, 100% used [0x00000000eab00000,0x00000000eb900000,0x00000000eb900000)
  from space 1024K, 96% used [0x00000000ebd80000,0x00000000ebe769b0,0x00000000ebe80000)
  to   space 1536K, 0% used [0x00000000ebb80000,0x00000000ebb80000,0x00000000ebd00000)
 ParOldGen       total 68608K, used 43654K [0x00000000c0000000, 0x00000000c4300000, 0x00000000eab00000)
  object space 68608K, 63% used [0x00000000c0000000,0x00000000c2aa1928,0x00000000c4300000)
 Metaspace       used 63697K, committed 65024K, reserved 1114112K
  class space    used 7771K, committed 8320K, reserved 1048576K
}
Event: 138.788 GC heap after
{Heap after GC invocations=44 (full 3):
 PSYoungGen      total 15872K, used 1038K [0x00000000eab00000, 0x00000000ebe00000, 0x0000000100000000)
  eden space 14336K, 0% used [0x00000000eab00000,0x00000000eab00000,0x00000000eb900000)
  from space 1536K, 67% used [0x00000000ebb80000,0x00000000ebc83a18,0x00000000ebd00000)
  to   space 1024K, 0% used [0x00000000ebd00000,0x00000000ebd00000,0x00000000ebe00000)
 ParOldGen       total 68608K, used 43726K [0x00000000c0000000, 0x00000000c4300000, 0x00000000eab00000)
  object space 68608K, 63% used [0x00000000c0000000,0x00000000c2ab3938,0x00000000c4300000)
 Metaspace       used 63697K, committed 65024K, reserved 1114112K
  class space    used 7771K, committed 8320K, reserved 1048576K
}
Event: 138.843 GC heap before
{Heap before GC invocations=45 (full 3):
 PSYoungGen      total 15872K, used 15374K [0x00000000eab00000, 0x00000000ebe00000, 0x0000000100000000)
  eden space 14336K, 100% used [0x00000000eab00000,0x00000000eb900000,0x00000000eb900000)
  from space 1536K, 67% used [0x00000000ebb80000,0x00000000ebc83a18,0x00000000ebd00000)
  to   space 1024K, 0% used [0x00000000ebd00000,0x00000000ebd00000,0x00000000ebe00000)
 ParOldGen       total 68608K, used 43726K [0x00000000c0000000, 0x00000000c4300000, 0x00000000eab00000)
  object space 68608K, 63% used [0x00000000c0000000,0x00000000c2ab3938,0x00000000c4300000)
 Metaspace       used 63697K, committed 65024K, reserved 1114112K
  class space    used 7771K, committed 8320K, reserved 1048576K
}
Event: 138.844 GC heap after
{Heap after GC invocations=45 (full 3):
 PSYoungGen      total 14848K, used 309K [0x00000000eab00000, 0x00000000ebd80000, 0x0000000100000000)
  eden space 14336K, 0% used [0x00000000eab00000,0x00000000eab00000,0x00000000eb900000)
  from space 512K, 60% used [0x00000000ebd00000,0x00000000ebd4d4b8,0x00000000ebd80000)
  to   space 1024K, 0% used [0x00000000ebb80000,0x00000000ebb80000,0x00000000ebc80000)
 ParOldGen       total 68608K, used 43806K [0x00000000c0000000, 0x00000000c4300000, 0x00000000eab00000)
  object space 68608K, 63% used [0x00000000c0000000,0x00000000c2ac7938,0x00000000c4300000)
 Metaspace       used 63697K, committed 65024K, reserved 1114112K
  class space    used 7771K, committed 8320K, reserved 1048576K
}
Event: 138.894 GC heap before
{Heap before GC invocations=46 (full 3):
 PSYoungGen      total 14848K, used 14645K [0x00000000eab00000, 0x00000000ebd80000, 0x0000000100000000)
  eden space 14336K, 100% used [0x00000000eab00000,0x00000000eb900000,0x00000000eb900000)
  from space 512K, 60% used [0x00000000ebd00000,0x00000000ebd4d4b8,0x00000000ebd80000)
  to   space 1024K, 0% used [0x00000000ebb80000,0x00000000ebb80000,0x00000000ebc80000)
 ParOldGen       total 68608K, used 43806K [0x00000000c0000000, 0x00000000c4300000, 0x00000000eab00000)
  object space 68608K, 63% used [0x00000000c0000000,0x00000000c2ac7938,0x00000000c4300000)
 Metaspace       used 63697K, committed 65024K, reserved 1114112K
  class space    used 7771K, committed 8320K, reserved 1048576K
}
Event: 138.894 GC heap after
{Heap after GC invocations=46 (full 3):
 PSYoungGen      total 15360K, used 1020K [0x00000000eab00000, 0x00000000ebd80000, 0x0000000100000000)
  eden space 14336K, 0% used [0x00000000eab00000,0x00000000eab00000,0x00000000eb900000)
  from space 1024K, 99% used [0x00000000ebb80000,0x00000000ebc7f130,0x00000000ebc80000)
  to   space 1024K, 0% used [0x00000000ebc80000,0x00000000ebc80000,0x00000000ebd80000)
 ParOldGen       total 68608K, used 44167K [0x00000000c0000000, 0x00000000c4300000, 0x00000000eab00000)
  object space 68608K, 64% used [0x00000000c0000000,0x00000000c2b21f10,0x00000000c4300000)
 Metaspace       used 63697K, committed 65024K, reserved 1114112K
  class space    used 7771K, committed 8320K, reserved 1048576K
}
Event: 138.950 GC heap before
{Heap before GC invocations=47 (full 3):
 PSYoungGen      total 15360K, used 15338K [0x00000000eab00000, 0x00000000ebd80000, 0x0000000100000000)
  eden space 14336K, 99% used [0x00000000eab00000,0x00000000eb8fb9f8,0x00000000eb900000)
  from space 1024K, 99% used [0x00000000ebb80000,0x00000000ebc7f130,0x00000000ebc80000)
  to   space 1024K, 0% used [0x00000000ebc80000,0x00000000ebc80000,0x00000000ebd80000)
 ParOldGen       total 68608K, used 44167K [0x00000000c0000000, 0x00000000c4300000, 0x00000000eab00000)
  object space 68608K, 64% used [0x00000000c0000000,0x00000000c2b21f10,0x00000000c4300000)
 Metaspace       used 63697K, committed 65024K, reserved 1114112K
  class space    used 7771K, committed 8320K, reserved 1048576K
}
Event: 138.950 GC heap after
{Heap after GC invocations=47 (full 3):
 PSYoungGen      total 15360K, used 620K [0x00000000eab00000, 0x00000000ebd80000, 0x0000000100000000)
  eden space 14336K, 0% used [0x00000000eab00000,0x00000000eab00000,0x00000000eb900000)
  from space 1024K, 60% used [0x00000000ebc80000,0x00000000ebd1b3f8,0x00000000ebd80000)
  to   space 1024K, 0% used [0x00000000ebb80000,0x00000000ebb80000,0x00000000ebc80000)
 ParOldGen       total 68608K, used 44271K [0x00000000c0000000, 0x00000000c4300000, 0x00000000eab00000)
  object space 68608K, 64% used [0x00000000c0000000,0x00000000c2b3bf10,0x00000000c4300000)
 Metaspace       used 63697K, committed 65024K, reserved 1114112K
  class space    used 7771K, committed 8320K, reserved 1048576K
}
Event: 138.995 GC heap before
{Heap before GC invocations=48 (full 3):
 PSYoungGen      total 15360K, used 14956K [0x00000000eab00000, 0x00000000ebd80000, 0x0000000100000000)
  eden space 14336K, 100% used [0x00000000eab00000,0x00000000eb900000,0x00000000eb900000)
  from space 1024K, 60% used [0x00000000ebc80000,0x00000000ebd1b3f8,0x00000000ebd80000)
  to   space 1024K, 0% used [0x00000000ebb80000,0x00000000ebb80000,0x00000000ebc80000)
 ParOldGen       total 68608K, used 44271K [0x00000000c0000000, 0x00000000c4300000, 0x00000000eab00000)
  object space 68608K, 64% used [0x00000000c0000000,0x00000000c2b3bf10,0x00000000c4300000)
 Metaspace       used 63697K, committed 65024K, reserved 1114112K
  class space    used 7771K, committed 8320K, reserved 1048576K
}
Event: 138.996 GC heap after
{Heap after GC invocations=48 (full 3):
 PSYoungGen      total 14848K, used 500K [0x00000000eab00000, 0x00000000ebd00000, 0x0000000100000000)
  eden space 14336K, 0% used [0x00000000eab00000,0x00000000eab00000,0x00000000eb900000)
  from space 512K, 97% used [0x00000000ebb80000,0x00000000ebbfd2a0,0x00000000ebc00000)
  to   space 1024K, 0% used [0x00000000ebc00000,0x00000000ebc00000,0x00000000ebd00000)
 ParOldGen       total 68608K, used 44779K [0x00000000c0000000, 0x00000000c4300000, 0x00000000eab00000)
  object space 68608K, 65% used [0x00000000c0000000,0x00000000c2bbaf10,0x00000000c4300000)
 Metaspace       used 63697K, committed 65024K, reserved 1114112K
  class space    used 7771K, committed 8320K, reserved 1048576K
}
Event: 139.049 GC heap before
{Heap before GC invocations=49 (full 3):
 PSYoungGen      total 14848K, used 14836K [0x00000000eab00000, 0x00000000ebd00000, 0x0000000100000000)
  eden space 14336K, 100% used [0x00000000eab00000,0x00000000eb900000,0x00000000eb900000)
  from space 512K, 97% used [0x00000000ebb80000,0x00000000ebbfd2a0,0x00000000ebc00000)
  to   space 1024K, 0% used [0x00000000ebc00000,0x00000000ebc00000,0x00000000ebd00000)
 ParOldGen       total 68608K, used 44779K [0x00000000c0000000, 0x00000000c4300000, 0x00000000eab00000)
  object space 68608K, 65% used [0x00000000c0000000,0x00000000c2bbaf10,0x00000000c4300000)
 Metaspace       used 63697K, committed 65024K, reserved 1114112K
  class space    used 7771K, committed 8320K, reserved 1048576K
}
Event: 139.050 GC heap after
{Heap after GC invocations=49 (full 3):
 PSYoungGen      total 15360K, used 1018K [0x00000000eab00000, 0x00000000ebd00000, 0x0000000100000000)
  eden space 14336K, 0% used [0x00000000eab00000,0x00000000eab00000,0x00000000eb900000)
  from space 1024K, 99% used [0x00000000ebc00000,0x00000000ebcfeb30,0x00000000ebd00000)
  to   space 1536K, 0% used [0x00000000eba00000,0x00000000eba00000,0x00000000ebb80000)
 ParOldGen       total 68608K, used 45038K [0x00000000c0000000, 0x00000000c4300000, 0x00000000eab00000)
  object space 68608K, 65% used [0x00000000c0000000,0x00000000c2bfb890,0x00000000c4300000)
 Metaspace       used 63697K, committed 65024K, reserved 1114112K
  class space    used 7771K, committed 8320K, reserved 1048576K
}
Event: 139.105 GC heap before
{Heap before GC invocations=50 (full 3):
 PSYoungGen      total 15360K, used 15354K [0x00000000eab00000, 0x00000000ebd00000, 0x0000000100000000)
  eden space 14336K, 100% used [0x00000000eab00000,0x00000000eb900000,0x00000000eb900000)
  from space 1024K, 99% used [0x00000000ebc00000,0x00000000ebcfeb30,0x00000000ebd00000)
  to   space 1536K, 0% used [0x00000000eba00000,0x00000000eba00000,0x00000000ebb80000)
 ParOldGen       total 68608K, used 45038K [0x00000000c0000000, 0x00000000c4300000, 0x00000000eab00000)
  object space 68608K, 65% used [0x00000000c0000000,0x00000000c2bfb890,0x00000000c4300000)
 Metaspace       used 63697K, committed 65024K, reserved 1114112K
  class space    used 7771K, committed 8320K, reserved 1048576K
}
Event: 139.106 GC heap after
{Heap after GC invocations=50 (full 3):
 PSYoungGen      total 15872K, used 461K [0x00000000eab00000, 0x00000000ebc80000, 0x0000000100000000)
  eden space 14336K, 0% used [0x00000000eab00000,0x00000000eab00000,0x00000000eb900000)
  from space 1536K, 30% used [0x00000000eba00000,0x00000000eba73420,0x00000000ebb80000)
  to   space 1024K, 0% used [0x00000000ebb80000,0x00000000ebb80000,0x00000000ebc80000)
 ParOldGen       total 68608K, used 45126K [0x00000000c0000000, 0x00000000c4300000, 0x00000000eab00000)
  object space 68608K, 65% used [0x00000000c0000000,0x00000000c2c11890,0x00000000c4300000)
 Metaspace       used 63697K, committed 65024K, reserved 1114112K
  class space    used 7771K, committed 8320K, reserved 1048576K
}
Event: 139.150 GC heap before
{Heap before GC invocations=51 (full 3):
 PSYoungGen      total 15872K, used 14797K [0x00000000eab00000, 0x00000000ebc80000, 0x0000000100000000)
  eden space 14336K, 100% used [0x00000000eab00000,0x00000000eb900000,0x00000000eb900000)
  from space 1536K, 30% used [0x00000000eba00000,0x00000000eba73420,0x00000000ebb80000)
  to   space 1024K, 0% used [0x00000000ebb80000,0x00000000ebb80000,0x00000000ebc80000)
 ParOldGen       total 68608K, used 45126K [0x00000000c0000000, 0x00000000c4300000, 0x00000000eab00000)
  object space 68608K, 65% used [0x00000000c0000000,0x00000000c2c11890,0x00000000c4300000)
 Metaspace       used 63697K, committed 65024K, reserved 1114112K
  class space    used 7771K, committed 8320K, reserved 1048576K
}
Event: 139.151 GC heap after
{Heap after GC invocations=51 (full 3):
 PSYoungGen      total 15360K, used 1018K [0x00000000eab00000, 0x00000000ebc80000, 0x0000000100000000)
  eden space 14336K, 0% used [0x00000000eab00000,0x00000000eab00000,0x00000000eb900000)
  from space 1024K, 99% used [0x00000000ebb80000,0x00000000ebc7e808,0x00000000ebc80000)
  to   space 1536K, 0% used [0x00000000eb980000,0x00000000eb980000,0x00000000ebb00000)
 ParOldGen       total 68608K, used 45319K [0x00000000c0000000, 0x00000000c4300000, 0x00000000eab00000)
  object space 68608K, 66% used [0x00000000c0000000,0x00000000c2c41e08,0x00000000c4300000)
 Metaspace       used 63697K, committed 65024K, reserved 1114112K
  class space    used 7771K, committed 8320K, reserved 1048576K
}
Event: 139.454 GC heap before
{Heap before GC invocations=52 (full 3):
 PSYoungGen      total 15360K, used 15354K [0x00000000eab00000, 0x00000000ebc80000, 0x0000000100000000)
  eden space 14336K, 100% used [0x00000000eab00000,0x00000000eb900000,0x00000000eb900000)
  from space 1024K, 99% used [0x00000000ebb80000,0x00000000ebc7e808,0x00000000ebc80000)
  to   space 1536K, 0% used [0x00000000eb980000,0x00000000eb980000,0x00000000ebb00000)
 ParOldGen       total 68608K, used 45319K [0x00000000c0000000, 0x00000000c4300000, 0x00000000eab00000)
  object space 68608K, 66% used [0x00000000c0000000,0x00000000c2c41e08,0x00000000c4300000)
 Metaspace       used 64700K, committed 66048K, reserved 1114112K
  class space    used 7915K, committed 8512K, reserved 1048576K
}
Event: 139.455 GC heap after
{Heap after GC invocations=52 (full 3):
 PSYoungGen      total 15872K, used 480K [0x00000000eab00000, 0x00000000ebc00000, 0x0000000100000000)
  eden space 14336K, 0% used [0x00000000eab00000,0x00000000eab00000,0x00000000eb900000)
  from space 1536K, 31% used [0x00000000eb980000,0x00000000eb9f8000,0x00000000ebb00000)
  to   space 1024K, 0% used [0x00000000ebb00000,0x00000000ebb00000,0x00000000ebc00000)
 ParOldGen       total 68608K, used 45391K [0x00000000c0000000, 0x00000000c4300000, 0x00000000eab00000)
  object space 68608K, 66% used [0x00000000c0000000,0x00000000c2c53e08,0x00000000c4300000)
 Metaspace       used 64700K, committed 66048K, reserved 1114112K
  class space    used 7915K, committed 8512K, reserved 1048576K
}
Event: 139.858 GC heap before
{Heap before GC invocations=53 (full 3):
 PSYoungGen      total 15872K, used 14816K [0x00000000eab00000, 0x00000000ebc00000, 0x0000000100000000)
  eden space 14336K, 100% used [0x00000000eab00000,0x00000000eb900000,0x00000000eb900000)
  from space 1536K, 31% used [0x00000000eb980000,0x00000000eb9f8000,0x00000000ebb00000)
  to   space 1024K, 0% used [0x00000000ebb00000,0x00000000ebb00000,0x00000000ebc00000)
 ParOldGen       total 68608K, used 45391K [0x00000000c0000000, 0x00000000c4300000, 0x00000000eab00000)
  object space 68608K, 66% used [0x00000000c0000000,0x00000000c2c53e08,0x00000000c4300000)
 Metaspace       used 66220K, committed 67648K, reserved 1114112K
  class space    used 8153K, committed 8768K, reserved 1048576K
}
Event: 139.859 GC heap after
{Heap after GC invocations=53 (full 3):
 PSYoungGen      total 15360K, used 576K [0x00000000eab00000, 0x00000000ebc00000, 0x0000000100000000)
  eden space 14336K, 0% used [0x00000000eab00000,0x00000000eab00000,0x00000000eb900000)
  from space 1024K, 56% used [0x00000000ebb00000,0x00000000ebb90000,0x00000000ebc00000)
  to   space 1024K, 0% used [0x00000000eba00000,0x00000000eba00000,0x00000000ebb00000)
 ParOldGen       total 68608K, used 45734K [0x00000000c0000000, 0x00000000c4300000, 0x00000000eab00000)
  object space 68608K, 66% used [0x00000000c0000000,0x00000000c2ca9b28,0x00000000c4300000)
 Metaspace       used 66220K, committed 67648K, reserved 1114112K
  class space    used 8153K, committed 8768K, reserved 1048576K
}

