# JRE version: OpenJDK Runtime Environment Temurin-21.0.7+6 (21.0.7+6) (build 21.0.7+6-LTS)
# Java VM: OpenJDK 64-Bit Server VM Temurin-21.0.7+6 (21.0.7+6-LTS, mixed mode, sharing, tiered, compressed oops, compressed class ptrs, parallel gc, windows-amd64)
GC Precious Log:
 CardTable entry size: 512
 CPUs: 16 total, 16 available
 Memory: 16096M
 Large Page Support: Disabled
 NUMA Support: Disabled
 Compressed Oops: Enabled (32-bit)
 Alignments: Space 512K, Generation 512K, Heap 2M
 Heap Min Capacity: 100M
 Heap Initial Capacity: 100M
 Heap Max Capacity: 1G
 Pre-touch: Disabled
 Parallel Workers: 13
Heap:
 PSYoungGen      total 20480K, used 9598K [0x00000000eab00000, 0x00000000ec000000, 0x0000000100000000)
  eden space 19456K, 45% used [0x00000000eab00000,0x00000000eb39adb0,0x00000000ebe00000)
  from space 1024K, 76% used [0x00000000ebe00000,0x00000000ebec4d88,0x00000000ebf00000)
  to   space 1024K, 0% used [0x00000000ebf00000,0x00000000ebf00000,0x00000000ec000000)
 ParOldGen       total 68608K, used 39617K [0x00000000c0000000, 0x00000000c4300000, 0x00000000eab00000)
  object space 68608K, 57% used [0x00000000c0000000,0x00000000c26b04b0,0x00000000c4300000)
 Metaspace       used 62457K, committed 63808K, reserved 1114112K
  class space    used 7722K, committed 8320K, reserved 1048576K
GC Heap History (20 events):
Event: 6.229 GC heap before
{Heap before GC invocations=35 (full 3):
 PSYoungGen      total 19968K, used 19456K [0x00000000eab00000, 0x00000000ec100000, 0x0000000100000000)
  eden space 19456K, 100% used [0x00000000eab00000,0x00000000ebe00000,0x00000000ebe00000)
  from space 512K, 0% used [0x00000000ebf80000,0x00000000ebf80000,0x00000000ec000000)
  to   space 1024K, 0% used [0x00000000ec000000,0x00000000ec000000,0x00000000ec100000)
 ParOldGen       total 68608K, used 37891K [0x00000000c0000000, 0x00000000c4300000, 0x00000000eab00000)
  object space 68608K, 55% used [0x00000000c0000000,0x00000000c2500d90,0x00000000c4300000)
 Metaspace       used 58853K, committed 60032K, reserved 1114112K
  class space    used 7205K, committed 7744K, reserved 1048576K
}
Event: 6.230 GC heap after
{Heap after GC invocations=35 (full 3):
 PSYoungGen      total 20480K, used 1021K [0x00000000eab00000, 0x00000000ec200000, 0x0000000100000000)
  eden space 19456K, 0% used [0x00000000eab00000,0x00000000eab00000,0x00000000ebe00000)
  from space 1024K, 99% used [0x00000000ec000000,0x00000000ec0ff7d8,0x00000000ec100000)
  to   space 2048K, 0% used [0x00000000ebe00000,0x00000000ebe00000,0x00000000ec000000)
 ParOldGen       total 68608K, used 38321K [0x00000000c0000000, 0x00000000c4300000, 0x00000000eab00000)
  object space 68608K, 55% used [0x00000000c0000000,0x00000000c256c5c8,0x00000000c4300000)
 Metaspace       used 58853K, committed 60032K, reserved 1114112K
  class space    used 7205K, committed 7744K, reserved 1048576K
}
Event: 6.298 GC heap before
{Heap before GC invocations=36 (full 3):
 PSYoungGen      total 20480K, used 20477K [0x00000000eab00000, 0x00000000ec200000, 0x0000000100000000)
  eden space 19456K, 100% used [0x00000000eab00000,0x00000000ebe00000,0x00000000ebe00000)
  from space 1024K, 99% used [0x00000000ec000000,0x00000000ec0ff7d8,0x00000000ec100000)
  to   space 2048K, 0% used [0x00000000ebe00000,0x00000000ebe00000,0x00000000ec000000)
 ParOldGen       total 68608K, used 38321K [0x00000000c0000000, 0x00000000c4300000, 0x00000000eab00000)
  object space 68608K, 55% used [0x00000000c0000000,0x00000000c256c5c8,0x00000000c4300000)
 Metaspace       used 58855K, committed 60032K, reserved 1114112K
  class space    used 7205K, committed 7744K, reserved 1048576K
}
Event: 6.299 GC heap after
{Heap after GC invocations=36 (full 3):
 PSYoungGen      total 20480K, used 853K [0x00000000eab00000, 0x00000000ec100000, 0x0000000100000000)
  eden space 19456K, 0% used [0x00000000eab00000,0x00000000eab00000,0x00000000ebe00000)
  from space 1024K, 83% used [0x00000000ebe00000,0x00000000ebed55a8,0x00000000ebf00000)
  to   space 1536K, 0% used [0x00000000ebf80000,0x00000000ebf80000,0x00000000ec100000)
 ParOldGen       total 68608K, used 38513K [0x00000000c0000000, 0x00000000c4300000, 0x00000000eab00000)
  object space 68608K, 56% used [0x00000000c0000000,0x00000000c259c5c8,0x00000000c4300000)
 Metaspace       used 58855K, committed 60032K, reserved 1114112K
  class space    used 7205K, committed 7744K, reserved 1048576K
}
Event: 6.371 GC heap before
{Heap before GC invocations=37 (full 3):
 PSYoungGen      total 20480K, used 20309K [0x00000000eab00000, 0x00000000ec100000, 0x0000000100000000)
  eden space 19456K, 100% used [0x00000000eab00000,0x00000000ebe00000,0x00000000ebe00000)
  from space 1024K, 83% used [0x00000000ebe00000,0x00000000ebed55a8,0x00000000ebf00000)
  to   space 1536K, 0% used [0x00000000ebf80000,0x00000000ebf80000,0x00000000ec100000)
 ParOldGen       total 68608K, used 38513K [0x00000000c0000000, 0x00000000c4300000, 0x00000000eab00000)
  object space 68608K, 56% used [0x00000000c0000000,0x00000000c259c5c8,0x00000000c4300000)
 Metaspace       used 58862K, committed 60032K, reserved 1114112K
  class space    used 7205K, committed 7744K, reserved 1048576K
}
Event: 6.372 GC heap after
{Heap after GC invocations=37 (full 3):
 PSYoungGen      total 19968K, used 442K [0x00000000eab00000, 0x00000000ec000000, 0x0000000100000000)
  eden space 19456K, 0% used [0x00000000eab00000,0x00000000eab00000,0x00000000ebe00000)
  from space 512K, 86% used [0x00000000ebf80000,0x00000000ebfeea48,0x00000000ec000000)
  to   space 1024K, 0% used [0x00000000ebe00000,0x00000000ebe00000,0x00000000ebf00000)
 ParOldGen       total 68608K, used 38585K [0x00000000c0000000, 0x00000000c4300000, 0x00000000eab00000)
  object space 68608K, 56% used [0x00000000c0000000,0x00000000c25ae5c8,0x00000000c4300000)
 Metaspace       used 58862K, committed 60032K, reserved 1114112K
  class space    used 7205K, committed 7744K, reserved 1048576K
}
Event: 6.436 GC heap before
{Heap before GC invocations=38 (full 3):
 PSYoungGen      total 19968K, used 19898K [0x00000000eab00000, 0x00000000ec000000, 0x0000000100000000)
  eden space 19456K, 100% used [0x00000000eab00000,0x00000000ebe00000,0x00000000ebe00000)
  from space 512K, 86% used [0x00000000ebf80000,0x00000000ebfeea48,0x00000000ec000000)
  to   space 1024K, 0% used [0x00000000ebe00000,0x00000000ebe00000,0x00000000ebf00000)
 ParOldGen       total 68608K, used 38585K [0x00000000c0000000, 0x00000000c4300000, 0x00000000eab00000)
  object space 68608K, 56% used [0x00000000c0000000,0x00000000c25ae5c8,0x00000000c4300000)
 Metaspace       used 58862K, committed 60032K, reserved 1114112K
  class space    used 7205K, committed 7744K, reserved 1048576K
}
Event: 6.436 GC heap after
{Heap after GC invocations=38 (full 3):
 PSYoungGen      total 20480K, used 373K [0x00000000eab00000, 0x00000000ec000000, 0x0000000100000000)
  eden space 19456K, 0% used [0x00000000eab00000,0x00000000eab00000,0x00000000ebe00000)
  from space 1024K, 36% used [0x00000000ebe00000,0x00000000ebe5d4b8,0x00000000ebf00000)
  to   space 512K, 0% used [0x00000000ebf80000,0x00000000ebf80000,0x00000000ec000000)
 ParOldGen       total 68608K, used 38649K [0x00000000c0000000, 0x00000000c4300000, 0x00000000eab00000)
  object space 68608K, 56% used [0x00000000c0000000,0x00000000c25be5c8,0x00000000c4300000)
 Metaspace       used 58862K, committed 60032K, reserved 1114112K
  class space    used 7205K, committed 7744K, reserved 1048576K
}
Event: 6.500 GC heap before
{Heap before GC invocations=39 (full 3):
 PSYoungGen      total 20480K, used 19829K [0x00000000eab00000, 0x00000000ec000000, 0x0000000100000000)
  eden space 19456K, 100% used [0x00000000eab00000,0x00000000ebe00000,0x00000000ebe00000)
  from space 1024K, 36% used [0x00000000ebe00000,0x00000000ebe5d4b8,0x00000000ebf00000)
  to   space 512K, 0% used [0x00000000ebf80000,0x00000000ebf80000,0x00000000ec000000)
 ParOldGen       total 68608K, used 38649K [0x00000000c0000000, 0x00000000c4300000, 0x00000000eab00000)
  object space 68608K, 56% used [0x00000000c0000000,0x00000000c25be5c8,0x00000000c4300000)
 Metaspace       used 58862K, committed 60032K, reserved 1114112K
  class space    used 7205K, committed 7744K, reserved 1048576K
}
Event: 6.501 GC heap after
{Heap after GC invocations=39 (full 3):
 PSYoungGen      total 19968K, used 511K [0x00000000eab00000, 0x00000000ec000000, 0x0000000100000000)
  eden space 19456K, 0% used [0x00000000eab00000,0x00000000eab00000,0x00000000ebe00000)
  from space 512K, 99% used [0x00000000ebf80000,0x00000000ebfffe88,0x00000000ec000000)
  to   space 1024K, 0% used [0x00000000ebe00000,0x00000000ebe00000,0x00000000ebf00000)
 ParOldGen       total 68608K, used 38969K [0x00000000c0000000, 0x00000000c4300000, 0x00000000eab00000)
  object space 68608K, 56% used [0x00000000c0000000,0x00000000c260e760,0x00000000c4300000)
 Metaspace       used 58862K, committed 60032K, reserved 1114112K
  class space    used 7205K, committed 7744K, reserved 1048576K
}
Event: 6.568 GC heap before
{Heap before GC invocations=40 (full 3):
 PSYoungGen      total 19968K, used 19967K [0x00000000eab00000, 0x00000000ec000000, 0x0000000100000000)
  eden space 19456K, 100% used [0x00000000eab00000,0x00000000ebe00000,0x00000000ebe00000)
  from space 512K, 99% used [0x00000000ebf80000,0x00000000ebfffe88,0x00000000ec000000)
  to   space 1024K, 0% used [0x00000000ebe00000,0x00000000ebe00000,0x00000000ebf00000)
 ParOldGen       total 68608K, used 38969K [0x00000000c0000000, 0x00000000c4300000, 0x00000000eab00000)
  object space 68608K, 56% used [0x00000000c0000000,0x00000000c260e760,0x00000000c4300000)
 Metaspace       used 58863K, committed 60032K, reserved 1114112K
  class space    used 7205K, committed 7744K, reserved 1048576K
}
Event: 6.569 GC heap after
{Heap after GC invocations=40 (full 3):
 PSYoungGen      total 20480K, used 1011K [0x00000000eab00000, 0x00000000ec100000, 0x0000000100000000)
  eden space 19456K, 0% used [0x00000000eab00000,0x00000000eab00000,0x00000000ebe00000)
  from space 1024K, 98% used [0x00000000ebe00000,0x00000000ebefcf48,0x00000000ebf00000)
  to   space 1536K, 0% used [0x00000000ebf80000,0x00000000ebf80000,0x00000000ec100000)
 ParOldGen       total 68608K, used 39177K [0x00000000c0000000, 0x00000000c4300000, 0x00000000eab00000)
  object space 68608K, 57% used [0x00000000c0000000,0x00000000c26427a0,0x00000000c4300000)
 Metaspace       used 58863K, committed 60032K, reserved 1114112K
  class space    used 7205K, committed 7744K, reserved 1048576K
}
Event: 6.637 GC heap before
{Heap before GC invocations=41 (full 3):
 PSYoungGen      total 20480K, used 20467K [0x00000000eab00000, 0x00000000ec100000, 0x0000000100000000)
  eden space 19456K, 100% used [0x00000000eab00000,0x00000000ebe00000,0x00000000ebe00000)
  from space 1024K, 98% used [0x00000000ebe00000,0x00000000ebefcf48,0x00000000ebf00000)
  to   space 1536K, 0% used [0x00000000ebf80000,0x00000000ebf80000,0x00000000ec100000)
 ParOldGen       total 68608K, used 39177K [0x00000000c0000000, 0x00000000c4300000, 0x00000000eab00000)
  object space 68608K, 57% used [0x00000000c0000000,0x00000000c26427a0,0x00000000c4300000)
 Metaspace       used 58864K, committed 60032K, reserved 1114112K
  class space    used 7205K, committed 7744K, reserved 1048576K
}
Event: 6.638 GC heap after
{Heap after GC invocations=41 (full 3):
 PSYoungGen      total 20992K, used 1338K [0x00000000eab00000, 0x00000000ec100000, 0x0000000100000000)
  eden space 19456K, 0% used [0x00000000eab00000,0x00000000eab00000,0x00000000ebe00000)
  from space 1536K, 87% used [0x00000000ebf80000,0x00000000ec0cea90,0x00000000ec100000)
  to   space 1536K, 0% used [0x00000000ebe00000,0x00000000ebe00000,0x00000000ebf80000)
 ParOldGen       total 68608K, used 39233K [0x00000000c0000000, 0x00000000c4300000, 0x00000000eab00000)
  object space 68608K, 57% used [0x00000000c0000000,0x00000000c26507a0,0x00000000c4300000)
 Metaspace       used 58864K, committed 60032K, reserved 1114112K
  class space    used 7205K, committed 7744K, reserved 1048576K
}
Event: 6.715 GC heap before
{Heap before GC invocations=42 (full 3):
 PSYoungGen      total 20992K, used 20794K [0x00000000eab00000, 0x00000000ec100000, 0x0000000100000000)
  eden space 19456K, 100% used [0x00000000eab00000,0x00000000ebe00000,0x00000000ebe00000)
  from space 1536K, 87% used [0x00000000ebf80000,0x00000000ec0cea90,0x00000000ec100000)
  to   space 1536K, 0% used [0x00000000ebe00000,0x00000000ebe00000,0x00000000ebf80000)
 ParOldGen       total 68608K, used 39233K [0x00000000c0000000, 0x00000000c4300000, 0x00000000eab00000)
  object space 68608K, 57% used [0x00000000c0000000,0x00000000c26507a0,0x00000000c4300000)
 Metaspace       used 58864K, committed 60032K, reserved 1114112K
  class space    used 7205K, committed 7744K, reserved 1048576K
}
Event: 6.716 GC heap after
{Heap after GC invocations=42 (full 3):
 PSYoungGen      total 20480K, used 699K [0x00000000eab00000, 0x00000000ec000000, 0x0000000100000000)
  eden space 19456K, 0% used [0x00000000eab00000,0x00000000eab00000,0x00000000ebe00000)
  from space 1024K, 68% used [0x00000000ebe00000,0x00000000ebeaef88,0x00000000ebf00000)
  to   space 1024K, 0% used [0x00000000ebf00000,0x00000000ebf00000,0x00000000ec000000)
 ParOldGen       total 68608K, used 39289K [0x00000000c0000000, 0x00000000c4300000, 0x00000000eab00000)
  object space 68608K, 57% used [0x00000000c0000000,0x00000000c265e7a0,0x00000000c4300000)
 Metaspace       used 58864K, committed 60032K, reserved 1114112K
  class space    used 7205K, committed 7744K, reserved 1048576K
}
Event: 6.817 GC heap before
{Heap before GC invocations=43 (full 3):
 PSYoungGen      total 20480K, used 20155K [0x00000000eab00000, 0x00000000ec000000, 0x0000000100000000)
  eden space 19456K, 100% used [0x00000000eab00000,0x00000000ebe00000,0x00000000ebe00000)
  from space 1024K, 68% used [0x00000000ebe00000,0x00000000ebeaef88,0x00000000ebf00000)
  to   space 1024K, 0% used [0x00000000ebf00000,0x00000000ebf00000,0x00000000ec000000)
 ParOldGen       total 68608K, used 39289K [0x00000000c0000000, 0x00000000c4300000, 0x00000000eab00000)
  object space 68608K, 57% used [0x00000000c0000000,0x00000000c265e7a0,0x00000000c4300000)
 Metaspace       used 59620K, committed 60864K, reserved 1114112K
  class space    used 7311K, committed 7872K, reserved 1048576K
}
Event: 6.818 GC heap after
{Heap after GC invocations=43 (full 3):
 PSYoungGen      total 20480K, used 448K [0x00000000eab00000, 0x00000000ec000000, 0x0000000100000000)
  eden space 19456K, 0% used [0x00000000eab00000,0x00000000eab00000,0x00000000ebe00000)
  from space 1024K, 43% used [0x00000000ebf00000,0x00000000ebf70000,0x00000000ec000000)
  to   space 1024K, 0% used [0x00000000ebe00000,0x00000000ebe00000,0x00000000ebf00000)
 ParOldGen       total 68608K, used 39337K [0x00000000c0000000, 0x00000000c4300000, 0x00000000eab00000)
  object space 68608K, 57% used [0x00000000c0000000,0x00000000c266a7a0,0x00000000c4300000)
 Metaspace       used 59620K, committed 60864K, reserved 1114112K
  class space    used 7311K, committed 7872K, reserved 1048576K
}
Event: 7.168 GC heap before
{Heap before GC invocations=44 (full 3):
 PSYoungGen      total 20480K, used 19904K [0x00000000eab00000, 0x00000000ec000000, 0x0000000100000000)
  eden space 19456K, 100% used [0x00000000eab00000,0x00000000ebe00000,0x00000000ebe00000)
  from space 1024K, 43% used [0x00000000ebf00000,0x00000000ebf70000,0x00000000ec000000)
  to   space 1024K, 0% used [0x00000000ebe00000,0x00000000ebe00000,0x00000000ebf00000)
 ParOldGen       total 68608K, used 39337K [0x00000000c0000000, 0x00000000c4300000, 0x00000000eab00000)
  object space 68608K, 57% used [0x00000000c0000000,0x00000000c266a7a0,0x00000000c4300000)
 Metaspace       used 61753K, committed 63104K, reserved 1114112K
  class space    used 7633K, committed 8256K, reserved 1048576K
}
Event: 7.169 GC heap after
{Heap after GC invocations=44 (full 3):
 PSYoungGen      total 20480K, used 787K [0x00000000eab00000, 0x00000000ec000000, 0x0000000100000000)
  eden space 19456K, 0% used [0x00000000eab00000,0x00000000eab00000,0x00000000ebe00000)
  from space 1024K, 76% used [0x00000000ebe00000,0x00000000ebec4d88,0x00000000ebf00000)
  to   space 1024K, 0% used [0x00000000ebf00000,0x00000000ebf00000,0x00000000ec000000)
 ParOldGen       total 68608K, used 39617K [0x00000000c0000000, 0x00000000c4300000, 0x00000000eab00000)
  object space 68608K, 57% used [0x00000000c0000000,0x00000000c26b04b0,0x00000000c4300000)
 Metaspace       used 61753K, committed 63104K, reserved 1114112K
  class space    used 7633K, committed 8256K, reserved 1048576K
}

