# JRE version: OpenJDK Runtime Environment Temurin-21.0.7+6 (21.0.7+6) (build 21.0.7+6-LTS)
# Java VM: OpenJDK 64-Bit Server VM Temurin-21.0.7+6 (21.0.7+6-LTS, mixed mode, sharing, tiered, compressed oops, compressed class ptrs, parallel gc, windows-amd64)
GC Precious Log:
 CardTable entry size: 512
 CPUs: 16 total, 16 available
 Memory: 16096M
 Large Page Support: Disabled
 NUMA Support: Disabled
 Compressed Oops: Enabled (32-bit)
 Alignments: Space 512K, Generation 512K, Heap 2M
 Heap Min Capacity: 100M
 Heap Initial Capacity: 100M
 Heap Max Capacity: 1G
 Pre-touch: Disabled
 Parallel Workers: 13
Heap:
 PSYoungGen      total 14848K, used 3603K [0x00000000eab00000, 0x00000000ebc00000, 0x0000000100000000)
  eden space 14336K, 21% used [0x00000000eab00000,0x00000000eae04e78,0x00000000eb900000)
  from space 512K, 100% used [0x00000000eba80000,0x00000000ebb00000,0x00000000ebb00000)
  to   space 1024K, 0% used [0x00000000ebb00000,0x00000000ebb00000,0x00000000ebc00000)
 ParOldGen       total 68608K, used 42138K [0x00000000c0000000, 0x00000000c4300000, 0x00000000eab00000)
  object space 68608K, 61% used [0x00000000c0000000,0x00000000c2926830,0x00000000c4300000)
 Metaspace       used 62426K, committed 63872K, reserved 1114112K
  class space    used 7719K, committed 8384K, reserved 1048576K
GC Heap History (20 events):
Event: 7.271 GC heap before
{Heap before GC invocations=43 (full 3):
 PSYoungGen      total 15872K, used 14624K [0x00000000eab00000, 0x00000000ebe00000, 0x0000000100000000)
  eden space 14336K, 100% used [0x00000000eab00000,0x00000000eb900000,0x00000000eb900000)
  from space 1536K, 18% used [0x00000000ebb80000,0x00000000ebbc8000,0x00000000ebd00000)
  to   space 1024K, 0% used [0x00000000ebd00000,0x00000000ebd00000,0x00000000ebe00000)
 ParOldGen       total 68608K, used 38788K [0x00000000c0000000, 0x00000000c4300000, 0x00000000eab00000)
  object space 68608K, 56% used [0x00000000c0000000,0x00000000c25e10a0,0x00000000c4300000)
 Metaspace       used 58824K, committed 60096K, reserved 1114112K
  class space    used 7197K, committed 7744K, reserved 1048576K
}
Event: 7.272 GC heap after
{Heap after GC invocations=43 (full 3):
 PSYoungGen      total 15360K, used 1022K [0x00000000eab00000, 0x00000000ebe00000, 0x0000000100000000)
  eden space 14336K, 0% used [0x00000000eab00000,0x00000000eab00000,0x00000000eb900000)
  from space 1024K, 99% used [0x00000000ebd00000,0x00000000ebdff958,0x00000000ebe00000)
  to   space 1536K, 0% used [0x00000000ebb00000,0x00000000ebb00000,0x00000000ebc80000)
 ParOldGen       total 68608K, used 38908K [0x00000000c0000000, 0x00000000c4300000, 0x00000000eab00000)
  object space 68608K, 56% used [0x00000000c0000000,0x00000000c25ff120,0x00000000c4300000)
 Metaspace       used 58824K, committed 60096K, reserved 1114112K
  class space    used 7197K, committed 7744K, reserved 1048576K
}
Event: 7.322 GC heap before
{Heap before GC invocations=44 (full 3):
 PSYoungGen      total 15360K, used 15358K [0x00000000eab00000, 0x00000000ebe00000, 0x0000000100000000)
  eden space 14336K, 100% used [0x00000000eab00000,0x00000000eb900000,0x00000000eb900000)
  from space 1024K, 99% used [0x00000000ebd00000,0x00000000ebdff958,0x00000000ebe00000)
  to   space 1536K, 0% used [0x00000000ebb00000,0x00000000ebb00000,0x00000000ebc80000)
 ParOldGen       total 68608K, used 38908K [0x00000000c0000000, 0x00000000c4300000, 0x00000000eab00000)
  object space 68608K, 56% used [0x00000000c0000000,0x00000000c25ff120,0x00000000c4300000)
 Metaspace       used 58825K, committed 60096K, reserved 1114112K
  class space    used 7197K, committed 7744K, reserved 1048576K
}
Event: 7.324 GC heap after
{Heap after GC invocations=44 (full 3):
 PSYoungGen      total 15872K, used 903K [0x00000000eab00000, 0x00000000ebd80000, 0x0000000100000000)
  eden space 14336K, 0% used [0x00000000eab00000,0x00000000eab00000,0x00000000eb900000)
  from space 1536K, 58% used [0x00000000ebb00000,0x00000000ebbe1d58,0x00000000ebc80000)
  to   space 1024K, 0% used [0x00000000ebc80000,0x00000000ebc80000,0x00000000ebd80000)
 ParOldGen       total 68608K, used 38972K [0x00000000c0000000, 0x00000000c4300000, 0x00000000eab00000)
  object space 68608K, 56% used [0x00000000c0000000,0x00000000c260f130,0x00000000c4300000)
 Metaspace       used 58825K, committed 60096K, reserved 1114112K
  class space    used 7197K, committed 7744K, reserved 1048576K
}
Event: 7.367 GC heap before
{Heap before GC invocations=45 (full 3):
 PSYoungGen      total 15872K, used 15239K [0x00000000eab00000, 0x00000000ebd80000, 0x0000000100000000)
  eden space 14336K, 100% used [0x00000000eab00000,0x00000000eb900000,0x00000000eb900000)
  from space 1536K, 58% used [0x00000000ebb00000,0x00000000ebbe1d58,0x00000000ebc80000)
  to   space 1024K, 0% used [0x00000000ebc80000,0x00000000ebc80000,0x00000000ebd80000)
 ParOldGen       total 68608K, used 38972K [0x00000000c0000000, 0x00000000c4300000, 0x00000000eab00000)
  object space 68608K, 56% used [0x00000000c0000000,0x00000000c260f130,0x00000000c4300000)
 Metaspace       used 58825K, committed 60096K, reserved 1114112K
  class space    used 7197K, committed 7744K, reserved 1048576K
}
Event: 7.368 GC heap after
{Heap after GC invocations=45 (full 3):
 PSYoungGen      total 14848K, used 192K [0x00000000eab00000, 0x00000000ebd00000, 0x0000000100000000)
  eden space 14336K, 0% used [0x00000000eab00000,0x00000000eab00000,0x00000000eb900000)
  from space 512K, 37% used [0x00000000ebc80000,0x00000000ebcb0000,0x00000000ebd00000)
  to   space 512K, 0% used [0x00000000ebc00000,0x00000000ebc00000,0x00000000ebc80000)
 ParOldGen       total 68608K, used 39044K [0x00000000c0000000, 0x00000000c4300000, 0x00000000eab00000)
  object space 68608K, 56% used [0x00000000c0000000,0x00000000c2621130,0x00000000c4300000)
 Metaspace       used 58825K, committed 60096K, reserved 1114112K
  class space    used 7197K, committed 7744K, reserved 1048576K
}
Event: 7.426 GC heap before
{Heap before GC invocations=46 (full 3):
 PSYoungGen      total 14848K, used 14528K [0x00000000eab00000, 0x00000000ebd00000, 0x0000000100000000)
  eden space 14336K, 100% used [0x00000000eab00000,0x00000000eb900000,0x00000000eb900000)
  from space 512K, 37% used [0x00000000ebc80000,0x00000000ebcb0000,0x00000000ebd00000)
  to   space 512K, 0% used [0x00000000ebc00000,0x00000000ebc00000,0x00000000ebc80000)
 ParOldGen       total 68608K, used 39044K [0x00000000c0000000, 0x00000000c4300000, 0x00000000eab00000)
  object space 68608K, 56% used [0x00000000c0000000,0x00000000c2621130,0x00000000c4300000)
 Metaspace       used 58825K, committed 60096K, reserved 1114112K
  class space    used 7197K, committed 7744K, reserved 1048576K
}
Event: 7.427 GC heap after
{Heap after GC invocations=46 (full 3):
 PSYoungGen      total 14848K, used 511K [0x00000000eab00000, 0x00000000ebd00000, 0x0000000100000000)
  eden space 14336K, 0% used [0x00000000eab00000,0x00000000eab00000,0x00000000eb900000)
  from space 512K, 99% used [0x00000000ebc00000,0x00000000ebc7ff50,0x00000000ebc80000)
  to   space 512K, 0% used [0x00000000ebc80000,0x00000000ebc80000,0x00000000ebd00000)
 ParOldGen       total 68608K, used 39798K [0x00000000c0000000, 0x00000000c4300000, 0x00000000eab00000)
  object space 68608K, 58% used [0x00000000c0000000,0x00000000c26dda50,0x00000000c4300000)
 Metaspace       used 58825K, committed 60096K, reserved 1114112K
  class space    used 7197K, committed 7744K, reserved 1048576K
}
Event: 7.484 GC heap before
{Heap before GC invocations=47 (full 3):
 PSYoungGen      total 14848K, used 14847K [0x00000000eab00000, 0x00000000ebd00000, 0x0000000100000000)
  eden space 14336K, 100% used [0x00000000eab00000,0x00000000eb900000,0x00000000eb900000)
  from space 512K, 99% used [0x00000000ebc00000,0x00000000ebc7ff50,0x00000000ebc80000)
  to   space 512K, 0% used [0x00000000ebc80000,0x00000000ebc80000,0x00000000ebd00000)
 ParOldGen       total 68608K, used 39798K [0x00000000c0000000, 0x00000000c4300000, 0x00000000eab00000)
  object space 68608K, 58% used [0x00000000c0000000,0x00000000c26dda50,0x00000000c4300000)
 Metaspace       used 58826K, committed 60096K, reserved 1114112K
  class space    used 7197K, committed 7744K, reserved 1048576K
}
Event: 7.484 GC heap after
{Heap after GC invocations=47 (full 3):
 PSYoungGen      total 14848K, used 481K [0x00000000eab00000, 0x00000000ebd00000, 0x0000000100000000)
  eden space 14336K, 0% used [0x00000000eab00000,0x00000000eab00000,0x00000000eb900000)
  from space 512K, 93% used [0x00000000ebc80000,0x00000000ebcf8490,0x00000000ebd00000)
  to   space 1024K, 0% used [0x00000000ebb00000,0x00000000ebb00000,0x00000000ebc00000)
 ParOldGen       total 68608K, used 39904K [0x00000000c0000000, 0x00000000c4300000, 0x00000000eab00000)
  object space 68608K, 58% used [0x00000000c0000000,0x00000000c26f82b8,0x00000000c4300000)
 Metaspace       used 58826K, committed 60096K, reserved 1114112K
  class space    used 7197K, committed 7744K, reserved 1048576K
}
Event: 7.525 GC heap before
{Heap before GC invocations=48 (full 3):
 PSYoungGen      total 14848K, used 14817K [0x00000000eab00000, 0x00000000ebd00000, 0x0000000100000000)
  eden space 14336K, 100% used [0x00000000eab00000,0x00000000eb900000,0x00000000eb900000)
  from space 512K, 93% used [0x00000000ebc80000,0x00000000ebcf8490,0x00000000ebd00000)
  to   space 1024K, 0% used [0x00000000ebb00000,0x00000000ebb00000,0x00000000ebc00000)
 ParOldGen       total 68608K, used 39904K [0x00000000c0000000, 0x00000000c4300000, 0x00000000eab00000)
  object space 68608K, 58% used [0x00000000c0000000,0x00000000c26f82b8,0x00000000c4300000)
 Metaspace       used 58826K, committed 60096K, reserved 1114112K
  class space    used 7197K, committed 7744K, reserved 1048576K
}
Event: 7.527 GC heap after
{Heap after GC invocations=48 (full 3):
 PSYoungGen      total 15360K, used 609K [0x00000000eab00000, 0x00000000ebd00000, 0x0000000100000000)
  eden space 14336K, 0% used [0x00000000eab00000,0x00000000eab00000,0x00000000eb900000)
  from space 1024K, 59% used [0x00000000ebb00000,0x00000000ebb98720,0x00000000ebc00000)
  to   space 1024K, 0% used [0x00000000ebc00000,0x00000000ebc00000,0x00000000ebd00000)
 ParOldGen       total 68608K, used 40310K [0x00000000c0000000, 0x00000000c4300000, 0x00000000eab00000)
  object space 68608K, 58% used [0x00000000c0000000,0x00000000c275d858,0x00000000c4300000)
 Metaspace       used 58826K, committed 60096K, reserved 1114112K
  class space    used 7197K, committed 7744K, reserved 1048576K
}
Event: 7.600 GC heap before
{Heap before GC invocations=49 (full 3):
 PSYoungGen      total 15360K, used 14945K [0x00000000eab00000, 0x00000000ebd00000, 0x0000000100000000)
  eden space 14336K, 100% used [0x00000000eab00000,0x00000000eb900000,0x00000000eb900000)
  from space 1024K, 59% used [0x00000000ebb00000,0x00000000ebb98720,0x00000000ebc00000)
  to   space 1024K, 0% used [0x00000000ebc00000,0x00000000ebc00000,0x00000000ebd00000)
 ParOldGen       total 68608K, used 40310K [0x00000000c0000000, 0x00000000c4300000, 0x00000000eab00000)
  object space 68608K, 58% used [0x00000000c0000000,0x00000000c275d858,0x00000000c4300000)
 Metaspace       used 58826K, committed 60096K, reserved 1114112K
  class space    used 7197K, committed 7744K, reserved 1048576K
}
Event: 7.601 GC heap after
{Heap after GC invocations=49 (full 3):
 PSYoungGen      total 15360K, used 1020K [0x00000000eab00000, 0x00000000ebd00000, 0x0000000100000000)
  eden space 14336K, 0% used [0x00000000eab00000,0x00000000eab00000,0x00000000eb900000)
  from space 1024K, 99% used [0x00000000ebc00000,0x00000000ebcff1b8,0x00000000ebd00000)
  to   space 1536K, 0% used [0x00000000eba00000,0x00000000eba00000,0x00000000ebb80000)
 ParOldGen       total 68608K, used 40541K [0x00000000c0000000, 0x00000000c4300000, 0x00000000eab00000)
  object space 68608K, 59% used [0x00000000c0000000,0x00000000c2797600,0x00000000c4300000)
 Metaspace       used 58826K, committed 60096K, reserved 1114112K
  class space    used 7197K, committed 7744K, reserved 1048576K
}
Event: 7.664 GC heap before
{Heap before GC invocations=50 (full 3):
 PSYoungGen      total 15360K, used 15356K [0x00000000eab00000, 0x00000000ebd00000, 0x0000000100000000)
  eden space 14336K, 100% used [0x00000000eab00000,0x00000000eb900000,0x00000000eb900000)
  from space 1024K, 99% used [0x00000000ebc00000,0x00000000ebcff1b8,0x00000000ebd00000)
  to   space 1536K, 0% used [0x00000000eba00000,0x00000000eba00000,0x00000000ebb80000)
 ParOldGen       total 68608K, used 40541K [0x00000000c0000000, 0x00000000c4300000, 0x00000000eab00000)
  object space 68608K, 59% used [0x00000000c0000000,0x00000000c2797600,0x00000000c4300000)
 Metaspace       used 59035K, committed 60288K, reserved 1114112K
  class space    used 7234K, committed 7808K, reserved 1048576K
}
Event: 7.664 GC heap after
{Heap after GC invocations=50 (full 3):
 PSYoungGen      total 15872K, used 416K [0x00000000eab00000, 0x00000000ebc80000, 0x0000000100000000)
  eden space 14336K, 0% used [0x00000000eab00000,0x00000000eab00000,0x00000000eb900000)
  from space 1536K, 27% used [0x00000000eba00000,0x00000000eba68000,0x00000000ebb80000)
  to   space 1024K, 0% used [0x00000000ebb80000,0x00000000ebb80000,0x00000000ebc80000)
 ParOldGen       total 68608K, used 40621K [0x00000000c0000000, 0x00000000c4300000, 0x00000000eab00000)
  object space 68608K, 59% used [0x00000000c0000000,0x00000000c27ab600,0x00000000c4300000)
 Metaspace       used 59035K, committed 60288K, reserved 1114112K
  class space    used 7234K, committed 7808K, reserved 1048576K
}
Event: 7.769 GC heap before
{Heap before GC invocations=51 (full 3):
 PSYoungGen      total 15872K, used 14752K [0x00000000eab00000, 0x00000000ebc80000, 0x0000000100000000)
  eden space 14336K, 100% used [0x00000000eab00000,0x00000000eb900000,0x00000000eb900000)
  from space 1536K, 27% used [0x00000000eba00000,0x00000000eba68000,0x00000000ebb80000)
  to   space 1024K, 0% used [0x00000000ebb80000,0x00000000ebb80000,0x00000000ebc80000)
 ParOldGen       total 68608K, used 40621K [0x00000000c0000000, 0x00000000c4300000, 0x00000000eab00000)
  object space 68608K, 59% used [0x00000000c0000000,0x00000000c27ab600,0x00000000c4300000)
 Metaspace       used 60660K, committed 62016K, reserved 1114112K
  class space    used 7488K, committed 8128K, reserved 1048576K
}
Event: 7.770 GC heap after
{Heap after GC invocations=51 (full 3):
 PSYoungGen      total 15360K, used 768K [0x00000000eab00000, 0x00000000ebc80000, 0x0000000100000000)
  eden space 14336K, 0% used [0x00000000eab00000,0x00000000eab00000,0x00000000eb900000)
  from space 1024K, 75% used [0x00000000ebb80000,0x00000000ebc40010,0x00000000ebc80000)
  to   space 1024K, 0% used [0x00000000eba80000,0x00000000eba80000,0x00000000ebb80000)
 ParOldGen       total 68608K, used 40757K [0x00000000c0000000, 0x00000000c4300000, 0x00000000eab00000)
  object space 68608K, 59% used [0x00000000c0000000,0x00000000c27cd600,0x00000000c4300000)
 Metaspace       used 60660K, committed 62016K, reserved 1114112K
  class space    used 7488K, committed 8128K, reserved 1048576K
}
Event: 9.330 GC heap before
{Heap before GC invocations=52 (full 3):
 PSYoungGen      total 15360K, used 15104K [0x00000000eab00000, 0x00000000ebc80000, 0x0000000100000000)
  eden space 14336K, 100% used [0x00000000eab00000,0x00000000eb900000,0x00000000eb900000)
  from space 1024K, 75% used [0x00000000ebb80000,0x00000000ebc40010,0x00000000ebc80000)
  to   space 1024K, 0% used [0x00000000eba80000,0x00000000eba80000,0x00000000ebb80000)
 ParOldGen       total 68608K, used 40757K [0x00000000c0000000, 0x00000000c4300000, 0x00000000eab00000)
  object space 68608K, 59% used [0x00000000c0000000,0x00000000c27cd600,0x00000000c4300000)
 Metaspace       used 61941K, committed 63232K, reserved 1114112K
  class space    used 7653K, committed 8256K, reserved 1048576K
}
Event: 9.332 GC heap after
{Heap after GC invocations=52 (full 3):
 PSYoungGen      total 14848K, used 512K [0x00000000eab00000, 0x00000000ebc00000, 0x0000000100000000)
  eden space 14336K, 0% used [0x00000000eab00000,0x00000000eab00000,0x00000000eb900000)
  from space 512K, 100% used [0x00000000eba80000,0x00000000ebb00000,0x00000000ebb00000)
  to   space 1024K, 0% used [0x00000000ebb00000,0x00000000ebb00000,0x00000000ebc00000)
 ParOldGen       total 68608K, used 42138K [0x00000000c0000000, 0x00000000c4300000, 0x00000000eab00000)
  object space 68608K, 61% used [0x00000000c0000000,0x00000000c2926830,0x00000000c4300000)
 Metaspace       used 61941K, committed 63232K, reserved 1114112K
  class space    used 7653K, committed 8256K, reserved 1048576K
}

