# JRE version: OpenJDK Runtime Environment Temurin-21.0.7+6 (21.0.7+6) (build 21.0.7+6-LTS)
# Java VM: OpenJDK 64-Bit Server VM Temurin-21.0.7+6 (21.0.7+6-LTS, mixed mode, sharing, tiered, compressed oops, compressed class ptrs, parallel gc, windows-amd64)
GC Precious Log:
 CardTable entry size: 512
 CPUs: 16 total, 16 available
 Memory: 16096M
 Large Page Support: Disabled
 NUMA Support: Disabled
 Compressed Oops: Enabled (32-bit)
 Alignments: Space 512K, Generation 512K, Heap 2M
 Heap Min Capacity: 100M
 Heap Initial Capacity: 100M
 Heap Max Capacity: 1G
 Pre-touch: Disabled
 Parallel Workers: 13
Heap:
 PSYoungGen      total 15360K, used 14828K [0x00000000eab00000, 0x00000000ebd00000, 0x0000000100000000)
  eden space 14336K, 98% used [0x00000000eab00000,0x00000000eb8db140,0x00000000eb900000)
  from space 1024K, 62% used [0x00000000ebc00000,0x00000000ebca0010,0x00000000ebd00000)
  to   space 1024K, 0% used [0x00000000ebb00000,0x00000000ebb00000,0x00000000ebc00000)
 ParOldGen       total 68608K, used 41448K [0x00000000c0000000, 0x00000000c4300000, 0x00000000eab00000)
  object space 68608K, 60% used [0x00000000c0000000,0x00000000c287a3d0,0x00000000c4300000)
 Metaspace       used 62330K, committed 63744K, reserved 1114112K
  class space    used 7717K, committed 8320K, reserved 1048576K
GC Heap History (20 events):
Event: 5.774 GC heap before
{Heap before GC invocations=42 (full 3):
 PSYoungGen      total 15360K, used 15359K [0x00000000eab00000, 0x00000000ebf00000, 0x0000000100000000)
  eden space 14336K, 100% used [0x00000000eab00000,0x00000000eb900000,0x00000000eb900000)
  from space 1024K, 99% used [0x00000000ebe00000,0x00000000ebeffd78,0x00000000ebf00000)
  to   space 1536K, 0% used [0x00000000ebc00000,0x00000000ebc00000,0x00000000ebd80000)
 ParOldGen       total 68608K, used 39039K [0x00000000c0000000, 0x00000000c4300000, 0x00000000eab00000)
  object space 68608K, 56% used [0x00000000c0000000,0x00000000c261ffc8,0x00000000c4300000)
 Metaspace       used 58760K, committed 60032K, reserved 1114112K
  class space    used 7202K, committed 7744K, reserved 1048576K
}
Event: 5.775 GC heap after
{Heap after GC invocations=42 (full 3):
 PSYoungGen      total 15872K, used 758K [0x00000000eab00000, 0x00000000ebe80000, 0x0000000100000000)
  eden space 14336K, 0% used [0x00000000eab00000,0x00000000eab00000,0x00000000eb900000)
  from space 1536K, 49% used [0x00000000ebc00000,0x00000000ebcbd848,0x00000000ebd80000)
  to   space 1024K, 0% used [0x00000000ebd80000,0x00000000ebd80000,0x00000000ebe80000)
 ParOldGen       total 68608K, used 39119K [0x00000000c0000000, 0x00000000c4300000, 0x00000000eab00000)
  object space 68608K, 57% used [0x00000000c0000000,0x00000000c2633fc8,0x00000000c4300000)
 Metaspace       used 58760K, committed 60032K, reserved 1114112K
  class space    used 7202K, committed 7744K, reserved 1048576K
}
Event: 5.825 GC heap before
{Heap before GC invocations=43 (full 3):
 PSYoungGen      total 15872K, used 15094K [0x00000000eab00000, 0x00000000ebe80000, 0x0000000100000000)
  eden space 14336K, 100% used [0x00000000eab00000,0x00000000eb900000,0x00000000eb900000)
  from space 1536K, 49% used [0x00000000ebc00000,0x00000000ebcbd848,0x00000000ebd80000)
  to   space 1024K, 0% used [0x00000000ebd80000,0x00000000ebd80000,0x00000000ebe80000)
 ParOldGen       total 68608K, used 39119K [0x00000000c0000000, 0x00000000c4300000, 0x00000000eab00000)
  object space 68608K, 57% used [0x00000000c0000000,0x00000000c2633fc8,0x00000000c4300000)
 Metaspace       used 58760K, committed 60032K, reserved 1114112K
  class space    used 7202K, committed 7744K, reserved 1048576K
}
Event: 5.826 GC heap after
{Heap after GC invocations=43 (full 3):
 PSYoungGen      total 14848K, used 352K [0x00000000eab00000, 0x00000000ebe00000, 0x0000000100000000)
  eden space 14336K, 0% used [0x00000000eab00000,0x00000000eab00000,0x00000000eb900000)
  from space 512K, 68% used [0x00000000ebd80000,0x00000000ebdd8000,0x00000000ebe00000)
  to   space 1024K, 0% used [0x00000000ebc00000,0x00000000ebc00000,0x00000000ebd00000)
 ParOldGen       total 68608K, used 39758K [0x00000000c0000000, 0x00000000c4300000, 0x00000000eab00000)
  object space 68608K, 57% used [0x00000000c0000000,0x00000000c26d3870,0x00000000c4300000)
 Metaspace       used 58760K, committed 60032K, reserved 1114112K
  class space    used 7202K, committed 7744K, reserved 1048576K
}
Event: 5.884 GC heap before
{Heap before GC invocations=44 (full 3):
 PSYoungGen      total 14848K, used 14688K [0x00000000eab00000, 0x00000000ebe00000, 0x0000000100000000)
  eden space 14336K, 100% used [0x00000000eab00000,0x00000000eb900000,0x00000000eb900000)
  from space 512K, 68% used [0x00000000ebd80000,0x00000000ebdd8000,0x00000000ebe00000)
  to   space 1024K, 0% used [0x00000000ebc00000,0x00000000ebc00000,0x00000000ebd00000)
 ParOldGen       total 68608K, used 39758K [0x00000000c0000000, 0x00000000c4300000, 0x00000000eab00000)
  object space 68608K, 57% used [0x00000000c0000000,0x00000000c26d3870,0x00000000c4300000)
 Metaspace       used 58761K, committed 60032K, reserved 1114112K
  class space    used 7202K, committed 7744K, reserved 1048576K
}
Event: 5.885 GC heap after
{Heap after GC invocations=44 (full 3):
 PSYoungGen      total 15360K, used 1019K [0x00000000eab00000, 0x00000000ebe00000, 0x0000000100000000)
  eden space 14336K, 0% used [0x00000000eab00000,0x00000000eab00000,0x00000000eb900000)
  from space 1024K, 99% used [0x00000000ebc00000,0x00000000ebcfeef0,0x00000000ebd00000)
  to   space 1024K, 0% used [0x00000000ebd00000,0x00000000ebd00000,0x00000000ebe00000)
 ParOldGen       total 68608K, used 40083K [0x00000000c0000000, 0x00000000c4300000, 0x00000000eab00000)
  object space 68608K, 58% used [0x00000000c0000000,0x00000000c2724d60,0x00000000c4300000)
 Metaspace       used 58761K, committed 60032K, reserved 1114112K
  class space    used 7202K, committed 7744K, reserved 1048576K
}
Event: 5.936 GC heap before
{Heap before GC invocations=45 (full 3):
 PSYoungGen      total 15360K, used 15355K [0x00000000eab00000, 0x00000000ebe00000, 0x0000000100000000)
  eden space 14336K, 100% used [0x00000000eab00000,0x00000000eb900000,0x00000000eb900000)
  from space 1024K, 99% used [0x00000000ebc00000,0x00000000ebcfeef0,0x00000000ebd00000)
  to   space 1024K, 0% used [0x00000000ebd00000,0x00000000ebd00000,0x00000000ebe00000)
 ParOldGen       total 68608K, used 40083K [0x00000000c0000000, 0x00000000c4300000, 0x00000000eab00000)
  object space 68608K, 58% used [0x00000000c0000000,0x00000000c2724d60,0x00000000c4300000)
 Metaspace       used 58761K, committed 60032K, reserved 1114112K
  class space    used 7202K, committed 7744K, reserved 1048576K
}
Event: 5.937 GC heap after
{Heap after GC invocations=45 (full 3):
 PSYoungGen      total 15360K, used 615K [0x00000000eab00000, 0x00000000ebe00000, 0x0000000100000000)
  eden space 14336K, 0% used [0x00000000eab00000,0x00000000eab00000,0x00000000eb900000)
  from space 1024K, 60% used [0x00000000ebd00000,0x00000000ebd99db8,0x00000000ebe00000)
  to   space 1024K, 0% used [0x00000000ebc00000,0x00000000ebc00000,0x00000000ebd00000)
 ParOldGen       total 68608K, used 40171K [0x00000000c0000000, 0x00000000c4300000, 0x00000000eab00000)
  object space 68608K, 58% used [0x00000000c0000000,0x00000000c273ad60,0x00000000c4300000)
 Metaspace       used 58761K, committed 60032K, reserved 1114112K
  class space    used 7202K, committed 7744K, reserved 1048576K
}
Event: 5.985 GC heap before
{Heap before GC invocations=46 (full 3):
 PSYoungGen      total 15360K, used 14951K [0x00000000eab00000, 0x00000000ebe00000, 0x0000000100000000)
  eden space 14336K, 100% used [0x00000000eab00000,0x00000000eb900000,0x00000000eb900000)
  from space 1024K, 60% used [0x00000000ebd00000,0x00000000ebd99db8,0x00000000ebe00000)
  to   space 1024K, 0% used [0x00000000ebc00000,0x00000000ebc00000,0x00000000ebd00000)
 ParOldGen       total 68608K, used 40171K [0x00000000c0000000, 0x00000000c4300000, 0x00000000eab00000)
  object space 68608K, 58% used [0x00000000c0000000,0x00000000c273ad60,0x00000000c4300000)
 Metaspace       used 58763K, committed 60032K, reserved 1114112K
  class space    used 7202K, committed 7744K, reserved 1048576K
}
Event: 5.986 GC heap after
{Heap after GC invocations=46 (full 3):
 PSYoungGen      total 15360K, used 1018K [0x00000000eab00000, 0x00000000ebd80000, 0x0000000100000000)
  eden space 14336K, 0% used [0x00000000eab00000,0x00000000eab00000,0x00000000eb900000)
  from space 1024K, 99% used [0x00000000ebc00000,0x00000000ebcfebd0,0x00000000ebd00000)
  to   space 512K, 0% used [0x00000000ebd00000,0x00000000ebd00000,0x00000000ebd80000)
 ParOldGen       total 68608K, used 40314K [0x00000000c0000000, 0x00000000c4300000, 0x00000000eab00000)
  object space 68608K, 58% used [0x00000000c0000000,0x00000000c275e820,0x00000000c4300000)
 Metaspace       used 58763K, committed 60032K, reserved 1114112K
  class space    used 7202K, committed 7744K, reserved 1048576K
}
Event: 6.040 GC heap before
{Heap before GC invocations=47 (full 3):
 PSYoungGen      total 15360K, used 15354K [0x00000000eab00000, 0x00000000ebd80000, 0x0000000100000000)
  eden space 14336K, 100% used [0x00000000eab00000,0x00000000eb900000,0x00000000eb900000)
  from space 1024K, 99% used [0x00000000ebc00000,0x00000000ebcfebd0,0x00000000ebd00000)
  to   space 512K, 0% used [0x00000000ebd00000,0x00000000ebd00000,0x00000000ebd80000)
 ParOldGen       total 68608K, used 40314K [0x00000000c0000000, 0x00000000c4300000, 0x00000000eab00000)
  object space 68608K, 58% used [0x00000000c0000000,0x00000000c275e820,0x00000000c4300000)
 Metaspace       used 58763K, committed 60032K, reserved 1114112K
  class space    used 7202K, committed 7744K, reserved 1048576K
}
Event: 6.041 GC heap after
{Heap after GC invocations=47 (full 3):
 PSYoungGen      total 14848K, used 504K [0x00000000eab00000, 0x00000000ebd80000, 0x0000000100000000)
  eden space 14336K, 0% used [0x00000000eab00000,0x00000000eab00000,0x00000000eb900000)
  from space 512K, 98% used [0x00000000ebd00000,0x00000000ebd7e030,0x00000000ebd80000)
  to   space 1536K, 0% used [0x00000000eba80000,0x00000000eba80000,0x00000000ebc00000)
 ParOldGen       total 68608K, used 40799K [0x00000000c0000000, 0x00000000c4300000, 0x00000000eab00000)
  object space 68608K, 59% used [0x00000000c0000000,0x00000000c27d7e00,0x00000000c4300000)
 Metaspace       used 58763K, committed 60032K, reserved 1114112K
  class space    used 7202K, committed 7744K, reserved 1048576K
}
Event: 6.086 GC heap before
{Heap before GC invocations=48 (full 3):
 PSYoungGen      total 14848K, used 14840K [0x00000000eab00000, 0x00000000ebd80000, 0x0000000100000000)
  eden space 14336K, 100% used [0x00000000eab00000,0x00000000eb900000,0x00000000eb900000)
  from space 512K, 98% used [0x00000000ebd00000,0x00000000ebd7e030,0x00000000ebd80000)
  to   space 1536K, 0% used [0x00000000eba80000,0x00000000eba80000,0x00000000ebc00000)
 ParOldGen       total 68608K, used 40799K [0x00000000c0000000, 0x00000000c4300000, 0x00000000eab00000)
  object space 68608K, 59% used [0x00000000c0000000,0x00000000c27d7e00,0x00000000c4300000)
 Metaspace       used 58763K, committed 60032K, reserved 1114112K
  class space    used 7202K, committed 7744K, reserved 1048576K
}
Event: 6.087 GC heap after
{Heap after GC invocations=48 (full 3):
 PSYoungGen      total 15872K, used 384K [0x00000000eab00000, 0x00000000ebd80000, 0x0000000100000000)
  eden space 14336K, 0% used [0x00000000eab00000,0x00000000eab00000,0x00000000eb900000)
  from space 1536K, 25% used [0x00000000eba80000,0x00000000ebae0000,0x00000000ebc00000)
  to   space 1024K, 0% used [0x00000000ebc80000,0x00000000ebc80000,0x00000000ebd80000)
 ParOldGen       total 68608K, used 40903K [0x00000000c0000000, 0x00000000c4300000, 0x00000000eab00000)
  object space 68608K, 59% used [0x00000000c0000000,0x00000000c27f1e10,0x00000000c4300000)
 Metaspace       used 58763K, committed 60032K, reserved 1114112K
  class space    used 7202K, committed 7744K, reserved 1048576K
}
Event: 6.135 GC heap before
{Heap before GC invocations=49 (full 3):
 PSYoungGen      total 15872K, used 14720K [0x00000000eab00000, 0x00000000ebd80000, 0x0000000100000000)
  eden space 14336K, 100% used [0x00000000eab00000,0x00000000eb900000,0x00000000eb900000)
  from space 1536K, 25% used [0x00000000eba80000,0x00000000ebae0000,0x00000000ebc00000)
  to   space 1024K, 0% used [0x00000000ebc80000,0x00000000ebc80000,0x00000000ebd80000)
 ParOldGen       total 68608K, used 40903K [0x00000000c0000000, 0x00000000c4300000, 0x00000000eab00000)
  object space 68608K, 59% used [0x00000000c0000000,0x00000000c27f1e10,0x00000000c4300000)
 Metaspace       used 58763K, committed 60032K, reserved 1114112K
  class space    used 7202K, committed 7744K, reserved 1048576K
}
Event: 6.135 GC heap after
{Heap after GC invocations=49 (full 3):
 PSYoungGen      total 15360K, used 1021K [0x00000000eab00000, 0x00000000ebd80000, 0x0000000100000000)
  eden space 14336K, 0% used [0x00000000eab00000,0x00000000eab00000,0x00000000eb900000)
  from space 1024K, 99% used [0x00000000ebc80000,0x00000000ebd7f768,0x00000000ebd80000)
  to   space 1536K, 0% used [0x00000000eba80000,0x00000000eba80000,0x00000000ebc00000)
 ParOldGen       total 68608K, used 41121K [0x00000000c0000000, 0x00000000c4300000, 0x00000000eab00000)
  object space 68608K, 59% used [0x00000000c0000000,0x00000000c28286c0,0x00000000c4300000)
 Metaspace       used 58763K, committed 60032K, reserved 1114112K
  class space    used 7202K, committed 7744K, reserved 1048576K
}
Event: 6.214 GC heap before
{Heap before GC invocations=50 (full 3):
 PSYoungGen      total 15360K, used 15357K [0x00000000eab00000, 0x00000000ebd80000, 0x0000000100000000)
  eden space 14336K, 100% used [0x00000000eab00000,0x00000000eb900000,0x00000000eb900000)
  from space 1024K, 99% used [0x00000000ebc80000,0x00000000ebd7f768,0x00000000ebd80000)
  to   space 1536K, 0% used [0x00000000eba80000,0x00000000eba80000,0x00000000ebc00000)
 ParOldGen       total 68608K, used 41121K [0x00000000c0000000, 0x00000000c4300000, 0x00000000eab00000)
  object space 68608K, 59% used [0x00000000c0000000,0x00000000c28286c0,0x00000000c4300000)
 Metaspace       used 59436K, committed 60736K, reserved 1114112K
  class space    used 7295K, committed 7872K, reserved 1048576K
}
Event: 6.215 GC heap after
{Heap after GC invocations=50 (full 3):
 PSYoungGen      total 15872K, used 464K [0x00000000eab00000, 0x00000000ebd00000, 0x0000000100000000)
  eden space 14336K, 0% used [0x00000000eab00000,0x00000000eab00000,0x00000000eb900000)
  from space 1536K, 30% used [0x00000000eba80000,0x00000000ebaf4010,0x00000000ebc00000)
  to   space 1024K, 0% used [0x00000000ebc00000,0x00000000ebc00000,0x00000000ebd00000)
 ParOldGen       total 68608K, used 41177K [0x00000000c0000000, 0x00000000c4300000, 0x00000000eab00000)
  object space 68608K, 60% used [0x00000000c0000000,0x00000000c28366c0,0x00000000c4300000)
 Metaspace       used 59436K, committed 60736K, reserved 1114112K
  class space    used 7295K, committed 7872K, reserved 1048576K
}
Event: 6.328 GC heap before
{Heap before GC invocations=51 (full 3):
 PSYoungGen      total 15872K, used 14800K [0x00000000eab00000, 0x00000000ebd00000, 0x0000000100000000)
  eden space 14336K, 100% used [0x00000000eab00000,0x00000000eb900000,0x00000000eb900000)
  from space 1536K, 30% used [0x00000000eba80000,0x00000000ebaf4010,0x00000000ebc00000)
  to   space 1024K, 0% used [0x00000000ebc00000,0x00000000ebc00000,0x00000000ebd00000)
 ParOldGen       total 68608K, used 41177K [0x00000000c0000000, 0x00000000c4300000, 0x00000000eab00000)
  object space 68608K, 60% used [0x00000000c0000000,0x00000000c28366c0,0x00000000c4300000)
 Metaspace       used 60893K, committed 62272K, reserved 1114112K
  class space    used 7542K, committed 8128K, reserved 1048576K
}
Event: 6.328 GC heap after
{Heap after GC invocations=51 (full 3):
 PSYoungGen      total 15360K, used 640K [0x00000000eab00000, 0x00000000ebd00000, 0x0000000100000000)
  eden space 14336K, 0% used [0x00000000eab00000,0x00000000eab00000,0x00000000eb900000)
  from space 1024K, 62% used [0x00000000ebc00000,0x00000000ebca0010,0x00000000ebd00000)
  to   space 1024K, 0% used [0x00000000ebb00000,0x00000000ebb00000,0x00000000ebc00000)
 ParOldGen       total 68608K, used 41448K [0x00000000c0000000, 0x00000000c4300000, 0x00000000eab00000)
  object space 68608K, 60% used [0x00000000c0000000,0x00000000c287a3d0,0x00000000c4300000)
 Metaspace       used 60893K, committed 62272K, reserved 1114112K
  class space    used 7542K, committed 8128K, reserved 1048576K
}

