# JRE version: OpenJDK Runtime Environment Temurin-21.0.7+6 (21.0.7+6) (build 21.0.7+6-LTS)
# Java VM: OpenJDK 64-Bit Server VM Temurin-21.0.7+6 (21.0.7+6-LTS, mixed mode, sharing, tiered, compressed oops, compressed class ptrs, parallel gc, windows-amd64)
GC Precious Log:
 CardTable entry size: 512
 CPUs: 16 total, 16 available
 Memory: 16096M
 Large Page Support: Disabled
 NUMA Support: Disabled
 Compressed Oops: Enabled (32-bit)
 Alignments: Space 512K, Generation 512K, Heap 2M
 Heap Min Capacity: 100M
 Heap Initial Capacity: 100M
 Heap Max Capacity: 1G
 Pre-touch: Disabled
 Parallel Workers: 13
Heap:
 PSYoungGen      total 16384K, used 5390K [0x00000000eab00000, 0x00000000ebe00000, 0x0000000100000000)
  eden space 15360K, 31% used [0x00000000eab00000,0x00000000eafc3888,0x00000000eba00000)
  from space 1024K, 50% used [0x00000000ebc00000,0x00000000ebc80000,0x00000000ebd00000)
  to   space 1024K, 0% used [0x00000000ebd00000,0x00000000ebd00000,0x00000000ebe00000)
 ParOldGen       total 68608K, used 41135K [0x00000000c0000000, 0x00000000c4300000, 0x00000000eab00000)
  object space 68608K, 59% used [0x00000000c0000000,0x00000000c282bea8,0x00000000c4300000)
 Metaspace       used 62435K, committed 63872K, reserved 1114112K
  class space    used 7719K, committed 8320K, reserved 1048576K
GC Heap History (20 events):
Event: 5.107 GC heap before
{Heap before GC invocations=41 (full 3):
 PSYoungGen      total 16384K, used 16380K [0x00000000eab00000, 0x00000000ec000000, 0x0000000100000000)
  eden space 15360K, 100% used [0x00000000eab00000,0x00000000eba00000,0x00000000eba00000)
  from space 1024K, 99% used [0x00000000ebe00000,0x00000000ebeff3b8,0x00000000ebf00000)
  to   space 1024K, 0% used [0x00000000ebf00000,0x00000000ebf00000,0x00000000ec000000)
 ParOldGen       total 68608K, used 38968K [0x00000000c0000000, 0x00000000c4300000, 0x00000000eab00000)
  object space 68608K, 56% used [0x00000000c0000000,0x00000000c260e220,0x00000000c4300000)
 Metaspace       used 58839K, committed 60096K, reserved 1114112K
  class space    used 7202K, committed 7744K, reserved 1048576K
}
Event: 5.108 GC heap after
{Heap after GC invocations=41 (full 3):
 PSYoungGen      total 16384K, used 962K [0x00000000eab00000, 0x00000000ec000000, 0x0000000100000000)
  eden space 15360K, 0% used [0x00000000eab00000,0x00000000eab00000,0x00000000eba00000)
  from space 1024K, 93% used [0x00000000ebf00000,0x00000000ebff08e0,0x00000000ec000000)
  to   space 1536K, 0% used [0x00000000ebd00000,0x00000000ebd00000,0x00000000ebe80000)
 ParOldGen       total 68608K, used 39056K [0x00000000c0000000, 0x00000000c4300000, 0x00000000eab00000)
  object space 68608K, 56% used [0x00000000c0000000,0x00000000c2624220,0x00000000c4300000)
 Metaspace       used 58839K, committed 60096K, reserved 1114112K
  class space    used 7202K, committed 7744K, reserved 1048576K
}
Event: 5.161 GC heap before
{Heap before GC invocations=42 (full 3):
 PSYoungGen      total 16384K, used 16322K [0x00000000eab00000, 0x00000000ec000000, 0x0000000100000000)
  eden space 15360K, 100% used [0x00000000eab00000,0x00000000eba00000,0x00000000eba00000)
  from space 1024K, 93% used [0x00000000ebf00000,0x00000000ebff08e0,0x00000000ec000000)
  to   space 1536K, 0% used [0x00000000ebd00000,0x00000000ebd00000,0x00000000ebe80000)
 ParOldGen       total 68608K, used 39056K [0x00000000c0000000, 0x00000000c4300000, 0x00000000eab00000)
  object space 68608K, 56% used [0x00000000c0000000,0x00000000c2624220,0x00000000c4300000)
 Metaspace       used 58839K, committed 60096K, reserved 1114112K
  class space    used 7202K, committed 7744K, reserved 1048576K
}
Event: 5.162 GC heap after
{Heap after GC invocations=42 (full 3):
 PSYoungGen      total 16896K, used 384K [0x00000000eab00000, 0x00000000ebf80000, 0x0000000100000000)
  eden space 15360K, 0% used [0x00000000eab00000,0x00000000eab00000,0x00000000eba00000)
  from space 1536K, 25% used [0x00000000ebd00000,0x00000000ebd60000,0x00000000ebe80000)
  to   space 1024K, 0% used [0x00000000ebe80000,0x00000000ebe80000,0x00000000ebf80000)
 ParOldGen       total 68608K, used 39255K [0x00000000c0000000, 0x00000000c4300000, 0x00000000eab00000)
  object space 68608K, 57% used [0x00000000c0000000,0x00000000c2655c50,0x00000000c4300000)
 Metaspace       used 58839K, committed 60096K, reserved 1114112K
  class space    used 7202K, committed 7744K, reserved 1048576K
}
Event: 5.214 GC heap before
{Heap before GC invocations=43 (full 3):
 PSYoungGen      total 16896K, used 15744K [0x00000000eab00000, 0x00000000ebf80000, 0x0000000100000000)
  eden space 15360K, 100% used [0x00000000eab00000,0x00000000eba00000,0x00000000eba00000)
  from space 1536K, 25% used [0x00000000ebd00000,0x00000000ebd60000,0x00000000ebe80000)
  to   space 1024K, 0% used [0x00000000ebe80000,0x00000000ebe80000,0x00000000ebf80000)
 ParOldGen       total 68608K, used 39255K [0x00000000c0000000, 0x00000000c4300000, 0x00000000eab00000)
  object space 68608K, 57% used [0x00000000c0000000,0x00000000c2655c50,0x00000000c4300000)
 Metaspace       used 58839K, committed 60096K, reserved 1114112K
  class space    used 7202K, committed 7744K, reserved 1048576K
}
Event: 5.214 GC heap after
{Heap after GC invocations=43 (full 3):
 PSYoungGen      total 16384K, used 1016K [0x00000000eab00000, 0x00000000ebf80000, 0x0000000100000000)
  eden space 15360K, 0% used [0x00000000eab00000,0x00000000eab00000,0x00000000eba00000)
  from space 1024K, 99% used [0x00000000ebe80000,0x00000000ebf7e2d8,0x00000000ebf80000)
  to   space 1536K, 0% used [0x00000000ebc80000,0x00000000ebc80000,0x00000000ebe00000)
 ParOldGen       total 68608K, used 39468K [0x00000000c0000000, 0x00000000c4300000, 0x00000000eab00000)
  object space 68608K, 57% used [0x00000000c0000000,0x00000000c268b188,0x00000000c4300000)
 Metaspace       used 58839K, committed 60096K, reserved 1114112K
  class space    used 7202K, committed 7744K, reserved 1048576K
}
Event: 5.267 GC heap before
{Heap before GC invocations=44 (full 3):
 PSYoungGen      total 16384K, used 16376K [0x00000000eab00000, 0x00000000ebf80000, 0x0000000100000000)
  eden space 15360K, 100% used [0x00000000eab00000,0x00000000eba00000,0x00000000eba00000)
  from space 1024K, 99% used [0x00000000ebe80000,0x00000000ebf7e2d8,0x00000000ebf80000)
  to   space 1536K, 0% used [0x00000000ebc80000,0x00000000ebc80000,0x00000000ebe00000)
 ParOldGen       total 68608K, used 39468K [0x00000000c0000000, 0x00000000c4300000, 0x00000000eab00000)
  object space 68608K, 57% used [0x00000000c0000000,0x00000000c268b188,0x00000000c4300000)
 Metaspace       used 58839K, committed 60096K, reserved 1114112K
  class space    used 7202K, committed 7744K, reserved 1048576K
}
Event: 5.267 GC heap after
{Heap after GC invocations=44 (full 3):
 PSYoungGen      total 16896K, used 845K [0x00000000eab00000, 0x00000000ebf00000, 0x0000000100000000)
  eden space 15360K, 0% used [0x00000000eab00000,0x00000000eab00000,0x00000000eba00000)
  from space 1536K, 55% used [0x00000000ebc80000,0x00000000ebd53550,0x00000000ebe00000)
  to   space 1024K, 0% used [0x00000000ebe00000,0x00000000ebe00000,0x00000000ebf00000)
 ParOldGen       total 68608K, used 39540K [0x00000000c0000000, 0x00000000c4300000, 0x00000000eab00000)
  object space 68608K, 57% used [0x00000000c0000000,0x00000000c269d188,0x00000000c4300000)
 Metaspace       used 58839K, committed 60096K, reserved 1114112K
  class space    used 7202K, committed 7744K, reserved 1048576K
}
Event: 5.317 GC heap before
{Heap before GC invocations=45 (full 3):
 PSYoungGen      total 16896K, used 16205K [0x00000000eab00000, 0x00000000ebf00000, 0x0000000100000000)
  eden space 15360K, 100% used [0x00000000eab00000,0x00000000eba00000,0x00000000eba00000)
  from space 1536K, 55% used [0x00000000ebc80000,0x00000000ebd53550,0x00000000ebe00000)
  to   space 1024K, 0% used [0x00000000ebe00000,0x00000000ebe00000,0x00000000ebf00000)
 ParOldGen       total 68608K, used 39540K [0x00000000c0000000, 0x00000000c4300000, 0x00000000eab00000)
  object space 68608K, 57% used [0x00000000c0000000,0x00000000c269d188,0x00000000c4300000)
 Metaspace       used 58840K, committed 60096K, reserved 1114112K
  class space    used 7202K, committed 7744K, reserved 1048576K
}
Event: 5.318 GC heap after
{Heap after GC invocations=45 (full 3):
 PSYoungGen      total 15872K, used 288K [0x00000000eab00000, 0x00000000ebe80000, 0x0000000100000000)
  eden space 15360K, 0% used [0x00000000eab00000,0x00000000eab00000,0x00000000eba00000)
  from space 512K, 56% used [0x00000000ebe00000,0x00000000ebe48000,0x00000000ebe80000)
  to   space 1024K, 0% used [0x00000000ebc80000,0x00000000ebc80000,0x00000000ebd80000)
 ParOldGen       total 68608K, used 39787K [0x00000000c0000000, 0x00000000c4300000, 0x00000000eab00000)
  object space 68608K, 57% used [0x00000000c0000000,0x00000000c26daf80,0x00000000c4300000)
 Metaspace       used 58840K, committed 60096K, reserved 1114112K
  class space    used 7202K, committed 7744K, reserved 1048576K
}
Event: 5.374 GC heap before
{Heap before GC invocations=46 (full 3):
 PSYoungGen      total 15872K, used 15648K [0x00000000eab00000, 0x00000000ebe80000, 0x0000000100000000)
  eden space 15360K, 100% used [0x00000000eab00000,0x00000000eba00000,0x00000000eba00000)
  from space 512K, 56% used [0x00000000ebe00000,0x00000000ebe48000,0x00000000ebe80000)
  to   space 1024K, 0% used [0x00000000ebc80000,0x00000000ebc80000,0x00000000ebd80000)
 ParOldGen       total 68608K, used 39787K [0x00000000c0000000, 0x00000000c4300000, 0x00000000eab00000)
  object space 68608K, 57% used [0x00000000c0000000,0x00000000c26daf80,0x00000000c4300000)
 Metaspace       used 58840K, committed 60096K, reserved 1114112K
  class space    used 7202K, committed 7744K, reserved 1048576K
}
Event: 5.374 GC heap after
{Heap after GC invocations=46 (full 3):
 PSYoungGen      total 16384K, used 1010K [0x00000000eab00000, 0x00000000ebe80000, 0x0000000100000000)
  eden space 15360K, 0% used [0x00000000eab00000,0x00000000eab00000,0x00000000eba00000)
  from space 1024K, 98% used [0x00000000ebc80000,0x00000000ebd7c990,0x00000000ebd80000)
  to   space 1024K, 0% used [0x00000000ebd80000,0x00000000ebd80000,0x00000000ebe80000)
 ParOldGen       total 68608K, used 40046K [0x00000000c0000000, 0x00000000c4300000, 0x00000000eab00000)
  object space 68608K, 58% used [0x00000000c0000000,0x00000000c271b810,0x00000000c4300000)
 Metaspace       used 58840K, committed 60096K, reserved 1114112K
  class space    used 7202K, committed 7744K, reserved 1048576K
}
Event: 5.425 GC heap before
{Heap before GC invocations=47 (full 3):
 PSYoungGen      total 16384K, used 16370K [0x00000000eab00000, 0x00000000ebe80000, 0x0000000100000000)
  eden space 15360K, 100% used [0x00000000eab00000,0x00000000eba00000,0x00000000eba00000)
  from space 1024K, 98% used [0x00000000ebc80000,0x00000000ebd7c990,0x00000000ebd80000)
  to   space 1024K, 0% used [0x00000000ebd80000,0x00000000ebd80000,0x00000000ebe80000)
 ParOldGen       total 68608K, used 40046K [0x00000000c0000000, 0x00000000c4300000, 0x00000000eab00000)
  object space 68608K, 58% used [0x00000000c0000000,0x00000000c271b810,0x00000000c4300000)
 Metaspace       used 58840K, committed 60096K, reserved 1114112K
  class space    used 7202K, committed 7744K, reserved 1048576K
}
Event: 5.425 GC heap after
{Heap after GC invocations=47 (full 3):
 PSYoungGen      total 16384K, used 758K [0x00000000eab00000, 0x00000000ebe80000, 0x0000000100000000)
  eden space 15360K, 0% used [0x00000000eab00000,0x00000000eab00000,0x00000000eba00000)
  from space 1024K, 74% used [0x00000000ebd80000,0x00000000ebe3d848,0x00000000ebe80000)
  to   space 1024K, 0% used [0x00000000ebc80000,0x00000000ebc80000,0x00000000ebd80000)
 ParOldGen       total 68608K, used 40110K [0x00000000c0000000, 0x00000000c4300000, 0x00000000eab00000)
  object space 68608K, 58% used [0x00000000c0000000,0x00000000c272b810,0x00000000c4300000)
 Metaspace       used 58840K, committed 60096K, reserved 1114112K
  class space    used 7202K, committed 7744K, reserved 1048576K
}
Event: 5.470 GC heap before
{Heap before GC invocations=48 (full 3):
 PSYoungGen      total 16384K, used 16118K [0x00000000eab00000, 0x00000000ebe80000, 0x0000000100000000)
  eden space 15360K, 100% used [0x00000000eab00000,0x00000000eba00000,0x00000000eba00000)
  from space 1024K, 74% used [0x00000000ebd80000,0x00000000ebe3d848,0x00000000ebe80000)
  to   space 1024K, 0% used [0x00000000ebc80000,0x00000000ebc80000,0x00000000ebd80000)
 ParOldGen       total 68608K, used 40110K [0x00000000c0000000, 0x00000000c4300000, 0x00000000eab00000)
  object space 68608K, 58% used [0x00000000c0000000,0x00000000c272b810,0x00000000c4300000)
 Metaspace       used 58840K, committed 60096K, reserved 1114112K
  class space    used 7202K, committed 7744K, reserved 1048576K
}
Event: 5.471 GC heap after
{Heap after GC invocations=48 (full 3):
 PSYoungGen      total 16384K, used 320K [0x00000000eab00000, 0x00000000ebe00000, 0x0000000100000000)
  eden space 15360K, 0% used [0x00000000eab00000,0x00000000eab00000,0x00000000eba00000)
  from space 1024K, 31% used [0x00000000ebc80000,0x00000000ebcd0000,0x00000000ebd80000)
  to   space 512K, 0% used [0x00000000ebd80000,0x00000000ebd80000,0x00000000ebe00000)
 ParOldGen       total 68608K, used 40432K [0x00000000c0000000, 0x00000000c4300000, 0x00000000eab00000)
  object space 68608K, 58% used [0x00000000c0000000,0x00000000c277c178,0x00000000c4300000)
 Metaspace       used 58840K, committed 60096K, reserved 1114112K
  class space    used 7202K, committed 7744K, reserved 1048576K
}
Event: 5.580 GC heap before
{Heap before GC invocations=49 (full 3):
 PSYoungGen      total 16384K, used 15680K [0x00000000eab00000, 0x00000000ebe00000, 0x0000000100000000)
  eden space 15360K, 100% used [0x00000000eab00000,0x00000000eba00000,0x00000000eba00000)
  from space 1024K, 31% used [0x00000000ebc80000,0x00000000ebcd0000,0x00000000ebd80000)
  to   space 512K, 0% used [0x00000000ebd80000,0x00000000ebd80000,0x00000000ebe00000)
 ParOldGen       total 68608K, used 40432K [0x00000000c0000000, 0x00000000c4300000, 0x00000000eab00000)
  object space 68608K, 58% used [0x00000000c0000000,0x00000000c277c178,0x00000000c4300000)
 Metaspace       used 60409K, committed 61824K, reserved 1114112K
  class space    used 7437K, committed 8064K, reserved 1048576K
}
Event: 5.580 GC heap after
{Heap after GC invocations=49 (full 3):
 PSYoungGen      total 15872K, used 480K [0x00000000eab00000, 0x00000000ebe00000, 0x0000000100000000)
  eden space 15360K, 0% used [0x00000000eab00000,0x00000000eab00000,0x00000000eba00000)
  from space 512K, 93% used [0x00000000ebd80000,0x00000000ebdf8010,0x00000000ebe00000)
  to   space 1024K, 0% used [0x00000000ebc00000,0x00000000ebc00000,0x00000000ebd00000)
 ParOldGen       total 68608K, used 40631K [0x00000000c0000000, 0x00000000c4300000, 0x00000000eab00000)
  object space 68608K, 59% used [0x00000000c0000000,0x00000000c27ade88,0x00000000c4300000)
 Metaspace       used 60409K, committed 61824K, reserved 1114112K
  class space    used 7437K, committed 8064K, reserved 1048576K
}
Event: 5.805 GC heap before
{Heap before GC invocations=50 (full 3):
 PSYoungGen      total 15872K, used 15840K [0x00000000eab00000, 0x00000000ebe00000, 0x0000000100000000)
  eden space 15360K, 100% used [0x00000000eab00000,0x00000000eba00000,0x00000000eba00000)
  from space 512K, 93% used [0x00000000ebd80000,0x00000000ebdf8010,0x00000000ebe00000)
  to   space 1024K, 0% used [0x00000000ebc00000,0x00000000ebc00000,0x00000000ebd00000)
 ParOldGen       total 68608K, used 40631K [0x00000000c0000000, 0x00000000c4300000, 0x00000000eab00000)
  object space 68608K, 59% used [0x00000000c0000000,0x00000000c27ade88,0x00000000c4300000)
 Metaspace       used 61830K, committed 63232K, reserved 1114112K
  class space    used 7641K, committed 8256K, reserved 1048576K
}
Event: 5.806 GC heap after
{Heap after GC invocations=50 (full 3):
 PSYoungGen      total 16384K, used 512K [0x00000000eab00000, 0x00000000ebe00000, 0x0000000100000000)
  eden space 15360K, 0% used [0x00000000eab00000,0x00000000eab00000,0x00000000eba00000)
  from space 1024K, 50% used [0x00000000ebc00000,0x00000000ebc80000,0x00000000ebd00000)
  to   space 1024K, 0% used [0x00000000ebd00000,0x00000000ebd00000,0x00000000ebe00000)
 ParOldGen       total 68608K, used 41135K [0x00000000c0000000, 0x00000000c4300000, 0x00000000eab00000)
  object space 68608K, 59% used [0x00000000c0000000,0x00000000c282bea8,0x00000000c4300000)
 Metaspace       used 61830K, committed 63232K, reserved 1114112K
  class space    used 7641K, committed 8256K, reserved 1048576K
}

