# JRE version: OpenJDK Runtime Environment Temurin-21.0.7+6 (21.0.7+6) (build 21.0.7+6-LTS)
# Java VM: OpenJDK 64-Bit Server VM Temurin-21.0.7+6 (21.0.7+6-LTS, mixed mode, sharing, tiered, compressed oops, compressed class ptrs, parallel gc, windows-amd64)
GC Precious Log:
 CardTable entry size: 512
 CPUs: 16 total, 16 available
 Memory: 16096M
 Large Page Support: Disabled
 NUMA Support: Disabled
 Compressed Oops: Enabled (32-bit)
 Alignments: Space 512K, Generation 512K, Heap 2M
 Heap Min Capacity: 100M
 Heap Initial Capacity: 100M
 Heap Max Capacity: 1G
 Pre-touch: Disabled
 Parallel Workers: 13
Heap:
 PSYoungGen      total 16896K, used 12453K [0x00000000eab00000, 0x00000000ebd00000, 0x0000000100000000)
  eden space 15872K, 73% used [0x00000000eab00000,0x00000000eb66cd00,0x00000000eba80000)
  from space 1024K, 73% used [0x00000000ebb00000,0x00000000ebbbc940,0x00000000ebc00000)
  to   space 1024K, 0% used [0x00000000ebc00000,0x00000000ebc00000,0x00000000ebd00000)
 ParOldGen       total 68608K, used 40595K [0x00000000c0000000, 0x00000000c4300000, 0x00000000eab00000)
  object space 68608K, 59% used [0x00000000c0000000,0x00000000c27a4c98,0x00000000c4300000)
 Metaspace       used 62398K, committed 63744K, reserved 1114112K
  class space    used 7716K, committed 8320K, reserved 1048576K
GC Heap History (20 events):
Event: 6.843 GC heap before
{Heap before GC invocations=39 (full 3):
 PSYoungGen      total 17408K, used 16429K [0x00000000eab00000, 0x00000000ebe00000, 0x0000000100000000)
  eden space 15872K, 100% used [0x00000000eab00000,0x00000000eba80000,0x00000000eba80000)
  from space 1536K, 36% used [0x00000000ebb00000,0x00000000ebb8b420,0x00000000ebc80000)
  to   space 1024K, 0% used [0x00000000ebd00000,0x00000000ebd00000,0x00000000ebe00000)
 ParOldGen       total 68608K, used 38724K [0x00000000c0000000, 0x00000000c4300000, 0x00000000eab00000)
  object space 68608K, 56% used [0x00000000c0000000,0x00000000c25d1250,0x00000000c4300000)
 Metaspace       used 58816K, committed 60032K, reserved 1114112K
  class space    used 7201K, committed 7744K, reserved 1048576K
}
Event: 6.844 GC heap after
{Heap after GC invocations=39 (full 3):
 PSYoungGen      total 16896K, used 1023K [0x00000000eab00000, 0x00000000ebe00000, 0x0000000100000000)
  eden space 15872K, 0% used [0x00000000eab00000,0x00000000eab00000,0x00000000eba80000)
  from space 1024K, 99% used [0x00000000ebd00000,0x00000000ebdffd08,0x00000000ebe00000)
  to   space 1536K, 0% used [0x00000000ebb00000,0x00000000ebb00000,0x00000000ebc80000)
 ParOldGen       total 68608K, used 38929K [0x00000000c0000000, 0x00000000c4300000, 0x00000000eab00000)
  object space 68608K, 56% used [0x00000000c0000000,0x00000000c2604588,0x00000000c4300000)
 Metaspace       used 58816K, committed 60032K, reserved 1114112K
  class space    used 7201K, committed 7744K, reserved 1048576K
}
Event: 6.905 GC heap before
{Heap before GC invocations=40 (full 3):
 PSYoungGen      total 16896K, used 16895K [0x00000000eab00000, 0x00000000ebe00000, 0x0000000100000000)
  eden space 15872K, 100% used [0x00000000eab00000,0x00000000eba80000,0x00000000eba80000)
  from space 1024K, 99% used [0x00000000ebd00000,0x00000000ebdffd08,0x00000000ebe00000)
  to   space 1536K, 0% used [0x00000000ebb00000,0x00000000ebb00000,0x00000000ebc80000)
 ParOldGen       total 68608K, used 38929K [0x00000000c0000000, 0x00000000c4300000, 0x00000000eab00000)
  object space 68608K, 56% used [0x00000000c0000000,0x00000000c2604588,0x00000000c4300000)
 Metaspace       used 58816K, committed 60032K, reserved 1114112K
  class space    used 7201K, committed 7744K, reserved 1048576K
}
Event: 6.906 GC heap after
{Heap after GC invocations=40 (full 3):
 PSYoungGen      total 17408K, used 1307K [0x00000000eab00000, 0x00000000ebd80000, 0x0000000100000000)
  eden space 15872K, 0% used [0x00000000eab00000,0x00000000eab00000,0x00000000eba80000)
  from space 1536K, 85% used [0x00000000ebb00000,0x00000000ebc46e38,0x00000000ebc80000)
  to   space 1024K, 0% used [0x00000000ebc80000,0x00000000ebc80000,0x00000000ebd80000)
 ParOldGen       total 68608K, used 39033K [0x00000000c0000000, 0x00000000c4300000, 0x00000000eab00000)
  object space 68608K, 56% used [0x00000000c0000000,0x00000000c261e598,0x00000000c4300000)
 Metaspace       used 58816K, committed 60032K, reserved 1114112K
  class space    used 7201K, committed 7744K, reserved 1048576K
}
Event: 6.960 GC heap before
{Heap before GC invocations=41 (full 3):
 PSYoungGen      total 17408K, used 17179K [0x00000000eab00000, 0x00000000ebd80000, 0x0000000100000000)
  eden space 15872K, 100% used [0x00000000eab00000,0x00000000eba80000,0x00000000eba80000)
  from space 1536K, 85% used [0x00000000ebb00000,0x00000000ebc46e38,0x00000000ebc80000)
  to   space 1024K, 0% used [0x00000000ebc80000,0x00000000ebc80000,0x00000000ebd80000)
 ParOldGen       total 68608K, used 39033K [0x00000000c0000000, 0x00000000c4300000, 0x00000000eab00000)
  object space 68608K, 56% used [0x00000000c0000000,0x00000000c261e598,0x00000000c4300000)
 Metaspace       used 58816K, committed 60032K, reserved 1114112K
  class space    used 7201K, committed 7744K, reserved 1048576K
}
Event: 6.960 GC heap after
{Heap after GC invocations=41 (full 3):
 PSYoungGen      total 16384K, used 426K [0x00000000eab00000, 0x00000000ebd00000, 0x0000000100000000)
  eden space 15872K, 0% used [0x00000000eab00000,0x00000000eab00000,0x00000000eba80000)
  from space 512K, 83% used [0x00000000ebc80000,0x00000000ebcea9a0,0x00000000ebd00000)
  to   space 1024K, 0% used [0x00000000ebb00000,0x00000000ebb00000,0x00000000ebc00000)
 ParOldGen       total 68608K, used 39113K [0x00000000c0000000, 0x00000000c4300000, 0x00000000eab00000)
  object space 68608K, 57% used [0x00000000c0000000,0x00000000c2632598,0x00000000c4300000)
 Metaspace       used 58816K, committed 60032K, reserved 1114112K
  class space    used 7201K, committed 7744K, reserved 1048576K
}
Event: 7.011 GC heap before
{Heap before GC invocations=42 (full 3):
 PSYoungGen      total 16384K, used 16298K [0x00000000eab00000, 0x00000000ebd00000, 0x0000000100000000)
  eden space 15872K, 100% used [0x00000000eab00000,0x00000000eba80000,0x00000000eba80000)
  from space 512K, 83% used [0x00000000ebc80000,0x00000000ebcea9a0,0x00000000ebd00000)
  to   space 1024K, 0% used [0x00000000ebb00000,0x00000000ebb00000,0x00000000ebc00000)
 ParOldGen       total 68608K, used 39113K [0x00000000c0000000, 0x00000000c4300000, 0x00000000eab00000)
  object space 68608K, 57% used [0x00000000c0000000,0x00000000c2632598,0x00000000c4300000)
 Metaspace       used 58816K, committed 60032K, reserved 1114112K
  class space    used 7201K, committed 7744K, reserved 1048576K
}
Event: 7.012 GC heap after
{Heap after GC invocations=42 (full 3):
 PSYoungGen      total 16896K, used 877K [0x00000000eab00000, 0x00000000ebd00000, 0x0000000100000000)
  eden space 15872K, 0% used [0x00000000eab00000,0x00000000eab00000,0x00000000eba80000)
  from space 1024K, 85% used [0x00000000ebb00000,0x00000000ebbdb4e8,0x00000000ebc00000)
  to   space 1024K, 0% used [0x00000000ebc00000,0x00000000ebc00000,0x00000000ebd00000)
 ParOldGen       total 68608K, used 39221K [0x00000000c0000000, 0x00000000c4300000, 0x00000000eab00000)
  object space 68608K, 57% used [0x00000000c0000000,0x00000000c264d668,0x00000000c4300000)
 Metaspace       used 58816K, committed 60032K, reserved 1114112K
  class space    used 7201K, committed 7744K, reserved 1048576K
}
Event: 7.069 GC heap before
{Heap before GC invocations=43 (full 3):
 PSYoungGen      total 16896K, used 16749K [0x00000000eab00000, 0x00000000ebd00000, 0x0000000100000000)
  eden space 15872K, 100% used [0x00000000eab00000,0x00000000eba80000,0x00000000eba80000)
  from space 1024K, 85% used [0x00000000ebb00000,0x00000000ebbdb4e8,0x00000000ebc00000)
  to   space 1024K, 0% used [0x00000000ebc00000,0x00000000ebc00000,0x00000000ebd00000)
 ParOldGen       total 68608K, used 39221K [0x00000000c0000000, 0x00000000c4300000, 0x00000000eab00000)
  object space 68608K, 57% used [0x00000000c0000000,0x00000000c264d668,0x00000000c4300000)
 Metaspace       used 58816K, committed 60032K, reserved 1114112K
  class space    used 7201K, committed 7744K, reserved 1048576K
}
Event: 7.070 GC heap after
{Heap after GC invocations=43 (full 3):
 PSYoungGen      total 16896K, used 1006K [0x00000000eab00000, 0x00000000ebd80000, 0x0000000100000000)
  eden space 15872K, 0% used [0x00000000eab00000,0x00000000eab00000,0x00000000eba80000)
  from space 1024K, 98% used [0x00000000ebc00000,0x00000000ebcfbb98,0x00000000ebd00000)
  to   space 1536K, 0% used [0x00000000eba80000,0x00000000eba80000,0x00000000ebc00000)
 ParOldGen       total 68608K, used 39509K [0x00000000c0000000, 0x00000000c4300000, 0x00000000eab00000)
  object space 68608K, 57% used [0x00000000c0000000,0x00000000c2695670,0x00000000c4300000)
 Metaspace       used 58816K, committed 60032K, reserved 1114112K
  class space    used 7201K, committed 7744K, reserved 1048576K
}
Event: 7.143 GC heap before
{Heap before GC invocations=44 (full 3):
 PSYoungGen      total 16896K, used 16878K [0x00000000eab00000, 0x00000000ebd80000, 0x0000000100000000)
  eden space 15872K, 100% used [0x00000000eab00000,0x00000000eba80000,0x00000000eba80000)
  from space 1024K, 98% used [0x00000000ebc00000,0x00000000ebcfbb98,0x00000000ebd00000)
  to   space 1536K, 0% used [0x00000000eba80000,0x00000000eba80000,0x00000000ebc00000)
 ParOldGen       total 68608K, used 39509K [0x00000000c0000000, 0x00000000c4300000, 0x00000000eab00000)
  object space 68608K, 57% used [0x00000000c0000000,0x00000000c2695670,0x00000000c4300000)
 Metaspace       used 58817K, committed 60032K, reserved 1114112K
  class space    used 7201K, committed 7744K, reserved 1048576K
}
Event: 7.144 GC heap after
{Heap after GC invocations=44 (full 3):
 PSYoungGen      total 16384K, used 384K [0x00000000eab00000, 0x00000000ebc80000, 0x0000000100000000)
  eden space 15872K, 0% used [0x00000000eab00000,0x00000000eab00000,0x00000000eba80000)
  from space 512K, 75% used [0x00000000eba80000,0x00000000ebae0000,0x00000000ebb00000)
  to   space 1024K, 0% used [0x00000000ebb80000,0x00000000ebb80000,0x00000000ebc80000)
 ParOldGen       total 68608K, used 39581K [0x00000000c0000000, 0x00000000c4300000, 0x00000000eab00000)
  object space 68608K, 57% used [0x00000000c0000000,0x00000000c26a7670,0x00000000c4300000)
 Metaspace       used 58817K, committed 60032K, reserved 1114112K
  class space    used 7201K, committed 7744K, reserved 1048576K
}
Event: 7.207 GC heap before
{Heap before GC invocations=45 (full 3):
 PSYoungGen      total 16384K, used 16256K [0x00000000eab00000, 0x00000000ebc80000, 0x0000000100000000)
  eden space 15872K, 100% used [0x00000000eab00000,0x00000000eba80000,0x00000000eba80000)
  from space 512K, 75% used [0x00000000eba80000,0x00000000ebae0000,0x00000000ebb00000)
  to   space 1024K, 0% used [0x00000000ebb80000,0x00000000ebb80000,0x00000000ebc80000)
 ParOldGen       total 68608K, used 39581K [0x00000000c0000000, 0x00000000c4300000, 0x00000000eab00000)
  object space 68608K, 57% used [0x00000000c0000000,0x00000000c26a7670,0x00000000c4300000)
 Metaspace       used 58819K, committed 60032K, reserved 1114112K
  class space    used 7201K, committed 7744K, reserved 1048576K
}
Event: 7.208 GC heap after
{Heap after GC invocations=45 (full 3):
 PSYoungGen      total 16896K, used 555K [0x00000000eab00000, 0x00000000ebc80000, 0x0000000100000000)
  eden space 15872K, 0% used [0x00000000eab00000,0x00000000eab00000,0x00000000eba80000)
  from space 1024K, 54% used [0x00000000ebb80000,0x00000000ebc0ad40,0x00000000ebc80000)
  to   space 1024K, 0% used [0x00000000eba80000,0x00000000eba80000,0x00000000ebb80000)
 ParOldGen       total 68608K, used 39848K [0x00000000c0000000, 0x00000000c4300000, 0x00000000eab00000)
  object space 68608K, 58% used [0x00000000c0000000,0x00000000c26ea320,0x00000000c4300000)
 Metaspace       used 58819K, committed 60032K, reserved 1114112K
  class space    used 7201K, committed 7744K, reserved 1048576K
}
Event: 7.271 GC heap before
{Heap before GC invocations=46 (full 3):
 PSYoungGen      total 16896K, used 16427K [0x00000000eab00000, 0x00000000ebc80000, 0x0000000100000000)
  eden space 15872K, 100% used [0x00000000eab00000,0x00000000eba80000,0x00000000eba80000)
  from space 1024K, 54% used [0x00000000ebb80000,0x00000000ebc0ad40,0x00000000ebc80000)
  to   space 1024K, 0% used [0x00000000eba80000,0x00000000eba80000,0x00000000ebb80000)
 ParOldGen       total 68608K, used 39848K [0x00000000c0000000, 0x00000000c4300000, 0x00000000eab00000)
  object space 68608K, 58% used [0x00000000c0000000,0x00000000c26ea320,0x00000000c4300000)
 Metaspace       used 58819K, committed 60032K, reserved 1114112K
  class space    used 7201K, committed 7744K, reserved 1048576K
}
Event: 7.271 GC heap after
{Heap after GC invocations=46 (full 3):
 PSYoungGen      total 16896K, used 1020K [0x00000000eab00000, 0x00000000ebe80000, 0x0000000100000000)
  eden space 15872K, 0% used [0x00000000eab00000,0x00000000eab00000,0x00000000eba80000)
  from space 1024K, 99% used [0x00000000eba80000,0x00000000ebb7f130,0x00000000ebb80000)
  to   space 2048K, 0% used [0x00000000ebc80000,0x00000000ebc80000,0x00000000ebe80000)
 ParOldGen       total 68608K, used 40219K [0x00000000c0000000, 0x00000000c4300000, 0x00000000eab00000)
  object space 68608K, 58% used [0x00000000c0000000,0x00000000c2746f88,0x00000000c4300000)
 Metaspace       used 58819K, committed 60032K, reserved 1114112K
  class space    used 7201K, committed 7744K, reserved 1048576K
}
Event: 7.361 GC heap before
{Heap before GC invocations=47 (full 3):
 PSYoungGen      total 16896K, used 16892K [0x00000000eab00000, 0x00000000ebe80000, 0x0000000100000000)
  eden space 15872K, 100% used [0x00000000eab00000,0x00000000eba80000,0x00000000eba80000)
  from space 1024K, 99% used [0x00000000eba80000,0x00000000ebb7f130,0x00000000ebb80000)
  to   space 2048K, 0% used [0x00000000ebc80000,0x00000000ebc80000,0x00000000ebe80000)
 ParOldGen       total 68608K, used 40219K [0x00000000c0000000, 0x00000000c4300000, 0x00000000eab00000)
  object space 68608K, 58% used [0x00000000c0000000,0x00000000c2746f88,0x00000000c4300000)
 Metaspace       used 59603K, committed 60864K, reserved 1114112K
  class space    used 7313K, committed 7872K, reserved 1048576K
}
Event: 7.362 GC heap after
{Heap after GC invocations=47 (full 3):
 PSYoungGen      total 16384K, used 448K [0x00000000eab00000, 0x00000000ebd00000, 0x0000000100000000)
  eden space 15872K, 0% used [0x00000000eab00000,0x00000000eab00000,0x00000000eba80000)
  from space 512K, 87% used [0x00000000ebc80000,0x00000000ebcf0000,0x00000000ebd00000)
  to   space 1024K, 0% used [0x00000000ebb00000,0x00000000ebb00000,0x00000000ebc00000)
 ParOldGen       total 68608K, used 40315K [0x00000000c0000000, 0x00000000c4300000, 0x00000000eab00000)
  object space 68608K, 58% used [0x00000000c0000000,0x00000000c275ef88,0x00000000c4300000)
 Metaspace       used 59603K, committed 60864K, reserved 1114112K
  class space    used 7313K, committed 7872K, reserved 1048576K
}
Event: 7.559 GC heap before
{Heap before GC invocations=48 (full 3):
 PSYoungGen      total 16384K, used 16320K [0x00000000eab00000, 0x00000000ebd00000, 0x0000000100000000)
  eden space 15872K, 100% used [0x00000000eab00000,0x00000000eba80000,0x00000000eba80000)
  from space 512K, 87% used [0x00000000ebc80000,0x00000000ebcf0000,0x00000000ebd00000)
  to   space 1024K, 0% used [0x00000000ebb00000,0x00000000ebb00000,0x00000000ebc00000)
 ParOldGen       total 68608K, used 40315K [0x00000000c0000000, 0x00000000c4300000, 0x00000000eab00000)
  object space 68608K, 58% used [0x00000000c0000000,0x00000000c275ef88,0x00000000c4300000)
 Metaspace       used 61314K, committed 62656K, reserved 1114112K
  class space    used 7582K, committed 8192K, reserved 1048576K
}
Event: 7.560 GC heap after
{Heap after GC invocations=48 (full 3):
 PSYoungGen      total 16896K, used 754K [0x00000000eab00000, 0x00000000ebd00000, 0x0000000100000000)
  eden space 15872K, 0% used [0x00000000eab00000,0x00000000eab00000,0x00000000eba80000)
  from space 1024K, 73% used [0x00000000ebb00000,0x00000000ebbbc940,0x00000000ebc00000)
  to   space 1024K, 0% used [0x00000000ebc00000,0x00000000ebc00000,0x00000000ebd00000)
 ParOldGen       total 68608K, used 40595K [0x00000000c0000000, 0x00000000c4300000, 0x00000000eab00000)
  object space 68608K, 59% used [0x00000000c0000000,0x00000000c27a4c98,0x00000000c4300000)
 Metaspace       used 61314K, committed 62656K, reserved 1114112K
  class space    used 7582K, committed 8192K, reserved 1048576K
}

