# JRE version: OpenJDK Runtime Environment Temurin-21.0.7+6 (21.0.7+6) (build 21.0.7+6-LTS)
# Java VM: OpenJDK 64-Bit Server VM Temurin-21.0.7+6 (21.0.7+6-LTS, mixed mode, sharing, tiered, compressed oops, compressed class ptrs, parallel gc, windows-amd64)
GC Precious Log:
 CardTable entry size: 512
 CPUs: 16 total, 16 available
 Memory: 16096M
 Large Page Support: Disabled
 NUMA Support: Disabled
 Compressed Oops: Enabled (32-bit)
 Alignments: Space 512K, Generation 512K, Heap 2M
 Heap Min Capacity: 100M
 Heap Initial Capacity: 100M
 Heap Max Capacity: 1G
 Pre-touch: Disabled
 Parallel Workers: 13
Heap:
 PSYoungGen      total 15872K, used 10561K [0x00000000eab00000, 0x00000000ebe00000, 0x0000000100000000)
  eden space 14848K, 67% used [0x00000000eab00000,0x00000000eb4b84c8,0x00000000eb980000)
  from space 1024K, 59% used [0x00000000ebc00000,0x00000000ebc98010,0x00000000ebd00000)
  to   space 1024K, 0% used [0x00000000ebd00000,0x00000000ebd00000,0x00000000ebe00000)
 ParOldGen       total 68608K, used 42163K [0x00000000c0000000, 0x00000000c4300000, 0x00000000eab00000)
  object space 68608K, 61% used [0x00000000c0000000,0x00000000c292cee8,0x00000000c4300000)
 Metaspace       used 62428K, committed 63744K, reserved 1114112K
  class space    used 7704K, committed 8320K, reserved 1048576K
GC Heap History (20 events):
Event: 6.275 GC heap before
{Heap before GC invocations=41 (full 3):
 PSYoungGen      total 15872K, used 15859K [0x00000000eab00000, 0x00000000ebf80000, 0x0000000100000000)
  eden space 14848K, 100% used [0x00000000eab00000,0x00000000eb980000,0x00000000eb980000)
  from space 1024K, 98% used [0x00000000ebd80000,0x00000000ebe7ccb8,0x00000000ebe80000)
  to   space 1024K, 0% used [0x00000000ebe80000,0x00000000ebe80000,0x00000000ebf80000)
 ParOldGen       total 68608K, used 38988K [0x00000000c0000000, 0x00000000c4300000, 0x00000000eab00000)
  object space 68608K, 56% used [0x00000000c0000000,0x00000000c2613308,0x00000000c4300000)
 Metaspace       used 58838K, committed 60032K, reserved 1114112K
  class space    used 7191K, committed 7680K, reserved 1048576K
}
Event: 6.276 GC heap after
{Heap after GC invocations=41 (full 3):
 PSYoungGen      total 15872K, used 762K [0x00000000eab00000, 0x00000000ebf80000, 0x0000000100000000)
  eden space 14848K, 0% used [0x00000000eab00000,0x00000000eab00000,0x00000000eb980000)
  from space 1024K, 74% used [0x00000000ebe80000,0x00000000ebf3ebf8,0x00000000ebf80000)
  to   space 1024K, 0% used [0x00000000ebd80000,0x00000000ebd80000,0x00000000ebe80000)
 ParOldGen       total 68608K, used 39052K [0x00000000c0000000, 0x00000000c4300000, 0x00000000eab00000)
  object space 68608K, 56% used [0x00000000c0000000,0x00000000c2623308,0x00000000c4300000)
 Metaspace       used 58838K, committed 60032K, reserved 1114112K
  class space    used 7191K, committed 7680K, reserved 1048576K
}
Event: 6.328 GC heap before
{Heap before GC invocations=42 (full 3):
 PSYoungGen      total 15872K, used 15610K [0x00000000eab00000, 0x00000000ebf80000, 0x0000000100000000)
  eden space 14848K, 100% used [0x00000000eab00000,0x00000000eb980000,0x00000000eb980000)
  from space 1024K, 74% used [0x00000000ebe80000,0x00000000ebf3ebf8,0x00000000ebf80000)
  to   space 1024K, 0% used [0x00000000ebd80000,0x00000000ebd80000,0x00000000ebe80000)
 ParOldGen       total 68608K, used 39052K [0x00000000c0000000, 0x00000000c4300000, 0x00000000eab00000)
  object space 68608K, 56% used [0x00000000c0000000,0x00000000c2623308,0x00000000c4300000)
 Metaspace       used 58838K, committed 60032K, reserved 1114112K
  class space    used 7191K, committed 7680K, reserved 1048576K
}
Event: 6.329 GC heap after
{Heap after GC invocations=42 (full 3):
 PSYoungGen      total 15872K, used 288K [0x00000000eab00000, 0x00000000ebf00000, 0x0000000100000000)
  eden space 14848K, 0% used [0x00000000eab00000,0x00000000eab00000,0x00000000eb980000)
  from space 1024K, 28% used [0x00000000ebd80000,0x00000000ebdc8000,0x00000000ebe80000)
  to   space 512K, 0% used [0x00000000ebe80000,0x00000000ebe80000,0x00000000ebf00000)
 ParOldGen       total 68608K, used 39360K [0x00000000c0000000, 0x00000000c4300000, 0x00000000eab00000)
  object space 68608K, 57% used [0x00000000c0000000,0x00000000c2670258,0x00000000c4300000)
 Metaspace       used 58838K, committed 60032K, reserved 1114112K
  class space    used 7191K, committed 7680K, reserved 1048576K
}
Event: 6.385 GC heap before
{Heap before GC invocations=43 (full 3):
 PSYoungGen      total 15872K, used 15136K [0x00000000eab00000, 0x00000000ebf00000, 0x0000000100000000)
  eden space 14848K, 100% used [0x00000000eab00000,0x00000000eb980000,0x00000000eb980000)
  from space 1024K, 28% used [0x00000000ebd80000,0x00000000ebdc8000,0x00000000ebe80000)
  to   space 512K, 0% used [0x00000000ebe80000,0x00000000ebe80000,0x00000000ebf00000)
 ParOldGen       total 68608K, used 39360K [0x00000000c0000000, 0x00000000c4300000, 0x00000000eab00000)
  object space 68608K, 57% used [0x00000000c0000000,0x00000000c2670258,0x00000000c4300000)
 Metaspace       used 58839K, committed 60032K, reserved 1114112K
  class space    used 7191K, committed 7680K, reserved 1048576K
}
Event: 6.387 GC heap after
{Heap after GC invocations=43 (full 3):
 PSYoungGen      total 15360K, used 511K [0x00000000eab00000, 0x00000000ebf00000, 0x0000000100000000)
  eden space 14848K, 0% used [0x00000000eab00000,0x00000000eab00000,0x00000000eb980000)
  from space 512K, 99% used [0x00000000ebe80000,0x00000000ebefff50,0x00000000ebf00000)
  to   space 1536K, 0% used [0x00000000ebc00000,0x00000000ebc00000,0x00000000ebd80000)
 ParOldGen       total 68608K, used 40194K [0x00000000c0000000, 0x00000000c4300000, 0x00000000eab00000)
  object space 68608K, 58% used [0x00000000c0000000,0x00000000c2740b58,0x00000000c4300000)
 Metaspace       used 58839K, committed 60032K, reserved 1114112K
  class space    used 7191K, committed 7680K, reserved 1048576K
}
Event: 6.450 GC heap before
{Heap before GC invocations=44 (full 3):
 PSYoungGen      total 15360K, used 15359K [0x00000000eab00000, 0x00000000ebf00000, 0x0000000100000000)
  eden space 14848K, 100% used [0x00000000eab00000,0x00000000eb980000,0x00000000eb980000)
  from space 512K, 99% used [0x00000000ebe80000,0x00000000ebefff50,0x00000000ebf00000)
  to   space 1536K, 0% used [0x00000000ebc00000,0x00000000ebc00000,0x00000000ebd80000)
 ParOldGen       total 68608K, used 40194K [0x00000000c0000000, 0x00000000c4300000, 0x00000000eab00000)
  object space 68608K, 58% used [0x00000000c0000000,0x00000000c2740b58,0x00000000c4300000)
 Metaspace       used 58839K, committed 60032K, reserved 1114112K
  class space    used 7191K, committed 7680K, reserved 1048576K
}
Event: 6.450 GC heap after
{Heap after GC invocations=44 (full 3):
 PSYoungGen      total 16384K, used 384K [0x00000000eab00000, 0x00000000ebf00000, 0x0000000100000000)
  eden space 14848K, 0% used [0x00000000eab00000,0x00000000eab00000,0x00000000eb980000)
  from space 1536K, 25% used [0x00000000ebc00000,0x00000000ebc60000,0x00000000ebd80000)
  to   space 1024K, 0% used [0x00000000ebe00000,0x00000000ebe00000,0x00000000ebf00000)
 ParOldGen       total 68608K, used 40258K [0x00000000c0000000, 0x00000000c4300000, 0x00000000eab00000)
  object space 68608K, 58% used [0x00000000c0000000,0x00000000c2750b58,0x00000000c4300000)
 Metaspace       used 58839K, committed 60032K, reserved 1114112K
  class space    used 7191K, committed 7680K, reserved 1048576K
}
Event: 6.503 GC heap before
{Heap before GC invocations=45 (full 3):
 PSYoungGen      total 16384K, used 15232K [0x00000000eab00000, 0x00000000ebf00000, 0x0000000100000000)
  eden space 14848K, 100% used [0x00000000eab00000,0x00000000eb980000,0x00000000eb980000)
  from space 1536K, 25% used [0x00000000ebc00000,0x00000000ebc60000,0x00000000ebd80000)
  to   space 1024K, 0% used [0x00000000ebe00000,0x00000000ebe00000,0x00000000ebf00000)
 ParOldGen       total 68608K, used 40258K [0x00000000c0000000, 0x00000000c4300000, 0x00000000eab00000)
  object space 68608K, 58% used [0x00000000c0000000,0x00000000c2750b58,0x00000000c4300000)
 Metaspace       used 58839K, committed 60032K, reserved 1114112K
  class space    used 7191K, committed 7680K, reserved 1048576K
}
Event: 6.503 GC heap after
{Heap after GC invocations=45 (full 3):
 PSYoungGen      total 15872K, used 862K [0x00000000eab00000, 0x00000000ebf00000, 0x0000000100000000)
  eden space 14848K, 0% used [0x00000000eab00000,0x00000000eab00000,0x00000000eb980000)
  from space 1024K, 84% used [0x00000000ebe00000,0x00000000ebed7af8,0x00000000ebf00000)
  to   space 1024K, 0% used [0x00000000ebd00000,0x00000000ebd00000,0x00000000ebe00000)
 ParOldGen       total 68608K, used 40482K [0x00000000c0000000, 0x00000000c4300000, 0x00000000eab00000)
  object space 68608K, 59% used [0x00000000c0000000,0x00000000c2788808,0x00000000c4300000)
 Metaspace       used 58839K, committed 60032K, reserved 1114112K
  class space    used 7191K, committed 7680K, reserved 1048576K
}
Event: 6.563 GC heap before
{Heap before GC invocations=46 (full 3):
 PSYoungGen      total 15872K, used 15710K [0x00000000eab00000, 0x00000000ebf00000, 0x0000000100000000)
  eden space 14848K, 100% used [0x00000000eab00000,0x00000000eb980000,0x00000000eb980000)
  from space 1024K, 84% used [0x00000000ebe00000,0x00000000ebed7af8,0x00000000ebf00000)
  to   space 1024K, 0% used [0x00000000ebd00000,0x00000000ebd00000,0x00000000ebe00000)
 ParOldGen       total 68608K, used 40482K [0x00000000c0000000, 0x00000000c4300000, 0x00000000eab00000)
  object space 68608K, 59% used [0x00000000c0000000,0x00000000c2788808,0x00000000c4300000)
 Metaspace       used 58839K, committed 60032K, reserved 1114112K
  class space    used 7191K, committed 7680K, reserved 1048576K
}
Event: 6.564 GC heap after
{Heap after GC invocations=46 (full 3):
 PSYoungGen      total 15872K, used 1000K [0x00000000eab00000, 0x00000000ebe80000, 0x0000000100000000)
  eden space 14848K, 0% used [0x00000000eab00000,0x00000000eab00000,0x00000000eb980000)
  from space 1024K, 97% used [0x00000000ebd00000,0x00000000ebdfa038,0x00000000ebe00000)
  to   space 512K, 0% used [0x00000000ebe00000,0x00000000ebe00000,0x00000000ebe80000)
 ParOldGen       total 68608K, used 40606K [0x00000000c0000000, 0x00000000c4300000, 0x00000000eab00000)
  object space 68608K, 59% used [0x00000000c0000000,0x00000000c27a7848,0x00000000c4300000)
 Metaspace       used 58839K, committed 60032K, reserved 1114112K
  class space    used 7191K, committed 7680K, reserved 1048576K
}
Event: 6.621 GC heap before
{Heap before GC invocations=47 (full 3):
 PSYoungGen      total 15872K, used 15848K [0x00000000eab00000, 0x00000000ebe80000, 0x0000000100000000)
  eden space 14848K, 100% used [0x00000000eab00000,0x00000000eb980000,0x00000000eb980000)
  from space 1024K, 97% used [0x00000000ebd00000,0x00000000ebdfa038,0x00000000ebe00000)
  to   space 512K, 0% used [0x00000000ebe00000,0x00000000ebe00000,0x00000000ebe80000)
 ParOldGen       total 68608K, used 40606K [0x00000000c0000000, 0x00000000c4300000, 0x00000000eab00000)
  object space 68608K, 59% used [0x00000000c0000000,0x00000000c27a7848,0x00000000c4300000)
 Metaspace       used 58839K, committed 60032K, reserved 1114112K
  class space    used 7191K, committed 7680K, reserved 1048576K
}
Event: 6.621 GC heap after
{Heap after GC invocations=47 (full 3):
 PSYoungGen      total 15360K, used 487K [0x00000000eab00000, 0x00000000ebe80000, 0x0000000100000000)
  eden space 14848K, 0% used [0x00000000eab00000,0x00000000eab00000,0x00000000eb980000)
  from space 512K, 95% used [0x00000000ebe00000,0x00000000ebe79f50,0x00000000ebe80000)
  to   space 1024K, 0% used [0x00000000ebc80000,0x00000000ebc80000,0x00000000ebd80000)
 ParOldGen       total 68608K, used 40750K [0x00000000c0000000, 0x00000000c4300000, 0x00000000eab00000)
  object space 68608K, 59% used [0x00000000c0000000,0x00000000c27cba50,0x00000000c4300000)
 Metaspace       used 58839K, committed 60032K, reserved 1114112K
  class space    used 7191K, committed 7680K, reserved 1048576K
}
Event: 6.668 GC heap before
{Heap before GC invocations=48 (full 3):
 PSYoungGen      total 15360K, used 15335K [0x00000000eab00000, 0x00000000ebe80000, 0x0000000100000000)
  eden space 14848K, 100% used [0x00000000eab00000,0x00000000eb980000,0x00000000eb980000)
  from space 512K, 95% used [0x00000000ebe00000,0x00000000ebe79f50,0x00000000ebe80000)
  to   space 1024K, 0% used [0x00000000ebc80000,0x00000000ebc80000,0x00000000ebd80000)
 ParOldGen       total 68608K, used 40750K [0x00000000c0000000, 0x00000000c4300000, 0x00000000eab00000)
  object space 68608K, 59% used [0x00000000c0000000,0x00000000c27cba50,0x00000000c4300000)
 Metaspace       used 58839K, committed 60032K, reserved 1114112K
  class space    used 7191K, committed 7680K, reserved 1048576K
}
Event: 6.669 GC heap after
{Heap after GC invocations=48 (full 3):
 PSYoungGen      total 15872K, used 1013K [0x00000000eab00000, 0x00000000ebe80000, 0x0000000100000000)
  eden space 14848K, 0% used [0x00000000eab00000,0x00000000eab00000,0x00000000eb980000)
  from space 1024K, 98% used [0x00000000ebc80000,0x00000000ebd7d598,0x00000000ebd80000)
  to   space 1024K, 0% used [0x00000000ebd80000,0x00000000ebd80000,0x00000000ebe80000)
 ParOldGen       total 68608K, used 40911K [0x00000000c0000000, 0x00000000c4300000, 0x00000000eab00000)
  object space 68608K, 59% used [0x00000000c0000000,0x00000000c27f3cb8,0x00000000c4300000)
 Metaspace       used 58839K, committed 60032K, reserved 1114112K
  class space    used 7191K, committed 7680K, reserved 1048576K
}
Event: 6.799 GC heap before
{Heap before GC invocations=49 (full 3):
 PSYoungGen      total 15872K, used 15861K [0x00000000eab00000, 0x00000000ebe80000, 0x0000000100000000)
  eden space 14848K, 100% used [0x00000000eab00000,0x00000000eb980000,0x00000000eb980000)
  from space 1024K, 98% used [0x00000000ebc80000,0x00000000ebd7d598,0x00000000ebd80000)
  to   space 1024K, 0% used [0x00000000ebd80000,0x00000000ebd80000,0x00000000ebe80000)
 ParOldGen       total 68608K, used 40911K [0x00000000c0000000, 0x00000000c4300000, 0x00000000eab00000)
  object space 68608K, 59% used [0x00000000c0000000,0x00000000c27f3cb8,0x00000000c4300000)
 Metaspace       used 60001K, committed 61312K, reserved 1114112K
  class space    used 7356K, committed 7936K, reserved 1048576K
}
Event: 6.799 GC heap after
{Heap after GC invocations=49 (full 3):
 PSYoungGen      total 15360K, used 448K [0x00000000eab00000, 0x00000000ebe00000, 0x0000000100000000)
  eden space 14848K, 0% used [0x00000000eab00000,0x00000000eab00000,0x00000000eb980000)
  from space 512K, 87% used [0x00000000ebd80000,0x00000000ebdf0000,0x00000000ebe00000)
  to   space 1024K, 0% used [0x00000000ebc00000,0x00000000ebc00000,0x00000000ebd00000)
 ParOldGen       total 68608K, used 40999K [0x00000000c0000000, 0x00000000c4300000, 0x00000000eab00000)
  object space 68608K, 59% used [0x00000000c0000000,0x00000000c2809cb8,0x00000000c4300000)
 Metaspace       used 60001K, committed 61312K, reserved 1114112K
  class space    used 7356K, committed 7936K, reserved 1048576K
}
Event: 6.930 GC heap before
{Heap before GC invocations=50 (full 3):
 PSYoungGen      total 15360K, used 15296K [0x00000000eab00000, 0x00000000ebe00000, 0x0000000100000000)
  eden space 14848K, 100% used [0x00000000eab00000,0x00000000eb980000,0x00000000eb980000)
  from space 512K, 87% used [0x00000000ebd80000,0x00000000ebdf0000,0x00000000ebe00000)
  to   space 1024K, 0% used [0x00000000ebc00000,0x00000000ebc00000,0x00000000ebd00000)
 ParOldGen       total 68608K, used 40999K [0x00000000c0000000, 0x00000000c4300000, 0x00000000eab00000)
  object space 68608K, 59% used [0x00000000c0000000,0x00000000c2809cb8,0x00000000c4300000)
 Metaspace       used 61486K, committed 62784K, reserved 1114112K
  class space    used 7586K, committed 8128K, reserved 1048576K
}
Event: 6.932 GC heap after
{Heap after GC invocations=50 (full 3):
 PSYoungGen      total 15872K, used 608K [0x00000000eab00000, 0x00000000ebe00000, 0x0000000100000000)
  eden space 14848K, 0% used [0x00000000eab00000,0x00000000eab00000,0x00000000eb980000)
  from space 1024K, 59% used [0x00000000ebc00000,0x00000000ebc98010,0x00000000ebd00000)
  to   space 1024K, 0% used [0x00000000ebd00000,0x00000000ebd00000,0x00000000ebe00000)
 ParOldGen       total 68608K, used 42163K [0x00000000c0000000, 0x00000000c4300000, 0x00000000eab00000)
  object space 68608K, 61% used [0x00000000c0000000,0x00000000c292cee8,0x00000000c4300000)
 Metaspace       used 61486K, committed 62784K, reserved 1114112K
  class space    used 7586K, committed 8128K, reserved 1048576K
}

