# JRE version: OpenJDK Runtime Environment Temurin-21.0.7+6 (21.0.7+6) (build 21.0.7+6-LTS)
# Java VM: OpenJDK 64-Bit Server VM Temurin-21.0.7+6 (21.0.7+6-LTS, mixed mode, sharing, tiered, compressed oops, compressed class ptrs, parallel gc, windows-amd64)
GC Precious Log:
 CardTable entry size: 512
 CPUs: 16 total, 16 available
 Memory: 16096M
 Large Page Support: Disabled
 NUMA Support: Disabled
 Compressed Oops: Enabled (32-bit)
 Alignments: Space 512K, Generation 512K, Heap 2M
 Heap Min Capacity: 100M
 Heap Initial Capacity: 100M
 Heap Max Capacity: 1G
 Pre-touch: Disabled
 Parallel Workers: 13
Heap:
 PSYoungGen      total 15872K, used 4975K [0x00000000eab00000, 0x00000000ebd00000, 0x0000000100000000)
  eden space 15360K, 29% used [0x00000000eab00000,0x00000000eaf5bf90,0x00000000eba00000)
  from space 512K, 100% used [0x00000000ebb80000,0x00000000ebc00000,0x00000000ebc00000)
  to   space 1024K, 0% used [0x00000000ebc00000,0x00000000ebc00000,0x00000000ebd00000)
 ParOldGen       total 68608K, used 41597K [0x00000000c0000000, 0x00000000c4300000, 0x00000000eab00000)
  object space 68608K, 60% used [0x00000000c0000000,0x00000000c289f4c8,0x00000000c4300000)
 Metaspace       used 62456K, committed 63808K, reserved 1114112K
  class space    used 7722K, committed 8320K, reserved 1048576K
GC Heap History (20 events):
Event: 5.514 GC heap before
{Heap before GC invocations=41 (full 3):
 PSYoungGen      total 16384K, used 16381K [0x00000000eab00000, 0x00000000ebf80000, 0x0000000100000000)
  eden space 15360K, 100% used [0x00000000eab00000,0x00000000eba00000,0x00000000eba00000)
  from space 1024K, 99% used [0x00000000ebd80000,0x00000000ebe7f540,0x00000000ebe80000)
  to   space 1024K, 0% used [0x00000000ebe80000,0x00000000ebe80000,0x00000000ebf80000)
 ParOldGen       total 68608K, used 38879K [0x00000000c0000000, 0x00000000c4300000, 0x00000000eab00000)
  object space 68608K, 56% used [0x00000000c0000000,0x00000000c25f7e88,0x00000000c4300000)
 Metaspace       used 58843K, committed 60096K, reserved 1114112K
  class space    used 7205K, committed 7744K, reserved 1048576K
}
Event: 5.515 GC heap after
{Heap after GC invocations=41 (full 3):
 PSYoungGen      total 16384K, used 928K [0x00000000eab00000, 0x00000000ebf80000, 0x0000000100000000)
  eden space 15360K, 0% used [0x00000000eab00000,0x00000000eab00000,0x00000000eba00000)
  from space 1024K, 90% used [0x00000000ebe80000,0x00000000ebf68258,0x00000000ebf80000)
  to   space 1536K, 0% used [0x00000000ebc80000,0x00000000ebc80000,0x00000000ebe00000)
 ParOldGen       total 68608K, used 38967K [0x00000000c0000000, 0x00000000c4300000, 0x00000000eab00000)
  object space 68608K, 56% used [0x00000000c0000000,0x00000000c260de88,0x00000000c4300000)
 Metaspace       used 58843K, committed 60096K, reserved 1114112K
  class space    used 7205K, committed 7744K, reserved 1048576K
}
Event: 5.572 GC heap before
{Heap before GC invocations=42 (full 3):
 PSYoungGen      total 16384K, used 16288K [0x00000000eab00000, 0x00000000ebf80000, 0x0000000100000000)
  eden space 15360K, 100% used [0x00000000eab00000,0x00000000eba00000,0x00000000eba00000)
  from space 1024K, 90% used [0x00000000ebe80000,0x00000000ebf68258,0x00000000ebf80000)
  to   space 1536K, 0% used [0x00000000ebc80000,0x00000000ebc80000,0x00000000ebe00000)
 ParOldGen       total 68608K, used 38967K [0x00000000c0000000, 0x00000000c4300000, 0x00000000eab00000)
  object space 68608K, 56% used [0x00000000c0000000,0x00000000c260de88,0x00000000c4300000)
 Metaspace       used 58845K, committed 60096K, reserved 1114112K
  class space    used 7205K, committed 7744K, reserved 1048576K
}
Event: 5.573 GC heap after
{Heap after GC invocations=42 (full 3):
 PSYoungGen      total 16896K, used 369K [0x00000000eab00000, 0x00000000ebf00000, 0x0000000100000000)
  eden space 15360K, 0% used [0x00000000eab00000,0x00000000eab00000,0x00000000eba00000)
  from space 1536K, 24% used [0x00000000ebc80000,0x00000000ebcdc640,0x00000000ebe00000)
  to   space 1024K, 0% used [0x00000000ebe00000,0x00000000ebe00000,0x00000000ebf00000)
 ParOldGen       total 68608K, used 39150K [0x00000000c0000000, 0x00000000c4300000, 0x00000000eab00000)
  object space 68608K, 57% used [0x00000000c0000000,0x00000000c263b8b8,0x00000000c4300000)
 Metaspace       used 58845K, committed 60096K, reserved 1114112K
  class space    used 7205K, committed 7744K, reserved 1048576K
}
Event: 5.631 GC heap before
{Heap before GC invocations=43 (full 3):
 PSYoungGen      total 16896K, used 15729K [0x00000000eab00000, 0x00000000ebf00000, 0x0000000100000000)
  eden space 15360K, 100% used [0x00000000eab00000,0x00000000eba00000,0x00000000eba00000)
  from space 1536K, 24% used [0x00000000ebc80000,0x00000000ebcdc640,0x00000000ebe00000)
  to   space 1024K, 0% used [0x00000000ebe00000,0x00000000ebe00000,0x00000000ebf00000)
 ParOldGen       total 68608K, used 39150K [0x00000000c0000000, 0x00000000c4300000, 0x00000000eab00000)
  object space 68608K, 57% used [0x00000000c0000000,0x00000000c263b8b8,0x00000000c4300000)
 Metaspace       used 58847K, committed 60096K, reserved 1114112K
  class space    used 7205K, committed 7744K, reserved 1048576K
}
Event: 5.631 GC heap after
{Heap after GC invocations=43 (full 3):
 PSYoungGen      total 16384K, used 1014K [0x00000000eab00000, 0x00000000ebf00000, 0x0000000100000000)
  eden space 15360K, 0% used [0x00000000eab00000,0x00000000eab00000,0x00000000eba00000)
  from space 1024K, 99% used [0x00000000ebe00000,0x00000000ebefdb88,0x00000000ebf00000)
  to   space 1536K, 0% used [0x00000000ebc00000,0x00000000ebc00000,0x00000000ebd80000)
 ParOldGen       total 68608K, used 39443K [0x00000000c0000000, 0x00000000c4300000, 0x00000000eab00000)
  object space 68608K, 57% used [0x00000000c0000000,0x00000000c2684cf8,0x00000000c4300000)
 Metaspace       used 58847K, committed 60096K, reserved 1114112K
  class space    used 7205K, committed 7744K, reserved 1048576K
}
Event: 5.687 GC heap before
{Heap before GC invocations=44 (full 3):
 PSYoungGen      total 16384K, used 16374K [0x00000000eab00000, 0x00000000ebf00000, 0x0000000100000000)
  eden space 15360K, 100% used [0x00000000eab00000,0x00000000eba00000,0x00000000eba00000)
  from space 1024K, 99% used [0x00000000ebe00000,0x00000000ebefdb88,0x00000000ebf00000)
  to   space 1536K, 0% used [0x00000000ebc00000,0x00000000ebc00000,0x00000000ebd80000)
 ParOldGen       total 68608K, used 39443K [0x00000000c0000000, 0x00000000c4300000, 0x00000000eab00000)
  object space 68608K, 57% used [0x00000000c0000000,0x00000000c2684cf8,0x00000000c4300000)
 Metaspace       used 58847K, committed 60096K, reserved 1114112K
  class space    used 7205K, committed 7744K, reserved 1048576K
}
Event: 5.688 GC heap after
{Heap after GC invocations=44 (full 3):
 PSYoungGen      total 16896K, used 835K [0x00000000eab00000, 0x00000000ebe80000, 0x0000000100000000)
  eden space 15360K, 0% used [0x00000000eab00000,0x00000000eab00000,0x00000000eba00000)
  from space 1536K, 54% used [0x00000000ebc00000,0x00000000ebcd0c08,0x00000000ebd80000)
  to   space 1024K, 0% used [0x00000000ebd80000,0x00000000ebd80000,0x00000000ebe80000)
 ParOldGen       total 68608K, used 39515K [0x00000000c0000000, 0x00000000c4300000, 0x00000000eab00000)
  object space 68608K, 57% used [0x00000000c0000000,0x00000000c2696cf8,0x00000000c4300000)
 Metaspace       used 58847K, committed 60096K, reserved 1114112K
  class space    used 7205K, committed 7744K, reserved 1048576K
}
Event: 5.741 GC heap before
{Heap before GC invocations=45 (full 3):
 PSYoungGen      total 16896K, used 16195K [0x00000000eab00000, 0x00000000ebe80000, 0x0000000100000000)
  eden space 15360K, 100% used [0x00000000eab00000,0x00000000eba00000,0x00000000eba00000)
  from space 1536K, 54% used [0x00000000ebc00000,0x00000000ebcd0c08,0x00000000ebd80000)
  to   space 1024K, 0% used [0x00000000ebd80000,0x00000000ebd80000,0x00000000ebe80000)
 ParOldGen       total 68608K, used 39515K [0x00000000c0000000, 0x00000000c4300000, 0x00000000eab00000)
  object space 68608K, 57% used [0x00000000c0000000,0x00000000c2696cf8,0x00000000c4300000)
 Metaspace       used 58850K, committed 60096K, reserved 1114112K
  class space    used 7205K, committed 7744K, reserved 1048576K
}
Event: 5.741 GC heap after
{Heap after GC invocations=45 (full 3):
 PSYoungGen      total 15872K, used 352K [0x00000000eab00000, 0x00000000ebe00000, 0x0000000100000000)
  eden space 15360K, 0% used [0x00000000eab00000,0x00000000eab00000,0x00000000eba00000)
  from space 512K, 68% used [0x00000000ebd80000,0x00000000ebdd8000,0x00000000ebe00000)
  to   space 1024K, 0% used [0x00000000ebc00000,0x00000000ebc00000,0x00000000ebd00000)
 ParOldGen       total 68608K, used 39705K [0x00000000c0000000, 0x00000000c4300000, 0x00000000eab00000)
  object space 68608K, 57% used [0x00000000c0000000,0x00000000c26c6718,0x00000000c4300000)
 Metaspace       used 58850K, committed 60096K, reserved 1114112K
  class space    used 7205K, committed 7744K, reserved 1048576K
}
Event: 5.801 GC heap before
{Heap before GC invocations=46 (full 3):
 PSYoungGen      total 15872K, used 15712K [0x00000000eab00000, 0x00000000ebe00000, 0x0000000100000000)
  eden space 15360K, 100% used [0x00000000eab00000,0x00000000eba00000,0x00000000eba00000)
  from space 512K, 68% used [0x00000000ebd80000,0x00000000ebdd8000,0x00000000ebe00000)
  to   space 1024K, 0% used [0x00000000ebc00000,0x00000000ebc00000,0x00000000ebd00000)
 ParOldGen       total 68608K, used 39705K [0x00000000c0000000, 0x00000000c4300000, 0x00000000eab00000)
  object space 68608K, 57% used [0x00000000c0000000,0x00000000c26c6718,0x00000000c4300000)
 Metaspace       used 58857K, committed 60096K, reserved 1114112K
  class space    used 7205K, committed 7744K, reserved 1048576K
}
Event: 5.802 GC heap after
{Heap after GC invocations=46 (full 3):
 PSYoungGen      total 16384K, used 1024K [0x00000000eab00000, 0x00000000ebe00000, 0x0000000100000000)
  eden space 15360K, 0% used [0x00000000eab00000,0x00000000eab00000,0x00000000eba00000)
  from space 1024K, 100% used [0x00000000ebc00000,0x00000000ebd00000,0x00000000ebd00000)
  to   space 1024K, 0% used [0x00000000ebd00000,0x00000000ebd00000,0x00000000ebe00000)
 ParOldGen       total 68608K, used 39913K [0x00000000c0000000, 0x00000000c4300000, 0x00000000eab00000)
  object space 68608K, 58% used [0x00000000c0000000,0x00000000c26fa568,0x00000000c4300000)
 Metaspace       used 58857K, committed 60096K, reserved 1114112K
  class space    used 7205K, committed 7744K, reserved 1048576K
}
Event: 5.857 GC heap before
{Heap before GC invocations=47 (full 3):
 PSYoungGen      total 16384K, used 16384K [0x00000000eab00000, 0x00000000ebe00000, 0x0000000100000000)
  eden space 15360K, 100% used [0x00000000eab00000,0x00000000eba00000,0x00000000eba00000)
  from space 1024K, 100% used [0x00000000ebc00000,0x00000000ebd00000,0x00000000ebd00000)
  to   space 1024K, 0% used [0x00000000ebd00000,0x00000000ebd00000,0x00000000ebe00000)
 ParOldGen       total 68608K, used 39913K [0x00000000c0000000, 0x00000000c4300000, 0x00000000eab00000)
  object space 68608K, 58% used [0x00000000c0000000,0x00000000c26fa568,0x00000000c4300000)
 Metaspace       used 58857K, committed 60096K, reserved 1114112K
  class space    used 7205K, committed 7744K, reserved 1048576K
}
Event: 5.858 GC heap after
{Heap after GC invocations=47 (full 3):
 PSYoungGen      total 16384K, used 823K [0x00000000eab00000, 0x00000000ebe00000, 0x0000000100000000)
  eden space 15360K, 0% used [0x00000000eab00000,0x00000000eab00000,0x00000000eba00000)
  from space 1024K, 80% used [0x00000000ebd00000,0x00000000ebdcddb8,0x00000000ebe00000)
  to   space 1024K, 0% used [0x00000000ebc00000,0x00000000ebc00000,0x00000000ebd00000)
 ParOldGen       total 68608K, used 39985K [0x00000000c0000000, 0x00000000c4300000, 0x00000000eab00000)
  object space 68608K, 58% used [0x00000000c0000000,0x00000000c270c568,0x00000000c4300000)
 Metaspace       used 58857K, committed 60096K, reserved 1114112K
  class space    used 7205K, committed 7744K, reserved 1048576K
}
Event: 5.902 GC heap before
{Heap before GC invocations=48 (full 3):
 PSYoungGen      total 16384K, used 16183K [0x00000000eab00000, 0x00000000ebe00000, 0x0000000100000000)
  eden space 15360K, 100% used [0x00000000eab00000,0x00000000eba00000,0x00000000eba00000)
  from space 1024K, 80% used [0x00000000ebd00000,0x00000000ebdcddb8,0x00000000ebe00000)
  to   space 1024K, 0% used [0x00000000ebc00000,0x00000000ebc00000,0x00000000ebd00000)
 ParOldGen       total 68608K, used 39985K [0x00000000c0000000, 0x00000000c4300000, 0x00000000eab00000)
  object space 68608K, 58% used [0x00000000c0000000,0x00000000c270c568,0x00000000c4300000)
 Metaspace       used 58857K, committed 60096K, reserved 1114112K
  class space    used 7205K, committed 7744K, reserved 1048576K
}
Event: 5.903 GC heap after
{Heap after GC invocations=48 (full 3):
 PSYoungGen      total 15872K, used 384K [0x00000000eab00000, 0x00000000ebd80000, 0x0000000100000000)
  eden space 15360K, 0% used [0x00000000eab00000,0x00000000eab00000,0x00000000eba00000)
  from space 512K, 75% used [0x00000000ebc00000,0x00000000ebc60000,0x00000000ebc80000)
  to   space 1024K, 0% used [0x00000000ebc80000,0x00000000ebc80000,0x00000000ebd80000)
 ParOldGen       total 68608K, used 40151K [0x00000000c0000000, 0x00000000c4300000, 0x00000000eab00000)
  object space 68608K, 58% used [0x00000000c0000000,0x00000000c2735f88,0x00000000c4300000)
 Metaspace       used 58857K, committed 60096K, reserved 1114112K
  class space    used 7205K, committed 7744K, reserved 1048576K
}
Event: 6.015 GC heap before
{Heap before GC invocations=49 (full 3):
 PSYoungGen      total 15872K, used 15744K [0x00000000eab00000, 0x00000000ebd80000, 0x0000000100000000)
  eden space 15360K, 100% used [0x00000000eab00000,0x00000000eba00000,0x00000000eba00000)
  from space 512K, 75% used [0x00000000ebc00000,0x00000000ebc60000,0x00000000ebc80000)
  to   space 1024K, 0% used [0x00000000ebc80000,0x00000000ebc80000,0x00000000ebd80000)
 ParOldGen       total 68608K, used 40151K [0x00000000c0000000, 0x00000000c4300000, 0x00000000eab00000)
  object space 68608K, 58% used [0x00000000c0000000,0x00000000c2735f88,0x00000000c4300000)
 Metaspace       used 60466K, committed 61760K, reserved 1114112K
  class space    used 7445K, committed 8000K, reserved 1048576K
}
Event: 6.016 GC heap after
{Heap after GC invocations=49 (full 3):
 PSYoungGen      total 16384K, used 736K [0x00000000eab00000, 0x00000000ebd80000, 0x0000000100000000)
  eden space 15360K, 0% used [0x00000000eab00000,0x00000000eab00000,0x00000000eba00000)
  from space 1024K, 71% used [0x00000000ebc80000,0x00000000ebd38010,0x00000000ebd80000)
  to   space 1024K, 0% used [0x00000000ebb80000,0x00000000ebb80000,0x00000000ebc80000)
 ParOldGen       total 68608K, used 40215K [0x00000000c0000000, 0x00000000c4300000, 0x00000000eab00000)
  object space 68608K, 58% used [0x00000000c0000000,0x00000000c2745f98,0x00000000c4300000)
 Metaspace       used 60466K, committed 61760K, reserved 1114112K
  class space    used 7445K, committed 8000K, reserved 1048576K
}
Event: 6.193 GC heap before
{Heap before GC invocations=50 (full 3):
 PSYoungGen      total 16384K, used 16096K [0x00000000eab00000, 0x00000000ebd80000, 0x0000000100000000)
  eden space 15360K, 100% used [0x00000000eab00000,0x00000000eba00000,0x00000000eba00000)
  from space 1024K, 71% used [0x00000000ebc80000,0x00000000ebd38010,0x00000000ebd80000)
  to   space 1024K, 0% used [0x00000000ebb80000,0x00000000ebb80000,0x00000000ebc80000)
 ParOldGen       total 68608K, used 40215K [0x00000000c0000000, 0x00000000c4300000, 0x00000000eab00000)
  object space 68608K, 58% used [0x00000000c0000000,0x00000000c2745f98,0x00000000c4300000)
 Metaspace       used 61812K, committed 63168K, reserved 1114112K
  class space    used 7640K, committed 8192K, reserved 1048576K
}
Event: 6.195 GC heap after
{Heap after GC invocations=50 (full 3):
 PSYoungGen      total 15872K, used 512K [0x00000000eab00000, 0x00000000ebd00000, 0x0000000100000000)
  eden space 15360K, 0% used [0x00000000eab00000,0x00000000eab00000,0x00000000eba00000)
  from space 512K, 100% used [0x00000000ebb80000,0x00000000ebc00000,0x00000000ebc00000)
  to   space 1024K, 0% used [0x00000000ebc00000,0x00000000ebc00000,0x00000000ebd00000)
 ParOldGen       total 68608K, used 41597K [0x00000000c0000000, 0x00000000c4300000, 0x00000000eab00000)
  object space 68608K, 60% used [0x00000000c0000000,0x00000000c289f4c8,0x00000000c4300000)
 Metaspace       used 61812K, committed 63168K, reserved 1114112K
  class space    used 7640K, committed 8192K, reserved 1048576K
}

