# JRE version: OpenJDK Runtime Environment Temurin-21.0.7+6 (21.0.7+6) (build 21.0.7+6-LTS)
# Java VM: OpenJDK 64-Bit Server VM Temurin-21.0.7+6 (21.0.7+6-LTS, mixed mode, sharing, tiered, compressed oops, compressed class ptrs, parallel gc, windows-amd64)
GC Precious Log:
 CardTable entry size: 512
 CPUs: 16 total, 16 available
 Memory: 16096M
 Large Page Support: Disabled
 NUMA Support: Disabled
 Compressed Oops: Enabled (32-bit)
 Alignments: Space 512K, Generation 512K, Heap 2M
 Heap Min Capacity: 100M
 Heap Initial Capacity: 100M
 Heap Max Capacity: 1G
 Pre-touch: Disabled
 Parallel Workers: 13
Heap:
 PSYoungGen      total 15872K, used 8584K [0x00000000eab00000, 0x00000000ebd00000, 0x0000000100000000)
  eden space 14848K, 53% used [0x00000000eab00000,0x00000000eb2d21b0,0x00000000eb980000)
  from space 1024K, 56% used [0x00000000ebb80000,0x00000000ebc10000,0x00000000ebc80000)
  to   space 512K, 0% used [0x00000000ebc80000,0x00000000ebc80000,0x00000000ebd00000)
 ParOldGen       total 68608K, used 42856K [0x00000000c0000000, 0x00000000c4300000, 0x00000000eab00000)
  object space 68608K, 62% used [0x00000000c0000000,0x00000000c29da200,0x00000000c4300000)
 Metaspace       used 62352K, committed 63680K, reserved 1114112K
  class space    used 7716K, committed 8320K, reserved 1048576K
GC Heap History (20 events):
Event: 8.382 GC heap before
{Heap before GC invocations=41 (full 3):
 PSYoungGen      total 15872K, used 15870K [0x00000000eab00000, 0x00000000ebf00000, 0x0000000100000000)
  eden space 14848K, 100% used [0x00000000eab00000,0x00000000eb980000,0x00000000eb980000)
  from space 1024K, 99% used [0x00000000ebd00000,0x00000000ebdff958,0x00000000ebe00000)
  to   space 1024K, 0% used [0x00000000ebe00000,0x00000000ebe00000,0x00000000ebf00000)
 ParOldGen       total 68608K, used 39147K [0x00000000c0000000, 0x00000000c4300000, 0x00000000eab00000)
  object space 68608K, 57% used [0x00000000c0000000,0x00000000c263ade0,0x00000000c4300000)
 Metaspace       used 58786K, committed 60032K, reserved 1114112K
  class space    used 7198K, committed 7744K, reserved 1048576K
}
Event: 8.383 GC heap after
{Heap after GC invocations=41 (full 3):
 PSYoungGen      total 15872K, used 922K [0x00000000eab00000, 0x00000000ebf00000, 0x0000000100000000)
  eden space 14848K, 0% used [0x00000000eab00000,0x00000000eab00000,0x00000000eb980000)
  from space 1024K, 90% used [0x00000000ebe00000,0x00000000ebee68d8,0x00000000ebf00000)
  to   space 1024K, 0% used [0x00000000ebd00000,0x00000000ebd00000,0x00000000ebe00000)
 ParOldGen       total 68608K, used 39227K [0x00000000c0000000, 0x00000000c4300000, 0x00000000eab00000)
  object space 68608K, 57% used [0x00000000c0000000,0x00000000c264ede0,0x00000000c4300000)
 Metaspace       used 58786K, committed 60032K, reserved 1114112K
  class space    used 7198K, committed 7744K, reserved 1048576K
}
Event: 8.438 GC heap before
{Heap before GC invocations=42 (full 3):
 PSYoungGen      total 15872K, used 15770K [0x00000000eab00000, 0x00000000ebf00000, 0x0000000100000000)
  eden space 14848K, 100% used [0x00000000eab00000,0x00000000eb980000,0x00000000eb980000)
  from space 1024K, 90% used [0x00000000ebe00000,0x00000000ebee68d8,0x00000000ebf00000)
  to   space 1024K, 0% used [0x00000000ebd00000,0x00000000ebd00000,0x00000000ebe00000)
 ParOldGen       total 68608K, used 39227K [0x00000000c0000000, 0x00000000c4300000, 0x00000000eab00000)
  object space 68608K, 57% used [0x00000000c0000000,0x00000000c264ede0,0x00000000c4300000)
 Metaspace       used 58786K, committed 60032K, reserved 1114112K
  class space    used 7198K, committed 7744K, reserved 1048576K
}
Event: 8.439 GC heap after
{Heap after GC invocations=42 (full 3):
 PSYoungGen      total 15360K, used 352K [0x00000000eab00000, 0x00000000ebe80000, 0x0000000100000000)
  eden space 14848K, 0% used [0x00000000eab00000,0x00000000eab00000,0x00000000eb980000)
  from space 512K, 68% used [0x00000000ebd00000,0x00000000ebd58000,0x00000000ebd80000)
  to   space 1024K, 0% used [0x00000000ebd80000,0x00000000ebd80000,0x00000000ebe80000)
 ParOldGen       total 68608K, used 39307K [0x00000000c0000000, 0x00000000c4300000, 0x00000000eab00000)
  object space 68608K, 57% used [0x00000000c0000000,0x00000000c2662df0,0x00000000c4300000)
 Metaspace       used 58786K, committed 60032K, reserved 1114112K
  class space    used 7198K, committed 7744K, reserved 1048576K
}
Event: 8.492 GC heap before
{Heap before GC invocations=43 (full 3):
 PSYoungGen      total 15360K, used 15200K [0x00000000eab00000, 0x00000000ebe80000, 0x0000000100000000)
  eden space 14848K, 100% used [0x00000000eab00000,0x00000000eb980000,0x00000000eb980000)
  from space 512K, 68% used [0x00000000ebd00000,0x00000000ebd58000,0x00000000ebd80000)
  to   space 1024K, 0% used [0x00000000ebd80000,0x00000000ebd80000,0x00000000ebe80000)
 ParOldGen       total 68608K, used 39307K [0x00000000c0000000, 0x00000000c4300000, 0x00000000eab00000)
  object space 68608K, 57% used [0x00000000c0000000,0x00000000c2662df0,0x00000000c4300000)
 Metaspace       used 58786K, committed 60032K, reserved 1114112K
  class space    used 7198K, committed 7744K, reserved 1048576K
}
Event: 8.493 GC heap after
{Heap after GC invocations=43 (full 3):
 PSYoungGen      total 15872K, used 1021K [0x00000000eab00000, 0x00000000ebe80000, 0x0000000100000000)
  eden space 14848K, 0% used [0x00000000eab00000,0x00000000eab00000,0x00000000eb980000)
  from space 1024K, 99% used [0x00000000ebd80000,0x00000000ebe7f7b0,0x00000000ebe80000)
  to   space 1536K, 0% used [0x00000000ebb80000,0x00000000ebb80000,0x00000000ebd00000)
 ParOldGen       total 68608K, used 39543K [0x00000000c0000000, 0x00000000c4300000, 0x00000000eab00000)
  object space 68608K, 57% used [0x00000000c0000000,0x00000000c269dd60,0x00000000c4300000)
 Metaspace       used 58786K, committed 60032K, reserved 1114112K
  class space    used 7198K, committed 7744K, reserved 1048576K
}
Event: 8.556 GC heap before
{Heap before GC invocations=44 (full 3):
 PSYoungGen      total 15872K, used 15869K [0x00000000eab00000, 0x00000000ebe80000, 0x0000000100000000)
  eden space 14848K, 100% used [0x00000000eab00000,0x00000000eb980000,0x00000000eb980000)
  from space 1024K, 99% used [0x00000000ebd80000,0x00000000ebe7f7b0,0x00000000ebe80000)
  to   space 1536K, 0% used [0x00000000ebb80000,0x00000000ebb80000,0x00000000ebd00000)
 ParOldGen       total 68608K, used 39543K [0x00000000c0000000, 0x00000000c4300000, 0x00000000eab00000)
  object space 68608K, 57% used [0x00000000c0000000,0x00000000c269dd60,0x00000000c4300000)
 Metaspace       used 58786K, committed 60032K, reserved 1114112K
  class space    used 7198K, committed 7744K, reserved 1048576K
}
Event: 8.556 GC heap after
{Heap after GC invocations=44 (full 3):
 PSYoungGen      total 16384K, used 705K [0x00000000eab00000, 0x00000000ebe00000, 0x0000000100000000)
  eden space 14848K, 0% used [0x00000000eab00000,0x00000000eab00000,0x00000000eb980000)
  from space 1536K, 45% used [0x00000000ebb80000,0x00000000ebc30698,0x00000000ebd00000)
  to   space 1024K, 0% used [0x00000000ebd00000,0x00000000ebd00000,0x00000000ebe00000)
 ParOldGen       total 68608K, used 39615K [0x00000000c0000000, 0x00000000c4300000, 0x00000000eab00000)
  object space 68608K, 57% used [0x00000000c0000000,0x00000000c26afd60,0x00000000c4300000)
 Metaspace       used 58786K, committed 60032K, reserved 1114112K
  class space    used 7198K, committed 7744K, reserved 1048576K
}
Event: 8.613 GC heap before
{Heap before GC invocations=45 (full 3):
 PSYoungGen      total 16384K, used 15553K [0x00000000eab00000, 0x00000000ebe00000, 0x0000000100000000)
  eden space 14848K, 100% used [0x00000000eab00000,0x00000000eb980000,0x00000000eb980000)
  from space 1536K, 45% used [0x00000000ebb80000,0x00000000ebc30698,0x00000000ebd00000)
  to   space 1024K, 0% used [0x00000000ebd00000,0x00000000ebd00000,0x00000000ebe00000)
 ParOldGen       total 68608K, used 39615K [0x00000000c0000000, 0x00000000c4300000, 0x00000000eab00000)
  object space 68608K, 57% used [0x00000000c0000000,0x00000000c26afd60,0x00000000c4300000)
 Metaspace       used 58786K, committed 60032K, reserved 1114112K
  class space    used 7198K, committed 7744K, reserved 1048576K
}
Event: 8.614 GC heap after
{Heap after GC invocations=45 (full 3):
 PSYoungGen      total 15360K, used 320K [0x00000000eab00000, 0x00000000ebd80000, 0x0000000100000000)
  eden space 14848K, 0% used [0x00000000eab00000,0x00000000eab00000,0x00000000eb980000)
  from space 512K, 62% used [0x00000000ebd00000,0x00000000ebd50000,0x00000000ebd80000)
  to   space 512K, 0% used [0x00000000ebc80000,0x00000000ebc80000,0x00000000ebd00000)
 ParOldGen       total 68608K, used 40240K [0x00000000c0000000, 0x00000000c4300000, 0x00000000eab00000)
  object space 68608K, 58% used [0x00000000c0000000,0x00000000c274c168,0x00000000c4300000)
 Metaspace       used 58786K, committed 60032K, reserved 1114112K
  class space    used 7198K, committed 7744K, reserved 1048576K
}
Event: 8.676 GC heap before
{Heap before GC invocations=46 (full 3):
 PSYoungGen      total 15360K, used 15168K [0x00000000eab00000, 0x00000000ebd80000, 0x0000000100000000)
  eden space 14848K, 100% used [0x00000000eab00000,0x00000000eb980000,0x00000000eb980000)
  from space 512K, 62% used [0x00000000ebd00000,0x00000000ebd50000,0x00000000ebd80000)
  to   space 512K, 0% used [0x00000000ebc80000,0x00000000ebc80000,0x00000000ebd00000)
 ParOldGen       total 68608K, used 40240K [0x00000000c0000000, 0x00000000c4300000, 0x00000000eab00000)
  object space 68608K, 58% used [0x00000000c0000000,0x00000000c274c168,0x00000000c4300000)
 Metaspace       used 58786K, committed 60032K, reserved 1114112K
  class space    used 7198K, committed 7744K, reserved 1048576K
}
Event: 8.676 GC heap after
{Heap after GC invocations=46 (full 3):
 PSYoungGen      total 15360K, used 503K [0x00000000eab00000, 0x00000000ebd80000, 0x0000000100000000)
  eden space 14848K, 0% used [0x00000000eab00000,0x00000000eab00000,0x00000000eb980000)
  from space 512K, 98% used [0x00000000ebc80000,0x00000000ebcfdc80,0x00000000ebd00000)
  to   space 512K, 0% used [0x00000000ebd00000,0x00000000ebd00000,0x00000000ebd80000)
 ParOldGen       total 68608K, used 41154K [0x00000000c0000000, 0x00000000c4300000, 0x00000000eab00000)
  object space 68608K, 59% used [0x00000000c0000000,0x00000000c2830b10,0x00000000c4300000)
 Metaspace       used 58786K, committed 60032K, reserved 1114112K
  class space    used 7198K, committed 7744K, reserved 1048576K
}
Event: 8.753 GC heap before
{Heap before GC invocations=47 (full 3):
 PSYoungGen      total 15360K, used 15351K [0x00000000eab00000, 0x00000000ebd80000, 0x0000000100000000)
  eden space 14848K, 100% used [0x00000000eab00000,0x00000000eb980000,0x00000000eb980000)
  from space 512K, 98% used [0x00000000ebc80000,0x00000000ebcfdc80,0x00000000ebd00000)
  to   space 512K, 0% used [0x00000000ebd00000,0x00000000ebd00000,0x00000000ebd80000)
 ParOldGen       total 68608K, used 41154K [0x00000000c0000000, 0x00000000c4300000, 0x00000000eab00000)
  object space 68608K, 59% used [0x00000000c0000000,0x00000000c2830b10,0x00000000c4300000)
 Metaspace       used 58786K, committed 60032K, reserved 1114112K
  class space    used 7198K, committed 7744K, reserved 1048576K
}
Event: 8.754 GC heap after
{Heap after GC invocations=47 (full 3):
 PSYoungGen      total 15360K, used 416K [0x00000000eab00000, 0x00000000ebd80000, 0x0000000100000000)
  eden space 14848K, 0% used [0x00000000eab00000,0x00000000eab00000,0x00000000eb980000)
  from space 512K, 81% used [0x00000000ebd00000,0x00000000ebd68000,0x00000000ebd80000)
  to   space 1024K, 0% used [0x00000000ebb80000,0x00000000ebb80000,0x00000000ebc80000)
 ParOldGen       total 68608K, used 41242K [0x00000000c0000000, 0x00000000c4300000, 0x00000000eab00000)
  object space 68608K, 60% used [0x00000000c0000000,0x00000000c2846b10,0x00000000c4300000)
 Metaspace       used 58786K, committed 60032K, reserved 1114112K
  class space    used 7198K, committed 7744K, reserved 1048576K
}
Event: 8.830 GC heap before
{Heap before GC invocations=48 (full 3):
 PSYoungGen      total 15360K, used 15264K [0x00000000eab00000, 0x00000000ebd80000, 0x0000000100000000)
  eden space 14848K, 100% used [0x00000000eab00000,0x00000000eb980000,0x00000000eb980000)
  from space 512K, 81% used [0x00000000ebd00000,0x00000000ebd68000,0x00000000ebd80000)
  to   space 1024K, 0% used [0x00000000ebb80000,0x00000000ebb80000,0x00000000ebc80000)
 ParOldGen       total 68608K, used 41242K [0x00000000c0000000, 0x00000000c4300000, 0x00000000eab00000)
  object space 68608K, 60% used [0x00000000c0000000,0x00000000c2846b10,0x00000000c4300000)
 Metaspace       used 58786K, committed 60032K, reserved 1114112K
  class space    used 7198K, committed 7744K, reserved 1048576K
}
Event: 8.831 GC heap after
{Heap after GC invocations=48 (full 3):
 PSYoungGen      total 15872K, used 1019K [0x00000000eab00000, 0x00000000ebd80000, 0x0000000100000000)
  eden space 14848K, 0% used [0x00000000eab00000,0x00000000eab00000,0x00000000eb980000)
  from space 1024K, 99% used [0x00000000ebb80000,0x00000000ebc7ecb8,0x00000000ebc80000)
  to   space 1024K, 0% used [0x00000000ebc80000,0x00000000ebc80000,0x00000000ebd80000)
 ParOldGen       total 68608K, used 41499K [0x00000000c0000000, 0x00000000c4300000, 0x00000000eab00000)
  object space 68608K, 60% used [0x00000000c0000000,0x00000000c2886fc0,0x00000000c4300000)
 Metaspace       used 58786K, committed 60032K, reserved 1114112K
  class space    used 7198K, committed 7744K, reserved 1048576K
}
Event: 9.029 GC heap before
{Heap before GC invocations=49 (full 3):
 PSYoungGen      total 15872K, used 15867K [0x00000000eab00000, 0x00000000ebd80000, 0x0000000100000000)
  eden space 14848K, 100% used [0x00000000eab00000,0x00000000eb980000,0x00000000eb980000)
  from space 1024K, 99% used [0x00000000ebb80000,0x00000000ebc7ecb8,0x00000000ebc80000)
  to   space 1024K, 0% used [0x00000000ebc80000,0x00000000ebc80000,0x00000000ebd80000)
 ParOldGen       total 68608K, used 41499K [0x00000000c0000000, 0x00000000c4300000, 0x00000000eab00000)
  object space 68608K, 60% used [0x00000000c0000000,0x00000000c2886fc0,0x00000000c4300000)
 Metaspace       used 60076K, committed 61376K, reserved 1114112K
  class space    used 7387K, committed 7936K, reserved 1048576K
}
Event: 9.031 GC heap after
{Heap after GC invocations=49 (full 3):
 PSYoungGen      total 15872K, used 672K [0x00000000eab00000, 0x00000000ebd80000, 0x0000000100000000)
  eden space 14848K, 0% used [0x00000000eab00000,0x00000000eab00000,0x00000000eb980000)
  from space 1024K, 65% used [0x00000000ebc80000,0x00000000ebd28010,0x00000000ebd80000)
  to   space 1024K, 0% used [0x00000000ebb80000,0x00000000ebb80000,0x00000000ebc80000)
 ParOldGen       total 68608K, used 41587K [0x00000000c0000000, 0x00000000c4300000, 0x00000000eab00000)
  object space 68608K, 60% used [0x00000000c0000000,0x00000000c289cfd0,0x00000000c4300000)
 Metaspace       used 60076K, committed 61376K, reserved 1114112K
  class space    used 7387K, committed 7936K, reserved 1048576K
}
Event: 9.413 GC heap before
{Heap before GC invocations=50 (full 3):
 PSYoungGen      total 15872K, used 15520K [0x00000000eab00000, 0x00000000ebd80000, 0x0000000100000000)
  eden space 14848K, 100% used [0x00000000eab00000,0x00000000eb980000,0x00000000eb980000)
  from space 1024K, 65% used [0x00000000ebc80000,0x00000000ebd28010,0x00000000ebd80000)
  to   space 1024K, 0% used [0x00000000ebb80000,0x00000000ebb80000,0x00000000ebc80000)
 ParOldGen       total 68608K, used 41587K [0x00000000c0000000, 0x00000000c4300000, 0x00000000eab00000)
  object space 68608K, 60% used [0x00000000c0000000,0x00000000c289cfd0,0x00000000c4300000)
 Metaspace       used 61695K, committed 63040K, reserved 1114112K
  class space    used 7633K, committed 8256K, reserved 1048576K
}
Event: 9.415 GC heap after
{Heap after GC invocations=50 (full 3):
 PSYoungGen      total 15872K, used 576K [0x00000000eab00000, 0x00000000ebd00000, 0x0000000100000000)
  eden space 14848K, 0% used [0x00000000eab00000,0x00000000eab00000,0x00000000eb980000)
  from space 1024K, 56% used [0x00000000ebb80000,0x00000000ebc10000,0x00000000ebc80000)
  to   space 512K, 0% used [0x00000000ebc80000,0x00000000ebc80000,0x00000000ebd00000)
 ParOldGen       total 68608K, used 42856K [0x00000000c0000000, 0x00000000c4300000, 0x00000000eab00000)
  object space 68608K, 62% used [0x00000000c0000000,0x00000000c29da200,0x00000000c4300000)
 Metaspace       used 61695K, committed 63040K, reserved 1114112K
  class space    used 7633K, committed 8256K, reserved 1048576K
}

