# JRE version: OpenJDK Runtime Environment Temurin-21.0.7+6 (21.0.7+6) (build 21.0.7+6-LTS)
# Java VM: OpenJDK 64-Bit Server VM Temurin-21.0.7+6 (21.0.7+6-LTS, mixed mode, sharing, tiered, compressed oops, compressed class ptrs, parallel gc, windows-amd64)
GC Precious Log:
 CardTable entry size: 512
 CPUs: 16 total, 16 available
 Memory: 16096M
 Large Page Support: Disabled
 NUMA Support: Disabled
 Compressed Oops: Enabled (32-bit)
 Alignments: Space 512K, Generation 512K, Heap 2M
 Heap Min Capacity: 100M
 Heap Initial Capacity: 100M
 Heap Max Capacity: 1G
 Pre-touch: Disabled
 Parallel Workers: 13
Heap:
 PSYoungGen      total 16896K, used 2240K [0x00000000eab00000, 0x00000000ebd00000, 0x0000000100000000)
  eden space 15872K, 10% used [0x00000000eab00000,0x00000000eac901f0,0x00000000eba80000)
  from space 1024K, 62% used [0x00000000ebc00000,0x00000000ebca0000,0x00000000ebd00000)
  to   space 1024K, 0% used [0x00000000ebb00000,0x00000000ebb00000,0x00000000ebc00000)
 ParOldGen       total 68608K, used 41483K [0x00000000c0000000, 0x00000000c4300000, 0x00000000eab00000)
  object space 68608K, 60% used [0x00000000c0000000,0x00000000c2882c98,0x00000000c4300000)
 Metaspace       used 62556K, committed 63936K, reserved 1114112K
  class space    used 7723K, committed 8320K, reserved 1048576K
GC Heap History (20 events):
Event: 76.253 GC heap before
{Heap before GC invocations=40 (full 3):
 PSYoungGen      total 16896K, used 16891K [0x00000000eab00000, 0x00000000ec000000, 0x0000000100000000)
  eden space 15872K, 100% used [0x00000000eab00000,0x00000000eba80000,0x00000000eba80000)
  from space 1024K, 99% used [0x00000000ebf00000,0x00000000ebffeef0,0x00000000ec000000)
  to   space 1536K, 0% used [0x00000000ebd00000,0x00000000ebd00000,0x00000000ebe80000)
 ParOldGen       total 68608K, used 38574K [0x00000000c0000000, 0x00000000c4300000, 0x00000000eab00000)
  object space 68608K, 56% used [0x00000000c0000000,0x00000000c25ab990,0x00000000c4300000)
 Metaspace       used 59016K, committed 60224K, reserved 1114112K
  class space    used 7210K, committed 7744K, reserved 1048576K
}
Event: 76.253 GC heap after
{Heap after GC invocations=40 (full 3):
 PSYoungGen      total 16896K, used 886K [0x00000000eab00000, 0x00000000ebf80000, 0x0000000100000000)
  eden space 15872K, 0% used [0x00000000eab00000,0x00000000eab00000,0x00000000eba80000)
  from space 1024K, 86% used [0x00000000ebd00000,0x00000000ebddd848,0x00000000ebe00000)
  to   space 1536K, 0% used [0x00000000ebe00000,0x00000000ebe00000,0x00000000ebf80000)
 ParOldGen       total 68608K, used 38646K [0x00000000c0000000, 0x00000000c4300000, 0x00000000eab00000)
  object space 68608K, 56% used [0x00000000c0000000,0x00000000c25bd990,0x00000000c4300000)
 Metaspace       used 59016K, committed 60224K, reserved 1114112K
  class space    used 7210K, committed 7744K, reserved 1048576K
}
Event: 76.301 GC heap before
{Heap before GC invocations=41 (full 3):
 PSYoungGen      total 16896K, used 16758K [0x00000000eab00000, 0x00000000ebf80000, 0x0000000100000000)
  eden space 15872K, 100% used [0x00000000eab00000,0x00000000eba80000,0x00000000eba80000)
  from space 1024K, 86% used [0x00000000ebd00000,0x00000000ebddd848,0x00000000ebe00000)
  to   space 1536K, 0% used [0x00000000ebe00000,0x00000000ebe00000,0x00000000ebf80000)
 ParOldGen       total 68608K, used 38646K [0x00000000c0000000, 0x00000000c4300000, 0x00000000eab00000)
  object space 68608K, 56% used [0x00000000c0000000,0x00000000c25bd990,0x00000000c4300000)
 Metaspace       used 59016K, committed 60224K, reserved 1114112K
  class space    used 7210K, committed 7744K, reserved 1048576K
}
Event: 76.301 GC heap after
{Heap after GC invocations=41 (full 3):
 PSYoungGen      total 16384K, used 209K [0x00000000eab00000, 0x00000000ebe80000, 0x0000000100000000)
  eden space 15872K, 0% used [0x00000000eab00000,0x00000000eab00000,0x00000000eba80000)
  from space 512K, 40% used [0x00000000ebe00000,0x00000000ebe34640,0x00000000ebe80000)
  to   space 512K, 0% used [0x00000000ebd80000,0x00000000ebd80000,0x00000000ebe00000)
 ParOldGen       total 68608K, used 38811K [0x00000000c0000000, 0x00000000c4300000, 0x00000000eab00000)
  object space 68608K, 56% used [0x00000000c0000000,0x00000000c25e6f08,0x00000000c4300000)
 Metaspace       used 59016K, committed 60224K, reserved 1114112K
  class space    used 7210K, committed 7744K, reserved 1048576K
}
Event: 76.354 GC heap before
{Heap before GC invocations=42 (full 3):
 PSYoungGen      total 16384K, used 16081K [0x00000000eab00000, 0x00000000ebe80000, 0x0000000100000000)
  eden space 15872K, 100% used [0x00000000eab00000,0x00000000eba80000,0x00000000eba80000)
  from space 512K, 40% used [0x00000000ebe00000,0x00000000ebe34640,0x00000000ebe80000)
  to   space 512K, 0% used [0x00000000ebd80000,0x00000000ebd80000,0x00000000ebe00000)
 ParOldGen       total 68608K, used 38811K [0x00000000c0000000, 0x00000000c4300000, 0x00000000eab00000)
  object space 68608K, 56% used [0x00000000c0000000,0x00000000c25e6f08,0x00000000c4300000)
 Metaspace       used 59016K, committed 60224K, reserved 1114112K
  class space    used 7210K, committed 7744K, reserved 1048576K
}
Event: 76.355 GC heap after
{Heap after GC invocations=42 (full 3):
 PSYoungGen      total 16384K, used 505K [0x00000000eab00000, 0x00000000ebe80000, 0x0000000100000000)
  eden space 15872K, 0% used [0x00000000eab00000,0x00000000eab00000,0x00000000eba80000)
  from space 512K, 98% used [0x00000000ebd80000,0x00000000ebdfe450,0x00000000ebe00000)
  to   space 512K, 0% used [0x00000000ebe00000,0x00000000ebe00000,0x00000000ebe80000)
 ParOldGen       total 68608K, used 39759K [0x00000000c0000000, 0x00000000c4300000, 0x00000000eab00000)
  object space 68608K, 57% used [0x00000000c0000000,0x00000000c26d3fa8,0x00000000c4300000)
 Metaspace       used 59016K, committed 60224K, reserved 1114112K
  class space    used 7210K, committed 7744K, reserved 1048576K
}
Event: 76.415 GC heap before
{Heap before GC invocations=43 (full 3):
 PSYoungGen      total 16384K, used 16377K [0x00000000eab00000, 0x00000000ebe80000, 0x0000000100000000)
  eden space 15872K, 100% used [0x00000000eab00000,0x00000000eba80000,0x00000000eba80000)
  from space 512K, 98% used [0x00000000ebd80000,0x00000000ebdfe450,0x00000000ebe00000)
  to   space 512K, 0% used [0x00000000ebe00000,0x00000000ebe00000,0x00000000ebe80000)
 ParOldGen       total 68608K, used 39759K [0x00000000c0000000, 0x00000000c4300000, 0x00000000eab00000)
  object space 68608K, 57% used [0x00000000c0000000,0x00000000c26d3fa8,0x00000000c4300000)
 Metaspace       used 59016K, committed 60224K, reserved 1114112K
  class space    used 7210K, committed 7744K, reserved 1048576K
}
Event: 76.416 GC heap after
{Heap after GC invocations=43 (full 3):
 PSYoungGen      total 16384K, used 493K [0x00000000eab00000, 0x00000000ebe80000, 0x0000000100000000)
  eden space 15872K, 0% used [0x00000000eab00000,0x00000000eab00000,0x00000000eba80000)
  from space 512K, 96% used [0x00000000ebe00000,0x00000000ebe7b480,0x00000000ebe80000)
  to   space 1536K, 0% used [0x00000000ebb80000,0x00000000ebb80000,0x00000000ebd00000)
 ParOldGen       total 68608K, used 40173K [0x00000000c0000000, 0x00000000c4300000, 0x00000000eab00000)
  object space 68608K, 58% used [0x00000000c0000000,0x00000000c273b6d8,0x00000000c4300000)
 Metaspace       used 59016K, committed 60224K, reserved 1114112K
  class space    used 7210K, committed 7744K, reserved 1048576K
}
Event: 76.470 GC heap before
{Heap before GC invocations=44 (full 3):
 PSYoungGen      total 16384K, used 16365K [0x00000000eab00000, 0x00000000ebe80000, 0x0000000100000000)
  eden space 15872K, 100% used [0x00000000eab00000,0x00000000eba80000,0x00000000eba80000)
  from space 512K, 96% used [0x00000000ebe00000,0x00000000ebe7b480,0x00000000ebe80000)
  to   space 1536K, 0% used [0x00000000ebb80000,0x00000000ebb80000,0x00000000ebd00000)
 ParOldGen       total 68608K, used 40173K [0x00000000c0000000, 0x00000000c4300000, 0x00000000eab00000)
  object space 68608K, 58% used [0x00000000c0000000,0x00000000c273b6d8,0x00000000c4300000)
 Metaspace       used 59016K, committed 60224K, reserved 1114112K
  class space    used 7210K, committed 7744K, reserved 1048576K
}
Event: 76.471 GC heap after
{Heap after GC invocations=44 (full 3):
 PSYoungGen      total 17408K, used 352K [0x00000000eab00000, 0x00000000ebe80000, 0x0000000100000000)
  eden space 15872K, 0% used [0x00000000eab00000,0x00000000eab00000,0x00000000eba80000)
  from space 1536K, 22% used [0x00000000ebb80000,0x00000000ebbd8000,0x00000000ebd00000)
  to   space 1024K, 0% used [0x00000000ebd80000,0x00000000ebd80000,0x00000000ebe80000)
 ParOldGen       total 68608K, used 40304K [0x00000000c0000000, 0x00000000c4300000, 0x00000000eab00000)
  object space 68608K, 58% used [0x00000000c0000000,0x00000000c275c0c8,0x00000000c4300000)
 Metaspace       used 59016K, committed 60224K, reserved 1114112K
  class space    used 7210K, committed 7744K, reserved 1048576K
}
Event: 76.530 GC heap before
{Heap before GC invocations=45 (full 3):
 PSYoungGen      total 17408K, used 16224K [0x00000000eab00000, 0x00000000ebe80000, 0x0000000100000000)
  eden space 15872K, 100% used [0x00000000eab00000,0x00000000eba80000,0x00000000eba80000)
  from space 1536K, 22% used [0x00000000ebb80000,0x00000000ebbd8000,0x00000000ebd00000)
  to   space 1024K, 0% used [0x00000000ebd80000,0x00000000ebd80000,0x00000000ebe80000)
 ParOldGen       total 68608K, used 40304K [0x00000000c0000000, 0x00000000c4300000, 0x00000000eab00000)
  object space 68608K, 58% used [0x00000000c0000000,0x00000000c275c0c8,0x00000000c4300000)
 Metaspace       used 59016K, committed 60224K, reserved 1114112K
  class space    used 7210K, committed 7744K, reserved 1048576K
}
Event: 76.531 GC heap after
{Heap after GC invocations=45 (full 3):
 PSYoungGen      total 16896K, used 1021K [0x00000000eab00000, 0x00000000ebe80000, 0x0000000100000000)
  eden space 15872K, 0% used [0x00000000eab00000,0x00000000eab00000,0x00000000eba80000)
  from space 1024K, 99% used [0x00000000ebd80000,0x00000000ebe7f600,0x00000000ebe80000)
  to   space 1536K, 0% used [0x00000000ebb80000,0x00000000ebb80000,0x00000000ebd00000)
 ParOldGen       total 68608K, used 40635K [0x00000000c0000000, 0x00000000c4300000, 0x00000000eab00000)
  object space 68608K, 59% used [0x00000000c0000000,0x00000000c27aef68,0x00000000c4300000)
 Metaspace       used 59016K, committed 60224K, reserved 1114112K
  class space    used 7210K, committed 7744K, reserved 1048576K
}
Event: 76.591 GC heap before
{Heap before GC invocations=46 (full 3):
 PSYoungGen      total 16896K, used 16893K [0x00000000eab00000, 0x00000000ebe80000, 0x0000000100000000)
  eden space 15872K, 100% used [0x00000000eab00000,0x00000000eba80000,0x00000000eba80000)
  from space 1024K, 99% used [0x00000000ebd80000,0x00000000ebe7f600,0x00000000ebe80000)
  to   space 1536K, 0% used [0x00000000ebb80000,0x00000000ebb80000,0x00000000ebd00000)
 ParOldGen       total 68608K, used 40635K [0x00000000c0000000, 0x00000000c4300000, 0x00000000eab00000)
  object space 68608K, 59% used [0x00000000c0000000,0x00000000c27aef68,0x00000000c4300000)
 Metaspace       used 59016K, committed 60224K, reserved 1114112K
  class space    used 7210K, committed 7744K, reserved 1048576K
}
Event: 76.592 GC heap after
{Heap after GC invocations=46 (full 3):
 PSYoungGen      total 16896K, used 939K [0x00000000eab00000, 0x00000000ebe00000, 0x0000000100000000)
  eden space 15872K, 0% used [0x00000000eab00000,0x00000000eab00000,0x00000000eba80000)
  from space 1024K, 91% used [0x00000000ebb80000,0x00000000ebc6ae40,0x00000000ebc80000)
  to   space 1536K, 0% used [0x00000000ebc80000,0x00000000ebc80000,0x00000000ebe00000)
 ParOldGen       total 68608K, used 40699K [0x00000000c0000000, 0x00000000c4300000, 0x00000000eab00000)
  object space 68608K, 59% used [0x00000000c0000000,0x00000000c27bef68,0x00000000c4300000)
 Metaspace       used 59016K, committed 60224K, reserved 1114112K
  class space    used 7210K, committed 7744K, reserved 1048576K
}
Event: 76.656 GC heap before
{Heap before GC invocations=47 (full 3):
 PSYoungGen      total 16896K, used 16811K [0x00000000eab00000, 0x00000000ebe00000, 0x0000000100000000)
  eden space 15872K, 100% used [0x00000000eab00000,0x00000000eba80000,0x00000000eba80000)
  from space 1024K, 91% used [0x00000000ebb80000,0x00000000ebc6ae40,0x00000000ebc80000)
  to   space 1536K, 0% used [0x00000000ebc80000,0x00000000ebc80000,0x00000000ebe00000)
 ParOldGen       total 68608K, used 40699K [0x00000000c0000000, 0x00000000c4300000, 0x00000000eab00000)
  object space 68608K, 59% used [0x00000000c0000000,0x00000000c27bef68,0x00000000c4300000)
 Metaspace       used 59027K, committed 60224K, reserved 1114112K
  class space    used 7212K, committed 7744K, reserved 1048576K
}
Event: 76.657 GC heap after
{Heap after GC invocations=47 (full 3):
 PSYoungGen      total 16384K, used 352K [0x00000000eab00000, 0x00000000ebd00000, 0x0000000100000000)
  eden space 15872K, 0% used [0x00000000eab00000,0x00000000eab00000,0x00000000eba80000)
  from space 512K, 68% used [0x00000000ebc80000,0x00000000ebcd8000,0x00000000ebd00000)
  to   space 1024K, 0% used [0x00000000ebb00000,0x00000000ebb00000,0x00000000ebc00000)
 ParOldGen       total 68608K, used 40739K [0x00000000c0000000, 0x00000000c4300000, 0x00000000eab00000)
  object space 68608K, 59% used [0x00000000c0000000,0x00000000c27c8f68,0x00000000c4300000)
 Metaspace       used 59027K, committed 60224K, reserved 1114112K
  class space    used 7212K, committed 7744K, reserved 1048576K
}
Event: 77.345 GC heap before
{Heap before GC invocations=48 (full 3):
 PSYoungGen      total 16384K, used 16224K [0x00000000eab00000, 0x00000000ebd00000, 0x0000000100000000)
  eden space 15872K, 100% used [0x00000000eab00000,0x00000000eba80000,0x00000000eba80000)
  from space 512K, 68% used [0x00000000ebc80000,0x00000000ebcd8000,0x00000000ebd00000)
  to   space 1024K, 0% used [0x00000000ebb00000,0x00000000ebb00000,0x00000000ebc00000)
 ParOldGen       total 68608K, used 40739K [0x00000000c0000000, 0x00000000c4300000, 0x00000000eab00000)
  object space 68608K, 59% used [0x00000000c0000000,0x00000000c27c8f68,0x00000000c4300000)
 Metaspace       used 60799K, committed 62144K, reserved 1114112K
  class space    used 7490K, committed 8064K, reserved 1048576K
}
Event: 77.346 GC heap after
{Heap after GC invocations=48 (full 3):
 PSYoungGen      total 16896K, used 784K [0x00000000eab00000, 0x00000000ebd00000, 0x0000000100000000)
  eden space 15872K, 0% used [0x00000000eab00000,0x00000000eab00000,0x00000000eba80000)
  from space 1024K, 76% used [0x00000000ebb00000,0x00000000ebbc4020,0x00000000ebc00000)
  to   space 1024K, 0% used [0x00000000ebc00000,0x00000000ebc00000,0x00000000ebd00000)
 ParOldGen       total 68608K, used 40835K [0x00000000c0000000, 0x00000000c4300000, 0x00000000eab00000)
  object space 68608K, 59% used [0x00000000c0000000,0x00000000c27e0f68,0x00000000c4300000)
 Metaspace       used 60799K, committed 62144K, reserved 1114112K
  class space    used 7490K, committed 8064K, reserved 1048576K
}
Event: 88.333 GC heap before
{Heap before GC invocations=49 (full 3):
 PSYoungGen      total 16896K, used 16656K [0x00000000eab00000, 0x00000000ebd00000, 0x0000000100000000)
  eden space 15872K, 100% used [0x00000000eab00000,0x00000000eba80000,0x00000000eba80000)
  from space 1024K, 76% used [0x00000000ebb00000,0x00000000ebbc4020,0x00000000ebc00000)
  to   space 1024K, 0% used [0x00000000ebc00000,0x00000000ebc00000,0x00000000ebd00000)
 ParOldGen       total 68608K, used 40835K [0x00000000c0000000, 0x00000000c4300000, 0x00000000eab00000)
  object space 68608K, 59% used [0x00000000c0000000,0x00000000c27e0f68,0x00000000c4300000)
 Metaspace       used 62347K, committed 63680K, reserved 1114112K
  class space    used 7694K, committed 8320K, reserved 1048576K
}
Event: 88.336 GC heap after
{Heap after GC invocations=49 (full 3):
 PSYoungGen      total 16896K, used 640K [0x00000000eab00000, 0x00000000ebd00000, 0x0000000100000000)
  eden space 15872K, 0% used [0x00000000eab00000,0x00000000eab00000,0x00000000eba80000)
  from space 1024K, 62% used [0x00000000ebc00000,0x00000000ebca0000,0x00000000ebd00000)
  to   space 1024K, 0% used [0x00000000ebb00000,0x00000000ebb00000,0x00000000ebc00000)
 ParOldGen       total 68608K, used 41483K [0x00000000c0000000, 0x00000000c4300000, 0x00000000eab00000)
  object space 68608K, 60% used [0x00000000c0000000,0x00000000c2882c98,0x00000000c4300000)
 Metaspace       used 62347K, committed 63680K, reserved 1114112K
  class space    used 7694K, committed 8320K, reserved 1048576K
}

