# JRE version: OpenJDK Runtime Environment Temurin-21.0.7+6 (21.0.7+6) (build 21.0.7+6-LTS)
# Java VM: OpenJDK 64-Bit Server VM Temurin-21.0.7+6 (21.0.7+6-LTS, mixed mode, sharing, tiered, compressed oops, compressed class ptrs, parallel gc, windows-amd64)
GC Precious Log:
 CardTable entry size: 512
 CPUs: 16 total, 16 available
 Memory: 16096M
 Large Page Support: Disabled
 NUMA Support: Disabled
 Compressed Oops: Enabled (32-bit)
 Alignments: Space 512K, Generation 512K, Heap 2M
 Heap Min Capacity: 100M
 Heap Initial Capacity: 100M
 Heap Max Capacity: 1G
 Pre-touch: Disabled
 Parallel Workers: 13
Heap:
 PSYoungGen      total 16384K, used 1259K [0x00000000eab00000, 0x00000000ebc00000, 0x0000000100000000)
  eden space 15360K, 4% used [0x00000000eab00000,0x00000000eab9aea8,0x00000000eba00000)
  from space 1024K, 62% used [0x00000000eba80000,0x00000000ebb20000,0x00000000ebb80000)
  to   space 512K, 0% used [0x00000000ebb80000,0x00000000ebb80000,0x00000000ebc00000)
 ParOldGen       total 68608K, used 41560K [0x00000000c0000000, 0x00000000c4300000, 0x00000000eab00000)
  object space 68608K, 60% used [0x00000000c0000000,0x00000000c28963e0,0x00000000c4300000)
 Metaspace       used 62327K, committed 63744K, reserved 1114112K
  class space    used 7716K, committed 8320K, reserved 1048576K
GC Heap History (20 events):
Event: 5.188 GC heap before
{Heap before GC invocations=41 (full 3):
 PSYoungGen      total 16384K, used 16364K [0x00000000eab00000, 0x00000000ebe00000, 0x0000000100000000)
  eden space 15360K, 100% used [0x00000000eab00000,0x00000000eba00000,0x00000000eba00000)
  from space 1024K, 98% used [0x00000000ebc00000,0x00000000ebcfb240,0x00000000ebd00000)
  to   space 1024K, 0% used [0x00000000ebd00000,0x00000000ebd00000,0x00000000ebe00000)
 ParOldGen       total 68608K, used 39192K [0x00000000c0000000, 0x00000000c4300000, 0x00000000eab00000)
  object space 68608K, 57% used [0x00000000c0000000,0x00000000c26463f8,0x00000000c4300000)
 Metaspace       used 58732K, committed 60032K, reserved 1114112K
  class space    used 7199K, committed 7744K, reserved 1048576K
}
Event: 5.189 GC heap after
{Heap after GC invocations=41 (full 3):
 PSYoungGen      total 16384K, used 1021K [0x00000000eab00000, 0x00000000ebe00000, 0x0000000100000000)
  eden space 15360K, 0% used [0x00000000eab00000,0x00000000eab00000,0x00000000eba00000)
  from space 1024K, 99% used [0x00000000ebd00000,0x00000000ebdff6b8,0x00000000ebe00000)
  to   space 1536K, 0% used [0x00000000ebb00000,0x00000000ebb00000,0x00000000ebc80000)
 ParOldGen       total 68608K, used 39330K [0x00000000c0000000, 0x00000000c4300000, 0x00000000eab00000)
  object space 68608K, 57% used [0x00000000c0000000,0x00000000c26689d0,0x00000000c4300000)
 Metaspace       used 58732K, committed 60032K, reserved 1114112K
  class space    used 7199K, committed 7744K, reserved 1048576K
}
Event: 5.243 GC heap before
{Heap before GC invocations=42 (full 3):
 PSYoungGen      total 16384K, used 16381K [0x00000000eab00000, 0x00000000ebe00000, 0x0000000100000000)
  eden space 15360K, 100% used [0x00000000eab00000,0x00000000eba00000,0x00000000eba00000)
  from space 1024K, 99% used [0x00000000ebd00000,0x00000000ebdff6b8,0x00000000ebe00000)
  to   space 1536K, 0% used [0x00000000ebb00000,0x00000000ebb00000,0x00000000ebc80000)
 ParOldGen       total 68608K, used 39330K [0x00000000c0000000, 0x00000000c4300000, 0x00000000eab00000)
  object space 68608K, 57% used [0x00000000c0000000,0x00000000c26689d0,0x00000000c4300000)
 Metaspace       used 58732K, committed 60032K, reserved 1114112K
  class space    used 7199K, committed 7744K, reserved 1048576K
}
Event: 5.244 GC heap after
{Heap after GC invocations=42 (full 3):
 PSYoungGen      total 16896K, used 589K [0x00000000eab00000, 0x00000000ebd80000, 0x0000000100000000)
  eden space 15360K, 0% used [0x00000000eab00000,0x00000000eab00000,0x00000000eba00000)
  from space 1536K, 38% used [0x00000000ebb00000,0x00000000ebb93420,0x00000000ebc80000)
  to   space 1024K, 0% used [0x00000000ebc80000,0x00000000ebc80000,0x00000000ebd80000)
 ParOldGen       total 68608K, used 39394K [0x00000000c0000000, 0x00000000c4300000, 0x00000000eab00000)
  object space 68608K, 57% used [0x00000000c0000000,0x00000000c26789d0,0x00000000c4300000)
 Metaspace       used 58732K, committed 60032K, reserved 1114112K
  class space    used 7199K, committed 7744K, reserved 1048576K
}
Event: 5.293 GC heap before
{Heap before GC invocations=43 (full 3):
 PSYoungGen      total 16896K, used 15949K [0x00000000eab00000, 0x00000000ebd80000, 0x0000000100000000)
  eden space 15360K, 100% used [0x00000000eab00000,0x00000000eba00000,0x00000000eba00000)
  from space 1536K, 38% used [0x00000000ebb00000,0x00000000ebb93420,0x00000000ebc80000)
  to   space 1024K, 0% used [0x00000000ebc80000,0x00000000ebc80000,0x00000000ebd80000)
 ParOldGen       total 68608K, used 39394K [0x00000000c0000000, 0x00000000c4300000, 0x00000000eab00000)
  object space 68608K, 57% used [0x00000000c0000000,0x00000000c26789d0,0x00000000c4300000)
 Metaspace       used 58732K, committed 60032K, reserved 1114112K
  class space    used 7199K, committed 7744K, reserved 1048576K
}
Event: 5.294 GC heap after
{Heap after GC invocations=43 (full 3):
 PSYoungGen      total 16384K, used 998K [0x00000000eab00000, 0x00000000ebd80000, 0x0000000100000000)
  eden space 15360K, 0% used [0x00000000eab00000,0x00000000eab00000,0x00000000eba00000)
  from space 1024K, 97% used [0x00000000ebc80000,0x00000000ebd79a08,0x00000000ebd80000)
  to   space 1536K, 0% used [0x00000000eba80000,0x00000000eba80000,0x00000000ebc00000)
 ParOldGen       total 68608K, used 39537K [0x00000000c0000000, 0x00000000c4300000, 0x00000000eab00000)
  object space 68608K, 57% used [0x00000000c0000000,0x00000000c269c490,0x00000000c4300000)
 Metaspace       used 58732K, committed 60032K, reserved 1114112K
  class space    used 7199K, committed 7744K, reserved 1048576K
}
Event: 5.349 GC heap before
{Heap before GC invocations=44 (full 3):
 PSYoungGen      total 16384K, used 16358K [0x00000000eab00000, 0x00000000ebd80000, 0x0000000100000000)
  eden space 15360K, 100% used [0x00000000eab00000,0x00000000eba00000,0x00000000eba00000)
  from space 1024K, 97% used [0x00000000ebc80000,0x00000000ebd79a08,0x00000000ebd80000)
  to   space 1536K, 0% used [0x00000000eba80000,0x00000000eba80000,0x00000000ebc00000)
 ParOldGen       total 68608K, used 39537K [0x00000000c0000000, 0x00000000c4300000, 0x00000000eab00000)
  object space 68608K, 57% used [0x00000000c0000000,0x00000000c269c490,0x00000000c4300000)
 Metaspace       used 58742K, committed 60032K, reserved 1114112K
  class space    used 7199K, committed 7744K, reserved 1048576K
}
Event: 5.350 GC heap after
{Heap after GC invocations=44 (full 3):
 PSYoungGen      total 16896K, used 1058K [0x00000000eab00000, 0x00000000ebd00000, 0x0000000100000000)
  eden space 15360K, 0% used [0x00000000eab00000,0x00000000eab00000,0x00000000eba00000)
  from space 1536K, 68% used [0x00000000eba80000,0x00000000ebb889d8,0x00000000ebc00000)
  to   space 1024K, 0% used [0x00000000ebc00000,0x00000000ebc00000,0x00000000ebd00000)
 ParOldGen       total 68608K, used 39633K [0x00000000c0000000, 0x00000000c4300000, 0x00000000eab00000)
  object space 68608K, 57% used [0x00000000c0000000,0x00000000c26b44a0,0x00000000c4300000)
 Metaspace       used 58742K, committed 60032K, reserved 1114112K
  class space    used 7199K, committed 7744K, reserved 1048576K
}
Event: 5.402 GC heap before
{Heap before GC invocations=45 (full 3):
 PSYoungGen      total 16896K, used 16418K [0x00000000eab00000, 0x00000000ebd00000, 0x0000000100000000)
  eden space 15360K, 100% used [0x00000000eab00000,0x00000000eba00000,0x00000000eba00000)
  from space 1536K, 68% used [0x00000000eba80000,0x00000000ebb889d8,0x00000000ebc00000)
  to   space 1024K, 0% used [0x00000000ebc00000,0x00000000ebc00000,0x00000000ebd00000)
 ParOldGen       total 68608K, used 39633K [0x00000000c0000000, 0x00000000c4300000, 0x00000000eab00000)
  object space 68608K, 57% used [0x00000000c0000000,0x00000000c26b44a0,0x00000000c4300000)
 Metaspace       used 58742K, committed 60032K, reserved 1114112K
  class space    used 7199K, committed 7744K, reserved 1048576K
}
Event: 5.402 GC heap after
{Heap after GC invocations=45 (full 3):
 PSYoungGen      total 16384K, used 525K [0x00000000eab00000, 0x00000000ebd00000, 0x0000000100000000)
  eden space 15360K, 0% used [0x00000000eab00000,0x00000000eab00000,0x00000000eba00000)
  from space 1024K, 51% used [0x00000000ebc00000,0x00000000ebc83420,0x00000000ebd00000)
  to   space 1024K, 0% used [0x00000000ebb00000,0x00000000ebb00000,0x00000000ebc00000)
 ParOldGen       total 68608K, used 39705K [0x00000000c0000000, 0x00000000c4300000, 0x00000000eab00000)
  object space 68608K, 57% used [0x00000000c0000000,0x00000000c26c64a0,0x00000000c4300000)
 Metaspace       used 58742K, committed 60032K, reserved 1114112K
  class space    used 7199K, committed 7744K, reserved 1048576K
}
Event: 5.445 GC heap before
{Heap before GC invocations=46 (full 3):
 PSYoungGen      total 16384K, used 15885K [0x00000000eab00000, 0x00000000ebd00000, 0x0000000100000000)
  eden space 15360K, 100% used [0x00000000eab00000,0x00000000eba00000,0x00000000eba00000)
  from space 1024K, 51% used [0x00000000ebc00000,0x00000000ebc83420,0x00000000ebd00000)
  to   space 1024K, 0% used [0x00000000ebb00000,0x00000000ebb00000,0x00000000ebc00000)
 ParOldGen       total 68608K, used 39705K [0x00000000c0000000, 0x00000000c4300000, 0x00000000eab00000)
  object space 68608K, 57% used [0x00000000c0000000,0x00000000c26c64a0,0x00000000c4300000)
 Metaspace       used 58742K, committed 60032K, reserved 1114112K
  class space    used 7199K, committed 7744K, reserved 1048576K
}
Event: 5.445 GC heap after
{Heap after GC invocations=46 (full 3):
 PSYoungGen      total 16384K, used 1019K [0x00000000eab00000, 0x00000000ebd00000, 0x0000000100000000)
  eden space 15360K, 0% used [0x00000000eab00000,0x00000000eab00000,0x00000000eba00000)
  from space 1024K, 99% used [0x00000000ebb00000,0x00000000ebbfee20,0x00000000ebc00000)
  to   space 1024K, 0% used [0x00000000ebc00000,0x00000000ebc00000,0x00000000ebd00000)
 ParOldGen       total 68608K, used 39868K [0x00000000c0000000, 0x00000000c4300000, 0x00000000eab00000)
  object space 68608K, 58% used [0x00000000c0000000,0x00000000c26ef1a0,0x00000000c4300000)
 Metaspace       used 58742K, committed 60032K, reserved 1114112K
  class space    used 7199K, committed 7744K, reserved 1048576K
}
Event: 5.494 GC heap before
{Heap before GC invocations=47 (full 3):
 PSYoungGen      total 16384K, used 16379K [0x00000000eab00000, 0x00000000ebd00000, 0x0000000100000000)
  eden space 15360K, 100% used [0x00000000eab00000,0x00000000eba00000,0x00000000eba00000)
  from space 1024K, 99% used [0x00000000ebb00000,0x00000000ebbfee20,0x00000000ebc00000)
  to   space 1024K, 0% used [0x00000000ebc00000,0x00000000ebc00000,0x00000000ebd00000)
 ParOldGen       total 68608K, used 39868K [0x00000000c0000000, 0x00000000c4300000, 0x00000000eab00000)
  object space 68608K, 58% used [0x00000000c0000000,0x00000000c26ef1a0,0x00000000c4300000)
 Metaspace       used 58742K, committed 60032K, reserved 1114112K
  class space    used 7199K, committed 7744K, reserved 1048576K
}
Event: 5.494 GC heap after
{Heap after GC invocations=47 (full 3):
 PSYoungGen      total 16384K, used 1006K [0x00000000eab00000, 0x00000000ebd00000, 0x0000000100000000)
  eden space 15360K, 0% used [0x00000000eab00000,0x00000000eab00000,0x00000000eba00000)
  from space 1024K, 98% used [0x00000000ebc00000,0x00000000ebcfbb98,0x00000000ebd00000)
  to   space 1536K, 0% used [0x00000000eba00000,0x00000000eba00000,0x00000000ebb80000)
 ParOldGen       total 68608K, used 39964K [0x00000000c0000000, 0x00000000c4300000, 0x00000000eab00000)
  object space 68608K, 58% used [0x00000000c0000000,0x00000000c27071b0,0x00000000c4300000)
 Metaspace       used 58742K, committed 60032K, reserved 1114112K
  class space    used 7199K, committed 7744K, reserved 1048576K
}
Event: 5.549 GC heap before
{Heap before GC invocations=48 (full 3):
 PSYoungGen      total 16384K, used 16366K [0x00000000eab00000, 0x00000000ebd00000, 0x0000000100000000)
  eden space 15360K, 100% used [0x00000000eab00000,0x00000000eba00000,0x00000000eba00000)
  from space 1024K, 98% used [0x00000000ebc00000,0x00000000ebcfbb98,0x00000000ebd00000)
  to   space 1536K, 0% used [0x00000000eba00000,0x00000000eba00000,0x00000000ebb80000)
 ParOldGen       total 68608K, used 39964K [0x00000000c0000000, 0x00000000c4300000, 0x00000000eab00000)
  object space 68608K, 58% used [0x00000000c0000000,0x00000000c27071b0,0x00000000c4300000)
 Metaspace       used 58949K, committed 60224K, reserved 1114112K
  class space    used 7235K, committed 7744K, reserved 1048576K
}
Event: 5.550 GC heap after
{Heap after GC invocations=48 (full 3):
 PSYoungGen      total 16896K, used 384K [0x00000000eab00000, 0x00000000ebc80000, 0x0000000100000000)
  eden space 15360K, 0% used [0x00000000eab00000,0x00000000eab00000,0x00000000eba00000)
  from space 1536K, 25% used [0x00000000eba00000,0x00000000eba60000,0x00000000ebb80000)
  to   space 1024K, 0% used [0x00000000ebb80000,0x00000000ebb80000,0x00000000ebc80000)
 ParOldGen       total 68608K, used 40052K [0x00000000c0000000, 0x00000000c4300000, 0x00000000eab00000)
  object space 68608K, 58% used [0x00000000c0000000,0x00000000c271d1b0,0x00000000c4300000)
 Metaspace       used 58949K, committed 60224K, reserved 1114112K
  class space    used 7235K, committed 7744K, reserved 1048576K
}
Event: 5.666 GC heap before
{Heap before GC invocations=49 (full 3):
 PSYoungGen      total 16896K, used 15744K [0x00000000eab00000, 0x00000000ebc80000, 0x0000000100000000)
  eden space 15360K, 100% used [0x00000000eab00000,0x00000000eba00000,0x00000000eba00000)
  from space 1536K, 25% used [0x00000000eba00000,0x00000000eba60000,0x00000000ebb80000)
  to   space 1024K, 0% used [0x00000000ebb80000,0x00000000ebb80000,0x00000000ebc80000)
 ParOldGen       total 68608K, used 40052K [0x00000000c0000000, 0x00000000c4300000, 0x00000000eab00000)
  object space 68608K, 58% used [0x00000000c0000000,0x00000000c271d1b0,0x00000000c4300000)
 Metaspace       used 60671K, committed 62016K, reserved 1114112K
  class space    used 7505K, committed 8064K, reserved 1048576K
}
Event: 5.667 GC heap after
{Heap after GC invocations=49 (full 3):
 PSYoungGen      total 16384K, used 736K [0x00000000eab00000, 0x00000000ebc80000, 0x0000000100000000)
  eden space 15360K, 0% used [0x00000000eab00000,0x00000000eab00000,0x00000000eba00000)
  from space 1024K, 71% used [0x00000000ebb80000,0x00000000ebc38010,0x00000000ebc80000)
  to   space 1024K, 0% used [0x00000000eba80000,0x00000000eba80000,0x00000000ebb80000)
 ParOldGen       total 68608K, used 40180K [0x00000000c0000000, 0x00000000c4300000, 0x00000000eab00000)
  object space 68608K, 58% used [0x00000000c0000000,0x00000000c273d1b0,0x00000000c4300000)
 Metaspace       used 60671K, committed 62016K, reserved 1114112K
  class space    used 7505K, committed 8064K, reserved 1048576K
}
Event: 7.156 GC heap before
{Heap before GC invocations=50 (full 3):
 PSYoungGen      total 16384K, used 16096K [0x00000000eab00000, 0x00000000ebc80000, 0x0000000100000000)
  eden space 15360K, 100% used [0x00000000eab00000,0x00000000eba00000,0x00000000eba00000)
  from space 1024K, 71% used [0x00000000ebb80000,0x00000000ebc38010,0x00000000ebc80000)
  to   space 1024K, 0% used [0x00000000eba80000,0x00000000eba80000,0x00000000ebb80000)
 ParOldGen       total 68608K, used 40180K [0x00000000c0000000, 0x00000000c4300000, 0x00000000eab00000)
  object space 68608K, 58% used [0x00000000c0000000,0x00000000c273d1b0,0x00000000c4300000)
 Metaspace       used 62216K, committed 63616K, reserved 1114112K
  class space    used 7701K, committed 8320K, reserved 1048576K
}
Event: 7.157 GC heap after
{Heap after GC invocations=50 (full 3):
 PSYoungGen      total 16384K, used 640K [0x00000000eab00000, 0x00000000ebc00000, 0x0000000100000000)
  eden space 15360K, 0% used [0x00000000eab00000,0x00000000eab00000,0x00000000eba00000)
  from space 1024K, 62% used [0x00000000eba80000,0x00000000ebb20000,0x00000000ebb80000)
  to   space 512K, 0% used [0x00000000ebb80000,0x00000000ebb80000,0x00000000ebc00000)
 ParOldGen       total 68608K, used 41560K [0x00000000c0000000, 0x00000000c4300000, 0x00000000eab00000)
  object space 68608K, 60% used [0x00000000c0000000,0x00000000c28963e0,0x00000000c4300000)
 Metaspace       used 62216K, committed 63616K, reserved 1114112K
  class space    used 7701K, committed 8320K, reserved 1048576K
}

