# JRE version: OpenJDK Runtime Environment Temurin-21.0.7+6 (21.0.7+6) (build 21.0.7+6-LTS)
# Java VM: OpenJDK 64-Bit Server VM Temurin-21.0.7+6 (21.0.7+6-LTS, mixed mode, sharing, tiered, compressed oops, compressed class ptrs, parallel gc, windows-amd64)
GC Precious Log:
 CardTable entry size: 512
 CPUs: 16 total, 16 available
 Memory: 16096M
 Large Page Support: Disabled
 NUMA Support: Disabled
 Compressed Oops: Enabled (32-bit)
 Alignments: Space 512K, Generation 512K, Heap 2M
 Heap Min Capacity: 100M
 Heap Initial Capacity: 100M
 Heap Max Capacity: 1G
 Pre-touch: Disabled
 Parallel Workers: 13
Heap:
 PSYoungGen      total 17408K, used 5263K [0x00000000eab00000, 0x00000000ebd00000, 0x0000000100000000)
  eden space 16384K, 28% used [0x00000000eab00000,0x00000000eaf7bc08,0x00000000ebb00000)
  from space 1024K, 65% used [0x00000000ebb00000,0x00000000ebba8010,0x00000000ebc00000)
  to   space 1024K, 0% used [0x00000000ebc00000,0x00000000ebc00000,0x00000000ebd00000)
 ParOldGen       total 68608K, used 45145K [0x00000000c0000000, 0x00000000c4300000, 0x00000000eab00000)
  object space 68608K, 65% used [0x00000000c0000000,0x00000000c2c16410,0x00000000c4300000)
 Metaspace       used 66960K, committed 68352K, reserved 1114112K
  class space    used 8234K, committed 8832K, reserved 1048576K
GC Heap History (20 events):
Event: 84.515 GC heap before
{Heap before GC invocations=41 (full 3):
 PSYoungGen      total 18432K, used 16842K [0x00000000eab00000, 0x00000000ebe00000, 0x0000000100000000)
  eden space 16384K, 100% used [0x00000000eab00000,0x00000000ebb00000,0x00000000ebb00000)
  from space 2048K, 22% used [0x00000000ebb00000,0x00000000ebb729a0,0x00000000ebd00000)
  to   space 1024K, 0% used [0x00000000ebd00000,0x00000000ebd00000,0x00000000ebe00000)
 ParOldGen       total 68608K, used 42870K [0x00000000c0000000, 0x00000000c4300000, 0x00000000eab00000)
  object space 68608K, 62% used [0x00000000c0000000,0x00000000c29dd898,0x00000000c4300000)
 Metaspace       used 63792K, committed 65088K, reserved 1114112K
  class space    used 7773K, committed 8320K, reserved 1048576K
}
Event: 84.516 GC heap after
{Heap after GC invocations=41 (full 3):
 PSYoungGen      total 17408K, used 694K [0x00000000eab00000, 0x00000000ebe00000, 0x0000000100000000)
  eden space 16384K, 0% used [0x00000000eab00000,0x00000000eab00000,0x00000000ebb00000)
  from space 1024K, 67% used [0x00000000ebd00000,0x00000000ebdada58,0x00000000ebe00000)
  to   space 1024K, 0% used [0x00000000ebc00000,0x00000000ebc00000,0x00000000ebd00000)
 ParOldGen       total 68608K, used 43002K [0x00000000c0000000, 0x00000000c4300000, 0x00000000eab00000)
  object space 68608K, 62% used [0x00000000c0000000,0x00000000c29fe968,0x00000000c4300000)
 Metaspace       used 63792K, committed 65088K, reserved 1114112K
  class space    used 7773K, committed 8320K, reserved 1048576K
}
Event: 84.575 GC heap before
{Heap before GC invocations=42 (full 3):
 PSYoungGen      total 17408K, used 17078K [0x00000000eab00000, 0x00000000ebe00000, 0x0000000100000000)
  eden space 16384K, 100% used [0x00000000eab00000,0x00000000ebb00000,0x00000000ebb00000)
  from space 1024K, 67% used [0x00000000ebd00000,0x00000000ebdada58,0x00000000ebe00000)
  to   space 1024K, 0% used [0x00000000ebc00000,0x00000000ebc00000,0x00000000ebd00000)
 ParOldGen       total 68608K, used 43002K [0x00000000c0000000, 0x00000000c4300000, 0x00000000eab00000)
  object space 68608K, 62% used [0x00000000c0000000,0x00000000c29fe968,0x00000000c4300000)
 Metaspace       used 63792K, committed 65088K, reserved 1114112K
  class space    used 7773K, committed 8320K, reserved 1048576K
}
Event: 84.575 GC heap after
{Heap after GC invocations=42 (full 3):
 PSYoungGen      total 17408K, used 1019K [0x00000000eab00000, 0x00000000ebe00000, 0x0000000100000000)
  eden space 16384K, 0% used [0x00000000eab00000,0x00000000eab00000,0x00000000ebb00000)
  from space 1024K, 99% used [0x00000000ebc00000,0x00000000ebcfefe0,0x00000000ebd00000)
  to   space 1024K, 0% used [0x00000000ebd00000,0x00000000ebd00000,0x00000000ebe00000)
 ParOldGen       total 68608K, used 43150K [0x00000000c0000000, 0x00000000c4300000, 0x00000000eab00000)
  object space 68608K, 62% used [0x00000000c0000000,0x00000000c2a23ba8,0x00000000c4300000)
 Metaspace       used 63792K, committed 65088K, reserved 1114112K
  class space    used 7773K, committed 8320K, reserved 1048576K
}
Event: 84.633 GC heap before
{Heap before GC invocations=43 (full 3):
 PSYoungGen      total 17408K, used 17403K [0x00000000eab00000, 0x00000000ebe00000, 0x0000000100000000)
  eden space 16384K, 100% used [0x00000000eab00000,0x00000000ebb00000,0x00000000ebb00000)
  from space 1024K, 99% used [0x00000000ebc00000,0x00000000ebcfefe0,0x00000000ebd00000)
  to   space 1024K, 0% used [0x00000000ebd00000,0x00000000ebd00000,0x00000000ebe00000)
 ParOldGen       total 68608K, used 43150K [0x00000000c0000000, 0x00000000c4300000, 0x00000000eab00000)
  object space 68608K, 62% used [0x00000000c0000000,0x00000000c2a23ba8,0x00000000c4300000)
 Metaspace       used 63792K, committed 65088K, reserved 1114112K
  class space    used 7773K, committed 8320K, reserved 1048576K
}
Event: 84.634 GC heap after
{Heap after GC invocations=43 (full 3):
 PSYoungGen      total 16896K, used 491K [0x00000000eab00000, 0x00000000ebd80000, 0x0000000100000000)
  eden space 16384K, 0% used [0x00000000eab00000,0x00000000eab00000,0x00000000ebb00000)
  from space 512K, 95% used [0x00000000ebd00000,0x00000000ebd7add8,0x00000000ebd80000)
  to   space 1024K, 0% used [0x00000000ebb80000,0x00000000ebb80000,0x00000000ebc80000)
 ParOldGen       total 68608K, used 43206K [0x00000000c0000000, 0x00000000c4300000, 0x00000000eab00000)
  object space 68608K, 62% used [0x00000000c0000000,0x00000000c2a31ba8,0x00000000c4300000)
 Metaspace       used 63792K, committed 65088K, reserved 1114112K
  class space    used 7773K, committed 8320K, reserved 1048576K
}
Event: 84.686 GC heap before
{Heap before GC invocations=44 (full 3):
 PSYoungGen      total 16896K, used 16875K [0x00000000eab00000, 0x00000000ebd80000, 0x0000000100000000)
  eden space 16384K, 100% used [0x00000000eab00000,0x00000000ebb00000,0x00000000ebb00000)
  from space 512K, 95% used [0x00000000ebd00000,0x00000000ebd7add8,0x00000000ebd80000)
  to   space 1024K, 0% used [0x00000000ebb80000,0x00000000ebb80000,0x00000000ebc80000)
 ParOldGen       total 68608K, used 43206K [0x00000000c0000000, 0x00000000c4300000, 0x00000000eab00000)
  object space 68608K, 62% used [0x00000000c0000000,0x00000000c2a31ba8,0x00000000c4300000)
 Metaspace       used 63792K, committed 65088K, reserved 1114112K
  class space    used 7773K, committed 8320K, reserved 1048576K
}
Event: 84.687 GC heap after
{Heap after GC invocations=44 (full 3):
 PSYoungGen      total 17408K, used 416K [0x00000000eab00000, 0x00000000ebd80000, 0x0000000100000000)
  eden space 16384K, 0% used [0x00000000eab00000,0x00000000eab00000,0x00000000ebb00000)
  from space 1024K, 40% used [0x00000000ebb80000,0x00000000ebbe8000,0x00000000ebc80000)
  to   space 512K, 0% used [0x00000000ebd00000,0x00000000ebd00000,0x00000000ebd80000)
 ParOldGen       total 68608K, used 43389K [0x00000000c0000000, 0x00000000c4300000, 0x00000000eab00000)
  object space 68608K, 63% used [0x00000000c0000000,0x00000000c2a5f5c8,0x00000000c4300000)
 Metaspace       used 63792K, committed 65088K, reserved 1114112K
  class space    used 7773K, committed 8320K, reserved 1048576K
}
Event: 84.744 GC heap before
{Heap before GC invocations=45 (full 3):
 PSYoungGen      total 17408K, used 16800K [0x00000000eab00000, 0x00000000ebd80000, 0x0000000100000000)
  eden space 16384K, 100% used [0x00000000eab00000,0x00000000ebb00000,0x00000000ebb00000)
  from space 1024K, 40% used [0x00000000ebb80000,0x00000000ebbe8000,0x00000000ebc80000)
  to   space 512K, 0% used [0x00000000ebd00000,0x00000000ebd00000,0x00000000ebd80000)
 ParOldGen       total 68608K, used 43389K [0x00000000c0000000, 0x00000000c4300000, 0x00000000eab00000)
  object space 68608K, 63% used [0x00000000c0000000,0x00000000c2a5f5c8,0x00000000c4300000)
 Metaspace       used 63792K, committed 65088K, reserved 1114112K
  class space    used 7773K, committed 8320K, reserved 1048576K
}
Event: 84.745 GC heap after
{Heap after GC invocations=45 (full 3):
 PSYoungGen      total 16896K, used 507K [0x00000000eab00000, 0x00000000ebf00000, 0x0000000100000000)
  eden space 16384K, 0% used [0x00000000eab00000,0x00000000eab00000,0x00000000ebb00000)
  from space 512K, 99% used [0x00000000ebd00000,0x00000000ebd7edd8,0x00000000ebd80000)
  to   space 2048K, 0% used [0x00000000ebb00000,0x00000000ebb00000,0x00000000ebd00000)
 ParOldGen       total 68608K, used 44324K [0x00000000c0000000, 0x00000000c4300000, 0x00000000eab00000)
  object space 68608K, 64% used [0x00000000c0000000,0x00000000c2b49178,0x00000000c4300000)
 Metaspace       used 63792K, committed 65088K, reserved 1114112K
  class space    used 7773K, committed 8320K, reserved 1048576K
}
Event: 84.802 GC heap before
{Heap before GC invocations=46 (full 3):
 PSYoungGen      total 16896K, used 16891K [0x00000000eab00000, 0x00000000ebf00000, 0x0000000100000000)
  eden space 16384K, 100% used [0x00000000eab00000,0x00000000ebb00000,0x00000000ebb00000)
  from space 512K, 99% used [0x00000000ebd00000,0x00000000ebd7edd8,0x00000000ebd80000)
  to   space 2048K, 0% used [0x00000000ebb00000,0x00000000ebb00000,0x00000000ebd00000)
 ParOldGen       total 68608K, used 44324K [0x00000000c0000000, 0x00000000c4300000, 0x00000000eab00000)
  object space 68608K, 64% used [0x00000000c0000000,0x00000000c2b49178,0x00000000c4300000)
 Metaspace       used 63792K, committed 65088K, reserved 1114112K
  class space    used 7773K, committed 8320K, reserved 1048576K
}
Event: 84.803 GC heap after
{Heap after GC invocations=46 (full 3):
 PSYoungGen      total 17408K, used 890K [0x00000000eab00000, 0x00000000ebe00000, 0x0000000100000000)
  eden space 16384K, 0% used [0x00000000eab00000,0x00000000eab00000,0x00000000ebb00000)
  from space 1024K, 87% used [0x00000000ebb00000,0x00000000ebbdebf8,0x00000000ebc00000)
  to   space 1536K, 0% used [0x00000000ebc80000,0x00000000ebc80000,0x00000000ebe00000)
 ParOldGen       total 68608K, used 44388K [0x00000000c0000000, 0x00000000c4300000, 0x00000000eab00000)
  object space 68608K, 64% used [0x00000000c0000000,0x00000000c2b59178,0x00000000c4300000)
 Metaspace       used 63792K, committed 65088K, reserved 1114112K
  class space    used 7773K, committed 8320K, reserved 1048576K
}
Event: 84.869 GC heap before
{Heap before GC invocations=47 (full 3):
 PSYoungGen      total 17408K, used 17274K [0x00000000eab00000, 0x00000000ebe00000, 0x0000000100000000)
  eden space 16384K, 100% used [0x00000000eab00000,0x00000000ebb00000,0x00000000ebb00000)
  from space 1024K, 87% used [0x00000000ebb00000,0x00000000ebbdebf8,0x00000000ebc00000)
  to   space 1536K, 0% used [0x00000000ebc80000,0x00000000ebc80000,0x00000000ebe00000)
 ParOldGen       total 68608K, used 44388K [0x00000000c0000000, 0x00000000c4300000, 0x00000000eab00000)
  object space 68608K, 64% used [0x00000000c0000000,0x00000000c2b59178,0x00000000c4300000)
 Metaspace       used 63792K, committed 65088K, reserved 1114112K
  class space    used 7773K, committed 8320K, reserved 1048576K
}
Event: 84.870 GC heap after
{Heap after GC invocations=47 (full 3):
 PSYoungGen      total 16896K, used 373K [0x00000000eab00000, 0x00000000ebd00000, 0x0000000100000000)
  eden space 16384K, 0% used [0x00000000eab00000,0x00000000eab00000,0x00000000ebb00000)
  from space 512K, 72% used [0x00000000ebc80000,0x00000000ebcdd4b8,0x00000000ebd00000)
  to   space 1024K, 0% used [0x00000000ebb00000,0x00000000ebb00000,0x00000000ebc00000)
 ParOldGen       total 68608K, used 44460K [0x00000000c0000000, 0x00000000c4300000, 0x00000000eab00000)
  object space 68608K, 64% used [0x00000000c0000000,0x00000000c2b6b178,0x00000000c4300000)
 Metaspace       used 63792K, committed 65088K, reserved 1114112K
  class space    used 7773K, committed 8320K, reserved 1048576K
}
Event: 84.926 GC heap before
{Heap before GC invocations=48 (full 3):
 PSYoungGen      total 16896K, used 16757K [0x00000000eab00000, 0x00000000ebd00000, 0x0000000100000000)
  eden space 16384K, 100% used [0x00000000eab00000,0x00000000ebb00000,0x00000000ebb00000)
  from space 512K, 72% used [0x00000000ebc80000,0x00000000ebcdd4b8,0x00000000ebd00000)
  to   space 1024K, 0% used [0x00000000ebb00000,0x00000000ebb00000,0x00000000ebc00000)
 ParOldGen       total 68608K, used 44460K [0x00000000c0000000, 0x00000000c4300000, 0x00000000eab00000)
  object space 68608K, 64% used [0x00000000c0000000,0x00000000c2b6b178,0x00000000c4300000)
 Metaspace       used 63792K, committed 65088K, reserved 1114112K
  class space    used 7773K, committed 8320K, reserved 1048576K
}
Event: 84.927 GC heap after
{Heap after GC invocations=48 (full 3):
 PSYoungGen      total 17408K, used 1018K [0x00000000eab00000, 0x00000000ebe00000, 0x0000000100000000)
  eden space 16384K, 0% used [0x00000000eab00000,0x00000000eab00000,0x00000000ebb00000)
  from space 1024K, 99% used [0x00000000ebb00000,0x00000000ebbfe908,0x00000000ebc00000)
  to   space 1536K, 0% used [0x00000000ebc80000,0x00000000ebc80000,0x00000000ebe00000)
 ParOldGen       total 68608K, used 44609K [0x00000000c0000000, 0x00000000c4300000, 0x00000000eab00000)
  object space 68608K, 65% used [0x00000000c0000000,0x00000000c2b906f0,0x00000000c4300000)
 Metaspace       used 63792K, committed 65088K, reserved 1114112K
  class space    used 7773K, committed 8320K, reserved 1048576K
}
Event: 85.640 GC heap before
{Heap before GC invocations=49 (full 3):
 PSYoungGen      total 17408K, used 17402K [0x00000000eab00000, 0x00000000ebe00000, 0x0000000100000000)
  eden space 16384K, 100% used [0x00000000eab00000,0x00000000ebb00000,0x00000000ebb00000)
  from space 1024K, 99% used [0x00000000ebb00000,0x00000000ebbfe908,0x00000000ebc00000)
  to   space 1536K, 0% used [0x00000000ebc80000,0x00000000ebc80000,0x00000000ebe00000)
 ParOldGen       total 68608K, used 44609K [0x00000000c0000000, 0x00000000c4300000, 0x00000000eab00000)
  object space 68608K, 65% used [0x00000000c0000000,0x00000000c2b906f0,0x00000000c4300000)
 Metaspace       used 64975K, committed 66304K, reserved 1114112K
  class space    used 7950K, committed 8512K, reserved 1048576K
}
Event: 85.641 GC heap after
{Heap after GC invocations=49 (full 3):
 PSYoungGen      total 17408K, used 576K [0x00000000eab00000, 0x00000000ebd80000, 0x0000000100000000)
  eden space 16384K, 0% used [0x00000000eab00000,0x00000000eab00000,0x00000000ebb00000)
  from space 1024K, 56% used [0x00000000ebc80000,0x00000000ebd10000,0x00000000ebd80000)
  to   space 1024K, 0% used [0x00000000ebb00000,0x00000000ebb00000,0x00000000ebc00000)
 ParOldGen       total 68608K, used 44705K [0x00000000c0000000, 0x00000000c4300000, 0x00000000eab00000)
  object space 68608K, 65% used [0x00000000c0000000,0x00000000c2ba86f0,0x00000000c4300000)
 Metaspace       used 64975K, committed 66304K, reserved 1114112K
  class space    used 7950K, committed 8512K, reserved 1048576K
}
Event: 87.226 GC heap before
{Heap before GC invocations=50 (full 3):
 PSYoungGen      total 17408K, used 16960K [0x00000000eab00000, 0x00000000ebd80000, 0x0000000100000000)
  eden space 16384K, 100% used [0x00000000eab00000,0x00000000ebb00000,0x00000000ebb00000)
  from space 1024K, 56% used [0x00000000ebc80000,0x00000000ebd10000,0x00000000ebd80000)
  to   space 1024K, 0% used [0x00000000ebb00000,0x00000000ebb00000,0x00000000ebc00000)
 ParOldGen       total 68608K, used 44705K [0x00000000c0000000, 0x00000000c4300000, 0x00000000eab00000)
  object space 68608K, 65% used [0x00000000c0000000,0x00000000c2ba86f0,0x00000000c4300000)
 Metaspace       used 66573K, committed 68032K, reserved 1114112K
  class space    used 8189K, committed 8832K, reserved 1048576K
}
Event: 87.228 GC heap after
{Heap after GC invocations=50 (full 3):
 PSYoungGen      total 17408K, used 672K [0x00000000eab00000, 0x00000000ebd00000, 0x0000000100000000)
  eden space 16384K, 0% used [0x00000000eab00000,0x00000000eab00000,0x00000000ebb00000)
  from space 1024K, 65% used [0x00000000ebb00000,0x00000000ebba8010,0x00000000ebc00000)
  to   space 1024K, 0% used [0x00000000ebc00000,0x00000000ebc00000,0x00000000ebd00000)
 ParOldGen       total 68608K, used 45145K [0x00000000c0000000, 0x00000000c4300000, 0x00000000eab00000)
  object space 68608K, 65% used [0x00000000c0000000,0x00000000c2c16410,0x00000000c4300000)
 Metaspace       used 66573K, committed 68032K, reserved 1114112K
  class space    used 8189K, committed 8832K, reserved 1048576K
}

