# JRE version: OpenJDK Runtime Environment Temurin-21.0.7+6 (21.0.7+6) (build 21.0.7+6-LTS)
# Java VM: OpenJDK 64-Bit Server VM Temurin-21.0.7+6 (21.0.7+6-LTS, mixed mode, sharing, tiered, compressed oops, compressed class ptrs, parallel gc, windows-amd64)
GC Precious Log:
 CardTable entry size: 512
 CPUs: 16 total, 16 available
 Memory: 16096M
 Large Page Support: Disabled
 NUMA Support: Disabled
 Compressed Oops: Enabled (32-bit)
 Alignments: Space 512K, Generation 512K, Heap 2M
 Heap Min Capacity: 100M
 Heap Initial Capacity: 100M
 Heap Max Capacity: 1G
 Pre-touch: Disabled
 Parallel Workers: 13
Heap:
 PSYoungGen      total 17408K, used 10336K [0x00000000eab00000, 0x00000000ebd80000, 0x0000000100000000)
  eden space 16384K, 58% used [0x00000000eab00000,0x00000000eb45b5c0,0x00000000ebb00000)
  from space 1024K, 73% used [0x00000000ebb80000,0x00000000ebc3cd98,0x00000000ebc80000)
  to   space 1024K, 0% used [0x00000000ebc80000,0x00000000ebc80000,0x00000000ebd80000)
 ParOldGen       total 68608K, used 40999K [0x00000000c0000000, 0x00000000c4300000, 0x00000000eab00000)
  object space 68608K, 59% used [0x00000000c0000000,0x00000000c2809ff0,0x00000000c4300000)
 Metaspace       used 62559K, committed 63872K, reserved 1114112K
  class space    used 7720K, committed 8320K, reserved 1048576K
GC Heap History (20 events):
Event: 114.847 GC heap before
{Heap before GC invocations=39 (full 3):
 PSYoungGen      total 17920K, used 16736K [0x00000000eab00000, 0x00000000ebf80000, 0x0000000100000000)
  eden space 16384K, 100% used [0x00000000eab00000,0x00000000ebb00000,0x00000000ebb00000)
  from space 1536K, 22% used [0x00000000ebc80000,0x00000000ebcd8000,0x00000000ebe00000)
  to   space 1024K, 0% used [0x00000000ebe80000,0x00000000ebe80000,0x00000000ebf80000)
 ParOldGen       total 68608K, used 38799K [0x00000000c0000000, 0x00000000c4300000, 0x00000000eab00000)
  object space 68608K, 56% used [0x00000000c0000000,0x00000000c25e3ea0,0x00000000c4300000)
 Metaspace       used 58976K, committed 60224K, reserved 1114112K
  class space    used 7210K, committed 7744K, reserved 1048576K
}
Event: 114.849 GC heap after
{Heap after GC invocations=39 (full 3):
 PSYoungGen      total 17408K, used 994K [0x00000000eab00000, 0x00000000ebf80000, 0x0000000100000000)
  eden space 16384K, 0% used [0x00000000eab00000,0x00000000eab00000,0x00000000ebb00000)
  from space 1024K, 97% used [0x00000000ebe80000,0x00000000ebf788f8,0x00000000ebf80000)
  to   space 1536K, 0% used [0x00000000ebc80000,0x00000000ebc80000,0x00000000ebe00000)
 ParOldGen       total 68608K, used 38957K [0x00000000c0000000, 0x00000000c4300000, 0x00000000eab00000)
  object space 68608K, 56% used [0x00000000c0000000,0x00000000c260b418,0x00000000c4300000)
 Metaspace       used 58976K, committed 60224K, reserved 1114112K
  class space    used 7210K, committed 7744K, reserved 1048576K
}
Event: 114.905 GC heap before
{Heap before GC invocations=40 (full 3):
 PSYoungGen      total 17408K, used 17378K [0x00000000eab00000, 0x00000000ebf80000, 0x0000000100000000)
  eden space 16384K, 100% used [0x00000000eab00000,0x00000000ebb00000,0x00000000ebb00000)
  from space 1024K, 97% used [0x00000000ebe80000,0x00000000ebf788f8,0x00000000ebf80000)
  to   space 1536K, 0% used [0x00000000ebc80000,0x00000000ebc80000,0x00000000ebe00000)
 ParOldGen       total 68608K, used 38957K [0x00000000c0000000, 0x00000000c4300000, 0x00000000eab00000)
  object space 68608K, 56% used [0x00000000c0000000,0x00000000c260b418,0x00000000c4300000)
 Metaspace       used 58976K, committed 60224K, reserved 1114112K
  class space    used 7210K, committed 7744K, reserved 1048576K
}
Event: 114.907 GC heap after
{Heap after GC invocations=40 (full 3):
 PSYoungGen      total 17920K, used 1195K [0x00000000eab00000, 0x00000000ebf00000, 0x0000000100000000)
  eden space 16384K, 0% used [0x00000000eab00000,0x00000000eab00000,0x00000000ebb00000)
  from space 1536K, 77% used [0x00000000ebc80000,0x00000000ebdaac50,0x00000000ebe00000)
  to   space 1024K, 0% used [0x00000000ebe00000,0x00000000ebe00000,0x00000000ebf00000)
 ParOldGen       total 68608K, used 39061K [0x00000000c0000000, 0x00000000c4300000, 0x00000000eab00000)
  object space 68608K, 56% used [0x00000000c0000000,0x00000000c2625428,0x00000000c4300000)
 Metaspace       used 58976K, committed 60224K, reserved 1114112K
  class space    used 7210K, committed 7744K, reserved 1048576K
}
Event: 114.965 GC heap before
{Heap before GC invocations=41 (full 3):
 PSYoungGen      total 17920K, used 17579K [0x00000000eab00000, 0x00000000ebf00000, 0x0000000100000000)
  eden space 16384K, 100% used [0x00000000eab00000,0x00000000ebb00000,0x00000000ebb00000)
  from space 1536K, 77% used [0x00000000ebc80000,0x00000000ebdaac50,0x00000000ebe00000)
  to   space 1024K, 0% used [0x00000000ebe00000,0x00000000ebe00000,0x00000000ebf00000)
 ParOldGen       total 68608K, used 39061K [0x00000000c0000000, 0x00000000c4300000, 0x00000000eab00000)
  object space 68608K, 56% used [0x00000000c0000000,0x00000000c2625428,0x00000000c4300000)
 Metaspace       used 58976K, committed 60224K, reserved 1114112K
  class space    used 7210K, committed 7744K, reserved 1048576K
}
Event: 114.966 GC heap after
{Heap after GC invocations=41 (full 3):
 PSYoungGen      total 16896K, used 288K [0x00000000eab00000, 0x00000000ebe80000, 0x0000000100000000)
  eden space 16384K, 0% used [0x00000000eab00000,0x00000000eab00000,0x00000000ebb00000)
  from space 512K, 56% used [0x00000000ebe00000,0x00000000ebe48000,0x00000000ebe80000)
  to   space 1024K, 0% used [0x00000000ebc80000,0x00000000ebc80000,0x00000000ebd80000)
 ParOldGen       total 68608K, used 39133K [0x00000000c0000000, 0x00000000c4300000, 0x00000000eab00000)
  object space 68608K, 57% used [0x00000000c0000000,0x00000000c2637428,0x00000000c4300000)
 Metaspace       used 58976K, committed 60224K, reserved 1114112K
  class space    used 7210K, committed 7744K, reserved 1048576K
}
Event: 115.018 GC heap before
{Heap before GC invocations=42 (full 3):
 PSYoungGen      total 16896K, used 16672K [0x00000000eab00000, 0x00000000ebe80000, 0x0000000100000000)
  eden space 16384K, 100% used [0x00000000eab00000,0x00000000ebb00000,0x00000000ebb00000)
  from space 512K, 56% used [0x00000000ebe00000,0x00000000ebe48000,0x00000000ebe80000)
  to   space 1024K, 0% used [0x00000000ebc80000,0x00000000ebc80000,0x00000000ebd80000)
 ParOldGen       total 68608K, used 39133K [0x00000000c0000000, 0x00000000c4300000, 0x00000000eab00000)
  object space 68608K, 57% used [0x00000000c0000000,0x00000000c2637428,0x00000000c4300000)
 Metaspace       used 58976K, committed 60224K, reserved 1114112K
  class space    used 7210K, committed 7744K, reserved 1048576K
}
Event: 115.019 GC heap after
{Heap after GC invocations=42 (full 3):
 PSYoungGen      total 17408K, used 705K [0x00000000eab00000, 0x00000000ebe80000, 0x0000000100000000)
  eden space 16384K, 0% used [0x00000000eab00000,0x00000000eab00000,0x00000000ebb00000)
  from space 1024K, 68% used [0x00000000ebc80000,0x00000000ebd30460,0x00000000ebd80000)
  to   space 1024K, 0% used [0x00000000ebd80000,0x00000000ebd80000,0x00000000ebe80000)
 ParOldGen       total 68608K, used 39275K [0x00000000c0000000, 0x00000000c4300000, 0x00000000eab00000)
  object space 68608K, 57% used [0x00000000c0000000,0x00000000c265aee8,0x00000000c4300000)
 Metaspace       used 58976K, committed 60224K, reserved 1114112K
  class space    used 7210K, committed 7744K, reserved 1048576K
}
Event: 115.078 GC heap before
{Heap before GC invocations=43 (full 3):
 PSYoungGen      total 17408K, used 17089K [0x00000000eab00000, 0x00000000ebe80000, 0x0000000100000000)
  eden space 16384K, 100% used [0x00000000eab00000,0x00000000ebb00000,0x00000000ebb00000)
  from space 1024K, 68% used [0x00000000ebc80000,0x00000000ebd30460,0x00000000ebd80000)
  to   space 1024K, 0% used [0x00000000ebd80000,0x00000000ebd80000,0x00000000ebe80000)
 ParOldGen       total 68608K, used 39275K [0x00000000c0000000, 0x00000000c4300000, 0x00000000eab00000)
  object space 68608K, 57% used [0x00000000c0000000,0x00000000c265aee8,0x00000000c4300000)
 Metaspace       used 58976K, committed 60224K, reserved 1114112K
  class space    used 7210K, committed 7744K, reserved 1048576K
}
Event: 115.079 GC heap after
{Heap after GC invocations=43 (full 3):
 PSYoungGen      total 17408K, used 1014K [0x00000000eab00000, 0x00000000ebe80000, 0x0000000100000000)
  eden space 16384K, 0% used [0x00000000eab00000,0x00000000eab00000,0x00000000ebb00000)
  from space 1024K, 99% used [0x00000000ebd80000,0x00000000ebe7da80,0x00000000ebe80000)
  to   space 1536K, 0% used [0x00000000ebb80000,0x00000000ebb80000,0x00000000ebd00000)
 ParOldGen       total 68608K, used 39530K [0x00000000c0000000, 0x00000000c4300000, 0x00000000eab00000)
  object space 68608K, 57% used [0x00000000c0000000,0x00000000c269a8e0,0x00000000c4300000)
 Metaspace       used 58976K, committed 60224K, reserved 1114112K
  class space    used 7210K, committed 7744K, reserved 1048576K
}
Event: 115.142 GC heap before
{Heap before GC invocations=44 (full 3):
 PSYoungGen      total 17408K, used 17398K [0x00000000eab00000, 0x00000000ebe80000, 0x0000000100000000)
  eden space 16384K, 100% used [0x00000000eab00000,0x00000000ebb00000,0x00000000ebb00000)
  from space 1024K, 99% used [0x00000000ebd80000,0x00000000ebe7da80,0x00000000ebe80000)
  to   space 1536K, 0% used [0x00000000ebb80000,0x00000000ebb80000,0x00000000ebd00000)
 ParOldGen       total 68608K, used 39530K [0x00000000c0000000, 0x00000000c4300000, 0x00000000eab00000)
  object space 68608K, 57% used [0x00000000c0000000,0x00000000c269a8e0,0x00000000c4300000)
 Metaspace       used 58976K, committed 60224K, reserved 1114112K
  class space    used 7210K, committed 7744K, reserved 1048576K
}
Event: 115.143 GC heap after
{Heap after GC invocations=44 (full 3):
 PSYoungGen      total 17920K, used 689K [0x00000000eab00000, 0x00000000ebe00000, 0x0000000100000000)
  eden space 16384K, 0% used [0x00000000eab00000,0x00000000eab00000,0x00000000ebb00000)
  from space 1536K, 44% used [0x00000000ebb80000,0x00000000ebc2c4b8,0x00000000ebd00000)
  to   space 1024K, 0% used [0x00000000ebd00000,0x00000000ebd00000,0x00000000ebe00000)
 ParOldGen       total 68608K, used 39578K [0x00000000c0000000, 0x00000000c4300000, 0x00000000eab00000)
  object space 68608K, 57% used [0x00000000c0000000,0x00000000c26a68e0,0x00000000c4300000)
 Metaspace       used 58976K, committed 60224K, reserved 1114112K
  class space    used 7210K, committed 7744K, reserved 1048576K
}
Event: 115.201 GC heap before
{Heap before GC invocations=45 (full 3):
 PSYoungGen      total 17920K, used 17073K [0x00000000eab00000, 0x00000000ebe00000, 0x0000000100000000)
  eden space 16384K, 100% used [0x00000000eab00000,0x00000000ebb00000,0x00000000ebb00000)
  from space 1536K, 44% used [0x00000000ebb80000,0x00000000ebc2c4b8,0x00000000ebd00000)
  to   space 1024K, 0% used [0x00000000ebd00000,0x00000000ebd00000,0x00000000ebe00000)
 ParOldGen       total 68608K, used 39578K [0x00000000c0000000, 0x00000000c4300000, 0x00000000eab00000)
  object space 68608K, 57% used [0x00000000c0000000,0x00000000c26a68e0,0x00000000c4300000)
 Metaspace       used 58976K, committed 60224K, reserved 1114112K
  class space    used 7210K, committed 7744K, reserved 1048576K
}
Event: 115.203 GC heap after
{Heap after GC invocations=45 (full 3):
 PSYoungGen      total 16896K, used 288K [0x00000000eab00000, 0x00000000ebd80000, 0x0000000100000000)
  eden space 16384K, 0% used [0x00000000eab00000,0x00000000eab00000,0x00000000ebb00000)
  from space 512K, 56% used [0x00000000ebd00000,0x00000000ebd48000,0x00000000ebd80000)
  to   space 512K, 0% used [0x00000000ebc80000,0x00000000ebc80000,0x00000000ebd00000)
 ParOldGen       total 68608K, used 39768K [0x00000000c0000000, 0x00000000c4300000, 0x00000000eab00000)
  object space 68608K, 57% used [0x00000000c0000000,0x00000000c26d6300,0x00000000c4300000)
 Metaspace       used 58976K, committed 60224K, reserved 1114112K
  class space    used 7210K, committed 7744K, reserved 1048576K
}
Event: 115.260 GC heap before
{Heap before GC invocations=46 (full 3):
 PSYoungGen      total 16896K, used 16672K [0x00000000eab00000, 0x00000000ebd80000, 0x0000000100000000)
  eden space 16384K, 100% used [0x00000000eab00000,0x00000000ebb00000,0x00000000ebb00000)
  from space 512K, 56% used [0x00000000ebd00000,0x00000000ebd48000,0x00000000ebd80000)
  to   space 512K, 0% used [0x00000000ebc80000,0x00000000ebc80000,0x00000000ebd00000)
 ParOldGen       total 68608K, used 39768K [0x00000000c0000000, 0x00000000c4300000, 0x00000000eab00000)
  object space 68608K, 57% used [0x00000000c0000000,0x00000000c26d6300,0x00000000c4300000)
 Metaspace       used 58976K, committed 60224K, reserved 1114112K
  class space    used 7210K, committed 7744K, reserved 1048576K
}
Event: 115.262 GC heap after
{Heap after GC invocations=46 (full 3):
 PSYoungGen      total 16896K, used 504K [0x00000000eab00000, 0x00000000ebe00000, 0x0000000100000000)
  eden space 16384K, 0% used [0x00000000eab00000,0x00000000eab00000,0x00000000ebb00000)
  from space 512K, 98% used [0x00000000ebc80000,0x00000000ebcfe0d0,0x00000000ebd00000)
  to   space 1024K, 0% used [0x00000000ebd00000,0x00000000ebd00000,0x00000000ebe00000)
 ParOldGen       total 68608K, used 40560K [0x00000000c0000000, 0x00000000c4300000, 0x00000000eab00000)
  object space 68608K, 59% used [0x00000000c0000000,0x00000000c279c2e0,0x00000000c4300000)
 Metaspace       used 58976K, committed 60224K, reserved 1114112K
  class space    used 7210K, committed 7744K, reserved 1048576K
}
Event: 116.232 GC heap before
{Heap before GC invocations=47 (full 3):
 PSYoungGen      total 16896K, used 16888K [0x00000000eab00000, 0x00000000ebe00000, 0x0000000100000000)
  eden space 16384K, 100% used [0x00000000eab00000,0x00000000ebb00000,0x00000000ebb00000)
  from space 512K, 98% used [0x00000000ebc80000,0x00000000ebcfe0d0,0x00000000ebd00000)
  to   space 1024K, 0% used [0x00000000ebd00000,0x00000000ebd00000,0x00000000ebe00000)
 ParOldGen       total 68608K, used 40560K [0x00000000c0000000, 0x00000000c4300000, 0x00000000eab00000)
  object space 68608K, 59% used [0x00000000c0000000,0x00000000c279c2e0,0x00000000c4300000)
 Metaspace       used 60128K, committed 61312K, reserved 1114112K
  class space    used 7374K, committed 7872K, reserved 1048576K
}
Event: 116.233 GC heap after
{Heap after GC invocations=47 (full 3):
 PSYoungGen      total 16896K, used 512K [0x00000000eab00000, 0x00000000ebd80000, 0x0000000100000000)
  eden space 16384K, 0% used [0x00000000eab00000,0x00000000eab00000,0x00000000ebb00000)
  from space 512K, 100% used [0x00000000ebd00000,0x00000000ebd80000,0x00000000ebd80000)
  to   space 1024K, 0% used [0x00000000ebb80000,0x00000000ebb80000,0x00000000ebc80000)
 ParOldGen       total 68608K, used 40640K [0x00000000c0000000, 0x00000000c4300000, 0x00000000eab00000)
  object space 68608K, 59% used [0x00000000c0000000,0x00000000c27b02e0,0x00000000c4300000)
 Metaspace       used 60128K, committed 61312K, reserved 1114112K
  class space    used 7374K, committed 7872K, reserved 1048576K
}
Event: 118.534 GC heap before
{Heap before GC invocations=48 (full 3):
 PSYoungGen      total 16896K, used 16879K [0x00000000eab00000, 0x00000000ebd80000, 0x0000000100000000)
  eden space 16384K, 99% used [0x00000000eab00000,0x00000000ebafbfa0,0x00000000ebb00000)
  from space 512K, 100% used [0x00000000ebd00000,0x00000000ebd80000,0x00000000ebd80000)
  to   space 1024K, 0% used [0x00000000ebb80000,0x00000000ebb80000,0x00000000ebc80000)
 ParOldGen       total 68608K, used 40640K [0x00000000c0000000, 0x00000000c4300000, 0x00000000eab00000)
  object space 68608K, 59% used [0x00000000c0000000,0x00000000c27b02e0,0x00000000c4300000)
 Metaspace       used 61859K, committed 63168K, reserved 1114112K
  class space    used 7637K, committed 8256K, reserved 1048576K
}
Event: 118.535 GC heap after
{Heap after GC invocations=48 (full 3):
 PSYoungGen      total 17408K, used 755K [0x00000000eab00000, 0x00000000ebd80000, 0x0000000100000000)
  eden space 16384K, 0% used [0x00000000eab00000,0x00000000eab00000,0x00000000ebb00000)
  from space 1024K, 73% used [0x00000000ebb80000,0x00000000ebc3cd98,0x00000000ebc80000)
  to   space 1024K, 0% used [0x00000000ebc80000,0x00000000ebc80000,0x00000000ebd80000)
 ParOldGen       total 68608K, used 40999K [0x00000000c0000000, 0x00000000c4300000, 0x00000000eab00000)
  object space 68608K, 59% used [0x00000000c0000000,0x00000000c2809ff0,0x00000000c4300000)
 Metaspace       used 61859K, committed 63168K, reserved 1114112K
  class space    used 7637K, committed 8256K, reserved 1048576K
}

